[2024-07-03T00:00:27.196+0000] {processor.py:161} INFO - Started process (PID=752) to work on /home/airflow/.local/lib/python3.12/site-packages/airflow/example_dags/example_latest_only_with_trigger.py
[2024-07-03T00:00:27.197+0000] {processor.py:830} INFO - Processing file /home/airflow/.local/lib/python3.12/site-packages/airflow/example_dags/example_latest_only_with_trigger.py for tasks to queue
[2024-07-03T00:00:27.199+0000] {logging_mixin.py:188} INFO - [2024-07-03T00:00:27.198+0000] {dagbag.py:545} INFO - Filling up the DagBag from /home/airflow/.local/lib/python3.12/site-packages/airflow/example_dags/example_latest_only_with_trigger.py
[2024-07-03T00:00:27.205+0000] {processor.py:840} INFO - DAG(s) 'latest_only_with_trigger' retrieved from /home/airflow/.local/lib/python3.12/site-packages/airflow/example_dags/example_latest_only_with_trigger.py
[2024-07-03T00:00:27.227+0000] {logging_mixin.py:188} INFO - [2024-07-03T00:00:27.227+0000] {dag.py:3096} INFO - Sync 1 DAGs
[2024-07-03T00:00:27.249+0000] {logging_mixin.py:188} INFO - [2024-07-03T00:00:27.249+0000] {dag.py:3954} INFO - Setting next_dagrun for latest_only_with_trigger to 2024-07-02 20:00:00+00:00, run_after=2024-07-03 00:00:00+00:00
[2024-07-03T00:00:27.269+0000] {processor.py:183} INFO - Processing /home/airflow/.local/lib/python3.12/site-packages/airflow/example_dags/example_latest_only_with_trigger.py took 0.078 seconds
[2024-07-03T00:00:57.470+0000] {processor.py:161} INFO - Started process (PID=810) to work on /home/airflow/.local/lib/python3.12/site-packages/airflow/example_dags/example_latest_only_with_trigger.py
[2024-07-03T00:00:57.471+0000] {processor.py:830} INFO - Processing file /home/airflow/.local/lib/python3.12/site-packages/airflow/example_dags/example_latest_only_with_trigger.py for tasks to queue
[2024-07-03T00:00:57.473+0000] {logging_mixin.py:188} INFO - [2024-07-03T00:00:57.472+0000] {dagbag.py:545} INFO - Filling up the DagBag from /home/airflow/.local/lib/python3.12/site-packages/airflow/example_dags/example_latest_only_with_trigger.py
[2024-07-03T00:00:57.479+0000] {processor.py:840} INFO - DAG(s) 'latest_only_with_trigger' retrieved from /home/airflow/.local/lib/python3.12/site-packages/airflow/example_dags/example_latest_only_with_trigger.py
[2024-07-03T00:00:57.502+0000] {logging_mixin.py:188} INFO - [2024-07-03T00:00:57.501+0000] {dag.py:3096} INFO - Sync 1 DAGs
[2024-07-03T00:00:57.523+0000] {logging_mixin.py:188} INFO - [2024-07-03T00:00:57.523+0000] {dag.py:3954} INFO - Setting next_dagrun for latest_only_with_trigger to 2024-07-02 20:00:00+00:00, run_after=2024-07-03 00:00:00+00:00
[2024-07-03T00:00:57.542+0000] {processor.py:183} INFO - Processing /home/airflow/.local/lib/python3.12/site-packages/airflow/example_dags/example_latest_only_with_trigger.py took 0.079 seconds
[2024-07-03T00:01:27.735+0000] {processor.py:161} INFO - Started process (PID=868) to work on /home/airflow/.local/lib/python3.12/site-packages/airflow/example_dags/example_latest_only_with_trigger.py
[2024-07-03T00:01:27.736+0000] {processor.py:830} INFO - Processing file /home/airflow/.local/lib/python3.12/site-packages/airflow/example_dags/example_latest_only_with_trigger.py for tasks to queue
[2024-07-03T00:01:27.738+0000] {logging_mixin.py:188} INFO - [2024-07-03T00:01:27.738+0000] {dagbag.py:545} INFO - Filling up the DagBag from /home/airflow/.local/lib/python3.12/site-packages/airflow/example_dags/example_latest_only_with_trigger.py
[2024-07-03T00:01:27.744+0000] {processor.py:840} INFO - DAG(s) 'latest_only_with_trigger' retrieved from /home/airflow/.local/lib/python3.12/site-packages/airflow/example_dags/example_latest_only_with_trigger.py
[2024-07-03T00:01:27.766+0000] {logging_mixin.py:188} INFO - [2024-07-03T00:01:27.766+0000] {dag.py:3096} INFO - Sync 1 DAGs
[2024-07-03T00:01:27.789+0000] {logging_mixin.py:188} INFO - [2024-07-03T00:01:27.789+0000] {dag.py:3954} INFO - Setting next_dagrun for latest_only_with_trigger to 2024-07-02 20:00:00+00:00, run_after=2024-07-03 00:00:00+00:00
[2024-07-03T00:01:27.809+0000] {processor.py:183} INFO - Processing /home/airflow/.local/lib/python3.12/site-packages/airflow/example_dags/example_latest_only_with_trigger.py took 0.079 seconds
[2024-07-03T00:01:57.941+0000] {processor.py:161} INFO - Started process (PID=926) to work on /home/airflow/.local/lib/python3.12/site-packages/airflow/example_dags/example_latest_only_with_trigger.py
[2024-07-03T00:01:57.942+0000] {processor.py:830} INFO - Processing file /home/airflow/.local/lib/python3.12/site-packages/airflow/example_dags/example_latest_only_with_trigger.py for tasks to queue
[2024-07-03T00:01:57.943+0000] {logging_mixin.py:188} INFO - [2024-07-03T00:01:57.943+0000] {dagbag.py:545} INFO - Filling up the DagBag from /home/airflow/.local/lib/python3.12/site-packages/airflow/example_dags/example_latest_only_with_trigger.py
[2024-07-03T00:01:57.949+0000] {processor.py:840} INFO - DAG(s) 'latest_only_with_trigger' retrieved from /home/airflow/.local/lib/python3.12/site-packages/airflow/example_dags/example_latest_only_with_trigger.py
[2024-07-03T00:01:57.975+0000] {logging_mixin.py:188} INFO - [2024-07-03T00:01:57.975+0000] {dag.py:3096} INFO - Sync 1 DAGs
[2024-07-03T00:01:57.996+0000] {logging_mixin.py:188} INFO - [2024-07-03T00:01:57.996+0000] {dag.py:3954} INFO - Setting next_dagrun for latest_only_with_trigger to 2024-07-02 20:00:00+00:00, run_after=2024-07-03 00:00:00+00:00
[2024-07-03T00:01:58.018+0000] {processor.py:183} INFO - Processing /home/airflow/.local/lib/python3.12/site-packages/airflow/example_dags/example_latest_only_with_trigger.py took 0.083 seconds
[2024-07-03T00:02:28.232+0000] {processor.py:161} INFO - Started process (PID=984) to work on /home/airflow/.local/lib/python3.12/site-packages/airflow/example_dags/example_latest_only_with_trigger.py
[2024-07-03T00:02:28.233+0000] {processor.py:830} INFO - Processing file /home/airflow/.local/lib/python3.12/site-packages/airflow/example_dags/example_latest_only_with_trigger.py for tasks to queue
[2024-07-03T00:02:28.235+0000] {logging_mixin.py:188} INFO - [2024-07-03T00:02:28.235+0000] {dagbag.py:545} INFO - Filling up the DagBag from /home/airflow/.local/lib/python3.12/site-packages/airflow/example_dags/example_latest_only_with_trigger.py
[2024-07-03T00:02:28.241+0000] {processor.py:840} INFO - DAG(s) 'latest_only_with_trigger' retrieved from /home/airflow/.local/lib/python3.12/site-packages/airflow/example_dags/example_latest_only_with_trigger.py
[2024-07-03T00:02:28.264+0000] {logging_mixin.py:188} INFO - [2024-07-03T00:02:28.264+0000] {dag.py:3096} INFO - Sync 1 DAGs
[2024-07-03T00:02:28.288+0000] {logging_mixin.py:188} INFO - [2024-07-03T00:02:28.287+0000] {dag.py:3954} INFO - Setting next_dagrun for latest_only_with_trigger to 2024-07-02 20:00:00+00:00, run_after=2024-07-03 00:00:00+00:00
[2024-07-03T00:02:28.306+0000] {processor.py:183} INFO - Processing /home/airflow/.local/lib/python3.12/site-packages/airflow/example_dags/example_latest_only_with_trigger.py took 0.080 seconds
[2024-07-03T00:02:58.528+0000] {processor.py:161} INFO - Started process (PID=1042) to work on /home/airflow/.local/lib/python3.12/site-packages/airflow/example_dags/example_latest_only_with_trigger.py
[2024-07-03T00:02:58.529+0000] {processor.py:830} INFO - Processing file /home/airflow/.local/lib/python3.12/site-packages/airflow/example_dags/example_latest_only_with_trigger.py for tasks to queue
[2024-07-03T00:02:58.530+0000] {logging_mixin.py:188} INFO - [2024-07-03T00:02:58.530+0000] {dagbag.py:545} INFO - Filling up the DagBag from /home/airflow/.local/lib/python3.12/site-packages/airflow/example_dags/example_latest_only_with_trigger.py
[2024-07-03T00:02:58.536+0000] {processor.py:840} INFO - DAG(s) 'latest_only_with_trigger' retrieved from /home/airflow/.local/lib/python3.12/site-packages/airflow/example_dags/example_latest_only_with_trigger.py
[2024-07-03T00:02:58.557+0000] {logging_mixin.py:188} INFO - [2024-07-03T00:02:58.557+0000] {dag.py:3096} INFO - Sync 1 DAGs
[2024-07-03T00:02:58.588+0000] {logging_mixin.py:188} INFO - [2024-07-03T00:02:58.587+0000] {dag.py:3954} INFO - Setting next_dagrun for latest_only_with_trigger to 2024-07-02 20:00:00+00:00, run_after=2024-07-03 00:00:00+00:00
[2024-07-03T00:02:58.613+0000] {processor.py:183} INFO - Processing /home/airflow/.local/lib/python3.12/site-packages/airflow/example_dags/example_latest_only_with_trigger.py took 0.091 seconds
[2024-07-03T00:03:29.012+0000] {processor.py:161} INFO - Started process (PID=1100) to work on /home/airflow/.local/lib/python3.12/site-packages/airflow/example_dags/example_latest_only_with_trigger.py
[2024-07-03T00:03:29.013+0000] {processor.py:830} INFO - Processing file /home/airflow/.local/lib/python3.12/site-packages/airflow/example_dags/example_latest_only_with_trigger.py for tasks to queue
[2024-07-03T00:03:29.015+0000] {logging_mixin.py:188} INFO - [2024-07-03T00:03:29.014+0000] {dagbag.py:545} INFO - Filling up the DagBag from /home/airflow/.local/lib/python3.12/site-packages/airflow/example_dags/example_latest_only_with_trigger.py
[2024-07-03T00:03:29.020+0000] {processor.py:840} INFO - DAG(s) 'latest_only_with_trigger' retrieved from /home/airflow/.local/lib/python3.12/site-packages/airflow/example_dags/example_latest_only_with_trigger.py
[2024-07-03T00:03:29.042+0000] {logging_mixin.py:188} INFO - [2024-07-03T00:03:29.042+0000] {dag.py:3096} INFO - Sync 1 DAGs
[2024-07-03T00:03:29.063+0000] {logging_mixin.py:188} INFO - [2024-07-03T00:03:29.063+0000] {dag.py:3954} INFO - Setting next_dagrun for latest_only_with_trigger to 2024-07-02 20:00:00+00:00, run_after=2024-07-03 00:00:00+00:00
[2024-07-03T00:03:29.084+0000] {processor.py:183} INFO - Processing /home/airflow/.local/lib/python3.12/site-packages/airflow/example_dags/example_latest_only_with_trigger.py took 0.079 seconds
[2024-07-03T00:03:59.268+0000] {processor.py:161} INFO - Started process (PID=1157) to work on /home/airflow/.local/lib/python3.12/site-packages/airflow/example_dags/example_latest_only_with_trigger.py
[2024-07-03T00:03:59.269+0000] {processor.py:830} INFO - Processing file /home/airflow/.local/lib/python3.12/site-packages/airflow/example_dags/example_latest_only_with_trigger.py for tasks to queue
[2024-07-03T00:03:59.271+0000] {logging_mixin.py:188} INFO - [2024-07-03T00:03:59.270+0000] {dagbag.py:545} INFO - Filling up the DagBag from /home/airflow/.local/lib/python3.12/site-packages/airflow/example_dags/example_latest_only_with_trigger.py
[2024-07-03T00:03:59.277+0000] {processor.py:840} INFO - DAG(s) 'latest_only_with_trigger' retrieved from /home/airflow/.local/lib/python3.12/site-packages/airflow/example_dags/example_latest_only_with_trigger.py
[2024-07-03T00:03:59.298+0000] {logging_mixin.py:188} INFO - [2024-07-03T00:03:59.298+0000] {dag.py:3096} INFO - Sync 1 DAGs
[2024-07-03T00:03:59.319+0000] {logging_mixin.py:188} INFO - [2024-07-03T00:03:59.319+0000] {dag.py:3954} INFO - Setting next_dagrun for latest_only_with_trigger to 2024-07-02 20:00:00+00:00, run_after=2024-07-03 00:00:00+00:00
[2024-07-03T00:03:59.337+0000] {processor.py:183} INFO - Processing /home/airflow/.local/lib/python3.12/site-packages/airflow/example_dags/example_latest_only_with_trigger.py took 0.075 seconds
[2024-07-03T00:04:29.475+0000] {processor.py:161} INFO - Started process (PID=1215) to work on /home/airflow/.local/lib/python3.12/site-packages/airflow/example_dags/example_latest_only_with_trigger.py
[2024-07-03T00:04:29.476+0000] {processor.py:830} INFO - Processing file /home/airflow/.local/lib/python3.12/site-packages/airflow/example_dags/example_latest_only_with_trigger.py for tasks to queue
[2024-07-03T00:04:29.478+0000] {logging_mixin.py:188} INFO - [2024-07-03T00:04:29.477+0000] {dagbag.py:545} INFO - Filling up the DagBag from /home/airflow/.local/lib/python3.12/site-packages/airflow/example_dags/example_latest_only_with_trigger.py
[2024-07-03T00:04:29.484+0000] {processor.py:840} INFO - DAG(s) 'latest_only_with_trigger' retrieved from /home/airflow/.local/lib/python3.12/site-packages/airflow/example_dags/example_latest_only_with_trigger.py
[2024-07-03T00:04:29.513+0000] {logging_mixin.py:188} INFO - [2024-07-03T00:04:29.513+0000] {dag.py:3096} INFO - Sync 1 DAGs
[2024-07-03T00:04:29.547+0000] {logging_mixin.py:188} INFO - [2024-07-03T00:04:29.547+0000] {dag.py:3954} INFO - Setting next_dagrun for latest_only_with_trigger to 2024-07-02 20:00:00+00:00, run_after=2024-07-03 00:00:00+00:00
[2024-07-03T00:04:29.568+0000] {processor.py:183} INFO - Processing /home/airflow/.local/lib/python3.12/site-packages/airflow/example_dags/example_latest_only_with_trigger.py took 0.099 seconds
[2024-07-03T00:04:59.809+0000] {processor.py:161} INFO - Started process (PID=1273) to work on /home/airflow/.local/lib/python3.12/site-packages/airflow/example_dags/example_latest_only_with_trigger.py
[2024-07-03T00:04:59.810+0000] {processor.py:830} INFO - Processing file /home/airflow/.local/lib/python3.12/site-packages/airflow/example_dags/example_latest_only_with_trigger.py for tasks to queue
[2024-07-03T00:04:59.812+0000] {logging_mixin.py:188} INFO - [2024-07-03T00:04:59.812+0000] {dagbag.py:545} INFO - Filling up the DagBag from /home/airflow/.local/lib/python3.12/site-packages/airflow/example_dags/example_latest_only_with_trigger.py
[2024-07-03T00:04:59.818+0000] {processor.py:840} INFO - DAG(s) 'latest_only_with_trigger' retrieved from /home/airflow/.local/lib/python3.12/site-packages/airflow/example_dags/example_latest_only_with_trigger.py
[2024-07-03T00:04:59.844+0000] {logging_mixin.py:188} INFO - [2024-07-03T00:04:59.843+0000] {dag.py:3096} INFO - Sync 1 DAGs
[2024-07-03T00:04:59.869+0000] {logging_mixin.py:188} INFO - [2024-07-03T00:04:59.868+0000] {dag.py:3954} INFO - Setting next_dagrun for latest_only_with_trigger to 2024-07-02 20:00:00+00:00, run_after=2024-07-03 00:00:00+00:00
[2024-07-03T00:04:59.889+0000] {processor.py:183} INFO - Processing /home/airflow/.local/lib/python3.12/site-packages/airflow/example_dags/example_latest_only_with_trigger.py took 0.086 seconds
[2024-07-03T00:05:29.968+0000] {processor.py:161} INFO - Started process (PID=1331) to work on /home/airflow/.local/lib/python3.12/site-packages/airflow/example_dags/example_latest_only_with_trigger.py
[2024-07-03T00:05:29.969+0000] {processor.py:830} INFO - Processing file /home/airflow/.local/lib/python3.12/site-packages/airflow/example_dags/example_latest_only_with_trigger.py for tasks to queue
[2024-07-03T00:05:29.971+0000] {logging_mixin.py:188} INFO - [2024-07-03T00:05:29.971+0000] {dagbag.py:545} INFO - Filling up the DagBag from /home/airflow/.local/lib/python3.12/site-packages/airflow/example_dags/example_latest_only_with_trigger.py
[2024-07-03T00:05:29.977+0000] {processor.py:840} INFO - DAG(s) 'latest_only_with_trigger' retrieved from /home/airflow/.local/lib/python3.12/site-packages/airflow/example_dags/example_latest_only_with_trigger.py
[2024-07-03T00:05:30.006+0000] {logging_mixin.py:188} INFO - [2024-07-03T00:05:30.006+0000] {dag.py:3096} INFO - Sync 1 DAGs
[2024-07-03T00:05:30.031+0000] {logging_mixin.py:188} INFO - [2024-07-03T00:05:30.031+0000] {dag.py:3954} INFO - Setting next_dagrun for latest_only_with_trigger to 2024-07-02 20:00:00+00:00, run_after=2024-07-03 00:00:00+00:00
[2024-07-03T00:05:30.052+0000] {processor.py:183} INFO - Processing /home/airflow/.local/lib/python3.12/site-packages/airflow/example_dags/example_latest_only_with_trigger.py took 0.090 seconds
[2024-07-03T00:06:00.424+0000] {processor.py:161} INFO - Started process (PID=1389) to work on /home/airflow/.local/lib/python3.12/site-packages/airflow/example_dags/example_latest_only_with_trigger.py
[2024-07-03T00:06:00.425+0000] {processor.py:830} INFO - Processing file /home/airflow/.local/lib/python3.12/site-packages/airflow/example_dags/example_latest_only_with_trigger.py for tasks to queue
[2024-07-03T00:06:00.428+0000] {logging_mixin.py:188} INFO - [2024-07-03T00:06:00.427+0000] {dagbag.py:545} INFO - Filling up the DagBag from /home/airflow/.local/lib/python3.12/site-packages/airflow/example_dags/example_latest_only_with_trigger.py
[2024-07-03T00:06:00.436+0000] {processor.py:840} INFO - DAG(s) 'latest_only_with_trigger' retrieved from /home/airflow/.local/lib/python3.12/site-packages/airflow/example_dags/example_latest_only_with_trigger.py
[2024-07-03T00:06:00.473+0000] {logging_mixin.py:188} INFO - [2024-07-03T00:06:00.473+0000] {dag.py:3096} INFO - Sync 1 DAGs
[2024-07-03T00:06:00.501+0000] {logging_mixin.py:188} INFO - [2024-07-03T00:06:00.501+0000] {dag.py:3954} INFO - Setting next_dagrun for latest_only_with_trigger to 2024-07-02 20:00:00+00:00, run_after=2024-07-03 00:00:00+00:00
[2024-07-03T00:06:00.524+0000] {processor.py:183} INFO - Processing /home/airflow/.local/lib/python3.12/site-packages/airflow/example_dags/example_latest_only_with_trigger.py took 0.108 seconds
[2024-07-03T00:06:30.623+0000] {processor.py:161} INFO - Started process (PID=1447) to work on /home/airflow/.local/lib/python3.12/site-packages/airflow/example_dags/example_latest_only_with_trigger.py
[2024-07-03T00:06:30.625+0000] {processor.py:830} INFO - Processing file /home/airflow/.local/lib/python3.12/site-packages/airflow/example_dags/example_latest_only_with_trigger.py for tasks to queue
[2024-07-03T00:06:30.627+0000] {logging_mixin.py:188} INFO - [2024-07-03T00:06:30.626+0000] {dagbag.py:545} INFO - Filling up the DagBag from /home/airflow/.local/lib/python3.12/site-packages/airflow/example_dags/example_latest_only_with_trigger.py
[2024-07-03T00:06:30.634+0000] {processor.py:840} INFO - DAG(s) 'latest_only_with_trigger' retrieved from /home/airflow/.local/lib/python3.12/site-packages/airflow/example_dags/example_latest_only_with_trigger.py
[2024-07-03T00:06:30.661+0000] {logging_mixin.py:188} INFO - [2024-07-03T00:06:30.661+0000] {dag.py:3096} INFO - Sync 1 DAGs
[2024-07-03T00:06:30.689+0000] {logging_mixin.py:188} INFO - [2024-07-03T00:06:30.689+0000] {dag.py:3954} INFO - Setting next_dagrun for latest_only_with_trigger to 2024-07-02 20:00:00+00:00, run_after=2024-07-03 00:00:00+00:00
[2024-07-03T00:06:30.710+0000] {processor.py:183} INFO - Processing /home/airflow/.local/lib/python3.12/site-packages/airflow/example_dags/example_latest_only_with_trigger.py took 0.094 seconds
[2024-07-03T00:07:00.846+0000] {processor.py:161} INFO - Started process (PID=1505) to work on /home/airflow/.local/lib/python3.12/site-packages/airflow/example_dags/example_latest_only_with_trigger.py
[2024-07-03T00:07:00.847+0000] {processor.py:830} INFO - Processing file /home/airflow/.local/lib/python3.12/site-packages/airflow/example_dags/example_latest_only_with_trigger.py for tasks to queue
[2024-07-03T00:07:00.848+0000] {logging_mixin.py:188} INFO - [2024-07-03T00:07:00.848+0000] {dagbag.py:545} INFO - Filling up the DagBag from /home/airflow/.local/lib/python3.12/site-packages/airflow/example_dags/example_latest_only_with_trigger.py
[2024-07-03T00:07:00.853+0000] {processor.py:840} INFO - DAG(s) 'latest_only_with_trigger' retrieved from /home/airflow/.local/lib/python3.12/site-packages/airflow/example_dags/example_latest_only_with_trigger.py
[2024-07-03T00:07:00.876+0000] {logging_mixin.py:188} INFO - [2024-07-03T00:07:00.876+0000] {dag.py:3096} INFO - Sync 1 DAGs
[2024-07-03T00:07:00.898+0000] {logging_mixin.py:188} INFO - [2024-07-03T00:07:00.897+0000] {dag.py:3954} INFO - Setting next_dagrun for latest_only_with_trigger to 2024-07-02 20:00:00+00:00, run_after=2024-07-03 00:00:00+00:00
[2024-07-03T00:07:00.915+0000] {processor.py:183} INFO - Processing /home/airflow/.local/lib/python3.12/site-packages/airflow/example_dags/example_latest_only_with_trigger.py took 0.075 seconds
