[2024-07-03T00:00:20.593+0000] {processor.py:161} INFO - Started process (PID=736) to work on /home/airflow/.local/lib/python3.12/site-packages/airflow/example_dags/example_branch_python_dop_operator_3.py
[2024-07-03T00:00:20.594+0000] {processor.py:830} INFO - Processing file /home/airflow/.local/lib/python3.12/site-packages/airflow/example_dags/example_branch_python_dop_operator_3.py for tasks to queue
[2024-07-03T00:00:20.596+0000] {logging_mixin.py:188} INFO - [2024-07-03T00:00:20.595+0000] {dagbag.py:545} INFO - Filling up the DagBag from /home/airflow/.local/lib/python3.12/site-packages/airflow/example_dags/example_branch_python_dop_operator_3.py
[2024-07-03T00:00:20.605+0000] {processor.py:840} INFO - DAG(s) 'example_branch_dop_operator_v3' retrieved from /home/airflow/.local/lib/python3.12/site-packages/airflow/example_dags/example_branch_python_dop_operator_3.py
[2024-07-03T00:00:20.625+0000] {logging_mixin.py:188} INFO - [2024-07-03T00:00:20.625+0000] {dag.py:3096} INFO - Sync 1 DAGs
[2024-07-03T00:00:20.651+0000] {logging_mixin.py:188} INFO - [2024-07-03T00:00:20.651+0000] {dag.py:3954} INFO - Setting next_dagrun for example_branch_dop_operator_v3 to 2024-07-02 23:59:00+00:00, run_after=2024-07-03 00:00:00+00:00
[2024-07-03T00:00:20.669+0000] {processor.py:183} INFO - Processing /home/airflow/.local/lib/python3.12/site-packages/airflow/example_dags/example_branch_python_dop_operator_3.py took 0.081 seconds
[2024-07-03T00:00:50.938+0000] {processor.py:161} INFO - Started process (PID=794) to work on /home/airflow/.local/lib/python3.12/site-packages/airflow/example_dags/example_branch_python_dop_operator_3.py
[2024-07-03T00:00:50.939+0000] {processor.py:830} INFO - Processing file /home/airflow/.local/lib/python3.12/site-packages/airflow/example_dags/example_branch_python_dop_operator_3.py for tasks to queue
[2024-07-03T00:00:50.941+0000] {logging_mixin.py:188} INFO - [2024-07-03T00:00:50.941+0000] {dagbag.py:545} INFO - Filling up the DagBag from /home/airflow/.local/lib/python3.12/site-packages/airflow/example_dags/example_branch_python_dop_operator_3.py
[2024-07-03T00:00:50.950+0000] {processor.py:840} INFO - DAG(s) 'example_branch_dop_operator_v3' retrieved from /home/airflow/.local/lib/python3.12/site-packages/airflow/example_dags/example_branch_python_dop_operator_3.py
[2024-07-03T00:00:50.972+0000] {logging_mixin.py:188} INFO - [2024-07-03T00:00:50.972+0000] {dag.py:3096} INFO - Sync 1 DAGs
[2024-07-03T00:00:50.999+0000] {logging_mixin.py:188} INFO - [2024-07-03T00:00:50.999+0000] {dag.py:3954} INFO - Setting next_dagrun for example_branch_dop_operator_v3 to 2024-07-02 23:59:00+00:00, run_after=2024-07-03 00:00:00+00:00
[2024-07-03T00:00:51.019+0000] {processor.py:183} INFO - Processing /home/airflow/.local/lib/python3.12/site-packages/airflow/example_dags/example_branch_python_dop_operator_3.py took 0.086 seconds
[2024-07-03T00:01:21.236+0000] {processor.py:161} INFO - Started process (PID=852) to work on /home/airflow/.local/lib/python3.12/site-packages/airflow/example_dags/example_branch_python_dop_operator_3.py
[2024-07-03T00:01:21.238+0000] {processor.py:830} INFO - Processing file /home/airflow/.local/lib/python3.12/site-packages/airflow/example_dags/example_branch_python_dop_operator_3.py for tasks to queue
[2024-07-03T00:01:21.239+0000] {logging_mixin.py:188} INFO - [2024-07-03T00:01:21.239+0000] {dagbag.py:545} INFO - Filling up the DagBag from /home/airflow/.local/lib/python3.12/site-packages/airflow/example_dags/example_branch_python_dop_operator_3.py
[2024-07-03T00:01:21.248+0000] {processor.py:840} INFO - DAG(s) 'example_branch_dop_operator_v3' retrieved from /home/airflow/.local/lib/python3.12/site-packages/airflow/example_dags/example_branch_python_dop_operator_3.py
[2024-07-03T00:01:21.267+0000] {logging_mixin.py:188} INFO - [2024-07-03T00:01:21.267+0000] {dag.py:3096} INFO - Sync 1 DAGs
[2024-07-03T00:01:21.292+0000] {logging_mixin.py:188} INFO - [2024-07-03T00:01:21.292+0000] {dag.py:3954} INFO - Setting next_dagrun for example_branch_dop_operator_v3 to 2024-07-03 00:00:00+00:00, run_after=2024-07-03 00:01:00+00:00
[2024-07-03T00:01:21.310+0000] {processor.py:183} INFO - Processing /home/airflow/.local/lib/python3.12/site-packages/airflow/example_dags/example_branch_python_dop_operator_3.py took 0.080 seconds
[2024-07-03T00:01:51.413+0000] {processor.py:161} INFO - Started process (PID=910) to work on /home/airflow/.local/lib/python3.12/site-packages/airflow/example_dags/example_branch_python_dop_operator_3.py
[2024-07-03T00:01:51.414+0000] {processor.py:830} INFO - Processing file /home/airflow/.local/lib/python3.12/site-packages/airflow/example_dags/example_branch_python_dop_operator_3.py for tasks to queue
[2024-07-03T00:01:51.416+0000] {logging_mixin.py:188} INFO - [2024-07-03T00:01:51.416+0000] {dagbag.py:545} INFO - Filling up the DagBag from /home/airflow/.local/lib/python3.12/site-packages/airflow/example_dags/example_branch_python_dop_operator_3.py
[2024-07-03T00:01:51.426+0000] {processor.py:840} INFO - DAG(s) 'example_branch_dop_operator_v3' retrieved from /home/airflow/.local/lib/python3.12/site-packages/airflow/example_dags/example_branch_python_dop_operator_3.py
[2024-07-03T00:01:51.447+0000] {logging_mixin.py:188} INFO - [2024-07-03T00:01:51.447+0000] {dag.py:3096} INFO - Sync 1 DAGs
[2024-07-03T00:01:51.473+0000] {logging_mixin.py:188} INFO - [2024-07-03T00:01:51.473+0000] {dag.py:3954} INFO - Setting next_dagrun for example_branch_dop_operator_v3 to 2024-07-03 00:00:00+00:00, run_after=2024-07-03 00:01:00+00:00
[2024-07-03T00:01:51.492+0000] {processor.py:183} INFO - Processing /home/airflow/.local/lib/python3.12/site-packages/airflow/example_dags/example_branch_python_dop_operator_3.py took 0.084 seconds
[2024-07-03T00:02:21.685+0000] {processor.py:161} INFO - Started process (PID=968) to work on /home/airflow/.local/lib/python3.12/site-packages/airflow/example_dags/example_branch_python_dop_operator_3.py
[2024-07-03T00:02:21.686+0000] {processor.py:830} INFO - Processing file /home/airflow/.local/lib/python3.12/site-packages/airflow/example_dags/example_branch_python_dop_operator_3.py for tasks to queue
[2024-07-03T00:02:21.688+0000] {logging_mixin.py:188} INFO - [2024-07-03T00:02:21.688+0000] {dagbag.py:545} INFO - Filling up the DagBag from /home/airflow/.local/lib/python3.12/site-packages/airflow/example_dags/example_branch_python_dop_operator_3.py
[2024-07-03T00:02:21.696+0000] {processor.py:840} INFO - DAG(s) 'example_branch_dop_operator_v3' retrieved from /home/airflow/.local/lib/python3.12/site-packages/airflow/example_dags/example_branch_python_dop_operator_3.py
[2024-07-03T00:02:21.717+0000] {logging_mixin.py:188} INFO - [2024-07-03T00:02:21.716+0000] {dag.py:3096} INFO - Sync 1 DAGs
[2024-07-03T00:02:21.743+0000] {logging_mixin.py:188} INFO - [2024-07-03T00:02:21.743+0000] {dag.py:3954} INFO - Setting next_dagrun for example_branch_dop_operator_v3 to 2024-07-03 00:01:00+00:00, run_after=2024-07-03 00:02:00+00:00
[2024-07-03T00:02:21.761+0000] {processor.py:183} INFO - Processing /home/airflow/.local/lib/python3.12/site-packages/airflow/example_dags/example_branch_python_dop_operator_3.py took 0.081 seconds
[2024-07-03T00:02:51.899+0000] {processor.py:161} INFO - Started process (PID=1026) to work on /home/airflow/.local/lib/python3.12/site-packages/airflow/example_dags/example_branch_python_dop_operator_3.py
[2024-07-03T00:02:51.900+0000] {processor.py:830} INFO - Processing file /home/airflow/.local/lib/python3.12/site-packages/airflow/example_dags/example_branch_python_dop_operator_3.py for tasks to queue
[2024-07-03T00:02:51.902+0000] {logging_mixin.py:188} INFO - [2024-07-03T00:02:51.901+0000] {dagbag.py:545} INFO - Filling up the DagBag from /home/airflow/.local/lib/python3.12/site-packages/airflow/example_dags/example_branch_python_dop_operator_3.py
[2024-07-03T00:02:51.912+0000] {processor.py:840} INFO - DAG(s) 'example_branch_dop_operator_v3' retrieved from /home/airflow/.local/lib/python3.12/site-packages/airflow/example_dags/example_branch_python_dop_operator_3.py
[2024-07-03T00:02:51.933+0000] {logging_mixin.py:188} INFO - [2024-07-03T00:02:51.932+0000] {dag.py:3096} INFO - Sync 1 DAGs
[2024-07-03T00:02:51.956+0000] {logging_mixin.py:188} INFO - [2024-07-03T00:02:51.956+0000] {dag.py:3954} INFO - Setting next_dagrun for example_branch_dop_operator_v3 to 2024-07-03 00:01:00+00:00, run_after=2024-07-03 00:02:00+00:00
[2024-07-03T00:02:51.975+0000] {processor.py:183} INFO - Processing /home/airflow/.local/lib/python3.12/site-packages/airflow/example_dags/example_branch_python_dop_operator_3.py took 0.083 seconds
[2024-07-03T00:03:22.506+0000] {processor.py:161} INFO - Started process (PID=1084) to work on /home/airflow/.local/lib/python3.12/site-packages/airflow/example_dags/example_branch_python_dop_operator_3.py
[2024-07-03T00:03:22.507+0000] {processor.py:830} INFO - Processing file /home/airflow/.local/lib/python3.12/site-packages/airflow/example_dags/example_branch_python_dop_operator_3.py for tasks to queue
[2024-07-03T00:03:22.509+0000] {logging_mixin.py:188} INFO - [2024-07-03T00:03:22.509+0000] {dagbag.py:545} INFO - Filling up the DagBag from /home/airflow/.local/lib/python3.12/site-packages/airflow/example_dags/example_branch_python_dop_operator_3.py
[2024-07-03T00:03:22.518+0000] {processor.py:840} INFO - DAG(s) 'example_branch_dop_operator_v3' retrieved from /home/airflow/.local/lib/python3.12/site-packages/airflow/example_dags/example_branch_python_dop_operator_3.py
[2024-07-03T00:03:22.539+0000] {logging_mixin.py:188} INFO - [2024-07-03T00:03:22.539+0000] {dag.py:3096} INFO - Sync 1 DAGs
[2024-07-03T00:03:22.565+0000] {logging_mixin.py:188} INFO - [2024-07-03T00:03:22.564+0000] {dag.py:3954} INFO - Setting next_dagrun for example_branch_dop_operator_v3 to 2024-07-03 00:02:00+00:00, run_after=2024-07-03 00:03:00+00:00
[2024-07-03T00:03:22.582+0000] {processor.py:183} INFO - Processing /home/airflow/.local/lib/python3.12/site-packages/airflow/example_dags/example_branch_python_dop_operator_3.py took 0.082 seconds
[2024-07-03T00:03:52.708+0000] {processor.py:161} INFO - Started process (PID=1142) to work on /home/airflow/.local/lib/python3.12/site-packages/airflow/example_dags/example_branch_python_dop_operator_3.py
[2024-07-03T00:03:52.709+0000] {processor.py:830} INFO - Processing file /home/airflow/.local/lib/python3.12/site-packages/airflow/example_dags/example_branch_python_dop_operator_3.py for tasks to queue
[2024-07-03T00:03:52.711+0000] {logging_mixin.py:188} INFO - [2024-07-03T00:03:52.711+0000] {dagbag.py:545} INFO - Filling up the DagBag from /home/airflow/.local/lib/python3.12/site-packages/airflow/example_dags/example_branch_python_dop_operator_3.py
[2024-07-03T00:03:52.720+0000] {processor.py:840} INFO - DAG(s) 'example_branch_dop_operator_v3' retrieved from /home/airflow/.local/lib/python3.12/site-packages/airflow/example_dags/example_branch_python_dop_operator_3.py
[2024-07-03T00:03:52.782+0000] {logging_mixin.py:188} INFO - [2024-07-03T00:03:52.782+0000] {dag.py:3096} INFO - Sync 1 DAGs
[2024-07-03T00:03:52.807+0000] {logging_mixin.py:188} INFO - [2024-07-03T00:03:52.807+0000] {dag.py:3954} INFO - Setting next_dagrun for example_branch_dop_operator_v3 to 2024-07-03 00:02:00+00:00, run_after=2024-07-03 00:03:00+00:00
[2024-07-03T00:03:52.888+0000] {processor.py:183} INFO - Processing /home/airflow/.local/lib/python3.12/site-packages/airflow/example_dags/example_branch_python_dop_operator_3.py took 0.186 seconds
[2024-07-03T00:04:22.995+0000] {processor.py:161} INFO - Started process (PID=1200) to work on /home/airflow/.local/lib/python3.12/site-packages/airflow/example_dags/example_branch_python_dop_operator_3.py
[2024-07-03T00:04:22.997+0000] {processor.py:830} INFO - Processing file /home/airflow/.local/lib/python3.12/site-packages/airflow/example_dags/example_branch_python_dop_operator_3.py for tasks to queue
[2024-07-03T00:04:22.999+0000] {logging_mixin.py:188} INFO - [2024-07-03T00:04:22.998+0000] {dagbag.py:545} INFO - Filling up the DagBag from /home/airflow/.local/lib/python3.12/site-packages/airflow/example_dags/example_branch_python_dop_operator_3.py
[2024-07-03T00:04:23.007+0000] {processor.py:840} INFO - DAG(s) 'example_branch_dop_operator_v3' retrieved from /home/airflow/.local/lib/python3.12/site-packages/airflow/example_dags/example_branch_python_dop_operator_3.py
[2024-07-03T00:04:23.028+0000] {logging_mixin.py:188} INFO - [2024-07-03T00:04:23.028+0000] {dag.py:3096} INFO - Sync 1 DAGs
[2024-07-03T00:04:23.057+0000] {logging_mixin.py:188} INFO - [2024-07-03T00:04:23.056+0000] {dag.py:3954} INFO - Setting next_dagrun for example_branch_dop_operator_v3 to 2024-07-03 00:03:00+00:00, run_after=2024-07-03 00:04:00+00:00
[2024-07-03T00:04:23.077+0000] {processor.py:183} INFO - Processing /home/airflow/.local/lib/python3.12/site-packages/airflow/example_dags/example_branch_python_dop_operator_3.py took 0.088 seconds
[2024-07-03T00:04:53.326+0000] {processor.py:161} INFO - Started process (PID=1258) to work on /home/airflow/.local/lib/python3.12/site-packages/airflow/example_dags/example_branch_python_dop_operator_3.py
[2024-07-03T00:04:53.327+0000] {processor.py:830} INFO - Processing file /home/airflow/.local/lib/python3.12/site-packages/airflow/example_dags/example_branch_python_dop_operator_3.py for tasks to queue
[2024-07-03T00:04:53.329+0000] {logging_mixin.py:188} INFO - [2024-07-03T00:04:53.328+0000] {dagbag.py:545} INFO - Filling up the DagBag from /home/airflow/.local/lib/python3.12/site-packages/airflow/example_dags/example_branch_python_dop_operator_3.py
[2024-07-03T00:04:53.337+0000] {processor.py:840} INFO - DAG(s) 'example_branch_dop_operator_v3' retrieved from /home/airflow/.local/lib/python3.12/site-packages/airflow/example_dags/example_branch_python_dop_operator_3.py
[2024-07-03T00:04:53.359+0000] {logging_mixin.py:188} INFO - [2024-07-03T00:04:53.358+0000] {dag.py:3096} INFO - Sync 1 DAGs
[2024-07-03T00:04:53.384+0000] {logging_mixin.py:188} INFO - [2024-07-03T00:04:53.384+0000] {dag.py:3954} INFO - Setting next_dagrun for example_branch_dop_operator_v3 to 2024-07-03 00:03:00+00:00, run_after=2024-07-03 00:04:00+00:00
[2024-07-03T00:04:53.402+0000] {processor.py:183} INFO - Processing /home/airflow/.local/lib/python3.12/site-packages/airflow/example_dags/example_branch_python_dop_operator_3.py took 0.082 seconds
[2024-07-03T00:05:23.457+0000] {processor.py:161} INFO - Started process (PID=1316) to work on /home/airflow/.local/lib/python3.12/site-packages/airflow/example_dags/example_branch_python_dop_operator_3.py
[2024-07-03T00:05:23.458+0000] {processor.py:830} INFO - Processing file /home/airflow/.local/lib/python3.12/site-packages/airflow/example_dags/example_branch_python_dop_operator_3.py for tasks to queue
[2024-07-03T00:05:23.460+0000] {logging_mixin.py:188} INFO - [2024-07-03T00:05:23.460+0000] {dagbag.py:545} INFO - Filling up the DagBag from /home/airflow/.local/lib/python3.12/site-packages/airflow/example_dags/example_branch_python_dop_operator_3.py
[2024-07-03T00:05:23.469+0000] {processor.py:840} INFO - DAG(s) 'example_branch_dop_operator_v3' retrieved from /home/airflow/.local/lib/python3.12/site-packages/airflow/example_dags/example_branch_python_dop_operator_3.py
[2024-07-03T00:05:23.492+0000] {logging_mixin.py:188} INFO - [2024-07-03T00:05:23.492+0000] {dag.py:3096} INFO - Sync 1 DAGs
[2024-07-03T00:05:23.520+0000] {logging_mixin.py:188} INFO - [2024-07-03T00:05:23.519+0000] {dag.py:3954} INFO - Setting next_dagrun for example_branch_dop_operator_v3 to 2024-07-03 00:04:00+00:00, run_after=2024-07-03 00:05:00+00:00
[2024-07-03T00:05:23.538+0000] {processor.py:183} INFO - Processing /home/airflow/.local/lib/python3.12/site-packages/airflow/example_dags/example_branch_python_dop_operator_3.py took 0.087 seconds
[2024-07-03T00:05:53.734+0000] {processor.py:161} INFO - Started process (PID=1374) to work on /home/airflow/.local/lib/python3.12/site-packages/airflow/example_dags/example_branch_python_dop_operator_3.py
[2024-07-03T00:05:53.735+0000] {processor.py:830} INFO - Processing file /home/airflow/.local/lib/python3.12/site-packages/airflow/example_dags/example_branch_python_dop_operator_3.py for tasks to queue
[2024-07-03T00:05:53.737+0000] {logging_mixin.py:188} INFO - [2024-07-03T00:05:53.737+0000] {dagbag.py:545} INFO - Filling up the DagBag from /home/airflow/.local/lib/python3.12/site-packages/airflow/example_dags/example_branch_python_dop_operator_3.py
[2024-07-03T00:05:53.746+0000] {processor.py:840} INFO - DAG(s) 'example_branch_dop_operator_v3' retrieved from /home/airflow/.local/lib/python3.12/site-packages/airflow/example_dags/example_branch_python_dop_operator_3.py
[2024-07-03T00:05:53.774+0000] {logging_mixin.py:188} INFO - [2024-07-03T00:05:53.773+0000] {dag.py:3096} INFO - Sync 1 DAGs
[2024-07-03T00:05:53.811+0000] {logging_mixin.py:188} INFO - [2024-07-03T00:05:53.810+0000] {dag.py:3954} INFO - Setting next_dagrun for example_branch_dop_operator_v3 to 2024-07-03 00:04:00+00:00, run_after=2024-07-03 00:05:00+00:00
[2024-07-03T00:05:53.831+0000] {processor.py:183} INFO - Processing /home/airflow/.local/lib/python3.12/site-packages/airflow/example_dags/example_branch_python_dop_operator_3.py took 0.104 seconds
[2024-07-03T00:06:24.021+0000] {processor.py:161} INFO - Started process (PID=1432) to work on /home/airflow/.local/lib/python3.12/site-packages/airflow/example_dags/example_branch_python_dop_operator_3.py
[2024-07-03T00:06:24.022+0000] {processor.py:830} INFO - Processing file /home/airflow/.local/lib/python3.12/site-packages/airflow/example_dags/example_branch_python_dop_operator_3.py for tasks to queue
[2024-07-03T00:06:24.026+0000] {logging_mixin.py:188} INFO - [2024-07-03T00:06:24.026+0000] {dagbag.py:545} INFO - Filling up the DagBag from /home/airflow/.local/lib/python3.12/site-packages/airflow/example_dags/example_branch_python_dop_operator_3.py
[2024-07-03T00:06:24.044+0000] {processor.py:840} INFO - DAG(s) 'example_branch_dop_operator_v3' retrieved from /home/airflow/.local/lib/python3.12/site-packages/airflow/example_dags/example_branch_python_dop_operator_3.py
[2024-07-03T00:06:24.084+0000] {logging_mixin.py:188} INFO - [2024-07-03T00:06:24.083+0000] {dag.py:3096} INFO - Sync 1 DAGs
[2024-07-03T00:06:24.123+0000] {logging_mixin.py:188} INFO - [2024-07-03T00:06:24.123+0000] {dag.py:3954} INFO - Setting next_dagrun for example_branch_dop_operator_v3 to 2024-07-03 00:05:00+00:00, run_after=2024-07-03 00:06:00+00:00
[2024-07-03T00:06:24.148+0000] {processor.py:183} INFO - Processing /home/airflow/.local/lib/python3.12/site-packages/airflow/example_dags/example_branch_python_dop_operator_3.py took 0.140 seconds
[2024-07-03T00:06:54.215+0000] {processor.py:161} INFO - Started process (PID=1490) to work on /home/airflow/.local/lib/python3.12/site-packages/airflow/example_dags/example_branch_python_dop_operator_3.py
[2024-07-03T00:06:54.216+0000] {processor.py:830} INFO - Processing file /home/airflow/.local/lib/python3.12/site-packages/airflow/example_dags/example_branch_python_dop_operator_3.py for tasks to queue
[2024-07-03T00:06:54.218+0000] {logging_mixin.py:188} INFO - [2024-07-03T00:06:54.218+0000] {dagbag.py:545} INFO - Filling up the DagBag from /home/airflow/.local/lib/python3.12/site-packages/airflow/example_dags/example_branch_python_dop_operator_3.py
[2024-07-03T00:06:54.227+0000] {processor.py:840} INFO - DAG(s) 'example_branch_dop_operator_v3' retrieved from /home/airflow/.local/lib/python3.12/site-packages/airflow/example_dags/example_branch_python_dop_operator_3.py
[2024-07-03T00:06:54.250+0000] {logging_mixin.py:188} INFO - [2024-07-03T00:06:54.250+0000] {dag.py:3096} INFO - Sync 1 DAGs
[2024-07-03T00:06:54.279+0000] {logging_mixin.py:188} INFO - [2024-07-03T00:06:54.278+0000] {dag.py:3954} INFO - Setting next_dagrun for example_branch_dop_operator_v3 to 2024-07-03 00:05:00+00:00, run_after=2024-07-03 00:06:00+00:00
[2024-07-03T00:06:54.297+0000] {processor.py:183} INFO - Processing /home/airflow/.local/lib/python3.12/site-packages/airflow/example_dags/example_branch_python_dop_operator_3.py took 0.089 seconds
