[2024-07-03T00:00:27.188+0000] {processor.py:161} INFO - Started process (PID=751) to work on /home/airflow/.local/lib/python3.12/site-packages/airflow/example_dags/example_latest_only.py
[2024-07-03T00:00:27.189+0000] {processor.py:830} INFO - Processing file /home/airflow/.local/lib/python3.12/site-packages/airflow/example_dags/example_latest_only.py for tasks to queue
[2024-07-03T00:00:27.191+0000] {logging_mixin.py:188} INFO - [2024-07-03T00:00:27.191+0000] {dagbag.py:545} INFO - Filling up the DagBag from /home/airflow/.local/lib/python3.12/site-packages/airflow/example_dags/example_latest_only.py
[2024-07-03T00:00:27.196+0000] {processor.py:840} INFO - DAG(s) 'latest_only' retrieved from /home/airflow/.local/lib/python3.12/site-packages/airflow/example_dags/example_latest_only.py
[2024-07-03T00:00:27.222+0000] {logging_mixin.py:188} INFO - [2024-07-03T00:00:27.221+0000] {dag.py:3096} INFO - Sync 1 DAGs
[2024-07-03T00:00:27.252+0000] {logging_mixin.py:188} INFO - [2024-07-03T00:00:27.252+0000] {dag.py:3954} INFO - Setting next_dagrun for latest_only to 2024-07-02 20:00:00+00:00, run_after=2024-07-03 00:00:00+00:00
[2024-07-03T00:00:27.274+0000] {processor.py:183} INFO - Processing /home/airflow/.local/lib/python3.12/site-packages/airflow/example_dags/example_latest_only.py took 0.092 seconds
[2024-07-03T00:00:57.461+0000] {processor.py:161} INFO - Started process (PID=809) to work on /home/airflow/.local/lib/python3.12/site-packages/airflow/example_dags/example_latest_only.py
[2024-07-03T00:00:57.462+0000] {processor.py:830} INFO - Processing file /home/airflow/.local/lib/python3.12/site-packages/airflow/example_dags/example_latest_only.py for tasks to queue
[2024-07-03T00:00:57.464+0000] {logging_mixin.py:188} INFO - [2024-07-03T00:00:57.463+0000] {dagbag.py:545} INFO - Filling up the DagBag from /home/airflow/.local/lib/python3.12/site-packages/airflow/example_dags/example_latest_only.py
[2024-07-03T00:00:57.469+0000] {processor.py:840} INFO - DAG(s) 'latest_only' retrieved from /home/airflow/.local/lib/python3.12/site-packages/airflow/example_dags/example_latest_only.py
[2024-07-03T00:00:57.492+0000] {logging_mixin.py:188} INFO - [2024-07-03T00:00:57.492+0000] {dag.py:3096} INFO - Sync 1 DAGs
[2024-07-03T00:00:57.517+0000] {logging_mixin.py:188} INFO - [2024-07-03T00:00:57.516+0000] {dag.py:3954} INFO - Setting next_dagrun for latest_only to 2024-07-02 20:00:00+00:00, run_after=2024-07-03 00:00:00+00:00
[2024-07-03T00:00:57.535+0000] {processor.py:183} INFO - Processing /home/airflow/.local/lib/python3.12/site-packages/airflow/example_dags/example_latest_only.py took 0.080 seconds
[2024-07-03T00:01:27.727+0000] {processor.py:161} INFO - Started process (PID=867) to work on /home/airflow/.local/lib/python3.12/site-packages/airflow/example_dags/example_latest_only.py
[2024-07-03T00:01:27.729+0000] {processor.py:830} INFO - Processing file /home/airflow/.local/lib/python3.12/site-packages/airflow/example_dags/example_latest_only.py for tasks to queue
[2024-07-03T00:01:27.730+0000] {logging_mixin.py:188} INFO - [2024-07-03T00:01:27.730+0000] {dagbag.py:545} INFO - Filling up the DagBag from /home/airflow/.local/lib/python3.12/site-packages/airflow/example_dags/example_latest_only.py
[2024-07-03T00:01:27.735+0000] {processor.py:840} INFO - DAG(s) 'latest_only' retrieved from /home/airflow/.local/lib/python3.12/site-packages/airflow/example_dags/example_latest_only.py
[2024-07-03T00:01:27.757+0000] {logging_mixin.py:188} INFO - [2024-07-03T00:01:27.757+0000] {dag.py:3096} INFO - Sync 1 DAGs
[2024-07-03T00:01:27.779+0000] {logging_mixin.py:188} INFO - [2024-07-03T00:01:27.779+0000] {dag.py:3954} INFO - Setting next_dagrun for latest_only to 2024-07-02 20:00:00+00:00, run_after=2024-07-03 00:00:00+00:00
[2024-07-03T00:01:27.797+0000] {processor.py:183} INFO - Processing /home/airflow/.local/lib/python3.12/site-packages/airflow/example_dags/example_latest_only.py took 0.076 seconds
[2024-07-03T00:01:57.932+0000] {processor.py:161} INFO - Started process (PID=925) to work on /home/airflow/.local/lib/python3.12/site-packages/airflow/example_dags/example_latest_only.py
[2024-07-03T00:01:57.933+0000] {processor.py:830} INFO - Processing file /home/airflow/.local/lib/python3.12/site-packages/airflow/example_dags/example_latest_only.py for tasks to queue
[2024-07-03T00:01:57.935+0000] {logging_mixin.py:188} INFO - [2024-07-03T00:01:57.935+0000] {dagbag.py:545} INFO - Filling up the DagBag from /home/airflow/.local/lib/python3.12/site-packages/airflow/example_dags/example_latest_only.py
[2024-07-03T00:01:57.940+0000] {processor.py:840} INFO - DAG(s) 'latest_only' retrieved from /home/airflow/.local/lib/python3.12/site-packages/airflow/example_dags/example_latest_only.py
[2024-07-03T00:01:57.961+0000] {logging_mixin.py:188} INFO - [2024-07-03T00:01:57.961+0000] {dag.py:3096} INFO - Sync 1 DAGs
[2024-07-03T00:01:57.987+0000] {logging_mixin.py:188} INFO - [2024-07-03T00:01:57.987+0000] {dag.py:3954} INFO - Setting next_dagrun for latest_only to 2024-07-02 20:00:00+00:00, run_after=2024-07-03 00:00:00+00:00
[2024-07-03T00:01:58.004+0000] {processor.py:183} INFO - Processing /home/airflow/.local/lib/python3.12/site-packages/airflow/example_dags/example_latest_only.py took 0.078 seconds
[2024-07-03T00:02:28.224+0000] {processor.py:161} INFO - Started process (PID=983) to work on /home/airflow/.local/lib/python3.12/site-packages/airflow/example_dags/example_latest_only.py
[2024-07-03T00:02:28.225+0000] {processor.py:830} INFO - Processing file /home/airflow/.local/lib/python3.12/site-packages/airflow/example_dags/example_latest_only.py for tasks to queue
[2024-07-03T00:02:28.227+0000] {logging_mixin.py:188} INFO - [2024-07-03T00:02:28.226+0000] {dagbag.py:545} INFO - Filling up the DagBag from /home/airflow/.local/lib/python3.12/site-packages/airflow/example_dags/example_latest_only.py
[2024-07-03T00:02:28.231+0000] {processor.py:840} INFO - DAG(s) 'latest_only' retrieved from /home/airflow/.local/lib/python3.12/site-packages/airflow/example_dags/example_latest_only.py
[2024-07-03T00:02:28.253+0000] {logging_mixin.py:188} INFO - [2024-07-03T00:02:28.253+0000] {dag.py:3096} INFO - Sync 1 DAGs
[2024-07-03T00:02:28.275+0000] {logging_mixin.py:188} INFO - [2024-07-03T00:02:28.275+0000] {dag.py:3954} INFO - Setting next_dagrun for latest_only to 2024-07-02 20:00:00+00:00, run_after=2024-07-03 00:00:00+00:00
[2024-07-03T00:02:28.293+0000] {processor.py:183} INFO - Processing /home/airflow/.local/lib/python3.12/site-packages/airflow/example_dags/example_latest_only.py took 0.075 seconds
[2024-07-03T00:02:58.406+0000] {processor.py:161} INFO - Started process (PID=1041) to work on /home/airflow/.local/lib/python3.12/site-packages/airflow/example_dags/example_latest_only.py
[2024-07-03T00:02:58.407+0000] {processor.py:830} INFO - Processing file /home/airflow/.local/lib/python3.12/site-packages/airflow/example_dags/example_latest_only.py for tasks to queue
[2024-07-03T00:02:58.409+0000] {logging_mixin.py:188} INFO - [2024-07-03T00:02:58.409+0000] {dagbag.py:545} INFO - Filling up the DagBag from /home/airflow/.local/lib/python3.12/site-packages/airflow/example_dags/example_latest_only.py
[2024-07-03T00:02:58.414+0000] {processor.py:840} INFO - DAG(s) 'latest_only' retrieved from /home/airflow/.local/lib/python3.12/site-packages/airflow/example_dags/example_latest_only.py
[2024-07-03T00:02:58.442+0000] {logging_mixin.py:188} INFO - [2024-07-03T00:02:58.442+0000] {dag.py:3096} INFO - Sync 1 DAGs
[2024-07-03T00:02:58.464+0000] {logging_mixin.py:188} INFO - [2024-07-03T00:02:58.464+0000] {dag.py:3954} INFO - Setting next_dagrun for latest_only to 2024-07-02 20:00:00+00:00, run_after=2024-07-03 00:00:00+00:00
[2024-07-03T00:02:58.491+0000] {processor.py:183} INFO - Processing /home/airflow/.local/lib/python3.12/site-packages/airflow/example_dags/example_latest_only.py took 0.091 seconds
[2024-07-03T00:03:28.887+0000] {processor.py:161} INFO - Started process (PID=1099) to work on /home/airflow/.local/lib/python3.12/site-packages/airflow/example_dags/example_latest_only.py
[2024-07-03T00:03:28.888+0000] {processor.py:830} INFO - Processing file /home/airflow/.local/lib/python3.12/site-packages/airflow/example_dags/example_latest_only.py for tasks to queue
[2024-07-03T00:03:28.890+0000] {logging_mixin.py:188} INFO - [2024-07-03T00:03:28.889+0000] {dagbag.py:545} INFO - Filling up the DagBag from /home/airflow/.local/lib/python3.12/site-packages/airflow/example_dags/example_latest_only.py
[2024-07-03T00:03:28.895+0000] {processor.py:840} INFO - DAG(s) 'latest_only' retrieved from /home/airflow/.local/lib/python3.12/site-packages/airflow/example_dags/example_latest_only.py
[2024-07-03T00:03:28.922+0000] {logging_mixin.py:188} INFO - [2024-07-03T00:03:28.921+0000] {dag.py:3096} INFO - Sync 1 DAGs
[2024-07-03T00:03:28.951+0000] {logging_mixin.py:188} INFO - [2024-07-03T00:03:28.950+0000] {dag.py:3954} INFO - Setting next_dagrun for latest_only to 2024-07-02 20:00:00+00:00, run_after=2024-07-03 00:00:00+00:00
[2024-07-03T00:03:28.974+0000] {processor.py:183} INFO - Processing /home/airflow/.local/lib/python3.12/site-packages/airflow/example_dags/example_latest_only.py took 0.093 seconds
[2024-07-03T00:03:59.259+0000] {processor.py:161} INFO - Started process (PID=1156) to work on /home/airflow/.local/lib/python3.12/site-packages/airflow/example_dags/example_latest_only.py
[2024-07-03T00:03:59.261+0000] {processor.py:830} INFO - Processing file /home/airflow/.local/lib/python3.12/site-packages/airflow/example_dags/example_latest_only.py for tasks to queue
[2024-07-03T00:03:59.262+0000] {logging_mixin.py:188} INFO - [2024-07-03T00:03:59.262+0000] {dagbag.py:545} INFO - Filling up the DagBag from /home/airflow/.local/lib/python3.12/site-packages/airflow/example_dags/example_latest_only.py
[2024-07-03T00:03:59.267+0000] {processor.py:840} INFO - DAG(s) 'latest_only' retrieved from /home/airflow/.local/lib/python3.12/site-packages/airflow/example_dags/example_latest_only.py
[2024-07-03T00:03:59.289+0000] {logging_mixin.py:188} INFO - [2024-07-03T00:03:59.289+0000] {dag.py:3096} INFO - Sync 1 DAGs
[2024-07-03T00:03:59.311+0000] {logging_mixin.py:188} INFO - [2024-07-03T00:03:59.311+0000] {dag.py:3954} INFO - Setting next_dagrun for latest_only to 2024-07-02 20:00:00+00:00, run_after=2024-07-03 00:00:00+00:00
[2024-07-03T00:03:59.329+0000] {processor.py:183} INFO - Processing /home/airflow/.local/lib/python3.12/site-packages/airflow/example_dags/example_latest_only.py took 0.075 seconds
[2024-07-03T00:04:29.463+0000] {processor.py:161} INFO - Started process (PID=1214) to work on /home/airflow/.local/lib/python3.12/site-packages/airflow/example_dags/example_latest_only.py
[2024-07-03T00:04:29.464+0000] {processor.py:830} INFO - Processing file /home/airflow/.local/lib/python3.12/site-packages/airflow/example_dags/example_latest_only.py for tasks to queue
[2024-07-03T00:04:29.466+0000] {logging_mixin.py:188} INFO - [2024-07-03T00:04:29.466+0000] {dagbag.py:545} INFO - Filling up the DagBag from /home/airflow/.local/lib/python3.12/site-packages/airflow/example_dags/example_latest_only.py
[2024-07-03T00:04:29.473+0000] {processor.py:840} INFO - DAG(s) 'latest_only' retrieved from /home/airflow/.local/lib/python3.12/site-packages/airflow/example_dags/example_latest_only.py
[2024-07-03T00:04:29.500+0000] {logging_mixin.py:188} INFO - [2024-07-03T00:04:29.499+0000] {dag.py:3096} INFO - Sync 1 DAGs
[2024-07-03T00:04:29.527+0000] {logging_mixin.py:188} INFO - [2024-07-03T00:04:29.527+0000] {dag.py:3954} INFO - Setting next_dagrun for latest_only to 2024-07-02 20:00:00+00:00, run_after=2024-07-03 00:00:00+00:00
[2024-07-03T00:04:29.549+0000] {processor.py:183} INFO - Processing /home/airflow/.local/lib/python3.12/site-packages/airflow/example_dags/example_latest_only.py took 0.093 seconds
[2024-07-03T00:04:59.798+0000] {processor.py:161} INFO - Started process (PID=1272) to work on /home/airflow/.local/lib/python3.12/site-packages/airflow/example_dags/example_latest_only.py
[2024-07-03T00:04:59.799+0000] {processor.py:830} INFO - Processing file /home/airflow/.local/lib/python3.12/site-packages/airflow/example_dags/example_latest_only.py for tasks to queue
[2024-07-03T00:04:59.801+0000] {logging_mixin.py:188} INFO - [2024-07-03T00:04:59.800+0000] {dagbag.py:545} INFO - Filling up the DagBag from /home/airflow/.local/lib/python3.12/site-packages/airflow/example_dags/example_latest_only.py
[2024-07-03T00:04:59.805+0000] {processor.py:840} INFO - DAG(s) 'latest_only' retrieved from /home/airflow/.local/lib/python3.12/site-packages/airflow/example_dags/example_latest_only.py
[2024-07-03T00:04:59.826+0000] {logging_mixin.py:188} INFO - [2024-07-03T00:04:59.826+0000] {dag.py:3096} INFO - Sync 1 DAGs
[2024-07-03T00:04:59.854+0000] {logging_mixin.py:188} INFO - [2024-07-03T00:04:59.853+0000] {dag.py:3954} INFO - Setting next_dagrun for latest_only to 2024-07-02 20:00:00+00:00, run_after=2024-07-03 00:00:00+00:00
[2024-07-03T00:04:59.872+0000] {processor.py:183} INFO - Processing /home/airflow/.local/lib/python3.12/site-packages/airflow/example_dags/example_latest_only.py took 0.081 seconds
[2024-07-03T00:05:29.958+0000] {processor.py:161} INFO - Started process (PID=1330) to work on /home/airflow/.local/lib/python3.12/site-packages/airflow/example_dags/example_latest_only.py
[2024-07-03T00:05:29.959+0000] {processor.py:830} INFO - Processing file /home/airflow/.local/lib/python3.12/site-packages/airflow/example_dags/example_latest_only.py for tasks to queue
[2024-07-03T00:05:29.961+0000] {logging_mixin.py:188} INFO - [2024-07-03T00:05:29.960+0000] {dagbag.py:545} INFO - Filling up the DagBag from /home/airflow/.local/lib/python3.12/site-packages/airflow/example_dags/example_latest_only.py
[2024-07-03T00:05:29.965+0000] {processor.py:840} INFO - DAG(s) 'latest_only' retrieved from /home/airflow/.local/lib/python3.12/site-packages/airflow/example_dags/example_latest_only.py
[2024-07-03T00:05:29.988+0000] {logging_mixin.py:188} INFO - [2024-07-03T00:05:29.988+0000] {dag.py:3096} INFO - Sync 1 DAGs
[2024-07-03T00:05:30.010+0000] {logging_mixin.py:188} INFO - [2024-07-03T00:05:30.010+0000] {dag.py:3954} INFO - Setting next_dagrun for latest_only to 2024-07-02 20:00:00+00:00, run_after=2024-07-03 00:00:00+00:00
[2024-07-03T00:05:30.027+0000] {processor.py:183} INFO - Processing /home/airflow/.local/lib/python3.12/site-packages/airflow/example_dags/example_latest_only.py took 0.075 seconds
[2024-07-03T00:06:00.410+0000] {processor.py:161} INFO - Started process (PID=1388) to work on /home/airflow/.local/lib/python3.12/site-packages/airflow/example_dags/example_latest_only.py
[2024-07-03T00:06:00.411+0000] {processor.py:830} INFO - Processing file /home/airflow/.local/lib/python3.12/site-packages/airflow/example_dags/example_latest_only.py for tasks to queue
[2024-07-03T00:06:00.413+0000] {logging_mixin.py:188} INFO - [2024-07-03T00:06:00.413+0000] {dagbag.py:545} INFO - Filling up the DagBag from /home/airflow/.local/lib/python3.12/site-packages/airflow/example_dags/example_latest_only.py
[2024-07-03T00:06:00.418+0000] {processor.py:840} INFO - DAG(s) 'latest_only' retrieved from /home/airflow/.local/lib/python3.12/site-packages/airflow/example_dags/example_latest_only.py
[2024-07-03T00:06:00.448+0000] {logging_mixin.py:188} INFO - [2024-07-03T00:06:00.448+0000] {dag.py:3096} INFO - Sync 1 DAGs
[2024-07-03T00:06:00.480+0000] {logging_mixin.py:188} INFO - [2024-07-03T00:06:00.479+0000] {dag.py:3954} INFO - Setting next_dagrun for latest_only to 2024-07-02 20:00:00+00:00, run_after=2024-07-03 00:00:00+00:00
[2024-07-03T00:06:00.510+0000] {processor.py:183} INFO - Processing /home/airflow/.local/lib/python3.12/site-packages/airflow/example_dags/example_latest_only.py took 0.106 seconds
[2024-07-03T00:06:30.611+0000] {processor.py:161} INFO - Started process (PID=1446) to work on /home/airflow/.local/lib/python3.12/site-packages/airflow/example_dags/example_latest_only.py
[2024-07-03T00:06:30.613+0000] {processor.py:830} INFO - Processing file /home/airflow/.local/lib/python3.12/site-packages/airflow/example_dags/example_latest_only.py for tasks to queue
[2024-07-03T00:06:30.615+0000] {logging_mixin.py:188} INFO - [2024-07-03T00:06:30.615+0000] {dagbag.py:545} INFO - Filling up the DagBag from /home/airflow/.local/lib/python3.12/site-packages/airflow/example_dags/example_latest_only.py
[2024-07-03T00:06:30.621+0000] {processor.py:840} INFO - DAG(s) 'latest_only' retrieved from /home/airflow/.local/lib/python3.12/site-packages/airflow/example_dags/example_latest_only.py
[2024-07-03T00:06:30.651+0000] {logging_mixin.py:188} INFO - [2024-07-03T00:06:30.650+0000] {dag.py:3096} INFO - Sync 1 DAGs
[2024-07-03T00:06:30.683+0000] {logging_mixin.py:188} INFO - [2024-07-03T00:06:30.682+0000] {dag.py:3954} INFO - Setting next_dagrun for latest_only to 2024-07-02 20:00:00+00:00, run_after=2024-07-03 00:00:00+00:00
[2024-07-03T00:06:30.705+0000] {processor.py:183} INFO - Processing /home/airflow/.local/lib/python3.12/site-packages/airflow/example_dags/example_latest_only.py took 0.100 seconds
[2024-07-03T00:07:00.744+0000] {processor.py:161} INFO - Started process (PID=1504) to work on /home/airflow/.local/lib/python3.12/site-packages/airflow/example_dags/example_latest_only.py
[2024-07-03T00:07:00.745+0000] {processor.py:830} INFO - Processing file /home/airflow/.local/lib/python3.12/site-packages/airflow/example_dags/example_latest_only.py for tasks to queue
[2024-07-03T00:07:00.747+0000] {logging_mixin.py:188} INFO - [2024-07-03T00:07:00.747+0000] {dagbag.py:545} INFO - Filling up the DagBag from /home/airflow/.local/lib/python3.12/site-packages/airflow/example_dags/example_latest_only.py
[2024-07-03T00:07:00.752+0000] {processor.py:840} INFO - DAG(s) 'latest_only' retrieved from /home/airflow/.local/lib/python3.12/site-packages/airflow/example_dags/example_latest_only.py
[2024-07-03T00:07:00.773+0000] {logging_mixin.py:188} INFO - [2024-07-03T00:07:00.773+0000] {dag.py:3096} INFO - Sync 1 DAGs
[2024-07-03T00:07:00.798+0000] {logging_mixin.py:188} INFO - [2024-07-03T00:07:00.798+0000] {dag.py:3954} INFO - Setting next_dagrun for latest_only to 2024-07-02 20:00:00+00:00, run_after=2024-07-03 00:00:00+00:00
[2024-07-03T00:07:00.818+0000] {processor.py:183} INFO - Processing /home/airflow/.local/lib/python3.12/site-packages/airflow/example_dags/example_latest_only.py took 0.080 seconds
