[2024-07-03T00:00:27.967+0000] {processor.py:161} INFO - Started process (PID=761) to work on /home/airflow/.local/lib/python3.12/site-packages/airflow/example_dags/example_sensors.py
[2024-07-03T00:00:27.968+0000] {processor.py:830} INFO - Processing file /home/airflow/.local/lib/python3.12/site-packages/airflow/example_dags/example_sensors.py for tasks to queue
[2024-07-03T00:00:27.969+0000] {logging_mixin.py:188} INFO - [2024-07-03T00:00:27.969+0000] {dagbag.py:545} INFO - Filling up the DagBag from /home/airflow/.local/lib/python3.12/site-packages/airflow/example_dags/example_sensors.py
[2024-07-03T00:00:27.978+0000] {processor.py:840} INFO - DAG(s) 'example_sensors' retrieved from /home/airflow/.local/lib/python3.12/site-packages/airflow/example_dags/example_sensors.py
[2024-07-03T00:00:28.011+0000] {logging_mixin.py:188} INFO - [2024-07-03T00:00:28.011+0000] {dag.py:3096} INFO - Sync 1 DAGs
[2024-07-03T00:00:28.028+0000] {logging_mixin.py:188} INFO - [2024-07-03T00:00:28.027+0000] {dag.py:3954} INFO - Setting next_dagrun for example_sensors to None, run_after=None
[2024-07-03T00:00:28.048+0000] {processor.py:183} INFO - Processing /home/airflow/.local/lib/python3.12/site-packages/airflow/example_dags/example_sensors.py took 0.087 seconds
[2024-07-03T00:00:58.198+0000] {processor.py:161} INFO - Started process (PID=819) to work on /home/airflow/.local/lib/python3.12/site-packages/airflow/example_dags/example_sensors.py
[2024-07-03T00:00:58.199+0000] {processor.py:830} INFO - Processing file /home/airflow/.local/lib/python3.12/site-packages/airflow/example_dags/example_sensors.py for tasks to queue
[2024-07-03T00:00:58.201+0000] {logging_mixin.py:188} INFO - [2024-07-03T00:00:58.200+0000] {dagbag.py:545} INFO - Filling up the DagBag from /home/airflow/.local/lib/python3.12/site-packages/airflow/example_dags/example_sensors.py
[2024-07-03T00:00:58.210+0000] {processor.py:840} INFO - DAG(s) 'example_sensors' retrieved from /home/airflow/.local/lib/python3.12/site-packages/airflow/example_dags/example_sensors.py
[2024-07-03T00:00:58.239+0000] {logging_mixin.py:188} INFO - [2024-07-03T00:00:58.238+0000] {dag.py:3096} INFO - Sync 1 DAGs
[2024-07-03T00:00:58.265+0000] {logging_mixin.py:188} INFO - [2024-07-03T00:00:58.265+0000] {dag.py:3954} INFO - Setting next_dagrun for example_sensors to None, run_after=None
[2024-07-03T00:00:58.289+0000] {processor.py:183} INFO - Processing /home/airflow/.local/lib/python3.12/site-packages/airflow/example_dags/example_sensors.py took 0.098 seconds
[2024-07-03T00:01:28.409+0000] {processor.py:161} INFO - Started process (PID=877) to work on /home/airflow/.local/lib/python3.12/site-packages/airflow/example_dags/example_sensors.py
[2024-07-03T00:01:28.410+0000] {processor.py:830} INFO - Processing file /home/airflow/.local/lib/python3.12/site-packages/airflow/example_dags/example_sensors.py for tasks to queue
[2024-07-03T00:01:28.412+0000] {logging_mixin.py:188} INFO - [2024-07-03T00:01:28.412+0000] {dagbag.py:545} INFO - Filling up the DagBag from /home/airflow/.local/lib/python3.12/site-packages/airflow/example_dags/example_sensors.py
[2024-07-03T00:01:28.421+0000] {processor.py:840} INFO - DAG(s) 'example_sensors' retrieved from /home/airflow/.local/lib/python3.12/site-packages/airflow/example_dags/example_sensors.py
[2024-07-03T00:01:28.448+0000] {logging_mixin.py:188} INFO - [2024-07-03T00:01:28.448+0000] {dag.py:3096} INFO - Sync 1 DAGs
[2024-07-03T00:01:28.461+0000] {logging_mixin.py:188} INFO - [2024-07-03T00:01:28.461+0000] {dag.py:3954} INFO - Setting next_dagrun for example_sensors to None, run_after=None
[2024-07-03T00:01:28.478+0000] {processor.py:183} INFO - Processing /home/airflow/.local/lib/python3.12/site-packages/airflow/example_dags/example_sensors.py took 0.075 seconds
[2024-07-03T00:01:58.684+0000] {processor.py:161} INFO - Started process (PID=935) to work on /home/airflow/.local/lib/python3.12/site-packages/airflow/example_dags/example_sensors.py
[2024-07-03T00:01:58.685+0000] {processor.py:830} INFO - Processing file /home/airflow/.local/lib/python3.12/site-packages/airflow/example_dags/example_sensors.py for tasks to queue
[2024-07-03T00:01:58.687+0000] {logging_mixin.py:188} INFO - [2024-07-03T00:01:58.686+0000] {dagbag.py:545} INFO - Filling up the DagBag from /home/airflow/.local/lib/python3.12/site-packages/airflow/example_dags/example_sensors.py
[2024-07-03T00:01:58.696+0000] {processor.py:840} INFO - DAG(s) 'example_sensors' retrieved from /home/airflow/.local/lib/python3.12/site-packages/airflow/example_dags/example_sensors.py
[2024-07-03T00:01:58.723+0000] {logging_mixin.py:188} INFO - [2024-07-03T00:01:58.723+0000] {dag.py:3096} INFO - Sync 1 DAGs
[2024-07-03T00:01:58.736+0000] {logging_mixin.py:188} INFO - [2024-07-03T00:01:58.735+0000] {dag.py:3954} INFO - Setting next_dagrun for example_sensors to None, run_after=None
[2024-07-03T00:01:58.754+0000] {processor.py:183} INFO - Processing /home/airflow/.local/lib/python3.12/site-packages/airflow/example_dags/example_sensors.py took 0.076 seconds
[2024-07-03T00:02:29.343+0000] {processor.py:161} INFO - Started process (PID=993) to work on /home/airflow/.local/lib/python3.12/site-packages/airflow/example_dags/example_sensors.py
[2024-07-03T00:02:29.344+0000] {processor.py:830} INFO - Processing file /home/airflow/.local/lib/python3.12/site-packages/airflow/example_dags/example_sensors.py for tasks to queue
[2024-07-03T00:02:29.346+0000] {logging_mixin.py:188} INFO - [2024-07-03T00:02:29.346+0000] {dagbag.py:545} INFO - Filling up the DagBag from /home/airflow/.local/lib/python3.12/site-packages/airflow/example_dags/example_sensors.py
[2024-07-03T00:02:29.354+0000] {processor.py:840} INFO - DAG(s) 'example_sensors' retrieved from /home/airflow/.local/lib/python3.12/site-packages/airflow/example_dags/example_sensors.py
[2024-07-03T00:02:29.391+0000] {logging_mixin.py:188} INFO - [2024-07-03T00:02:29.391+0000] {dag.py:3096} INFO - Sync 1 DAGs
[2024-07-03T00:02:29.405+0000] {logging_mixin.py:188} INFO - [2024-07-03T00:02:29.405+0000] {dag.py:3954} INFO - Setting next_dagrun for example_sensors to None, run_after=None
[2024-07-03T00:02:29.423+0000] {processor.py:183} INFO - Processing /home/airflow/.local/lib/python3.12/site-packages/airflow/example_dags/example_sensors.py took 0.086 seconds
[2024-07-03T00:03:00.300+0000] {processor.py:161} INFO - Started process (PID=1051) to work on /home/airflow/.local/lib/python3.12/site-packages/airflow/example_dags/example_sensors.py
[2024-07-03T00:03:00.301+0000] {processor.py:830} INFO - Processing file /home/airflow/.local/lib/python3.12/site-packages/airflow/example_dags/example_sensors.py for tasks to queue
[2024-07-03T00:03:00.302+0000] {logging_mixin.py:188} INFO - [2024-07-03T00:03:00.302+0000] {dagbag.py:545} INFO - Filling up the DagBag from /home/airflow/.local/lib/python3.12/site-packages/airflow/example_dags/example_sensors.py
[2024-07-03T00:03:00.312+0000] {processor.py:840} INFO - DAG(s) 'example_sensors' retrieved from /home/airflow/.local/lib/python3.12/site-packages/airflow/example_dags/example_sensors.py
[2024-07-03T00:03:00.342+0000] {logging_mixin.py:188} INFO - [2024-07-03T00:03:00.342+0000] {dag.py:3096} INFO - Sync 1 DAGs
[2024-07-03T00:03:00.357+0000] {logging_mixin.py:188} INFO - [2024-07-03T00:03:00.357+0000] {dag.py:3954} INFO - Setting next_dagrun for example_sensors to None, run_after=None
[2024-07-03T00:03:00.376+0000] {processor.py:183} INFO - Processing /home/airflow/.local/lib/python3.12/site-packages/airflow/example_dags/example_sensors.py took 0.082 seconds
[2024-07-03T00:03:30.797+0000] {processor.py:161} INFO - Started process (PID=1109) to work on /home/airflow/.local/lib/python3.12/site-packages/airflow/example_dags/example_sensors.py
[2024-07-03T00:03:30.798+0000] {processor.py:830} INFO - Processing file /home/airflow/.local/lib/python3.12/site-packages/airflow/example_dags/example_sensors.py for tasks to queue
[2024-07-03T00:03:30.800+0000] {logging_mixin.py:188} INFO - [2024-07-03T00:03:30.800+0000] {dagbag.py:545} INFO - Filling up the DagBag from /home/airflow/.local/lib/python3.12/site-packages/airflow/example_dags/example_sensors.py
[2024-07-03T00:03:30.809+0000] {processor.py:840} INFO - DAG(s) 'example_sensors' retrieved from /home/airflow/.local/lib/python3.12/site-packages/airflow/example_dags/example_sensors.py
[2024-07-03T00:03:30.835+0000] {logging_mixin.py:188} INFO - [2024-07-03T00:03:30.834+0000] {dag.py:3096} INFO - Sync 1 DAGs
[2024-07-03T00:03:30.847+0000] {logging_mixin.py:188} INFO - [2024-07-03T00:03:30.846+0000] {dag.py:3954} INFO - Setting next_dagrun for example_sensors to None, run_after=None
[2024-07-03T00:03:30.863+0000] {processor.py:183} INFO - Processing /home/airflow/.local/lib/python3.12/site-packages/airflow/example_dags/example_sensors.py took 0.072 seconds
[2024-07-03T00:04:01.171+0000] {processor.py:161} INFO - Started process (PID=1167) to work on /home/airflow/.local/lib/python3.12/site-packages/airflow/example_dags/example_sensors.py
[2024-07-03T00:04:01.172+0000] {processor.py:830} INFO - Processing file /home/airflow/.local/lib/python3.12/site-packages/airflow/example_dags/example_sensors.py for tasks to queue
[2024-07-03T00:04:01.174+0000] {logging_mixin.py:188} INFO - [2024-07-03T00:04:01.173+0000] {dagbag.py:545} INFO - Filling up the DagBag from /home/airflow/.local/lib/python3.12/site-packages/airflow/example_dags/example_sensors.py
[2024-07-03T00:04:01.183+0000] {processor.py:840} INFO - DAG(s) 'example_sensors' retrieved from /home/airflow/.local/lib/python3.12/site-packages/airflow/example_dags/example_sensors.py
[2024-07-03T00:04:01.213+0000] {logging_mixin.py:188} INFO - [2024-07-03T00:04:01.212+0000] {dag.py:3096} INFO - Sync 1 DAGs
[2024-07-03T00:04:01.226+0000] {logging_mixin.py:188} INFO - [2024-07-03T00:04:01.225+0000] {dag.py:3954} INFO - Setting next_dagrun for example_sensors to None, run_after=None
[2024-07-03T00:04:01.246+0000] {processor.py:183} INFO - Processing /home/airflow/.local/lib/python3.12/site-packages/airflow/example_dags/example_sensors.py took 0.082 seconds
[2024-07-03T00:04:31.359+0000] {processor.py:161} INFO - Started process (PID=1225) to work on /home/airflow/.local/lib/python3.12/site-packages/airflow/example_dags/example_sensors.py
[2024-07-03T00:04:31.360+0000] {processor.py:830} INFO - Processing file /home/airflow/.local/lib/python3.12/site-packages/airflow/example_dags/example_sensors.py for tasks to queue
[2024-07-03T00:04:31.362+0000] {logging_mixin.py:188} INFO - [2024-07-03T00:04:31.362+0000] {dagbag.py:545} INFO - Filling up the DagBag from /home/airflow/.local/lib/python3.12/site-packages/airflow/example_dags/example_sensors.py
[2024-07-03T00:04:31.373+0000] {processor.py:840} INFO - DAG(s) 'example_sensors' retrieved from /home/airflow/.local/lib/python3.12/site-packages/airflow/example_dags/example_sensors.py
[2024-07-03T00:04:31.403+0000] {logging_mixin.py:188} INFO - [2024-07-03T00:04:31.403+0000] {dag.py:3096} INFO - Sync 1 DAGs
[2024-07-03T00:04:31.417+0000] {logging_mixin.py:188} INFO - [2024-07-03T00:04:31.416+0000] {dag.py:3954} INFO - Setting next_dagrun for example_sensors to None, run_after=None
[2024-07-03T00:04:31.436+0000] {processor.py:183} INFO - Processing /home/airflow/.local/lib/python3.12/site-packages/airflow/example_dags/example_sensors.py took 0.083 seconds
[2024-07-03T00:05:01.637+0000] {processor.py:161} INFO - Started process (PID=1283) to work on /home/airflow/.local/lib/python3.12/site-packages/airflow/example_dags/example_sensors.py
[2024-07-03T00:05:01.638+0000] {processor.py:830} INFO - Processing file /home/airflow/.local/lib/python3.12/site-packages/airflow/example_dags/example_sensors.py for tasks to queue
[2024-07-03T00:05:01.640+0000] {logging_mixin.py:188} INFO - [2024-07-03T00:05:01.640+0000] {dagbag.py:545} INFO - Filling up the DagBag from /home/airflow/.local/lib/python3.12/site-packages/airflow/example_dags/example_sensors.py
[2024-07-03T00:05:01.649+0000] {processor.py:840} INFO - DAG(s) 'example_sensors' retrieved from /home/airflow/.local/lib/python3.12/site-packages/airflow/example_dags/example_sensors.py
[2024-07-03T00:05:01.677+0000] {logging_mixin.py:188} INFO - [2024-07-03T00:05:01.676+0000] {dag.py:3096} INFO - Sync 1 DAGs
[2024-07-03T00:05:01.690+0000] {logging_mixin.py:188} INFO - [2024-07-03T00:05:01.690+0000] {dag.py:3954} INFO - Setting next_dagrun for example_sensors to None, run_after=None
[2024-07-03T00:05:01.709+0000] {processor.py:183} INFO - Processing /home/airflow/.local/lib/python3.12/site-packages/airflow/example_dags/example_sensors.py took 0.088 seconds
[2024-07-03T00:05:32.665+0000] {processor.py:161} INFO - Started process (PID=1341) to work on /home/airflow/.local/lib/python3.12/site-packages/airflow/example_dags/example_sensors.py
[2024-07-03T00:05:32.666+0000] {processor.py:830} INFO - Processing file /home/airflow/.local/lib/python3.12/site-packages/airflow/example_dags/example_sensors.py for tasks to queue
[2024-07-03T00:05:32.667+0000] {logging_mixin.py:188} INFO - [2024-07-03T00:05:32.667+0000] {dagbag.py:545} INFO - Filling up the DagBag from /home/airflow/.local/lib/python3.12/site-packages/airflow/example_dags/example_sensors.py
[2024-07-03T00:05:32.677+0000] {processor.py:840} INFO - DAG(s) 'example_sensors' retrieved from /home/airflow/.local/lib/python3.12/site-packages/airflow/example_dags/example_sensors.py
[2024-07-03T00:05:32.707+0000] {logging_mixin.py:188} INFO - [2024-07-03T00:05:32.706+0000] {dag.py:3096} INFO - Sync 1 DAGs
[2024-07-03T00:05:32.720+0000] {logging_mixin.py:188} INFO - [2024-07-03T00:05:32.719+0000] {dag.py:3954} INFO - Setting next_dagrun for example_sensors to None, run_after=None
[2024-07-03T00:05:32.737+0000] {processor.py:183} INFO - Processing /home/airflow/.local/lib/python3.12/site-packages/airflow/example_dags/example_sensors.py took 0.079 seconds
[2024-07-03T00:06:03.811+0000] {processor.py:161} INFO - Started process (PID=1399) to work on /home/airflow/.local/lib/python3.12/site-packages/airflow/example_dags/example_sensors.py
[2024-07-03T00:06:03.813+0000] {processor.py:830} INFO - Processing file /home/airflow/.local/lib/python3.12/site-packages/airflow/example_dags/example_sensors.py for tasks to queue
[2024-07-03T00:06:03.815+0000] {logging_mixin.py:188} INFO - [2024-07-03T00:06:03.814+0000] {dagbag.py:545} INFO - Filling up the DagBag from /home/airflow/.local/lib/python3.12/site-packages/airflow/example_dags/example_sensors.py
[2024-07-03T00:06:03.877+0000] {processor.py:840} INFO - DAG(s) 'example_sensors' retrieved from /home/airflow/.local/lib/python3.12/site-packages/airflow/example_dags/example_sensors.py
[2024-07-03T00:06:03.966+0000] {logging_mixin.py:188} INFO - [2024-07-03T00:06:03.965+0000] {dag.py:3096} INFO - Sync 1 DAGs
[2024-07-03T00:06:03.989+0000] {logging_mixin.py:188} INFO - [2024-07-03T00:06:03.989+0000] {dag.py:3954} INFO - Setting next_dagrun for example_sensors to None, run_after=None
[2024-07-03T00:06:04.093+0000] {processor.py:183} INFO - Processing /home/airflow/.local/lib/python3.12/site-packages/airflow/example_dags/example_sensors.py took 0.291 seconds
[2024-07-03T00:06:34.265+0000] {processor.py:161} INFO - Started process (PID=1456) to work on /home/airflow/.local/lib/python3.12/site-packages/airflow/example_dags/example_sensors.py
[2024-07-03T00:06:34.267+0000] {processor.py:830} INFO - Processing file /home/airflow/.local/lib/python3.12/site-packages/airflow/example_dags/example_sensors.py for tasks to queue
[2024-07-03T00:06:34.269+0000] {logging_mixin.py:188} INFO - [2024-07-03T00:06:34.269+0000] {dagbag.py:545} INFO - Filling up the DagBag from /home/airflow/.local/lib/python3.12/site-packages/airflow/example_dags/example_sensors.py
[2024-07-03T00:06:34.283+0000] {processor.py:840} INFO - DAG(s) 'example_sensors' retrieved from /home/airflow/.local/lib/python3.12/site-packages/airflow/example_dags/example_sensors.py
[2024-07-03T00:06:34.322+0000] {logging_mixin.py:188} INFO - [2024-07-03T00:06:34.322+0000] {dag.py:3096} INFO - Sync 1 DAGs
[2024-07-03T00:06:34.339+0000] {logging_mixin.py:188} INFO - [2024-07-03T00:06:34.339+0000] {dag.py:3954} INFO - Setting next_dagrun for example_sensors to None, run_after=None
[2024-07-03T00:06:34.360+0000] {processor.py:183} INFO - Processing /home/airflow/.local/lib/python3.12/site-packages/airflow/example_dags/example_sensors.py took 0.103 seconds
[2024-07-03T00:07:04.472+0000] {processor.py:161} INFO - Started process (PID=1514) to work on /home/airflow/.local/lib/python3.12/site-packages/airflow/example_dags/example_sensors.py
[2024-07-03T00:07:04.473+0000] {processor.py:830} INFO - Processing file /home/airflow/.local/lib/python3.12/site-packages/airflow/example_dags/example_sensors.py for tasks to queue
[2024-07-03T00:07:04.475+0000] {logging_mixin.py:188} INFO - [2024-07-03T00:07:04.475+0000] {dagbag.py:545} INFO - Filling up the DagBag from /home/airflow/.local/lib/python3.12/site-packages/airflow/example_dags/example_sensors.py
[2024-07-03T00:07:04.485+0000] {processor.py:840} INFO - DAG(s) 'example_sensors' retrieved from /home/airflow/.local/lib/python3.12/site-packages/airflow/example_dags/example_sensors.py
[2024-07-03T00:07:04.514+0000] {logging_mixin.py:188} INFO - [2024-07-03T00:07:04.513+0000] {dag.py:3096} INFO - Sync 1 DAGs
[2024-07-03T00:07:04.527+0000] {logging_mixin.py:188} INFO - [2024-07-03T00:07:04.527+0000] {dag.py:3954} INFO - Setting next_dagrun for example_sensors to None, run_after=None
[2024-07-03T00:07:04.546+0000] {processor.py:183} INFO - Processing /home/airflow/.local/lib/python3.12/site-packages/airflow/example_dags/example_sensors.py took 0.080 seconds
