[2024-07-03T00:00:28.079+0000] {processor.py:161} INFO - Started process (PID=762) to work on /home/airflow/.local/lib/python3.12/site-packages/airflow/example_dags/example_setup_teardown.py
[2024-07-03T00:00:28.079+0000] {processor.py:830} INFO - Processing file /home/airflow/.local/lib/python3.12/site-packages/airflow/example_dags/example_setup_teardown.py for tasks to queue
[2024-07-03T00:00:28.081+0000] {logging_mixin.py:188} INFO - [2024-07-03T00:00:28.081+0000] {dagbag.py:545} INFO - Filling up the DagBag from /home/airflow/.local/lib/python3.12/site-packages/airflow/example_dags/example_setup_teardown.py
[2024-07-03T00:00:28.089+0000] {processor.py:840} INFO - DAG(s) 'example_setup_teardown' retrieved from /home/airflow/.local/lib/python3.12/site-packages/airflow/example_dags/example_setup_teardown.py
[2024-07-03T00:00:28.113+0000] {logging_mixin.py:188} INFO - [2024-07-03T00:00:28.112+0000] {dag.py:3096} INFO - Sync 1 DAGs
[2024-07-03T00:00:28.136+0000] {logging_mixin.py:188} INFO - [2024-07-03T00:00:28.136+0000] {dag.py:3954} INFO - Setting next_dagrun for example_setup_teardown to 2024-07-02 00:00:00+00:00, run_after=2024-07-03 00:00:00+00:00
[2024-07-03T00:00:28.154+0000] {processor.py:183} INFO - Processing /home/airflow/.local/lib/python3.12/site-packages/airflow/example_dags/example_setup_teardown.py took 0.082 seconds
[2024-07-03T00:00:58.222+0000] {processor.py:161} INFO - Started process (PID=820) to work on /home/airflow/.local/lib/python3.12/site-packages/airflow/example_dags/example_setup_teardown.py
[2024-07-03T00:00:58.223+0000] {processor.py:830} INFO - Processing file /home/airflow/.local/lib/python3.12/site-packages/airflow/example_dags/example_setup_teardown.py for tasks to queue
[2024-07-03T00:00:58.224+0000] {logging_mixin.py:188} INFO - [2024-07-03T00:00:58.224+0000] {dagbag.py:545} INFO - Filling up the DagBag from /home/airflow/.local/lib/python3.12/site-packages/airflow/example_dags/example_setup_teardown.py
[2024-07-03T00:00:58.231+0000] {processor.py:840} INFO - DAG(s) 'example_setup_teardown' retrieved from /home/airflow/.local/lib/python3.12/site-packages/airflow/example_dags/example_setup_teardown.py
[2024-07-03T00:00:58.265+0000] {logging_mixin.py:188} INFO - [2024-07-03T00:00:58.264+0000] {dag.py:3096} INFO - Sync 1 DAGs
[2024-07-03T00:00:58.295+0000] {logging_mixin.py:188} INFO - [2024-07-03T00:00:58.295+0000] {dag.py:3954} INFO - Setting next_dagrun for example_setup_teardown to 2024-07-02 00:00:00+00:00, run_after=2024-07-03 00:00:00+00:00
[2024-07-03T00:00:58.318+0000] {processor.py:183} INFO - Processing /home/airflow/.local/lib/python3.12/site-packages/airflow/example_dags/example_setup_teardown.py took 0.102 seconds
[2024-07-03T00:01:28.508+0000] {processor.py:161} INFO - Started process (PID=878) to work on /home/airflow/.local/lib/python3.12/site-packages/airflow/example_dags/example_setup_teardown.py
[2024-07-03T00:01:28.509+0000] {processor.py:830} INFO - Processing file /home/airflow/.local/lib/python3.12/site-packages/airflow/example_dags/example_setup_teardown.py for tasks to queue
[2024-07-03T00:01:28.511+0000] {logging_mixin.py:188} INFO - [2024-07-03T00:01:28.510+0000] {dagbag.py:545} INFO - Filling up the DagBag from /home/airflow/.local/lib/python3.12/site-packages/airflow/example_dags/example_setup_teardown.py
[2024-07-03T00:01:28.518+0000] {processor.py:840} INFO - DAG(s) 'example_setup_teardown' retrieved from /home/airflow/.local/lib/python3.12/site-packages/airflow/example_dags/example_setup_teardown.py
[2024-07-03T00:01:28.541+0000] {logging_mixin.py:188} INFO - [2024-07-03T00:01:28.541+0000] {dag.py:3096} INFO - Sync 1 DAGs
[2024-07-03T00:01:28.562+0000] {logging_mixin.py:188} INFO - [2024-07-03T00:01:28.562+0000] {dag.py:3954} INFO - Setting next_dagrun for example_setup_teardown to 2024-07-02 00:00:00+00:00, run_after=2024-07-03 00:00:00+00:00
[2024-07-03T00:01:28.580+0000] {processor.py:183} INFO - Processing /home/airflow/.local/lib/python3.12/site-packages/airflow/example_dags/example_setup_teardown.py took 0.078 seconds
[2024-07-03T00:01:58.789+0000] {processor.py:161} INFO - Started process (PID=936) to work on /home/airflow/.local/lib/python3.12/site-packages/airflow/example_dags/example_setup_teardown.py
[2024-07-03T00:01:58.790+0000] {processor.py:830} INFO - Processing file /home/airflow/.local/lib/python3.12/site-packages/airflow/example_dags/example_setup_teardown.py for tasks to queue
[2024-07-03T00:01:58.792+0000] {logging_mixin.py:188} INFO - [2024-07-03T00:01:58.792+0000] {dagbag.py:545} INFO - Filling up the DagBag from /home/airflow/.local/lib/python3.12/site-packages/airflow/example_dags/example_setup_teardown.py
[2024-07-03T00:01:58.798+0000] {processor.py:840} INFO - DAG(s) 'example_setup_teardown' retrieved from /home/airflow/.local/lib/python3.12/site-packages/airflow/example_dags/example_setup_teardown.py
[2024-07-03T00:01:58.820+0000] {logging_mixin.py:188} INFO - [2024-07-03T00:01:58.820+0000] {dag.py:3096} INFO - Sync 1 DAGs
[2024-07-03T00:01:58.843+0000] {logging_mixin.py:188} INFO - [2024-07-03T00:01:58.842+0000] {dag.py:3954} INFO - Setting next_dagrun for example_setup_teardown to 2024-07-02 00:00:00+00:00, run_after=2024-07-03 00:00:00+00:00
[2024-07-03T00:01:58.861+0000] {processor.py:183} INFO - Processing /home/airflow/.local/lib/python3.12/site-packages/airflow/example_dags/example_setup_teardown.py took 0.077 seconds
[2024-07-03T00:02:29.352+0000] {processor.py:161} INFO - Started process (PID=994) to work on /home/airflow/.local/lib/python3.12/site-packages/airflow/example_dags/example_setup_teardown.py
[2024-07-03T00:02:29.353+0000] {processor.py:830} INFO - Processing file /home/airflow/.local/lib/python3.12/site-packages/airflow/example_dags/example_setup_teardown.py for tasks to queue
[2024-07-03T00:02:29.355+0000] {logging_mixin.py:188} INFO - [2024-07-03T00:02:29.355+0000] {dagbag.py:545} INFO - Filling up the DagBag from /home/airflow/.local/lib/python3.12/site-packages/airflow/example_dags/example_setup_teardown.py
[2024-07-03T00:02:29.371+0000] {processor.py:840} INFO - DAG(s) 'example_setup_teardown' retrieved from /home/airflow/.local/lib/python3.12/site-packages/airflow/example_dags/example_setup_teardown.py
[2024-07-03T00:02:29.395+0000] {logging_mixin.py:188} INFO - [2024-07-03T00:02:29.395+0000] {dag.py:3096} INFO - Sync 1 DAGs
[2024-07-03T00:02:29.418+0000] {logging_mixin.py:188} INFO - [2024-07-03T00:02:29.417+0000] {dag.py:3954} INFO - Setting next_dagrun for example_setup_teardown to 2024-07-02 00:00:00+00:00, run_after=2024-07-03 00:00:00+00:00
[2024-07-03T00:02:29.469+0000] {processor.py:183} INFO - Processing /home/airflow/.local/lib/python3.12/site-packages/airflow/example_dags/example_setup_teardown.py took 0.123 seconds
[2024-07-03T00:03:00.314+0000] {processor.py:161} INFO - Started process (PID=1052) to work on /home/airflow/.local/lib/python3.12/site-packages/airflow/example_dags/example_setup_teardown.py
[2024-07-03T00:03:00.315+0000] {processor.py:830} INFO - Processing file /home/airflow/.local/lib/python3.12/site-packages/airflow/example_dags/example_setup_teardown.py for tasks to queue
[2024-07-03T00:03:00.317+0000] {logging_mixin.py:188} INFO - [2024-07-03T00:03:00.317+0000] {dagbag.py:545} INFO - Filling up the DagBag from /home/airflow/.local/lib/python3.12/site-packages/airflow/example_dags/example_setup_teardown.py
[2024-07-03T00:03:00.325+0000] {processor.py:840} INFO - DAG(s) 'example_setup_teardown' retrieved from /home/airflow/.local/lib/python3.12/site-packages/airflow/example_dags/example_setup_teardown.py
[2024-07-03T00:03:00.351+0000] {logging_mixin.py:188} INFO - [2024-07-03T00:03:00.351+0000] {dag.py:3096} INFO - Sync 1 DAGs
[2024-07-03T00:03:00.375+0000] {logging_mixin.py:188} INFO - [2024-07-03T00:03:00.374+0000] {dag.py:3954} INFO - Setting next_dagrun for example_setup_teardown to 2024-07-02 00:00:00+00:00, run_after=2024-07-03 00:00:00+00:00
[2024-07-03T00:03:00.399+0000] {processor.py:183} INFO - Processing /home/airflow/.local/lib/python3.12/site-packages/airflow/example_dags/example_setup_teardown.py took 0.092 seconds
[2024-07-03T00:03:30.805+0000] {processor.py:161} INFO - Started process (PID=1110) to work on /home/airflow/.local/lib/python3.12/site-packages/airflow/example_dags/example_setup_teardown.py
[2024-07-03T00:03:30.806+0000] {processor.py:830} INFO - Processing file /home/airflow/.local/lib/python3.12/site-packages/airflow/example_dags/example_setup_teardown.py for tasks to queue
[2024-07-03T00:03:30.808+0000] {logging_mixin.py:188} INFO - [2024-07-03T00:03:30.807+0000] {dagbag.py:545} INFO - Filling up the DagBag from /home/airflow/.local/lib/python3.12/site-packages/airflow/example_dags/example_setup_teardown.py
[2024-07-03T00:03:30.814+0000] {processor.py:840} INFO - DAG(s) 'example_setup_teardown' retrieved from /home/airflow/.local/lib/python3.12/site-packages/airflow/example_dags/example_setup_teardown.py
[2024-07-03T00:03:30.835+0000] {logging_mixin.py:188} INFO - [2024-07-03T00:03:30.835+0000] {dag.py:3096} INFO - Sync 1 DAGs
[2024-07-03T00:03:30.855+0000] {logging_mixin.py:188} INFO - [2024-07-03T00:03:30.855+0000] {dag.py:3954} INFO - Setting next_dagrun for example_setup_teardown to 2024-07-02 00:00:00+00:00, run_after=2024-07-03 00:00:00+00:00
[2024-07-03T00:03:30.873+0000] {processor.py:183} INFO - Processing /home/airflow/.local/lib/python3.12/site-packages/airflow/example_dags/example_setup_teardown.py took 0.073 seconds
[2024-07-03T00:04:01.179+0000] {processor.py:161} INFO - Started process (PID=1168) to work on /home/airflow/.local/lib/python3.12/site-packages/airflow/example_dags/example_setup_teardown.py
[2024-07-03T00:04:01.180+0000] {processor.py:830} INFO - Processing file /home/airflow/.local/lib/python3.12/site-packages/airflow/example_dags/example_setup_teardown.py for tasks to queue
[2024-07-03T00:04:01.182+0000] {logging_mixin.py:188} INFO - [2024-07-03T00:04:01.182+0000] {dagbag.py:545} INFO - Filling up the DagBag from /home/airflow/.local/lib/python3.12/site-packages/airflow/example_dags/example_setup_teardown.py
[2024-07-03T00:04:01.189+0000] {processor.py:840} INFO - DAG(s) 'example_setup_teardown' retrieved from /home/airflow/.local/lib/python3.12/site-packages/airflow/example_dags/example_setup_teardown.py
[2024-07-03T00:04:01.212+0000] {logging_mixin.py:188} INFO - [2024-07-03T00:04:01.212+0000] {dag.py:3096} INFO - Sync 1 DAGs
[2024-07-03T00:04:01.236+0000] {logging_mixin.py:188} INFO - [2024-07-03T00:04:01.236+0000] {dag.py:3954} INFO - Setting next_dagrun for example_setup_teardown to 2024-07-02 00:00:00+00:00, run_after=2024-07-03 00:00:00+00:00
[2024-07-03T00:04:01.256+0000] {processor.py:183} INFO - Processing /home/airflow/.local/lib/python3.12/site-packages/airflow/example_dags/example_setup_teardown.py took 0.083 seconds
[2024-07-03T00:04:31.433+0000] {processor.py:161} INFO - Started process (PID=1226) to work on /home/airflow/.local/lib/python3.12/site-packages/airflow/example_dags/example_setup_teardown.py
[2024-07-03T00:04:31.434+0000] {processor.py:830} INFO - Processing file /home/airflow/.local/lib/python3.12/site-packages/airflow/example_dags/example_setup_teardown.py for tasks to queue
[2024-07-03T00:04:31.436+0000] {logging_mixin.py:188} INFO - [2024-07-03T00:04:31.436+0000] {dagbag.py:545} INFO - Filling up the DagBag from /home/airflow/.local/lib/python3.12/site-packages/airflow/example_dags/example_setup_teardown.py
[2024-07-03T00:04:31.443+0000] {processor.py:840} INFO - DAG(s) 'example_setup_teardown' retrieved from /home/airflow/.local/lib/python3.12/site-packages/airflow/example_dags/example_setup_teardown.py
[2024-07-03T00:04:31.468+0000] {logging_mixin.py:188} INFO - [2024-07-03T00:04:31.468+0000] {dag.py:3096} INFO - Sync 1 DAGs
[2024-07-03T00:04:31.490+0000] {logging_mixin.py:188} INFO - [2024-07-03T00:04:31.490+0000] {dag.py:3954} INFO - Setting next_dagrun for example_setup_teardown to 2024-07-02 00:00:00+00:00, run_after=2024-07-03 00:00:00+00:00
[2024-07-03T00:04:31.508+0000] {processor.py:183} INFO - Processing /home/airflow/.local/lib/python3.12/site-packages/airflow/example_dags/example_setup_teardown.py took 0.081 seconds
[2024-07-03T00:05:01.743+0000] {processor.py:161} INFO - Started process (PID=1284) to work on /home/airflow/.local/lib/python3.12/site-packages/airflow/example_dags/example_setup_teardown.py
[2024-07-03T00:05:01.744+0000] {processor.py:830} INFO - Processing file /home/airflow/.local/lib/python3.12/site-packages/airflow/example_dags/example_setup_teardown.py for tasks to queue
[2024-07-03T00:05:01.746+0000] {logging_mixin.py:188} INFO - [2024-07-03T00:05:01.745+0000] {dagbag.py:545} INFO - Filling up the DagBag from /home/airflow/.local/lib/python3.12/site-packages/airflow/example_dags/example_setup_teardown.py
[2024-07-03T00:05:01.752+0000] {processor.py:840} INFO - DAG(s) 'example_setup_teardown' retrieved from /home/airflow/.local/lib/python3.12/site-packages/airflow/example_dags/example_setup_teardown.py
[2024-07-03T00:05:01.775+0000] {logging_mixin.py:188} INFO - [2024-07-03T00:05:01.774+0000] {dag.py:3096} INFO - Sync 1 DAGs
[2024-07-03T00:05:01.797+0000] {logging_mixin.py:188} INFO - [2024-07-03T00:05:01.797+0000] {dag.py:3954} INFO - Setting next_dagrun for example_setup_teardown to 2024-07-02 00:00:00+00:00, run_after=2024-07-03 00:00:00+00:00
[2024-07-03T00:05:01.815+0000] {processor.py:183} INFO - Processing /home/airflow/.local/lib/python3.12/site-packages/airflow/example_dags/example_setup_teardown.py took 0.079 seconds
[2024-07-03T00:05:32.768+0000] {processor.py:161} INFO - Started process (PID=1342) to work on /home/airflow/.local/lib/python3.12/site-packages/airflow/example_dags/example_setup_teardown.py
[2024-07-03T00:05:32.770+0000] {processor.py:830} INFO - Processing file /home/airflow/.local/lib/python3.12/site-packages/airflow/example_dags/example_setup_teardown.py for tasks to queue
[2024-07-03T00:05:32.771+0000] {logging_mixin.py:188} INFO - [2024-07-03T00:05:32.771+0000] {dagbag.py:545} INFO - Filling up the DagBag from /home/airflow/.local/lib/python3.12/site-packages/airflow/example_dags/example_setup_teardown.py
[2024-07-03T00:05:32.778+0000] {processor.py:840} INFO - DAG(s) 'example_setup_teardown' retrieved from /home/airflow/.local/lib/python3.12/site-packages/airflow/example_dags/example_setup_teardown.py
[2024-07-03T00:05:32.798+0000] {logging_mixin.py:188} INFO - [2024-07-03T00:05:32.798+0000] {dag.py:3096} INFO - Sync 1 DAGs
[2024-07-03T00:05:32.830+0000] {logging_mixin.py:188} INFO - [2024-07-03T00:05:32.830+0000] {dag.py:3954} INFO - Setting next_dagrun for example_setup_teardown to 2024-07-02 00:00:00+00:00, run_after=2024-07-03 00:00:00+00:00
[2024-07-03T00:05:32.856+0000] {processor.py:183} INFO - Processing /home/airflow/.local/lib/python3.12/site-packages/airflow/example_dags/example_setup_teardown.py took 0.093 seconds
[2024-07-03T00:06:04.196+0000] {processor.py:161} INFO - Started process (PID=1400) to work on /home/airflow/.local/lib/python3.12/site-packages/airflow/example_dags/example_setup_teardown.py
[2024-07-03T00:06:04.198+0000] {processor.py:830} INFO - Processing file /home/airflow/.local/lib/python3.12/site-packages/airflow/example_dags/example_setup_teardown.py for tasks to queue
[2024-07-03T00:06:04.200+0000] {logging_mixin.py:188} INFO - [2024-07-03T00:06:04.199+0000] {dagbag.py:545} INFO - Filling up the DagBag from /home/airflow/.local/lib/python3.12/site-packages/airflow/example_dags/example_setup_teardown.py
[2024-07-03T00:06:04.207+0000] {processor.py:840} INFO - DAG(s) 'example_setup_teardown' retrieved from /home/airflow/.local/lib/python3.12/site-packages/airflow/example_dags/example_setup_teardown.py
[2024-07-03T00:06:04.298+0000] {logging_mixin.py:188} INFO - [2024-07-03T00:06:04.297+0000] {dag.py:3096} INFO - Sync 1 DAGs
[2024-07-03T00:06:04.399+0000] {logging_mixin.py:188} INFO - [2024-07-03T00:06:04.398+0000] {dag.py:3954} INFO - Setting next_dagrun for example_setup_teardown to 2024-07-02 00:00:00+00:00, run_after=2024-07-03 00:00:00+00:00
[2024-07-03T00:06:04.476+0000] {processor.py:183} INFO - Processing /home/airflow/.local/lib/python3.12/site-packages/airflow/example_dags/example_setup_teardown.py took 0.287 seconds
[2024-07-03T00:06:35.303+0000] {processor.py:161} INFO - Started process (PID=1458) to work on /home/airflow/.local/lib/python3.12/site-packages/airflow/example_dags/example_setup_teardown.py
[2024-07-03T00:06:35.305+0000] {processor.py:830} INFO - Processing file /home/airflow/.local/lib/python3.12/site-packages/airflow/example_dags/example_setup_teardown.py for tasks to queue
[2024-07-03T00:06:35.306+0000] {logging_mixin.py:188} INFO - [2024-07-03T00:06:35.306+0000] {dagbag.py:545} INFO - Filling up the DagBag from /home/airflow/.local/lib/python3.12/site-packages/airflow/example_dags/example_setup_teardown.py
[2024-07-03T00:06:35.315+0000] {processor.py:840} INFO - DAG(s) 'example_setup_teardown' retrieved from /home/airflow/.local/lib/python3.12/site-packages/airflow/example_dags/example_setup_teardown.py
[2024-07-03T00:06:35.347+0000] {logging_mixin.py:188} INFO - [2024-07-03T00:06:35.347+0000] {dag.py:3096} INFO - Sync 1 DAGs
[2024-07-03T00:06:35.378+0000] {logging_mixin.py:188} INFO - [2024-07-03T00:06:35.378+0000] {dag.py:3954} INFO - Setting next_dagrun for example_setup_teardown to 2024-07-02 00:00:00+00:00, run_after=2024-07-03 00:00:00+00:00
[2024-07-03T00:06:35.409+0000] {processor.py:183} INFO - Processing /home/airflow/.local/lib/python3.12/site-packages/airflow/example_dags/example_setup_teardown.py took 0.115 seconds
[2024-07-03T00:07:05.485+0000] {processor.py:161} INFO - Started process (PID=1515) to work on /home/airflow/.local/lib/python3.12/site-packages/airflow/example_dags/example_setup_teardown.py
[2024-07-03T00:07:05.486+0000] {processor.py:830} INFO - Processing file /home/airflow/.local/lib/python3.12/site-packages/airflow/example_dags/example_setup_teardown.py for tasks to queue
[2024-07-03T00:07:05.487+0000] {logging_mixin.py:188} INFO - [2024-07-03T00:07:05.487+0000] {dagbag.py:545} INFO - Filling up the DagBag from /home/airflow/.local/lib/python3.12/site-packages/airflow/example_dags/example_setup_teardown.py
[2024-07-03T00:07:05.495+0000] {processor.py:840} INFO - DAG(s) 'example_setup_teardown' retrieved from /home/airflow/.local/lib/python3.12/site-packages/airflow/example_dags/example_setup_teardown.py
[2024-07-03T00:07:05.517+0000] {logging_mixin.py:188} INFO - [2024-07-03T00:07:05.517+0000] {dag.py:3096} INFO - Sync 1 DAGs
[2024-07-03T00:07:05.539+0000] {logging_mixin.py:188} INFO - [2024-07-03T00:07:05.539+0000] {dag.py:3954} INFO - Setting next_dagrun for example_setup_teardown to 2024-07-02 00:00:00+00:00, run_after=2024-07-03 00:00:00+00:00
[2024-07-03T00:07:05.557+0000] {processor.py:183} INFO - Processing /home/airflow/.local/lib/python3.12/site-packages/airflow/example_dags/example_setup_teardown.py took 0.079 seconds
