[2024-07-03T00:00:28.297+0000] {processor.py:161} INFO - Started process (PID=766) to work on /home/airflow/.local/lib/python3.12/site-packages/airflow/example_dags/example_skip_dag.py
[2024-07-03T00:00:28.298+0000] {processor.py:830} INFO - Processing file /home/airflow/.local/lib/python3.12/site-packages/airflow/example_dags/example_skip_dag.py for tasks to queue
[2024-07-03T00:00:28.300+0000] {logging_mixin.py:188} INFO - [2024-07-03T00:00:28.299+0000] {dagbag.py:545} INFO - Filling up the DagBag from /home/airflow/.local/lib/python3.12/site-packages/airflow/example_dags/example_skip_dag.py
[2024-07-03T00:00:28.306+0000] {processor.py:840} INFO - DAG(s) 'example_skip_dag' retrieved from /home/airflow/.local/lib/python3.12/site-packages/airflow/example_dags/example_skip_dag.py
[2024-07-03T00:00:28.327+0000] {logging_mixin.py:188} INFO - [2024-07-03T00:00:28.327+0000] {dag.py:3096} INFO - Sync 1 DAGs
[2024-07-03T00:00:28.348+0000] {logging_mixin.py:188} INFO - [2024-07-03T00:00:28.348+0000] {dag.py:3954} INFO - Setting next_dagrun for example_skip_dag to 2024-07-02 00:00:00+00:00, run_after=2024-07-03 00:00:00+00:00
[2024-07-03T00:00:28.366+0000] {processor.py:183} INFO - Processing /home/airflow/.local/lib/python3.12/site-packages/airflow/example_dags/example_skip_dag.py took 0.074 seconds
[2024-07-03T00:00:58.510+0000] {processor.py:161} INFO - Started process (PID=824) to work on /home/airflow/.local/lib/python3.12/site-packages/airflow/example_dags/example_skip_dag.py
[2024-07-03T00:00:58.511+0000] {processor.py:830} INFO - Processing file /home/airflow/.local/lib/python3.12/site-packages/airflow/example_dags/example_skip_dag.py for tasks to queue
[2024-07-03T00:00:58.513+0000] {logging_mixin.py:188} INFO - [2024-07-03T00:00:58.513+0000] {dagbag.py:545} INFO - Filling up the DagBag from /home/airflow/.local/lib/python3.12/site-packages/airflow/example_dags/example_skip_dag.py
[2024-07-03T00:00:58.520+0000] {processor.py:840} INFO - DAG(s) 'example_skip_dag' retrieved from /home/airflow/.local/lib/python3.12/site-packages/airflow/example_dags/example_skip_dag.py
[2024-07-03T00:00:58.549+0000] {logging_mixin.py:188} INFO - [2024-07-03T00:00:58.548+0000] {dag.py:3096} INFO - Sync 1 DAGs
[2024-07-03T00:00:58.592+0000] {logging_mixin.py:188} INFO - [2024-07-03T00:00:58.591+0000] {dag.py:3954} INFO - Setting next_dagrun for example_skip_dag to 2024-07-02 00:00:00+00:00, run_after=2024-07-03 00:00:00+00:00
[2024-07-03T00:00:58.610+0000] {processor.py:183} INFO - Processing /home/airflow/.local/lib/python3.12/site-packages/airflow/example_dags/example_skip_dag.py took 0.107 seconds
[2024-07-03T00:01:28.825+0000] {processor.py:161} INFO - Started process (PID=882) to work on /home/airflow/.local/lib/python3.12/site-packages/airflow/example_dags/example_skip_dag.py
[2024-07-03T00:01:28.826+0000] {processor.py:830} INFO - Processing file /home/airflow/.local/lib/python3.12/site-packages/airflow/example_dags/example_skip_dag.py for tasks to queue
[2024-07-03T00:01:28.827+0000] {logging_mixin.py:188} INFO - [2024-07-03T00:01:28.827+0000] {dagbag.py:545} INFO - Filling up the DagBag from /home/airflow/.local/lib/python3.12/site-packages/airflow/example_dags/example_skip_dag.py
[2024-07-03T00:01:28.834+0000] {processor.py:840} INFO - DAG(s) 'example_skip_dag' retrieved from /home/airflow/.local/lib/python3.12/site-packages/airflow/example_dags/example_skip_dag.py
[2024-07-03T00:01:28.856+0000] {logging_mixin.py:188} INFO - [2024-07-03T00:01:28.856+0000] {dag.py:3096} INFO - Sync 1 DAGs
[2024-07-03T00:01:28.878+0000] {logging_mixin.py:188} INFO - [2024-07-03T00:01:28.877+0000] {dag.py:3954} INFO - Setting next_dagrun for example_skip_dag to 2024-07-02 00:00:00+00:00, run_after=2024-07-03 00:00:00+00:00
[2024-07-03T00:01:28.895+0000] {processor.py:183} INFO - Processing /home/airflow/.local/lib/python3.12/site-packages/airflow/example_dags/example_skip_dag.py took 0.076 seconds
[2024-07-03T00:01:59.162+0000] {processor.py:161} INFO - Started process (PID=940) to work on /home/airflow/.local/lib/python3.12/site-packages/airflow/example_dags/example_skip_dag.py
[2024-07-03T00:01:59.163+0000] {processor.py:830} INFO - Processing file /home/airflow/.local/lib/python3.12/site-packages/airflow/example_dags/example_skip_dag.py for tasks to queue
[2024-07-03T00:01:59.166+0000] {logging_mixin.py:188} INFO - [2024-07-03T00:01:59.165+0000] {dagbag.py:545} INFO - Filling up the DagBag from /home/airflow/.local/lib/python3.12/site-packages/airflow/example_dags/example_skip_dag.py
[2024-07-03T00:01:59.174+0000] {processor.py:840} INFO - DAG(s) 'example_skip_dag' retrieved from /home/airflow/.local/lib/python3.12/site-packages/airflow/example_dags/example_skip_dag.py
[2024-07-03T00:01:59.196+0000] {logging_mixin.py:188} INFO - [2024-07-03T00:01:59.196+0000] {dag.py:3096} INFO - Sync 1 DAGs
[2024-07-03T00:01:59.217+0000] {logging_mixin.py:188} INFO - [2024-07-03T00:01:59.217+0000] {dag.py:3954} INFO - Setting next_dagrun for example_skip_dag to 2024-07-02 00:00:00+00:00, run_after=2024-07-03 00:00:00+00:00
[2024-07-03T00:01:59.234+0000] {processor.py:183} INFO - Processing /home/airflow/.local/lib/python3.12/site-packages/airflow/example_dags/example_skip_dag.py took 0.078 seconds
[2024-07-03T00:02:29.677+0000] {processor.py:161} INFO - Started process (PID=998) to work on /home/airflow/.local/lib/python3.12/site-packages/airflow/example_dags/example_skip_dag.py
[2024-07-03T00:02:29.678+0000] {processor.py:830} INFO - Processing file /home/airflow/.local/lib/python3.12/site-packages/airflow/example_dags/example_skip_dag.py for tasks to queue
[2024-07-03T00:02:29.680+0000] {logging_mixin.py:188} INFO - [2024-07-03T00:02:29.679+0000] {dagbag.py:545} INFO - Filling up the DagBag from /home/airflow/.local/lib/python3.12/site-packages/airflow/example_dags/example_skip_dag.py
[2024-07-03T00:02:29.686+0000] {processor.py:840} INFO - DAG(s) 'example_skip_dag' retrieved from /home/airflow/.local/lib/python3.12/site-packages/airflow/example_dags/example_skip_dag.py
[2024-07-03T00:02:29.711+0000] {logging_mixin.py:188} INFO - [2024-07-03T00:02:29.711+0000] {dag.py:3096} INFO - Sync 1 DAGs
[2024-07-03T00:02:29.779+0000] {logging_mixin.py:188} INFO - [2024-07-03T00:02:29.779+0000] {dag.py:3954} INFO - Setting next_dagrun for example_skip_dag to 2024-07-02 00:00:00+00:00, run_after=2024-07-03 00:00:00+00:00
[2024-07-03T00:02:29.799+0000] {processor.py:183} INFO - Processing /home/airflow/.local/lib/python3.12/site-packages/airflow/example_dags/example_skip_dag.py took 0.128 seconds
[2024-07-03T00:03:00.561+0000] {processor.py:161} INFO - Started process (PID=1056) to work on /home/airflow/.local/lib/python3.12/site-packages/airflow/example_dags/example_skip_dag.py
[2024-07-03T00:03:00.562+0000] {processor.py:830} INFO - Processing file /home/airflow/.local/lib/python3.12/site-packages/airflow/example_dags/example_skip_dag.py for tasks to queue
[2024-07-03T00:03:00.564+0000] {logging_mixin.py:188} INFO - [2024-07-03T00:03:00.563+0000] {dagbag.py:545} INFO - Filling up the DagBag from /home/airflow/.local/lib/python3.12/site-packages/airflow/example_dags/example_skip_dag.py
[2024-07-03T00:03:00.571+0000] {processor.py:840} INFO - DAG(s) 'example_skip_dag' retrieved from /home/airflow/.local/lib/python3.12/site-packages/airflow/example_dags/example_skip_dag.py
[2024-07-03T00:03:00.599+0000] {logging_mixin.py:188} INFO - [2024-07-03T00:03:00.598+0000] {dag.py:3096} INFO - Sync 1 DAGs
[2024-07-03T00:03:00.626+0000] {logging_mixin.py:188} INFO - [2024-07-03T00:03:00.626+0000] {dag.py:3954} INFO - Setting next_dagrun for example_skip_dag to 2024-07-02 00:00:00+00:00, run_after=2024-07-03 00:00:00+00:00
[2024-07-03T00:03:00.644+0000] {processor.py:183} INFO - Processing /home/airflow/.local/lib/python3.12/site-packages/airflow/example_dags/example_skip_dag.py took 0.089 seconds
[2024-07-03T00:03:31.130+0000] {processor.py:161} INFO - Started process (PID=1114) to work on /home/airflow/.local/lib/python3.12/site-packages/airflow/example_dags/example_skip_dag.py
[2024-07-03T00:03:31.131+0000] {processor.py:830} INFO - Processing file /home/airflow/.local/lib/python3.12/site-packages/airflow/example_dags/example_skip_dag.py for tasks to queue
[2024-07-03T00:03:31.133+0000] {logging_mixin.py:188} INFO - [2024-07-03T00:03:31.133+0000] {dagbag.py:545} INFO - Filling up the DagBag from /home/airflow/.local/lib/python3.12/site-packages/airflow/example_dags/example_skip_dag.py
[2024-07-03T00:03:31.140+0000] {processor.py:840} INFO - DAG(s) 'example_skip_dag' retrieved from /home/airflow/.local/lib/python3.12/site-packages/airflow/example_dags/example_skip_dag.py
[2024-07-03T00:03:31.166+0000] {logging_mixin.py:188} INFO - [2024-07-03T00:03:31.165+0000] {dag.py:3096} INFO - Sync 1 DAGs
[2024-07-03T00:03:31.191+0000] {logging_mixin.py:188} INFO - [2024-07-03T00:03:31.191+0000] {dag.py:3954} INFO - Setting next_dagrun for example_skip_dag to 2024-07-02 00:00:00+00:00, run_after=2024-07-03 00:00:00+00:00
[2024-07-03T00:03:31.209+0000] {processor.py:183} INFO - Processing /home/airflow/.local/lib/python3.12/site-packages/airflow/example_dags/example_skip_dag.py took 0.086 seconds
[2024-07-03T00:04:01.506+0000] {processor.py:161} INFO - Started process (PID=1172) to work on /home/airflow/.local/lib/python3.12/site-packages/airflow/example_dags/example_skip_dag.py
[2024-07-03T00:04:01.507+0000] {processor.py:830} INFO - Processing file /home/airflow/.local/lib/python3.12/site-packages/airflow/example_dags/example_skip_dag.py for tasks to queue
[2024-07-03T00:04:01.508+0000] {logging_mixin.py:188} INFO - [2024-07-03T00:04:01.508+0000] {dagbag.py:545} INFO - Filling up the DagBag from /home/airflow/.local/lib/python3.12/site-packages/airflow/example_dags/example_skip_dag.py
[2024-07-03T00:04:01.515+0000] {processor.py:840} INFO - DAG(s) 'example_skip_dag' retrieved from /home/airflow/.local/lib/python3.12/site-packages/airflow/example_dags/example_skip_dag.py
[2024-07-03T00:04:01.536+0000] {logging_mixin.py:188} INFO - [2024-07-03T00:04:01.536+0000] {dag.py:3096} INFO - Sync 1 DAGs
[2024-07-03T00:04:01.557+0000] {logging_mixin.py:188} INFO - [2024-07-03T00:04:01.556+0000] {dag.py:3954} INFO - Setting next_dagrun for example_skip_dag to 2024-07-02 00:00:00+00:00, run_after=2024-07-03 00:00:00+00:00
[2024-07-03T00:04:01.577+0000] {processor.py:183} INFO - Processing /home/airflow/.local/lib/python3.12/site-packages/airflow/example_dags/example_skip_dag.py took 0.077 seconds
[2024-07-03T00:04:31.650+0000] {processor.py:161} INFO - Started process (PID=1230) to work on /home/airflow/.local/lib/python3.12/site-packages/airflow/example_dags/example_skip_dag.py
[2024-07-03T00:04:31.651+0000] {processor.py:830} INFO - Processing file /home/airflow/.local/lib/python3.12/site-packages/airflow/example_dags/example_skip_dag.py for tasks to queue
[2024-07-03T00:04:31.653+0000] {logging_mixin.py:188} INFO - [2024-07-03T00:04:31.652+0000] {dagbag.py:545} INFO - Filling up the DagBag from /home/airflow/.local/lib/python3.12/site-packages/airflow/example_dags/example_skip_dag.py
[2024-07-03T00:04:31.659+0000] {processor.py:840} INFO - DAG(s) 'example_skip_dag' retrieved from /home/airflow/.local/lib/python3.12/site-packages/airflow/example_dags/example_skip_dag.py
[2024-07-03T00:04:31.680+0000] {logging_mixin.py:188} INFO - [2024-07-03T00:04:31.680+0000] {dag.py:3096} INFO - Sync 1 DAGs
[2024-07-03T00:04:31.703+0000] {logging_mixin.py:188} INFO - [2024-07-03T00:04:31.703+0000] {dag.py:3954} INFO - Setting next_dagrun for example_skip_dag to 2024-07-02 00:00:00+00:00, run_after=2024-07-03 00:00:00+00:00
[2024-07-03T00:04:31.720+0000] {processor.py:183} INFO - Processing /home/airflow/.local/lib/python3.12/site-packages/airflow/example_dags/example_skip_dag.py took 0.075 seconds
[2024-07-03T00:05:02.008+0000] {processor.py:161} INFO - Started process (PID=1288) to work on /home/airflow/.local/lib/python3.12/site-packages/airflow/example_dags/example_skip_dag.py
[2024-07-03T00:05:02.009+0000] {processor.py:830} INFO - Processing file /home/airflow/.local/lib/python3.12/site-packages/airflow/example_dags/example_skip_dag.py for tasks to queue
[2024-07-03T00:05:02.011+0000] {logging_mixin.py:188} INFO - [2024-07-03T00:05:02.010+0000] {dagbag.py:545} INFO - Filling up the DagBag from /home/airflow/.local/lib/python3.12/site-packages/airflow/example_dags/example_skip_dag.py
[2024-07-03T00:05:02.017+0000] {processor.py:840} INFO - DAG(s) 'example_skip_dag' retrieved from /home/airflow/.local/lib/python3.12/site-packages/airflow/example_dags/example_skip_dag.py
[2024-07-03T00:05:02.039+0000] {logging_mixin.py:188} INFO - [2024-07-03T00:05:02.039+0000] {dag.py:3096} INFO - Sync 1 DAGs
[2024-07-03T00:05:02.061+0000] {logging_mixin.py:188} INFO - [2024-07-03T00:05:02.060+0000] {dag.py:3954} INFO - Setting next_dagrun for example_skip_dag to 2024-07-02 00:00:00+00:00, run_after=2024-07-03 00:00:00+00:00
[2024-07-03T00:05:02.078+0000] {processor.py:183} INFO - Processing /home/airflow/.local/lib/python3.12/site-packages/airflow/example_dags/example_skip_dag.py took 0.077 seconds
[2024-07-03T00:05:33.043+0000] {processor.py:161} INFO - Started process (PID=1346) to work on /home/airflow/.local/lib/python3.12/site-packages/airflow/example_dags/example_skip_dag.py
[2024-07-03T00:05:33.044+0000] {processor.py:830} INFO - Processing file /home/airflow/.local/lib/python3.12/site-packages/airflow/example_dags/example_skip_dag.py for tasks to queue
[2024-07-03T00:05:33.045+0000] {logging_mixin.py:188} INFO - [2024-07-03T00:05:33.045+0000] {dagbag.py:545} INFO - Filling up the DagBag from /home/airflow/.local/lib/python3.12/site-packages/airflow/example_dags/example_skip_dag.py
[2024-07-03T00:05:33.051+0000] {processor.py:840} INFO - DAG(s) 'example_skip_dag' retrieved from /home/airflow/.local/lib/python3.12/site-packages/airflow/example_dags/example_skip_dag.py
[2024-07-03T00:05:33.072+0000] {logging_mixin.py:188} INFO - [2024-07-03T00:05:33.072+0000] {dag.py:3096} INFO - Sync 1 DAGs
[2024-07-03T00:05:33.093+0000] {logging_mixin.py:188} INFO - [2024-07-03T00:05:33.093+0000] {dag.py:3954} INFO - Setting next_dagrun for example_skip_dag to 2024-07-02 00:00:00+00:00, run_after=2024-07-03 00:00:00+00:00
[2024-07-03T00:05:33.112+0000] {processor.py:183} INFO - Processing /home/airflow/.local/lib/python3.12/site-packages/airflow/example_dags/example_skip_dag.py took 0.075 seconds
[2024-07-03T00:06:05.198+0000] {processor.py:161} INFO - Started process (PID=1404) to work on /home/airflow/.local/lib/python3.12/site-packages/airflow/example_dags/example_skip_dag.py
[2024-07-03T00:06:05.264+0000] {processor.py:830} INFO - Processing file /home/airflow/.local/lib/python3.12/site-packages/airflow/example_dags/example_skip_dag.py for tasks to queue
[2024-07-03T00:06:05.267+0000] {logging_mixin.py:188} INFO - [2024-07-03T00:06:05.266+0000] {dagbag.py:545} INFO - Filling up the DagBag from /home/airflow/.local/lib/python3.12/site-packages/airflow/example_dags/example_skip_dag.py
[2024-07-03T00:06:05.277+0000] {processor.py:840} INFO - DAG(s) 'example_skip_dag' retrieved from /home/airflow/.local/lib/python3.12/site-packages/airflow/example_dags/example_skip_dag.py
[2024-07-03T00:06:05.377+0000] {logging_mixin.py:188} INFO - [2024-07-03T00:06:05.377+0000] {dag.py:3096} INFO - Sync 1 DAGs
[2024-07-03T00:06:05.478+0000] {logging_mixin.py:188} INFO - [2024-07-03T00:06:05.478+0000] {dag.py:3954} INFO - Setting next_dagrun for example_skip_dag to 2024-07-02 00:00:00+00:00, run_after=2024-07-03 00:00:00+00:00
[2024-07-03T00:06:05.506+0000] {processor.py:183} INFO - Processing /home/airflow/.local/lib/python3.12/site-packages/airflow/example_dags/example_skip_dag.py took 0.318 seconds
[2024-07-03T00:06:35.921+0000] {processor.py:161} INFO - Started process (PID=1462) to work on /home/airflow/.local/lib/python3.12/site-packages/airflow/example_dags/example_skip_dag.py
[2024-07-03T00:06:35.922+0000] {processor.py:830} INFO - Processing file /home/airflow/.local/lib/python3.12/site-packages/airflow/example_dags/example_skip_dag.py for tasks to queue
[2024-07-03T00:06:35.925+0000] {logging_mixin.py:188} INFO - [2024-07-03T00:06:35.924+0000] {dagbag.py:545} INFO - Filling up the DagBag from /home/airflow/.local/lib/python3.12/site-packages/airflow/example_dags/example_skip_dag.py
[2024-07-03T00:06:35.933+0000] {processor.py:840} INFO - DAG(s) 'example_skip_dag' retrieved from /home/airflow/.local/lib/python3.12/site-packages/airflow/example_dags/example_skip_dag.py
[2024-07-03T00:06:35.966+0000] {logging_mixin.py:188} INFO - [2024-07-03T00:06:35.966+0000] {dag.py:3096} INFO - Sync 1 DAGs
[2024-07-03T00:06:35.999+0000] {logging_mixin.py:188} INFO - [2024-07-03T00:06:35.999+0000] {dag.py:3954} INFO - Setting next_dagrun for example_skip_dag to 2024-07-02 00:00:00+00:00, run_after=2024-07-03 00:00:00+00:00
[2024-07-03T00:06:36.021+0000] {processor.py:183} INFO - Processing /home/airflow/.local/lib/python3.12/site-packages/airflow/example_dags/example_skip_dag.py took 0.108 seconds
[2024-07-03T00:07:06.965+0000] {processor.py:161} INFO - Started process (PID=1520) to work on /home/airflow/.local/lib/python3.12/site-packages/airflow/example_dags/example_skip_dag.py
[2024-07-03T00:07:06.966+0000] {processor.py:830} INFO - Processing file /home/airflow/.local/lib/python3.12/site-packages/airflow/example_dags/example_skip_dag.py for tasks to queue
[2024-07-03T00:07:06.969+0000] {logging_mixin.py:188} INFO - [2024-07-03T00:07:06.968+0000] {dagbag.py:545} INFO - Filling up the DagBag from /home/airflow/.local/lib/python3.12/site-packages/airflow/example_dags/example_skip_dag.py
[2024-07-03T00:07:06.977+0000] {processor.py:840} INFO - DAG(s) 'example_skip_dag' retrieved from /home/airflow/.local/lib/python3.12/site-packages/airflow/example_dags/example_skip_dag.py
[2024-07-03T00:07:07.002+0000] {logging_mixin.py:188} INFO - [2024-07-03T00:07:07.001+0000] {dag.py:3096} INFO - Sync 1 DAGs
[2024-07-03T00:07:07.027+0000] {logging_mixin.py:188} INFO - [2024-07-03T00:07:07.027+0000] {dag.py:3954} INFO - Setting next_dagrun for example_skip_dag to 2024-07-02 00:00:00+00:00, run_after=2024-07-03 00:00:00+00:00
[2024-07-03T00:07:07.050+0000] {processor.py:183} INFO - Processing /home/airflow/.local/lib/python3.12/site-packages/airflow/example_dags/example_skip_dag.py took 0.092 seconds
