[2024-07-03T00:00:27.871+0000] {processor.py:161} INFO - Started process (PID=759) to work on /home/airflow/.local/lib/python3.12/site-packages/airflow/example_dags/example_python_operator.py
[2024-07-03T00:00:27.871+0000] {processor.py:830} INFO - Processing file /home/airflow/.local/lib/python3.12/site-packages/airflow/example_dags/example_python_operator.py for tasks to queue
[2024-07-03T00:00:27.873+0000] {logging_mixin.py:188} INFO - [2024-07-03T00:00:27.873+0000] {dagbag.py:545} INFO - Filling up the DagBag from /home/airflow/.local/lib/python3.12/site-packages/airflow/example_dags/example_python_operator.py
[2024-07-03T00:00:27.883+0000] {processor.py:840} INFO - DAG(s) 'example_python_operator' retrieved from /home/airflow/.local/lib/python3.12/site-packages/airflow/example_dags/example_python_operator.py
[2024-07-03T00:00:27.908+0000] {logging_mixin.py:188} INFO - [2024-07-03T00:00:27.907+0000] {dag.py:3096} INFO - Sync 1 DAGs
[2024-07-03T00:00:27.919+0000] {logging_mixin.py:188} INFO - [2024-07-03T00:00:27.919+0000] {dag.py:3954} INFO - Setting next_dagrun for example_python_operator to None, run_after=None
[2024-07-03T00:00:27.936+0000] {processor.py:183} INFO - Processing /home/airflow/.local/lib/python3.12/site-packages/airflow/example_dags/example_python_operator.py took 0.071 seconds
[2024-07-03T00:00:58.075+0000] {processor.py:161} INFO - Started process (PID=817) to work on /home/airflow/.local/lib/python3.12/site-packages/airflow/example_dags/example_python_operator.py
[2024-07-03T00:00:58.076+0000] {processor.py:830} INFO - Processing file /home/airflow/.local/lib/python3.12/site-packages/airflow/example_dags/example_python_operator.py for tasks to queue
[2024-07-03T00:00:58.079+0000] {logging_mixin.py:188} INFO - [2024-07-03T00:00:58.078+0000] {dagbag.py:545} INFO - Filling up the DagBag from /home/airflow/.local/lib/python3.12/site-packages/airflow/example_dags/example_python_operator.py
[2024-07-03T00:00:58.096+0000] {processor.py:840} INFO - DAG(s) 'example_python_operator' retrieved from /home/airflow/.local/lib/python3.12/site-packages/airflow/example_dags/example_python_operator.py
[2024-07-03T00:00:58.130+0000] {logging_mixin.py:188} INFO - [2024-07-03T00:00:58.130+0000] {dag.py:3096} INFO - Sync 1 DAGs
[2024-07-03T00:00:58.151+0000] {logging_mixin.py:188} INFO - [2024-07-03T00:00:58.151+0000] {dag.py:3954} INFO - Setting next_dagrun for example_python_operator to None, run_after=None
[2024-07-03T00:00:58.183+0000] {processor.py:183} INFO - Processing /home/airflow/.local/lib/python3.12/site-packages/airflow/example_dags/example_python_operator.py took 0.117 seconds
[2024-07-03T00:01:28.308+0000] {processor.py:161} INFO - Started process (PID=875) to work on /home/airflow/.local/lib/python3.12/site-packages/airflow/example_dags/example_python_operator.py
[2024-07-03T00:01:28.309+0000] {processor.py:830} INFO - Processing file /home/airflow/.local/lib/python3.12/site-packages/airflow/example_dags/example_python_operator.py for tasks to queue
[2024-07-03T00:01:28.310+0000] {logging_mixin.py:188} INFO - [2024-07-03T00:01:28.310+0000] {dagbag.py:545} INFO - Filling up the DagBag from /home/airflow/.local/lib/python3.12/site-packages/airflow/example_dags/example_python_operator.py
[2024-07-03T00:01:28.321+0000] {processor.py:840} INFO - DAG(s) 'example_python_operator' retrieved from /home/airflow/.local/lib/python3.12/site-packages/airflow/example_dags/example_python_operator.py
[2024-07-03T00:01:28.345+0000] {logging_mixin.py:188} INFO - [2024-07-03T00:01:28.344+0000] {dag.py:3096} INFO - Sync 1 DAGs
[2024-07-03T00:01:28.357+0000] {logging_mixin.py:188} INFO - [2024-07-03T00:01:28.357+0000] {dag.py:3954} INFO - Setting next_dagrun for example_python_operator to None, run_after=None
[2024-07-03T00:01:28.376+0000] {processor.py:183} INFO - Processing /home/airflow/.local/lib/python3.12/site-packages/airflow/example_dags/example_python_operator.py took 0.074 seconds
[2024-07-03T00:01:58.571+0000] {processor.py:161} INFO - Started process (PID=933) to work on /home/airflow/.local/lib/python3.12/site-packages/airflow/example_dags/example_python_operator.py
[2024-07-03T00:01:58.572+0000] {processor.py:830} INFO - Processing file /home/airflow/.local/lib/python3.12/site-packages/airflow/example_dags/example_python_operator.py for tasks to queue
[2024-07-03T00:01:58.575+0000] {logging_mixin.py:188} INFO - [2024-07-03T00:01:58.574+0000] {dagbag.py:545} INFO - Filling up the DagBag from /home/airflow/.local/lib/python3.12/site-packages/airflow/example_dags/example_python_operator.py
[2024-07-03T00:01:58.588+0000] {processor.py:840} INFO - DAG(s) 'example_python_operator' retrieved from /home/airflow/.local/lib/python3.12/site-packages/airflow/example_dags/example_python_operator.py
[2024-07-03T00:01:58.612+0000] {logging_mixin.py:188} INFO - [2024-07-03T00:01:58.611+0000] {dag.py:3096} INFO - Sync 1 DAGs
[2024-07-03T00:01:58.625+0000] {logging_mixin.py:188} INFO - [2024-07-03T00:01:58.625+0000] {dag.py:3954} INFO - Setting next_dagrun for example_python_operator to None, run_after=None
[2024-07-03T00:01:58.642+0000] {processor.py:183} INFO - Processing /home/airflow/.local/lib/python3.12/site-packages/airflow/example_dags/example_python_operator.py took 0.077 seconds
[2024-07-03T00:02:28.967+0000] {processor.py:161} INFO - Started process (PID=991) to work on /home/airflow/.local/lib/python3.12/site-packages/airflow/example_dags/example_python_operator.py
[2024-07-03T00:02:28.969+0000] {processor.py:830} INFO - Processing file /home/airflow/.local/lib/python3.12/site-packages/airflow/example_dags/example_python_operator.py for tasks to queue
[2024-07-03T00:02:28.970+0000] {logging_mixin.py:188} INFO - [2024-07-03T00:02:28.970+0000] {dagbag.py:545} INFO - Filling up the DagBag from /home/airflow/.local/lib/python3.12/site-packages/airflow/example_dags/example_python_operator.py
[2024-07-03T00:02:28.983+0000] {processor.py:840} INFO - DAG(s) 'example_python_operator' retrieved from /home/airflow/.local/lib/python3.12/site-packages/airflow/example_dags/example_python_operator.py
[2024-07-03T00:02:29.083+0000] {logging_mixin.py:188} INFO - [2024-07-03T00:02:29.083+0000] {dag.py:3096} INFO - Sync 1 DAGs
[2024-07-03T00:02:29.097+0000] {logging_mixin.py:188} INFO - [2024-07-03T00:02:29.097+0000] {dag.py:3954} INFO - Setting next_dagrun for example_python_operator to None, run_after=None
[2024-07-03T00:02:29.170+0000] {processor.py:183} INFO - Processing /home/airflow/.local/lib/python3.12/site-packages/airflow/example_dags/example_python_operator.py took 0.251 seconds
[2024-07-03T00:03:00.076+0000] {processor.py:161} INFO - Started process (PID=1049) to work on /home/airflow/.local/lib/python3.12/site-packages/airflow/example_dags/example_python_operator.py
[2024-07-03T00:03:00.077+0000] {processor.py:830} INFO - Processing file /home/airflow/.local/lib/python3.12/site-packages/airflow/example_dags/example_python_operator.py for tasks to queue
[2024-07-03T00:03:00.079+0000] {logging_mixin.py:188} INFO - [2024-07-03T00:03:00.078+0000] {dagbag.py:545} INFO - Filling up the DagBag from /home/airflow/.local/lib/python3.12/site-packages/airflow/example_dags/example_python_operator.py
[2024-07-03T00:03:00.092+0000] {processor.py:840} INFO - DAG(s) 'example_python_operator' retrieved from /home/airflow/.local/lib/python3.12/site-packages/airflow/example_dags/example_python_operator.py
[2024-07-03T00:03:00.119+0000] {logging_mixin.py:188} INFO - [2024-07-03T00:03:00.119+0000] {dag.py:3096} INFO - Sync 1 DAGs
[2024-07-03T00:03:00.134+0000] {logging_mixin.py:188} INFO - [2024-07-03T00:03:00.134+0000] {dag.py:3954} INFO - Setting next_dagrun for example_python_operator to None, run_after=None
[2024-07-03T00:03:00.156+0000] {processor.py:183} INFO - Processing /home/airflow/.local/lib/python3.12/site-packages/airflow/example_dags/example_python_operator.py took 0.088 seconds
[2024-07-03T00:03:30.596+0000] {processor.py:161} INFO - Started process (PID=1107) to work on /home/airflow/.local/lib/python3.12/site-packages/airflow/example_dags/example_python_operator.py
[2024-07-03T00:03:30.598+0000] {processor.py:830} INFO - Processing file /home/airflow/.local/lib/python3.12/site-packages/airflow/example_dags/example_python_operator.py for tasks to queue
[2024-07-03T00:03:30.599+0000] {logging_mixin.py:188} INFO - [2024-07-03T00:03:30.599+0000] {dagbag.py:545} INFO - Filling up the DagBag from /home/airflow/.local/lib/python3.12/site-packages/airflow/example_dags/example_python_operator.py
[2024-07-03T00:03:30.610+0000] {processor.py:840} INFO - DAG(s) 'example_python_operator' retrieved from /home/airflow/.local/lib/python3.12/site-packages/airflow/example_dags/example_python_operator.py
[2024-07-03T00:03:30.633+0000] {logging_mixin.py:188} INFO - [2024-07-03T00:03:30.633+0000] {dag.py:3096} INFO - Sync 1 DAGs
[2024-07-03T00:03:30.646+0000] {logging_mixin.py:188} INFO - [2024-07-03T00:03:30.646+0000] {dag.py:3954} INFO - Setting next_dagrun for example_python_operator to None, run_after=None
[2024-07-03T00:03:30.664+0000] {processor.py:183} INFO - Processing /home/airflow/.local/lib/python3.12/site-packages/airflow/example_dags/example_python_operator.py took 0.074 seconds
[2024-07-03T00:04:00.964+0000] {processor.py:161} INFO - Started process (PID=1165) to work on /home/airflow/.local/lib/python3.12/site-packages/airflow/example_dags/example_python_operator.py
[2024-07-03T00:04:00.965+0000] {processor.py:830} INFO - Processing file /home/airflow/.local/lib/python3.12/site-packages/airflow/example_dags/example_python_operator.py for tasks to queue
[2024-07-03T00:04:00.967+0000] {logging_mixin.py:188} INFO - [2024-07-03T00:04:00.967+0000] {dagbag.py:545} INFO - Filling up the DagBag from /home/airflow/.local/lib/python3.12/site-packages/airflow/example_dags/example_python_operator.py
[2024-07-03T00:04:00.978+0000] {processor.py:840} INFO - DAG(s) 'example_python_operator' retrieved from /home/airflow/.local/lib/python3.12/site-packages/airflow/example_dags/example_python_operator.py
[2024-07-03T00:04:01.001+0000] {logging_mixin.py:188} INFO - [2024-07-03T00:04:01.001+0000] {dag.py:3096} INFO - Sync 1 DAGs
[2024-07-03T00:04:01.015+0000] {logging_mixin.py:188} INFO - [2024-07-03T00:04:01.014+0000] {dag.py:3954} INFO - Setting next_dagrun for example_python_operator to None, run_after=None
[2024-07-03T00:04:01.031+0000] {processor.py:183} INFO - Processing /home/airflow/.local/lib/python3.12/site-packages/airflow/example_dags/example_python_operator.py took 0.073 seconds
[2024-07-03T00:04:31.253+0000] {processor.py:161} INFO - Started process (PID=1223) to work on /home/airflow/.local/lib/python3.12/site-packages/airflow/example_dags/example_python_operator.py
[2024-07-03T00:04:31.254+0000] {processor.py:830} INFO - Processing file /home/airflow/.local/lib/python3.12/site-packages/airflow/example_dags/example_python_operator.py for tasks to queue
[2024-07-03T00:04:31.255+0000] {logging_mixin.py:188} INFO - [2024-07-03T00:04:31.255+0000] {dagbag.py:545} INFO - Filling up the DagBag from /home/airflow/.local/lib/python3.12/site-packages/airflow/example_dags/example_python_operator.py
[2024-07-03T00:04:31.266+0000] {processor.py:840} INFO - DAG(s) 'example_python_operator' retrieved from /home/airflow/.local/lib/python3.12/site-packages/airflow/example_dags/example_python_operator.py
[2024-07-03T00:04:31.291+0000] {logging_mixin.py:188} INFO - [2024-07-03T00:04:31.291+0000] {dag.py:3096} INFO - Sync 1 DAGs
[2024-07-03T00:04:31.304+0000] {logging_mixin.py:188} INFO - [2024-07-03T00:04:31.304+0000] {dag.py:3954} INFO - Setting next_dagrun for example_python_operator to None, run_after=None
[2024-07-03T00:04:31.321+0000] {processor.py:183} INFO - Processing /home/airflow/.local/lib/python3.12/site-packages/airflow/example_dags/example_python_operator.py took 0.074 seconds
[2024-07-03T00:05:01.384+0000] {processor.py:161} INFO - Started process (PID=1281) to work on /home/airflow/.local/lib/python3.12/site-packages/airflow/example_dags/example_python_operator.py
[2024-07-03T00:05:01.385+0000] {processor.py:830} INFO - Processing file /home/airflow/.local/lib/python3.12/site-packages/airflow/example_dags/example_python_operator.py for tasks to queue
[2024-07-03T00:05:01.387+0000] {logging_mixin.py:188} INFO - [2024-07-03T00:05:01.387+0000] {dagbag.py:545} INFO - Filling up the DagBag from /home/airflow/.local/lib/python3.12/site-packages/airflow/example_dags/example_python_operator.py
[2024-07-03T00:05:01.399+0000] {processor.py:840} INFO - DAG(s) 'example_python_operator' retrieved from /home/airflow/.local/lib/python3.12/site-packages/airflow/example_dags/example_python_operator.py
[2024-07-03T00:05:01.425+0000] {logging_mixin.py:188} INFO - [2024-07-03T00:05:01.424+0000] {dag.py:3096} INFO - Sync 1 DAGs
[2024-07-03T00:05:01.437+0000] {logging_mixin.py:188} INFO - [2024-07-03T00:05:01.437+0000] {dag.py:3954} INFO - Setting next_dagrun for example_python_operator to None, run_after=None
[2024-07-03T00:05:01.454+0000] {processor.py:183} INFO - Processing /home/airflow/.local/lib/python3.12/site-packages/airflow/example_dags/example_python_operator.py took 0.076 seconds
[2024-07-03T00:05:32.468+0000] {processor.py:161} INFO - Started process (PID=1339) to work on /home/airflow/.local/lib/python3.12/site-packages/airflow/example_dags/example_python_operator.py
[2024-07-03T00:05:32.470+0000] {processor.py:830} INFO - Processing file /home/airflow/.local/lib/python3.12/site-packages/airflow/example_dags/example_python_operator.py for tasks to queue
[2024-07-03T00:05:32.471+0000] {logging_mixin.py:188} INFO - [2024-07-03T00:05:32.471+0000] {dagbag.py:545} INFO - Filling up the DagBag from /home/airflow/.local/lib/python3.12/site-packages/airflow/example_dags/example_python_operator.py
[2024-07-03T00:05:32.482+0000] {processor.py:840} INFO - DAG(s) 'example_python_operator' retrieved from /home/airflow/.local/lib/python3.12/site-packages/airflow/example_dags/example_python_operator.py
[2024-07-03T00:05:32.507+0000] {logging_mixin.py:188} INFO - [2024-07-03T00:05:32.507+0000] {dag.py:3096} INFO - Sync 1 DAGs
[2024-07-03T00:05:32.521+0000] {logging_mixin.py:188} INFO - [2024-07-03T00:05:32.520+0000] {dag.py:3954} INFO - Setting next_dagrun for example_python_operator to None, run_after=None
[2024-07-03T00:05:32.538+0000] {processor.py:183} INFO - Processing /home/airflow/.local/lib/python3.12/site-packages/airflow/example_dags/example_python_operator.py took 0.076 seconds
[2024-07-03T00:06:03.188+0000] {processor.py:161} INFO - Started process (PID=1397) to work on /home/airflow/.local/lib/python3.12/site-packages/airflow/example_dags/example_python_operator.py
[2024-07-03T00:06:03.189+0000] {processor.py:830} INFO - Processing file /home/airflow/.local/lib/python3.12/site-packages/airflow/example_dags/example_python_operator.py for tasks to queue
[2024-07-03T00:06:03.192+0000] {logging_mixin.py:188} INFO - [2024-07-03T00:06:03.192+0000] {dagbag.py:545} INFO - Filling up the DagBag from /home/airflow/.local/lib/python3.12/site-packages/airflow/example_dags/example_python_operator.py
[2024-07-03T00:06:03.212+0000] {processor.py:840} INFO - DAG(s) 'example_python_operator' retrieved from /home/airflow/.local/lib/python3.12/site-packages/airflow/example_dags/example_python_operator.py
[2024-07-03T00:06:03.301+0000] {logging_mixin.py:188} INFO - [2024-07-03T00:06:03.300+0000] {dag.py:3096} INFO - Sync 1 DAGs
[2024-07-03T00:06:03.364+0000] {logging_mixin.py:188} INFO - [2024-07-03T00:06:03.327+0000] {dag.py:3954} INFO - Setting next_dagrun for example_python_operator to None, run_after=None
[2024-07-03T00:06:03.413+0000] {processor.py:183} INFO - Processing /home/airflow/.local/lib/python3.12/site-packages/airflow/example_dags/example_python_operator.py took 0.236 seconds
[2024-07-03T00:06:34.107+0000] {processor.py:161} INFO - Started process (PID=1454) to work on /home/airflow/.local/lib/python3.12/site-packages/airflow/example_dags/example_python_operator.py
[2024-07-03T00:06:34.108+0000] {processor.py:830} INFO - Processing file /home/airflow/.local/lib/python3.12/site-packages/airflow/example_dags/example_python_operator.py for tasks to queue
[2024-07-03T00:06:34.111+0000] {logging_mixin.py:188} INFO - [2024-07-03T00:06:34.110+0000] {dagbag.py:545} INFO - Filling up the DagBag from /home/airflow/.local/lib/python3.12/site-packages/airflow/example_dags/example_python_operator.py
[2024-07-03T00:06:34.127+0000] {processor.py:840} INFO - DAG(s) 'example_python_operator' retrieved from /home/airflow/.local/lib/python3.12/site-packages/airflow/example_dags/example_python_operator.py
[2024-07-03T00:06:34.167+0000] {logging_mixin.py:188} INFO - [2024-07-03T00:06:34.167+0000] {dag.py:3096} INFO - Sync 1 DAGs
[2024-07-03T00:06:34.192+0000] {logging_mixin.py:188} INFO - [2024-07-03T00:06:34.191+0000] {dag.py:3954} INFO - Setting next_dagrun for example_python_operator to None, run_after=None
[2024-07-03T00:06:34.220+0000] {processor.py:183} INFO - Processing /home/airflow/.local/lib/python3.12/site-packages/airflow/example_dags/example_python_operator.py took 0.121 seconds
[2024-07-03T00:07:04.366+0000] {processor.py:161} INFO - Started process (PID=1513) to work on /home/airflow/.local/lib/python3.12/site-packages/airflow/example_dags/example_python_operator.py
[2024-07-03T00:07:04.367+0000] {processor.py:830} INFO - Processing file /home/airflow/.local/lib/python3.12/site-packages/airflow/example_dags/example_python_operator.py for tasks to queue
[2024-07-03T00:07:04.368+0000] {logging_mixin.py:188} INFO - [2024-07-03T00:07:04.368+0000] {dagbag.py:545} INFO - Filling up the DagBag from /home/airflow/.local/lib/python3.12/site-packages/airflow/example_dags/example_python_operator.py
[2024-07-03T00:07:04.380+0000] {processor.py:840} INFO - DAG(s) 'example_python_operator' retrieved from /home/airflow/.local/lib/python3.12/site-packages/airflow/example_dags/example_python_operator.py
[2024-07-03T00:07:04.406+0000] {logging_mixin.py:188} INFO - [2024-07-03T00:07:04.406+0000] {dag.py:3096} INFO - Sync 1 DAGs
[2024-07-03T00:07:04.421+0000] {logging_mixin.py:188} INFO - [2024-07-03T00:07:04.421+0000] {dag.py:3954} INFO - Setting next_dagrun for example_python_operator to None, run_after=None
[2024-07-03T00:07:04.439+0000] {processor.py:183} INFO - Processing /home/airflow/.local/lib/python3.12/site-packages/airflow/example_dags/example_python_operator.py took 0.080 seconds
