[2024-07-03T00:00:19.430+0000] {processor.py:161} INFO - Started process (PID=734) to work on /home/airflow/.local/lib/python3.12/site-packages/airflow/example_dags/example_branch_operator.py
[2024-07-03T00:00:19.431+0000] {processor.py:830} INFO - Processing file /home/airflow/.local/lib/python3.12/site-packages/airflow/example_dags/example_branch_operator.py for tasks to queue
[2024-07-03T00:00:19.433+0000] {logging_mixin.py:188} INFO - [2024-07-03T00:00:19.433+0000] {dagbag.py:545} INFO - Filling up the DagBag from /home/airflow/.local/lib/python3.12/site-packages/airflow/example_dags/example_branch_operator.py
[2024-07-03T00:00:19.455+0000] {processor.py:840} INFO - DAG(s) 'example_branch_operator' retrieved from /home/airflow/.local/lib/python3.12/site-packages/airflow/example_dags/example_branch_operator.py
[2024-07-03T00:00:19.493+0000] {logging_mixin.py:188} INFO - [2024-07-03T00:00:19.493+0000] {dag.py:3096} INFO - Sync 1 DAGs
[2024-07-03T00:00:19.525+0000] {logging_mixin.py:188} INFO - [2024-07-03T00:00:19.525+0000] {dag.py:3954} INFO - Setting next_dagrun for example_branch_operator to 2024-07-02 00:00:00+00:00, run_after=2024-07-03 00:00:00+00:00
[2024-07-03T00:00:19.551+0000] {processor.py:183} INFO - Processing /home/airflow/.local/lib/python3.12/site-packages/airflow/example_dags/example_branch_operator.py took 0.129 seconds
[2024-07-03T00:00:49.805+0000] {processor.py:161} INFO - Started process (PID=792) to work on /home/airflow/.local/lib/python3.12/site-packages/airflow/example_dags/example_branch_operator.py
[2024-07-03T00:00:49.806+0000] {processor.py:830} INFO - Processing file /home/airflow/.local/lib/python3.12/site-packages/airflow/example_dags/example_branch_operator.py for tasks to queue
[2024-07-03T00:00:49.808+0000] {logging_mixin.py:188} INFO - [2024-07-03T00:00:49.807+0000] {dagbag.py:545} INFO - Filling up the DagBag from /home/airflow/.local/lib/python3.12/site-packages/airflow/example_dags/example_branch_operator.py
[2024-07-03T00:00:49.826+0000] {processor.py:840} INFO - DAG(s) 'example_branch_operator' retrieved from /home/airflow/.local/lib/python3.12/site-packages/airflow/example_dags/example_branch_operator.py
[2024-07-03T00:00:49.856+0000] {logging_mixin.py:188} INFO - [2024-07-03T00:00:49.856+0000] {dag.py:3096} INFO - Sync 1 DAGs
[2024-07-03T00:00:49.881+0000] {logging_mixin.py:188} INFO - [2024-07-03T00:00:49.881+0000] {dag.py:3954} INFO - Setting next_dagrun for example_branch_operator to 2024-07-02 00:00:00+00:00, run_after=2024-07-03 00:00:00+00:00
[2024-07-03T00:00:49.902+0000] {processor.py:183} INFO - Processing /home/airflow/.local/lib/python3.12/site-packages/airflow/example_dags/example_branch_operator.py took 0.103 seconds
[2024-07-03T00:01:20.094+0000] {processor.py:161} INFO - Started process (PID=850) to work on /home/airflow/.local/lib/python3.12/site-packages/airflow/example_dags/example_branch_operator.py
[2024-07-03T00:01:20.095+0000] {processor.py:830} INFO - Processing file /home/airflow/.local/lib/python3.12/site-packages/airflow/example_dags/example_branch_operator.py for tasks to queue
[2024-07-03T00:01:20.098+0000] {logging_mixin.py:188} INFO - [2024-07-03T00:01:20.097+0000] {dagbag.py:545} INFO - Filling up the DagBag from /home/airflow/.local/lib/python3.12/site-packages/airflow/example_dags/example_branch_operator.py
[2024-07-03T00:01:20.115+0000] {processor.py:840} INFO - DAG(s) 'example_branch_operator' retrieved from /home/airflow/.local/lib/python3.12/site-packages/airflow/example_dags/example_branch_operator.py
[2024-07-03T00:01:20.147+0000] {logging_mixin.py:188} INFO - [2024-07-03T00:01:20.147+0000] {dag.py:3096} INFO - Sync 1 DAGs
[2024-07-03T00:01:20.172+0000] {logging_mixin.py:188} INFO - [2024-07-03T00:01:20.171+0000] {dag.py:3954} INFO - Setting next_dagrun for example_branch_operator to 2024-07-02 00:00:00+00:00, run_after=2024-07-03 00:00:00+00:00
[2024-07-03T00:01:20.195+0000] {processor.py:183} INFO - Processing /home/airflow/.local/lib/python3.12/site-packages/airflow/example_dags/example_branch_operator.py took 0.107 seconds
[2024-07-03T00:01:50.284+0000] {processor.py:161} INFO - Started process (PID=908) to work on /home/airflow/.local/lib/python3.12/site-packages/airflow/example_dags/example_branch_operator.py
[2024-07-03T00:01:50.285+0000] {processor.py:830} INFO - Processing file /home/airflow/.local/lib/python3.12/site-packages/airflow/example_dags/example_branch_operator.py for tasks to queue
[2024-07-03T00:01:50.287+0000] {logging_mixin.py:188} INFO - [2024-07-03T00:01:50.287+0000] {dagbag.py:545} INFO - Filling up the DagBag from /home/airflow/.local/lib/python3.12/site-packages/airflow/example_dags/example_branch_operator.py
[2024-07-03T00:01:50.305+0000] {processor.py:840} INFO - DAG(s) 'example_branch_operator' retrieved from /home/airflow/.local/lib/python3.12/site-packages/airflow/example_dags/example_branch_operator.py
[2024-07-03T00:01:50.335+0000] {logging_mixin.py:188} INFO - [2024-07-03T00:01:50.335+0000] {dag.py:3096} INFO - Sync 1 DAGs
[2024-07-03T00:01:50.357+0000] {logging_mixin.py:188} INFO - [2024-07-03T00:01:50.357+0000] {dag.py:3954} INFO - Setting next_dagrun for example_branch_operator to 2024-07-02 00:00:00+00:00, run_after=2024-07-03 00:00:00+00:00
[2024-07-03T00:01:50.376+0000] {processor.py:183} INFO - Processing /home/airflow/.local/lib/python3.12/site-packages/airflow/example_dags/example_branch_operator.py took 0.097 seconds
[2024-07-03T00:02:20.557+0000] {processor.py:161} INFO - Started process (PID=966) to work on /home/airflow/.local/lib/python3.12/site-packages/airflow/example_dags/example_branch_operator.py
[2024-07-03T00:02:20.558+0000] {processor.py:830} INFO - Processing file /home/airflow/.local/lib/python3.12/site-packages/airflow/example_dags/example_branch_operator.py for tasks to queue
[2024-07-03T00:02:20.560+0000] {logging_mixin.py:188} INFO - [2024-07-03T00:02:20.560+0000] {dagbag.py:545} INFO - Filling up the DagBag from /home/airflow/.local/lib/python3.12/site-packages/airflow/example_dags/example_branch_operator.py
[2024-07-03T00:02:20.578+0000] {processor.py:840} INFO - DAG(s) 'example_branch_operator' retrieved from /home/airflow/.local/lib/python3.12/site-packages/airflow/example_dags/example_branch_operator.py
[2024-07-03T00:02:20.609+0000] {logging_mixin.py:188} INFO - [2024-07-03T00:02:20.609+0000] {dag.py:3096} INFO - Sync 1 DAGs
[2024-07-03T00:02:20.632+0000] {logging_mixin.py:188} INFO - [2024-07-03T00:02:20.632+0000] {dag.py:3954} INFO - Setting next_dagrun for example_branch_operator to 2024-07-02 00:00:00+00:00, run_after=2024-07-03 00:00:00+00:00
[2024-07-03T00:02:20.651+0000] {processor.py:183} INFO - Processing /home/airflow/.local/lib/python3.12/site-packages/airflow/example_dags/example_branch_operator.py took 0.100 seconds
[2024-07-03T00:02:50.766+0000] {processor.py:161} INFO - Started process (PID=1024) to work on /home/airflow/.local/lib/python3.12/site-packages/airflow/example_dags/example_branch_operator.py
[2024-07-03T00:02:50.767+0000] {processor.py:830} INFO - Processing file /home/airflow/.local/lib/python3.12/site-packages/airflow/example_dags/example_branch_operator.py for tasks to queue
[2024-07-03T00:02:50.769+0000] {logging_mixin.py:188} INFO - [2024-07-03T00:02:50.769+0000] {dagbag.py:545} INFO - Filling up the DagBag from /home/airflow/.local/lib/python3.12/site-packages/airflow/example_dags/example_branch_operator.py
[2024-07-03T00:02:50.788+0000] {processor.py:840} INFO - DAG(s) 'example_branch_operator' retrieved from /home/airflow/.local/lib/python3.12/site-packages/airflow/example_dags/example_branch_operator.py
[2024-07-03T00:02:50.819+0000] {logging_mixin.py:188} INFO - [2024-07-03T00:02:50.819+0000] {dag.py:3096} INFO - Sync 1 DAGs
[2024-07-03T00:02:50.841+0000] {logging_mixin.py:188} INFO - [2024-07-03T00:02:50.841+0000] {dag.py:3954} INFO - Setting next_dagrun for example_branch_operator to 2024-07-02 00:00:00+00:00, run_after=2024-07-03 00:00:00+00:00
[2024-07-03T00:02:50.859+0000] {processor.py:183} INFO - Processing /home/airflow/.local/lib/python3.12/site-packages/airflow/example_dags/example_branch_operator.py took 0.098 seconds
[2024-07-03T00:03:21.312+0000] {processor.py:161} INFO - Started process (PID=1082) to work on /home/airflow/.local/lib/python3.12/site-packages/airflow/example_dags/example_branch_operator.py
[2024-07-03T00:03:21.313+0000] {processor.py:830} INFO - Processing file /home/airflow/.local/lib/python3.12/site-packages/airflow/example_dags/example_branch_operator.py for tasks to queue
[2024-07-03T00:03:21.314+0000] {logging_mixin.py:188} INFO - [2024-07-03T00:03:21.314+0000] {dagbag.py:545} INFO - Filling up the DagBag from /home/airflow/.local/lib/python3.12/site-packages/airflow/example_dags/example_branch_operator.py
[2024-07-03T00:03:21.331+0000] {processor.py:840} INFO - DAG(s) 'example_branch_operator' retrieved from /home/airflow/.local/lib/python3.12/site-packages/airflow/example_dags/example_branch_operator.py
[2024-07-03T00:03:21.385+0000] {logging_mixin.py:188} INFO - [2024-07-03T00:03:21.384+0000] {dag.py:3096} INFO - Sync 1 DAGs
[2024-07-03T00:03:21.411+0000] {logging_mixin.py:188} INFO - [2024-07-03T00:03:21.411+0000] {dag.py:3954} INFO - Setting next_dagrun for example_branch_operator to 2024-07-02 00:00:00+00:00, run_after=2024-07-03 00:00:00+00:00
[2024-07-03T00:03:21.468+0000] {processor.py:183} INFO - Processing /home/airflow/.local/lib/python3.12/site-packages/airflow/example_dags/example_branch_operator.py took 0.162 seconds
[2024-07-03T00:03:51.549+0000] {processor.py:161} INFO - Started process (PID=1140) to work on /home/airflow/.local/lib/python3.12/site-packages/airflow/example_dags/example_branch_operator.py
[2024-07-03T00:03:51.550+0000] {processor.py:830} INFO - Processing file /home/airflow/.local/lib/python3.12/site-packages/airflow/example_dags/example_branch_operator.py for tasks to queue
[2024-07-03T00:03:51.552+0000] {logging_mixin.py:188} INFO - [2024-07-03T00:03:51.552+0000] {dagbag.py:545} INFO - Filling up the DagBag from /home/airflow/.local/lib/python3.12/site-packages/airflow/example_dags/example_branch_operator.py
[2024-07-03T00:03:51.568+0000] {processor.py:840} INFO - DAG(s) 'example_branch_operator' retrieved from /home/airflow/.local/lib/python3.12/site-packages/airflow/example_dags/example_branch_operator.py
[2024-07-03T00:03:51.599+0000] {logging_mixin.py:188} INFO - [2024-07-03T00:03:51.598+0000] {dag.py:3096} INFO - Sync 1 DAGs
[2024-07-03T00:03:51.623+0000] {logging_mixin.py:188} INFO - [2024-07-03T00:03:51.622+0000] {dag.py:3954} INFO - Setting next_dagrun for example_branch_operator to 2024-07-02 00:00:00+00:00, run_after=2024-07-03 00:00:00+00:00
[2024-07-03T00:03:51.675+0000] {processor.py:183} INFO - Processing /home/airflow/.local/lib/python3.12/site-packages/airflow/example_dags/example_branch_operator.py took 0.133 seconds
[2024-07-03T00:04:21.852+0000] {processor.py:161} INFO - Started process (PID=1198) to work on /home/airflow/.local/lib/python3.12/site-packages/airflow/example_dags/example_branch_operator.py
[2024-07-03T00:04:21.853+0000] {processor.py:830} INFO - Processing file /home/airflow/.local/lib/python3.12/site-packages/airflow/example_dags/example_branch_operator.py for tasks to queue
[2024-07-03T00:04:21.855+0000] {logging_mixin.py:188} INFO - [2024-07-03T00:04:21.854+0000] {dagbag.py:545} INFO - Filling up the DagBag from /home/airflow/.local/lib/python3.12/site-packages/airflow/example_dags/example_branch_operator.py
[2024-07-03T00:04:21.873+0000] {processor.py:840} INFO - DAG(s) 'example_branch_operator' retrieved from /home/airflow/.local/lib/python3.12/site-packages/airflow/example_dags/example_branch_operator.py
[2024-07-03T00:04:21.907+0000] {logging_mixin.py:188} INFO - [2024-07-03T00:04:21.906+0000] {dag.py:3096} INFO - Sync 1 DAGs
[2024-07-03T00:04:21.929+0000] {logging_mixin.py:188} INFO - [2024-07-03T00:04:21.929+0000] {dag.py:3954} INFO - Setting next_dagrun for example_branch_operator to 2024-07-02 00:00:00+00:00, run_after=2024-07-03 00:00:00+00:00
[2024-07-03T00:04:21.947+0000] {processor.py:183} INFO - Processing /home/airflow/.local/lib/python3.12/site-packages/airflow/example_dags/example_branch_operator.py took 0.101 seconds
[2024-07-03T00:04:52.133+0000] {processor.py:161} INFO - Started process (PID=1256) to work on /home/airflow/.local/lib/python3.12/site-packages/airflow/example_dags/example_branch_operator.py
[2024-07-03T00:04:52.134+0000] {processor.py:830} INFO - Processing file /home/airflow/.local/lib/python3.12/site-packages/airflow/example_dags/example_branch_operator.py for tasks to queue
[2024-07-03T00:04:52.137+0000] {logging_mixin.py:188} INFO - [2024-07-03T00:04:52.136+0000] {dagbag.py:545} INFO - Filling up the DagBag from /home/airflow/.local/lib/python3.12/site-packages/airflow/example_dags/example_branch_operator.py
[2024-07-03T00:04:52.154+0000] {processor.py:840} INFO - DAG(s) 'example_branch_operator' retrieved from /home/airflow/.local/lib/python3.12/site-packages/airflow/example_dags/example_branch_operator.py
[2024-07-03T00:04:52.196+0000] {logging_mixin.py:188} INFO - [2024-07-03T00:04:52.196+0000] {dag.py:3096} INFO - Sync 1 DAGs
[2024-07-03T00:04:52.265+0000] {logging_mixin.py:188} INFO - [2024-07-03T00:04:52.265+0000] {dag.py:3954} INFO - Setting next_dagrun for example_branch_operator to 2024-07-02 00:00:00+00:00, run_after=2024-07-03 00:00:00+00:00
[2024-07-03T00:04:52.287+0000] {processor.py:183} INFO - Processing /home/airflow/.local/lib/python3.12/site-packages/airflow/example_dags/example_branch_operator.py took 0.161 seconds
[2024-07-03T00:05:22.328+0000] {processor.py:161} INFO - Started process (PID=1314) to work on /home/airflow/.local/lib/python3.12/site-packages/airflow/example_dags/example_branch_operator.py
[2024-07-03T00:05:22.329+0000] {processor.py:830} INFO - Processing file /home/airflow/.local/lib/python3.12/site-packages/airflow/example_dags/example_branch_operator.py for tasks to queue
[2024-07-03T00:05:22.330+0000] {logging_mixin.py:188} INFO - [2024-07-03T00:05:22.330+0000] {dagbag.py:545} INFO - Filling up the DagBag from /home/airflow/.local/lib/python3.12/site-packages/airflow/example_dags/example_branch_operator.py
[2024-07-03T00:05:22.347+0000] {processor.py:840} INFO - DAG(s) 'example_branch_operator' retrieved from /home/airflow/.local/lib/python3.12/site-packages/airflow/example_dags/example_branch_operator.py
[2024-07-03T00:05:22.378+0000] {logging_mixin.py:188} INFO - [2024-07-03T00:05:22.378+0000] {dag.py:3096} INFO - Sync 1 DAGs
[2024-07-03T00:05:22.403+0000] {logging_mixin.py:188} INFO - [2024-07-03T00:05:22.402+0000] {dag.py:3954} INFO - Setting next_dagrun for example_branch_operator to 2024-07-02 00:00:00+00:00, run_after=2024-07-03 00:00:00+00:00
[2024-07-03T00:05:22.419+0000] {processor.py:183} INFO - Processing /home/airflow/.local/lib/python3.12/site-packages/airflow/example_dags/example_branch_operator.py took 0.097 seconds
[2024-07-03T00:05:52.579+0000] {processor.py:161} INFO - Started process (PID=1372) to work on /home/airflow/.local/lib/python3.12/site-packages/airflow/example_dags/example_branch_operator.py
[2024-07-03T00:05:52.581+0000] {processor.py:830} INFO - Processing file /home/airflow/.local/lib/python3.12/site-packages/airflow/example_dags/example_branch_operator.py for tasks to queue
[2024-07-03T00:05:52.583+0000] {logging_mixin.py:188} INFO - [2024-07-03T00:05:52.583+0000] {dagbag.py:545} INFO - Filling up the DagBag from /home/airflow/.local/lib/python3.12/site-packages/airflow/example_dags/example_branch_operator.py
[2024-07-03T00:05:52.607+0000] {processor.py:840} INFO - DAG(s) 'example_branch_operator' retrieved from /home/airflow/.local/lib/python3.12/site-packages/airflow/example_dags/example_branch_operator.py
[2024-07-03T00:05:52.644+0000] {logging_mixin.py:188} INFO - [2024-07-03T00:05:52.643+0000] {dag.py:3096} INFO - Sync 1 DAGs
[2024-07-03T00:05:52.669+0000] {logging_mixin.py:188} INFO - [2024-07-03T00:05:52.669+0000] {dag.py:3954} INFO - Setting next_dagrun for example_branch_operator to 2024-07-02 00:00:00+00:00, run_after=2024-07-03 00:00:00+00:00
[2024-07-03T00:05:52.689+0000] {processor.py:183} INFO - Processing /home/airflow/.local/lib/python3.12/site-packages/airflow/example_dags/example_branch_operator.py took 0.119 seconds
[2024-07-03T00:06:22.842+0000] {processor.py:161} INFO - Started process (PID=1430) to work on /home/airflow/.local/lib/python3.12/site-packages/airflow/example_dags/example_branch_operator.py
[2024-07-03T00:06:22.844+0000] {processor.py:830} INFO - Processing file /home/airflow/.local/lib/python3.12/site-packages/airflow/example_dags/example_branch_operator.py for tasks to queue
[2024-07-03T00:06:22.846+0000] {logging_mixin.py:188} INFO - [2024-07-03T00:06:22.846+0000] {dagbag.py:545} INFO - Filling up the DagBag from /home/airflow/.local/lib/python3.12/site-packages/airflow/example_dags/example_branch_operator.py
[2024-07-03T00:06:22.875+0000] {processor.py:840} INFO - DAG(s) 'example_branch_operator' retrieved from /home/airflow/.local/lib/python3.12/site-packages/airflow/example_dags/example_branch_operator.py
[2024-07-03T00:06:22.915+0000] {logging_mixin.py:188} INFO - [2024-07-03T00:06:22.914+0000] {dag.py:3096} INFO - Sync 1 DAGs
[2024-07-03T00:06:22.940+0000] {logging_mixin.py:188} INFO - [2024-07-03T00:06:22.940+0000] {dag.py:3954} INFO - Setting next_dagrun for example_branch_operator to 2024-07-02 00:00:00+00:00, run_after=2024-07-03 00:00:00+00:00
[2024-07-03T00:06:22.959+0000] {processor.py:183} INFO - Processing /home/airflow/.local/lib/python3.12/site-packages/airflow/example_dags/example_branch_operator.py took 0.124 seconds
[2024-07-03T00:06:53.071+0000] {processor.py:161} INFO - Started process (PID=1488) to work on /home/airflow/.local/lib/python3.12/site-packages/airflow/example_dags/example_branch_operator.py
[2024-07-03T00:06:53.072+0000] {processor.py:830} INFO - Processing file /home/airflow/.local/lib/python3.12/site-packages/airflow/example_dags/example_branch_operator.py for tasks to queue
[2024-07-03T00:06:53.074+0000] {logging_mixin.py:188} INFO - [2024-07-03T00:06:53.074+0000] {dagbag.py:545} INFO - Filling up the DagBag from /home/airflow/.local/lib/python3.12/site-packages/airflow/example_dags/example_branch_operator.py
[2024-07-03T00:06:53.090+0000] {processor.py:840} INFO - DAG(s) 'example_branch_operator' retrieved from /home/airflow/.local/lib/python3.12/site-packages/airflow/example_dags/example_branch_operator.py
[2024-07-03T00:06:53.129+0000] {logging_mixin.py:188} INFO - [2024-07-03T00:06:53.129+0000] {dag.py:3096} INFO - Sync 1 DAGs
[2024-07-03T00:06:53.153+0000] {logging_mixin.py:188} INFO - [2024-07-03T00:06:53.153+0000] {dag.py:3954} INFO - Setting next_dagrun for example_branch_operator to 2024-07-02 00:00:00+00:00, run_after=2024-07-03 00:00:00+00:00
[2024-07-03T00:06:53.170+0000] {processor.py:183} INFO - Processing /home/airflow/.local/lib/python3.12/site-packages/airflow/example_dags/example_branch_operator.py took 0.105 seconds
