[2024-07-03T00:00:25.846+0000] {processor.py:161} INFO - Started process (PID=748) to work on /home/airflow/.local/lib/python3.12/site-packages/airflow/example_dags/example_dynamic_task_mapping_with_no_taskflow_operators.py
[2024-07-03T00:00:25.847+0000] {processor.py:830} INFO - Processing file /home/airflow/.local/lib/python3.12/site-packages/airflow/example_dags/example_dynamic_task_mapping_with_no_taskflow_operators.py for tasks to queue
[2024-07-03T00:00:25.848+0000] {logging_mixin.py:188} INFO - [2024-07-03T00:00:25.848+0000] {dagbag.py:545} INFO - Filling up the DagBag from /home/airflow/.local/lib/python3.12/site-packages/airflow/example_dags/example_dynamic_task_mapping_with_no_taskflow_operators.py
[2024-07-03T00:00:25.856+0000] {processor.py:840} INFO - DAG(s) 'example_dynamic_task_mapping_with_no_taskflow_operators' retrieved from /home/airflow/.local/lib/python3.12/site-packages/airflow/example_dags/example_dynamic_task_mapping_with_no_taskflow_operators.py
[2024-07-03T00:00:25.883+0000] {logging_mixin.py:188} INFO - [2024-07-03T00:00:25.882+0000] {dag.py:3096} INFO - Sync 1 DAGs
[2024-07-03T00:00:25.913+0000] {logging_mixin.py:188} INFO - [2024-07-03T00:00:25.913+0000] {dag.py:3954} INFO - Setting next_dagrun for example_dynamic_task_mapping_with_no_taskflow_operators to 2024-07-02 00:00:00+00:00, run_after=2024-07-03 00:00:00+00:00
[2024-07-03T00:00:25.935+0000] {processor.py:183} INFO - Processing /home/airflow/.local/lib/python3.12/site-packages/airflow/example_dags/example_dynamic_task_mapping_with_no_taskflow_operators.py took 0.094 seconds
[2024-07-03T00:00:56.220+0000] {processor.py:161} INFO - Started process (PID=805) to work on /home/airflow/.local/lib/python3.12/site-packages/airflow/example_dags/example_dynamic_task_mapping_with_no_taskflow_operators.py
[2024-07-03T00:00:56.221+0000] {processor.py:830} INFO - Processing file /home/airflow/.local/lib/python3.12/site-packages/airflow/example_dags/example_dynamic_task_mapping_with_no_taskflow_operators.py for tasks to queue
[2024-07-03T00:00:56.223+0000] {logging_mixin.py:188} INFO - [2024-07-03T00:00:56.222+0000] {dagbag.py:545} INFO - Filling up the DagBag from /home/airflow/.local/lib/python3.12/site-packages/airflow/example_dags/example_dynamic_task_mapping_with_no_taskflow_operators.py
[2024-07-03T00:00:56.230+0000] {processor.py:840} INFO - DAG(s) 'example_dynamic_task_mapping_with_no_taskflow_operators' retrieved from /home/airflow/.local/lib/python3.12/site-packages/airflow/example_dags/example_dynamic_task_mapping_with_no_taskflow_operators.py
[2024-07-03T00:00:56.250+0000] {logging_mixin.py:188} INFO - [2024-07-03T00:00:56.250+0000] {dag.py:3096} INFO - Sync 1 DAGs
[2024-07-03T00:00:56.274+0000] {logging_mixin.py:188} INFO - [2024-07-03T00:00:56.274+0000] {dag.py:3954} INFO - Setting next_dagrun for example_dynamic_task_mapping_with_no_taskflow_operators to 2024-07-02 00:00:00+00:00, run_after=2024-07-03 00:00:00+00:00
[2024-07-03T00:00:56.291+0000] {processor.py:183} INFO - Processing /home/airflow/.local/lib/python3.12/site-packages/airflow/example_dags/example_dynamic_task_mapping_with_no_taskflow_operators.py took 0.078 seconds
[2024-07-03T00:01:26.490+0000] {processor.py:161} INFO - Started process (PID=863) to work on /home/airflow/.local/lib/python3.12/site-packages/airflow/example_dags/example_dynamic_task_mapping_with_no_taskflow_operators.py
[2024-07-03T00:01:26.491+0000] {processor.py:830} INFO - Processing file /home/airflow/.local/lib/python3.12/site-packages/airflow/example_dags/example_dynamic_task_mapping_with_no_taskflow_operators.py for tasks to queue
[2024-07-03T00:01:26.493+0000] {logging_mixin.py:188} INFO - [2024-07-03T00:01:26.493+0000] {dagbag.py:545} INFO - Filling up the DagBag from /home/airflow/.local/lib/python3.12/site-packages/airflow/example_dags/example_dynamic_task_mapping_with_no_taskflow_operators.py
[2024-07-03T00:01:26.500+0000] {processor.py:840} INFO - DAG(s) 'example_dynamic_task_mapping_with_no_taskflow_operators' retrieved from /home/airflow/.local/lib/python3.12/site-packages/airflow/example_dags/example_dynamic_task_mapping_with_no_taskflow_operators.py
[2024-07-03T00:01:26.522+0000] {logging_mixin.py:188} INFO - [2024-07-03T00:01:26.522+0000] {dag.py:3096} INFO - Sync 1 DAGs
[2024-07-03T00:01:26.545+0000] {logging_mixin.py:188} INFO - [2024-07-03T00:01:26.545+0000] {dag.py:3954} INFO - Setting next_dagrun for example_dynamic_task_mapping_with_no_taskflow_operators to 2024-07-02 00:00:00+00:00, run_after=2024-07-03 00:00:00+00:00
[2024-07-03T00:01:26.562+0000] {processor.py:183} INFO - Processing /home/airflow/.local/lib/python3.12/site-packages/airflow/example_dags/example_dynamic_task_mapping_with_no_taskflow_operators.py took 0.078 seconds
[2024-07-03T00:01:56.672+0000] {processor.py:161} INFO - Started process (PID=921) to work on /home/airflow/.local/lib/python3.12/site-packages/airflow/example_dags/example_dynamic_task_mapping_with_no_taskflow_operators.py
[2024-07-03T00:01:56.673+0000] {processor.py:830} INFO - Processing file /home/airflow/.local/lib/python3.12/site-packages/airflow/example_dags/example_dynamic_task_mapping_with_no_taskflow_operators.py for tasks to queue
[2024-07-03T00:01:56.675+0000] {logging_mixin.py:188} INFO - [2024-07-03T00:01:56.674+0000] {dagbag.py:545} INFO - Filling up the DagBag from /home/airflow/.local/lib/python3.12/site-packages/airflow/example_dags/example_dynamic_task_mapping_with_no_taskflow_operators.py
[2024-07-03T00:01:56.681+0000] {processor.py:840} INFO - DAG(s) 'example_dynamic_task_mapping_with_no_taskflow_operators' retrieved from /home/airflow/.local/lib/python3.12/site-packages/airflow/example_dags/example_dynamic_task_mapping_with_no_taskflow_operators.py
[2024-07-03T00:01:56.704+0000] {logging_mixin.py:188} INFO - [2024-07-03T00:01:56.703+0000] {dag.py:3096} INFO - Sync 1 DAGs
[2024-07-03T00:01:56.727+0000] {logging_mixin.py:188} INFO - [2024-07-03T00:01:56.727+0000] {dag.py:3954} INFO - Setting next_dagrun for example_dynamic_task_mapping_with_no_taskflow_operators to 2024-07-02 00:00:00+00:00, run_after=2024-07-03 00:00:00+00:00
[2024-07-03T00:01:56.748+0000] {processor.py:183} INFO - Processing /home/airflow/.local/lib/python3.12/site-packages/airflow/example_dags/example_dynamic_task_mapping_with_no_taskflow_operators.py took 0.082 seconds
[2024-07-03T00:02:26.939+0000] {processor.py:161} INFO - Started process (PID=979) to work on /home/airflow/.local/lib/python3.12/site-packages/airflow/example_dags/example_dynamic_task_mapping_with_no_taskflow_operators.py
[2024-07-03T00:02:26.940+0000] {processor.py:830} INFO - Processing file /home/airflow/.local/lib/python3.12/site-packages/airflow/example_dags/example_dynamic_task_mapping_with_no_taskflow_operators.py for tasks to queue
[2024-07-03T00:02:26.942+0000] {logging_mixin.py:188} INFO - [2024-07-03T00:02:26.941+0000] {dagbag.py:545} INFO - Filling up the DagBag from /home/airflow/.local/lib/python3.12/site-packages/airflow/example_dags/example_dynamic_task_mapping_with_no_taskflow_operators.py
[2024-07-03T00:02:26.949+0000] {processor.py:840} INFO - DAG(s) 'example_dynamic_task_mapping_with_no_taskflow_operators' retrieved from /home/airflow/.local/lib/python3.12/site-packages/airflow/example_dags/example_dynamic_task_mapping_with_no_taskflow_operators.py
[2024-07-03T00:02:26.971+0000] {logging_mixin.py:188} INFO - [2024-07-03T00:02:26.971+0000] {dag.py:3096} INFO - Sync 1 DAGs
[2024-07-03T00:02:26.995+0000] {logging_mixin.py:188} INFO - [2024-07-03T00:02:26.995+0000] {dag.py:3954} INFO - Setting next_dagrun for example_dynamic_task_mapping_with_no_taskflow_operators to 2024-07-02 00:00:00+00:00, run_after=2024-07-03 00:00:00+00:00
[2024-07-03T00:02:27.014+0000] {processor.py:183} INFO - Processing /home/airflow/.local/lib/python3.12/site-packages/airflow/example_dags/example_dynamic_task_mapping_with_no_taskflow_operators.py took 0.081 seconds
[2024-07-03T00:02:57.065+0000] {processor.py:161} INFO - Started process (PID=1037) to work on /home/airflow/.local/lib/python3.12/site-packages/airflow/example_dags/example_dynamic_task_mapping_with_no_taskflow_operators.py
[2024-07-03T00:02:57.066+0000] {processor.py:830} INFO - Processing file /home/airflow/.local/lib/python3.12/site-packages/airflow/example_dags/example_dynamic_task_mapping_with_no_taskflow_operators.py for tasks to queue
[2024-07-03T00:02:57.068+0000] {logging_mixin.py:188} INFO - [2024-07-03T00:02:57.068+0000] {dagbag.py:545} INFO - Filling up the DagBag from /home/airflow/.local/lib/python3.12/site-packages/airflow/example_dags/example_dynamic_task_mapping_with_no_taskflow_operators.py
[2024-07-03T00:02:57.075+0000] {processor.py:840} INFO - DAG(s) 'example_dynamic_task_mapping_with_no_taskflow_operators' retrieved from /home/airflow/.local/lib/python3.12/site-packages/airflow/example_dags/example_dynamic_task_mapping_with_no_taskflow_operators.py
[2024-07-03T00:02:57.097+0000] {logging_mixin.py:188} INFO - [2024-07-03T00:02:57.097+0000] {dag.py:3096} INFO - Sync 1 DAGs
[2024-07-03T00:02:57.121+0000] {logging_mixin.py:188} INFO - [2024-07-03T00:02:57.121+0000] {dag.py:3954} INFO - Setting next_dagrun for example_dynamic_task_mapping_with_no_taskflow_operators to 2024-07-02 00:00:00+00:00, run_after=2024-07-03 00:00:00+00:00
[2024-07-03T00:02:57.140+0000] {processor.py:183} INFO - Processing /home/airflow/.local/lib/python3.12/site-packages/airflow/example_dags/example_dynamic_task_mapping_with_no_taskflow_operators.py took 0.081 seconds
[2024-07-03T00:03:27.751+0000] {processor.py:161} INFO - Started process (PID=1095) to work on /home/airflow/.local/lib/python3.12/site-packages/airflow/example_dags/example_dynamic_task_mapping_with_no_taskflow_operators.py
[2024-07-03T00:03:27.752+0000] {processor.py:830} INFO - Processing file /home/airflow/.local/lib/python3.12/site-packages/airflow/example_dags/example_dynamic_task_mapping_with_no_taskflow_operators.py for tasks to queue
[2024-07-03T00:03:27.754+0000] {logging_mixin.py:188} INFO - [2024-07-03T00:03:27.754+0000] {dagbag.py:545} INFO - Filling up the DagBag from /home/airflow/.local/lib/python3.12/site-packages/airflow/example_dags/example_dynamic_task_mapping_with_no_taskflow_operators.py
[2024-07-03T00:03:27.762+0000] {processor.py:840} INFO - DAG(s) 'example_dynamic_task_mapping_with_no_taskflow_operators' retrieved from /home/airflow/.local/lib/python3.12/site-packages/airflow/example_dags/example_dynamic_task_mapping_with_no_taskflow_operators.py
[2024-07-03T00:03:27.783+0000] {logging_mixin.py:188} INFO - [2024-07-03T00:03:27.783+0000] {dag.py:3096} INFO - Sync 1 DAGs
[2024-07-03T00:03:27.811+0000] {logging_mixin.py:188} INFO - [2024-07-03T00:03:27.811+0000] {dag.py:3954} INFO - Setting next_dagrun for example_dynamic_task_mapping_with_no_taskflow_operators to 2024-07-02 00:00:00+00:00, run_after=2024-07-03 00:00:00+00:00
[2024-07-03T00:03:27.833+0000] {processor.py:183} INFO - Processing /home/airflow/.local/lib/python3.12/site-packages/airflow/example_dags/example_dynamic_task_mapping_with_no_taskflow_operators.py took 0.089 seconds
[2024-07-03T00:03:58.132+0000] {processor.py:161} INFO - Started process (PID=1153) to work on /home/airflow/.local/lib/python3.12/site-packages/airflow/example_dags/example_dynamic_task_mapping_with_no_taskflow_operators.py
[2024-07-03T00:03:58.133+0000] {processor.py:830} INFO - Processing file /home/airflow/.local/lib/python3.12/site-packages/airflow/example_dags/example_dynamic_task_mapping_with_no_taskflow_operators.py for tasks to queue
[2024-07-03T00:03:58.135+0000] {logging_mixin.py:188} INFO - [2024-07-03T00:03:58.135+0000] {dagbag.py:545} INFO - Filling up the DagBag from /home/airflow/.local/lib/python3.12/site-packages/airflow/example_dags/example_dynamic_task_mapping_with_no_taskflow_operators.py
[2024-07-03T00:03:58.142+0000] {processor.py:840} INFO - DAG(s) 'example_dynamic_task_mapping_with_no_taskflow_operators' retrieved from /home/airflow/.local/lib/python3.12/site-packages/airflow/example_dags/example_dynamic_task_mapping_with_no_taskflow_operators.py
[2024-07-03T00:03:58.165+0000] {logging_mixin.py:188} INFO - [2024-07-03T00:03:58.165+0000] {dag.py:3096} INFO - Sync 1 DAGs
[2024-07-03T00:03:58.195+0000] {logging_mixin.py:188} INFO - [2024-07-03T00:03:58.195+0000] {dag.py:3954} INFO - Setting next_dagrun for example_dynamic_task_mapping_with_no_taskflow_operators to 2024-07-02 00:00:00+00:00, run_after=2024-07-03 00:00:00+00:00
[2024-07-03T00:03:58.216+0000] {processor.py:183} INFO - Processing /home/airflow/.local/lib/python3.12/site-packages/airflow/example_dags/example_dynamic_task_mapping_with_no_taskflow_operators.py took 0.090 seconds
[2024-07-03T00:04:28.323+0000] {processor.py:161} INFO - Started process (PID=1211) to work on /home/airflow/.local/lib/python3.12/site-packages/airflow/example_dags/example_dynamic_task_mapping_with_no_taskflow_operators.py
[2024-07-03T00:04:28.324+0000] {processor.py:830} INFO - Processing file /home/airflow/.local/lib/python3.12/site-packages/airflow/example_dags/example_dynamic_task_mapping_with_no_taskflow_operators.py for tasks to queue
[2024-07-03T00:04:28.326+0000] {logging_mixin.py:188} INFO - [2024-07-03T00:04:28.326+0000] {dagbag.py:545} INFO - Filling up the DagBag from /home/airflow/.local/lib/python3.12/site-packages/airflow/example_dags/example_dynamic_task_mapping_with_no_taskflow_operators.py
[2024-07-03T00:04:28.334+0000] {processor.py:840} INFO - DAG(s) 'example_dynamic_task_mapping_with_no_taskflow_operators' retrieved from /home/airflow/.local/lib/python3.12/site-packages/airflow/example_dags/example_dynamic_task_mapping_with_no_taskflow_operators.py
[2024-07-03T00:04:28.360+0000] {logging_mixin.py:188} INFO - [2024-07-03T00:04:28.359+0000] {dag.py:3096} INFO - Sync 1 DAGs
[2024-07-03T00:04:28.391+0000] {logging_mixin.py:188} INFO - [2024-07-03T00:04:28.391+0000] {dag.py:3954} INFO - Setting next_dagrun for example_dynamic_task_mapping_with_no_taskflow_operators to 2024-07-02 00:00:00+00:00, run_after=2024-07-03 00:00:00+00:00
[2024-07-03T00:04:28.411+0000] {processor.py:183} INFO - Processing /home/airflow/.local/lib/python3.12/site-packages/airflow/example_dags/example_dynamic_task_mapping_with_no_taskflow_operators.py took 0.096 seconds
[2024-07-03T00:04:58.677+0000] {processor.py:161} INFO - Started process (PID=1269) to work on /home/airflow/.local/lib/python3.12/site-packages/airflow/example_dags/example_dynamic_task_mapping_with_no_taskflow_operators.py
[2024-07-03T00:04:58.678+0000] {processor.py:830} INFO - Processing file /home/airflow/.local/lib/python3.12/site-packages/airflow/example_dags/example_dynamic_task_mapping_with_no_taskflow_operators.py for tasks to queue
[2024-07-03T00:04:58.680+0000] {logging_mixin.py:188} INFO - [2024-07-03T00:04:58.679+0000] {dagbag.py:545} INFO - Filling up the DagBag from /home/airflow/.local/lib/python3.12/site-packages/airflow/example_dags/example_dynamic_task_mapping_with_no_taskflow_operators.py
[2024-07-03T00:04:58.687+0000] {processor.py:840} INFO - DAG(s) 'example_dynamic_task_mapping_with_no_taskflow_operators' retrieved from /home/airflow/.local/lib/python3.12/site-packages/airflow/example_dags/example_dynamic_task_mapping_with_no_taskflow_operators.py
[2024-07-03T00:04:58.709+0000] {logging_mixin.py:188} INFO - [2024-07-03T00:04:58.708+0000] {dag.py:3096} INFO - Sync 1 DAGs
[2024-07-03T00:04:58.731+0000] {logging_mixin.py:188} INFO - [2024-07-03T00:04:58.730+0000] {dag.py:3954} INFO - Setting next_dagrun for example_dynamic_task_mapping_with_no_taskflow_operators to 2024-07-02 00:00:00+00:00, run_after=2024-07-03 00:00:00+00:00
[2024-07-03T00:04:58.747+0000] {processor.py:183} INFO - Processing /home/airflow/.local/lib/python3.12/site-packages/airflow/example_dags/example_dynamic_task_mapping_with_no_taskflow_operators.py took 0.085 seconds
[2024-07-03T00:05:28.810+0000] {processor.py:161} INFO - Started process (PID=1327) to work on /home/airflow/.local/lib/python3.12/site-packages/airflow/example_dags/example_dynamic_task_mapping_with_no_taskflow_operators.py
[2024-07-03T00:05:28.812+0000] {processor.py:830} INFO - Processing file /home/airflow/.local/lib/python3.12/site-packages/airflow/example_dags/example_dynamic_task_mapping_with_no_taskflow_operators.py for tasks to queue
[2024-07-03T00:05:28.814+0000] {logging_mixin.py:188} INFO - [2024-07-03T00:05:28.813+0000] {dagbag.py:545} INFO - Filling up the DagBag from /home/airflow/.local/lib/python3.12/site-packages/airflow/example_dags/example_dynamic_task_mapping_with_no_taskflow_operators.py
[2024-07-03T00:05:28.823+0000] {processor.py:840} INFO - DAG(s) 'example_dynamic_task_mapping_with_no_taskflow_operators' retrieved from /home/airflow/.local/lib/python3.12/site-packages/airflow/example_dags/example_dynamic_task_mapping_with_no_taskflow_operators.py
[2024-07-03T00:05:28.846+0000] {logging_mixin.py:188} INFO - [2024-07-03T00:05:28.846+0000] {dag.py:3096} INFO - Sync 1 DAGs
[2024-07-03T00:05:28.870+0000] {logging_mixin.py:188} INFO - [2024-07-03T00:05:28.870+0000] {dag.py:3954} INFO - Setting next_dagrun for example_dynamic_task_mapping_with_no_taskflow_operators to 2024-07-02 00:00:00+00:00, run_after=2024-07-03 00:00:00+00:00
[2024-07-03T00:05:28.888+0000] {processor.py:183} INFO - Processing /home/airflow/.local/lib/python3.12/site-packages/airflow/example_dags/example_dynamic_task_mapping_with_no_taskflow_operators.py took 0.086 seconds
[2024-07-03T00:05:59.123+0000] {processor.py:161} INFO - Started process (PID=1385) to work on /home/airflow/.local/lib/python3.12/site-packages/airflow/example_dags/example_dynamic_task_mapping_with_no_taskflow_operators.py
[2024-07-03T00:05:59.124+0000] {processor.py:830} INFO - Processing file /home/airflow/.local/lib/python3.12/site-packages/airflow/example_dags/example_dynamic_task_mapping_with_no_taskflow_operators.py for tasks to queue
[2024-07-03T00:05:59.129+0000] {logging_mixin.py:188} INFO - [2024-07-03T00:05:59.128+0000] {dagbag.py:545} INFO - Filling up the DagBag from /home/airflow/.local/lib/python3.12/site-packages/airflow/example_dags/example_dynamic_task_mapping_with_no_taskflow_operators.py
[2024-07-03T00:05:59.141+0000] {processor.py:840} INFO - DAG(s) 'example_dynamic_task_mapping_with_no_taskflow_operators' retrieved from /home/airflow/.local/lib/python3.12/site-packages/airflow/example_dags/example_dynamic_task_mapping_with_no_taskflow_operators.py
[2024-07-03T00:05:59.189+0000] {logging_mixin.py:188} INFO - [2024-07-03T00:05:59.188+0000] {dag.py:3096} INFO - Sync 1 DAGs
[2024-07-03T00:05:59.274+0000] {logging_mixin.py:188} INFO - [2024-07-03T00:05:59.273+0000] {dag.py:3954} INFO - Setting next_dagrun for example_dynamic_task_mapping_with_no_taskflow_operators to 2024-07-02 00:00:00+00:00, run_after=2024-07-03 00:00:00+00:00
[2024-07-03T00:05:59.304+0000] {processor.py:183} INFO - Processing /home/airflow/.local/lib/python3.12/site-packages/airflow/example_dags/example_dynamic_task_mapping_with_no_taskflow_operators.py took 0.192 seconds
[2024-07-03T00:06:29.428+0000] {processor.py:161} INFO - Started process (PID=1443) to work on /home/airflow/.local/lib/python3.12/site-packages/airflow/example_dags/example_dynamic_task_mapping_with_no_taskflow_operators.py
[2024-07-03T00:06:29.430+0000] {processor.py:830} INFO - Processing file /home/airflow/.local/lib/python3.12/site-packages/airflow/example_dags/example_dynamic_task_mapping_with_no_taskflow_operators.py for tasks to queue
[2024-07-03T00:06:29.431+0000] {logging_mixin.py:188} INFO - [2024-07-03T00:06:29.431+0000] {dagbag.py:545} INFO - Filling up the DagBag from /home/airflow/.local/lib/python3.12/site-packages/airflow/example_dags/example_dynamic_task_mapping_with_no_taskflow_operators.py
[2024-07-03T00:06:29.440+0000] {processor.py:840} INFO - DAG(s) 'example_dynamic_task_mapping_with_no_taskflow_operators' retrieved from /home/airflow/.local/lib/python3.12/site-packages/airflow/example_dags/example_dynamic_task_mapping_with_no_taskflow_operators.py
[2024-07-03T00:06:29.469+0000] {logging_mixin.py:188} INFO - [2024-07-03T00:06:29.469+0000] {dag.py:3096} INFO - Sync 1 DAGs
[2024-07-03T00:06:29.504+0000] {logging_mixin.py:188} INFO - [2024-07-03T00:06:29.504+0000] {dag.py:3954} INFO - Setting next_dagrun for example_dynamic_task_mapping_with_no_taskflow_operators to 2024-07-02 00:00:00+00:00, run_after=2024-07-03 00:00:00+00:00
[2024-07-03T00:06:29.538+0000] {processor.py:183} INFO - Processing /home/airflow/.local/lib/python3.12/site-packages/airflow/example_dags/example_dynamic_task_mapping_with_no_taskflow_operators.py took 0.117 seconds
[2024-07-03T00:06:59.618+0000] {processor.py:161} INFO - Started process (PID=1501) to work on /home/airflow/.local/lib/python3.12/site-packages/airflow/example_dags/example_dynamic_task_mapping_with_no_taskflow_operators.py
[2024-07-03T00:06:59.619+0000] {processor.py:830} INFO - Processing file /home/airflow/.local/lib/python3.12/site-packages/airflow/example_dags/example_dynamic_task_mapping_with_no_taskflow_operators.py for tasks to queue
[2024-07-03T00:06:59.621+0000] {logging_mixin.py:188} INFO - [2024-07-03T00:06:59.621+0000] {dagbag.py:545} INFO - Filling up the DagBag from /home/airflow/.local/lib/python3.12/site-packages/airflow/example_dags/example_dynamic_task_mapping_with_no_taskflow_operators.py
[2024-07-03T00:06:59.628+0000] {processor.py:840} INFO - DAG(s) 'example_dynamic_task_mapping_with_no_taskflow_operators' retrieved from /home/airflow/.local/lib/python3.12/site-packages/airflow/example_dags/example_dynamic_task_mapping_with_no_taskflow_operators.py
[2024-07-03T00:06:59.650+0000] {logging_mixin.py:188} INFO - [2024-07-03T00:06:59.650+0000] {dag.py:3096} INFO - Sync 1 DAGs
[2024-07-03T00:06:59.676+0000] {logging_mixin.py:188} INFO - [2024-07-03T00:06:59.675+0000] {dag.py:3954} INFO - Setting next_dagrun for example_dynamic_task_mapping_with_no_taskflow_operators to 2024-07-02 00:00:00+00:00, run_after=2024-07-03 00:00:00+00:00
[2024-07-03T00:06:59.694+0000] {processor.py:183} INFO - Processing /home/airflow/.local/lib/python3.12/site-packages/airflow/example_dags/example_dynamic_task_mapping_with_no_taskflow_operators.py took 0.081 seconds
