[2024-07-03T00:00:29.932+0000] {processor.py:161} INFO - Started process (PID=775) to work on /home/airflow/.local/lib/python3.12/site-packages/airflow/example_dags/example_xcomargs.py
[2024-07-03T00:00:29.932+0000] {processor.py:830} INFO - Processing file /home/airflow/.local/lib/python3.12/site-packages/airflow/example_dags/example_xcomargs.py for tasks to queue
[2024-07-03T00:00:29.934+0000] {logging_mixin.py:188} INFO - [2024-07-03T00:00:29.934+0000] {dagbag.py:545} INFO - Filling up the DagBag from /home/airflow/.local/lib/python3.12/site-packages/airflow/example_dags/example_xcomargs.py
[2024-07-03T00:00:29.943+0000] {processor.py:840} INFO - DAG(s) 'example_xcom_args', 'example_xcom_args_with_operators' retrieved from /home/airflow/.local/lib/python3.12/site-packages/airflow/example_dags/example_xcomargs.py
[2024-07-03T00:00:29.970+0000] {logging_mixin.py:188} INFO - [2024-07-03T00:00:29.969+0000] {dag.py:3096} INFO - Sync 2 DAGs
[2024-07-03T00:00:29.985+0000] {logging_mixin.py:188} INFO - [2024-07-03T00:00:29.985+0000] {dag.py:3954} INFO - Setting next_dagrun for example_xcom_args to None, run_after=None
[2024-07-03T00:00:29.989+0000] {logging_mixin.py:188} INFO - [2024-07-03T00:00:29.989+0000] {dag.py:3954} INFO - Setting next_dagrun for example_xcom_args_with_operators to None, run_after=None
[2024-07-03T00:00:30.007+0000] {processor.py:183} INFO - Processing /home/airflow/.local/lib/python3.12/site-packages/airflow/example_dags/example_xcomargs.py took 0.082 seconds
[2024-07-03T00:01:00.224+0000] {processor.py:161} INFO - Started process (PID=833) to work on /home/airflow/.local/lib/python3.12/site-packages/airflow/example_dags/example_xcomargs.py
[2024-07-03T00:01:00.232+0000] {processor.py:830} INFO - Processing file /home/airflow/.local/lib/python3.12/site-packages/airflow/example_dags/example_xcomargs.py for tasks to queue
[2024-07-03T00:01:00.234+0000] {logging_mixin.py:188} INFO - [2024-07-03T00:01:00.233+0000] {dagbag.py:545} INFO - Filling up the DagBag from /home/airflow/.local/lib/python3.12/site-packages/airflow/example_dags/example_xcomargs.py
[2024-07-03T00:01:00.243+0000] {processor.py:840} INFO - DAG(s) 'example_xcom_args_with_operators', 'example_xcom_args' retrieved from /home/airflow/.local/lib/python3.12/site-packages/airflow/example_dags/example_xcomargs.py
[2024-07-03T00:01:00.275+0000] {logging_mixin.py:188} INFO - [2024-07-03T00:01:00.275+0000] {dag.py:3096} INFO - Sync 2 DAGs
[2024-07-03T00:01:00.297+0000] {logging_mixin.py:188} INFO - [2024-07-03T00:01:00.297+0000] {dag.py:3954} INFO - Setting next_dagrun for example_xcom_args to None, run_after=None
[2024-07-03T00:01:00.301+0000] {logging_mixin.py:188} INFO - [2024-07-03T00:01:00.300+0000] {dag.py:3954} INFO - Setting next_dagrun for example_xcom_args_with_operators to None, run_after=None
[2024-07-03T00:01:00.317+0000] {processor.py:183} INFO - Processing /home/airflow/.local/lib/python3.12/site-packages/airflow/example_dags/example_xcomargs.py took 0.100 seconds
[2024-07-03T00:01:30.437+0000] {processor.py:161} INFO - Started process (PID=891) to work on /home/airflow/.local/lib/python3.12/site-packages/airflow/example_dags/example_xcomargs.py
[2024-07-03T00:01:30.438+0000] {processor.py:830} INFO - Processing file /home/airflow/.local/lib/python3.12/site-packages/airflow/example_dags/example_xcomargs.py for tasks to queue
[2024-07-03T00:01:30.440+0000] {logging_mixin.py:188} INFO - [2024-07-03T00:01:30.440+0000] {dagbag.py:545} INFO - Filling up the DagBag from /home/airflow/.local/lib/python3.12/site-packages/airflow/example_dags/example_xcomargs.py
[2024-07-03T00:01:30.449+0000] {processor.py:840} INFO - DAG(s) 'example_xcom_args', 'example_xcom_args_with_operators' retrieved from /home/airflow/.local/lib/python3.12/site-packages/airflow/example_dags/example_xcomargs.py
[2024-07-03T00:01:30.473+0000] {logging_mixin.py:188} INFO - [2024-07-03T00:01:30.473+0000] {dag.py:3096} INFO - Sync 2 DAGs
[2024-07-03T00:01:30.487+0000] {logging_mixin.py:188} INFO - [2024-07-03T00:01:30.487+0000] {dag.py:3954} INFO - Setting next_dagrun for example_xcom_args to None, run_after=None
[2024-07-03T00:01:30.490+0000] {logging_mixin.py:188} INFO - [2024-07-03T00:01:30.490+0000] {dag.py:3954} INFO - Setting next_dagrun for example_xcom_args_with_operators to None, run_after=None
[2024-07-03T00:01:30.507+0000] {processor.py:183} INFO - Processing /home/airflow/.local/lib/python3.12/site-packages/airflow/example_dags/example_xcomargs.py took 0.076 seconds
[2024-07-03T00:02:00.724+0000] {processor.py:161} INFO - Started process (PID=949) to work on /home/airflow/.local/lib/python3.12/site-packages/airflow/example_dags/example_xcomargs.py
[2024-07-03T00:02:00.726+0000] {processor.py:830} INFO - Processing file /home/airflow/.local/lib/python3.12/site-packages/airflow/example_dags/example_xcomargs.py for tasks to queue
[2024-07-03T00:02:00.728+0000] {logging_mixin.py:188} INFO - [2024-07-03T00:02:00.727+0000] {dagbag.py:545} INFO - Filling up the DagBag from /home/airflow/.local/lib/python3.12/site-packages/airflow/example_dags/example_xcomargs.py
[2024-07-03T00:02:00.737+0000] {processor.py:840} INFO - DAG(s) 'example_xcom_args_with_operators', 'example_xcom_args' retrieved from /home/airflow/.local/lib/python3.12/site-packages/airflow/example_dags/example_xcomargs.py
[2024-07-03T00:02:00.767+0000] {logging_mixin.py:188} INFO - [2024-07-03T00:02:00.767+0000] {dag.py:3096} INFO - Sync 2 DAGs
[2024-07-03T00:02:00.780+0000] {logging_mixin.py:188} INFO - [2024-07-03T00:02:00.780+0000] {dag.py:3954} INFO - Setting next_dagrun for example_xcom_args to None, run_after=None
[2024-07-03T00:02:00.784+0000] {logging_mixin.py:188} INFO - [2024-07-03T00:02:00.784+0000] {dag.py:3954} INFO - Setting next_dagrun for example_xcom_args_with_operators to None, run_after=None
[2024-07-03T00:02:00.800+0000] {processor.py:183} INFO - Processing /home/airflow/.local/lib/python3.12/site-packages/airflow/example_dags/example_xcomargs.py took 0.082 seconds
[2024-07-03T00:02:31.365+0000] {processor.py:161} INFO - Started process (PID=1007) to work on /home/airflow/.local/lib/python3.12/site-packages/airflow/example_dags/example_xcomargs.py
[2024-07-03T00:02:31.366+0000] {processor.py:830} INFO - Processing file /home/airflow/.local/lib/python3.12/site-packages/airflow/example_dags/example_xcomargs.py for tasks to queue
[2024-07-03T00:02:31.367+0000] {logging_mixin.py:188} INFO - [2024-07-03T00:02:31.367+0000] {dagbag.py:545} INFO - Filling up the DagBag from /home/airflow/.local/lib/python3.12/site-packages/airflow/example_dags/example_xcomargs.py
[2024-07-03T00:02:31.377+0000] {processor.py:840} INFO - DAG(s) 'example_xcom_args', 'example_xcom_args_with_operators' retrieved from /home/airflow/.local/lib/python3.12/site-packages/airflow/example_dags/example_xcomargs.py
[2024-07-03T00:02:31.406+0000] {logging_mixin.py:188} INFO - [2024-07-03T00:02:31.405+0000] {dag.py:3096} INFO - Sync 2 DAGs
[2024-07-03T00:02:31.423+0000] {logging_mixin.py:188} INFO - [2024-07-03T00:02:31.423+0000] {dag.py:3954} INFO - Setting next_dagrun for example_xcom_args to None, run_after=None
[2024-07-03T00:02:31.428+0000] {logging_mixin.py:188} INFO - [2024-07-03T00:02:31.427+0000] {dag.py:3954} INFO - Setting next_dagrun for example_xcom_args_with_operators to None, run_after=None
[2024-07-03T00:02:31.445+0000] {processor.py:183} INFO - Processing /home/airflow/.local/lib/python3.12/site-packages/airflow/example_dags/example_xcomargs.py took 0.087 seconds
[2024-07-03T00:03:02.133+0000] {processor.py:161} INFO - Started process (PID=1065) to work on /home/airflow/.local/lib/python3.12/site-packages/airflow/example_dags/example_xcomargs.py
[2024-07-03T00:03:02.134+0000] {processor.py:830} INFO - Processing file /home/airflow/.local/lib/python3.12/site-packages/airflow/example_dags/example_xcomargs.py for tasks to queue
[2024-07-03T00:03:02.136+0000] {logging_mixin.py:188} INFO - [2024-07-03T00:03:02.136+0000] {dagbag.py:545} INFO - Filling up the DagBag from /home/airflow/.local/lib/python3.12/site-packages/airflow/example_dags/example_xcomargs.py
[2024-07-03T00:03:02.146+0000] {processor.py:840} INFO - DAG(s) 'example_xcom_args', 'example_xcom_args_with_operators' retrieved from /home/airflow/.local/lib/python3.12/site-packages/airflow/example_dags/example_xcomargs.py
[2024-07-03T00:03:02.176+0000] {logging_mixin.py:188} INFO - [2024-07-03T00:03:02.176+0000] {dag.py:3096} INFO - Sync 2 DAGs
[2024-07-03T00:03:02.191+0000] {logging_mixin.py:188} INFO - [2024-07-03T00:03:02.191+0000] {dag.py:3954} INFO - Setting next_dagrun for example_xcom_args to None, run_after=None
[2024-07-03T00:03:02.196+0000] {logging_mixin.py:188} INFO - [2024-07-03T00:03:02.195+0000] {dag.py:3954} INFO - Setting next_dagrun for example_xcom_args_with_operators to None, run_after=None
[2024-07-03T00:03:02.216+0000] {processor.py:183} INFO - Processing /home/airflow/.local/lib/python3.12/site-packages/airflow/example_dags/example_xcomargs.py took 0.091 seconds
[2024-07-03T00:03:32.791+0000] {processor.py:161} INFO - Started process (PID=1123) to work on /home/airflow/.local/lib/python3.12/site-packages/airflow/example_dags/example_xcomargs.py
[2024-07-03T00:03:32.792+0000] {processor.py:830} INFO - Processing file /home/airflow/.local/lib/python3.12/site-packages/airflow/example_dags/example_xcomargs.py for tasks to queue
[2024-07-03T00:03:32.795+0000] {logging_mixin.py:188} INFO - [2024-07-03T00:03:32.794+0000] {dagbag.py:545} INFO - Filling up the DagBag from /home/airflow/.local/lib/python3.12/site-packages/airflow/example_dags/example_xcomargs.py
[2024-07-03T00:03:32.805+0000] {processor.py:840} INFO - DAG(s) 'example_xcom_args', 'example_xcom_args_with_operators' retrieved from /home/airflow/.local/lib/python3.12/site-packages/airflow/example_dags/example_xcomargs.py
[2024-07-03T00:03:32.835+0000] {logging_mixin.py:188} INFO - [2024-07-03T00:03:32.835+0000] {dag.py:3096} INFO - Sync 2 DAGs
[2024-07-03T00:03:32.853+0000] {logging_mixin.py:188} INFO - [2024-07-03T00:03:32.853+0000] {dag.py:3954} INFO - Setting next_dagrun for example_xcom_args to None, run_after=None
[2024-07-03T00:03:32.858+0000] {logging_mixin.py:188} INFO - [2024-07-03T00:03:32.857+0000] {dag.py:3954} INFO - Setting next_dagrun for example_xcom_args_with_operators to None, run_after=None
[2024-07-03T00:03:32.879+0000] {processor.py:183} INFO - Processing /home/airflow/.local/lib/python3.12/site-packages/airflow/example_dags/example_xcomargs.py took 0.095 seconds
[2024-07-03T00:04:03.042+0000] {processor.py:161} INFO - Started process (PID=1181) to work on /home/airflow/.local/lib/python3.12/site-packages/airflow/example_dags/example_xcomargs.py
[2024-07-03T00:04:03.043+0000] {processor.py:830} INFO - Processing file /home/airflow/.local/lib/python3.12/site-packages/airflow/example_dags/example_xcomargs.py for tasks to queue
[2024-07-03T00:04:03.045+0000] {logging_mixin.py:188} INFO - [2024-07-03T00:04:03.045+0000] {dagbag.py:545} INFO - Filling up the DagBag from /home/airflow/.local/lib/python3.12/site-packages/airflow/example_dags/example_xcomargs.py
[2024-07-03T00:04:03.054+0000] {processor.py:840} INFO - DAG(s) 'example_xcom_args_with_operators', 'example_xcom_args' retrieved from /home/airflow/.local/lib/python3.12/site-packages/airflow/example_dags/example_xcomargs.py
[2024-07-03T00:04:03.080+0000] {logging_mixin.py:188} INFO - [2024-07-03T00:04:03.080+0000] {dag.py:3096} INFO - Sync 2 DAGs
[2024-07-03T00:04:03.095+0000] {logging_mixin.py:188} INFO - [2024-07-03T00:04:03.095+0000] {dag.py:3954} INFO - Setting next_dagrun for example_xcom_args to None, run_after=None
[2024-07-03T00:04:03.099+0000] {logging_mixin.py:188} INFO - [2024-07-03T00:04:03.099+0000] {dag.py:3954} INFO - Setting next_dagrun for example_xcom_args_with_operators to None, run_after=None
[2024-07-03T00:04:03.118+0000] {processor.py:183} INFO - Processing /home/airflow/.local/lib/python3.12/site-packages/airflow/example_dags/example_xcomargs.py took 0.081 seconds
[2024-07-03T00:04:33.184+0000] {processor.py:161} INFO - Started process (PID=1239) to work on /home/airflow/.local/lib/python3.12/site-packages/airflow/example_dags/example_xcomargs.py
[2024-07-03T00:04:33.185+0000] {processor.py:830} INFO - Processing file /home/airflow/.local/lib/python3.12/site-packages/airflow/example_dags/example_xcomargs.py for tasks to queue
[2024-07-03T00:04:33.187+0000] {logging_mixin.py:188} INFO - [2024-07-03T00:04:33.186+0000] {dagbag.py:545} INFO - Filling up the DagBag from /home/airflow/.local/lib/python3.12/site-packages/airflow/example_dags/example_xcomargs.py
[2024-07-03T00:04:33.196+0000] {processor.py:840} INFO - DAG(s) 'example_xcom_args_with_operators', 'example_xcom_args' retrieved from /home/airflow/.local/lib/python3.12/site-packages/airflow/example_dags/example_xcomargs.py
[2024-07-03T00:04:33.222+0000] {logging_mixin.py:188} INFO - [2024-07-03T00:04:33.221+0000] {dag.py:3096} INFO - Sync 2 DAGs
[2024-07-03T00:04:33.235+0000] {logging_mixin.py:188} INFO - [2024-07-03T00:04:33.235+0000] {dag.py:3954} INFO - Setting next_dagrun for example_xcom_args to None, run_after=None
[2024-07-03T00:04:33.238+0000] {logging_mixin.py:188} INFO - [2024-07-03T00:04:33.238+0000] {dag.py:3954} INFO - Setting next_dagrun for example_xcom_args_with_operators to None, run_after=None
[2024-07-03T00:04:33.254+0000] {processor.py:183} INFO - Processing /home/airflow/.local/lib/python3.12/site-packages/airflow/example_dags/example_xcomargs.py took 0.076 seconds
[2024-07-03T00:05:03.489+0000] {processor.py:161} INFO - Started process (PID=1297) to work on /home/airflow/.local/lib/python3.12/site-packages/airflow/example_dags/example_xcomargs.py
[2024-07-03T00:05:03.491+0000] {processor.py:830} INFO - Processing file /home/airflow/.local/lib/python3.12/site-packages/airflow/example_dags/example_xcomargs.py for tasks to queue
[2024-07-03T00:05:03.493+0000] {logging_mixin.py:188} INFO - [2024-07-03T00:05:03.492+0000] {dagbag.py:545} INFO - Filling up the DagBag from /home/airflow/.local/lib/python3.12/site-packages/airflow/example_dags/example_xcomargs.py
[2024-07-03T00:05:03.502+0000] {processor.py:840} INFO - DAG(s) 'example_xcom_args', 'example_xcom_args_with_operators' retrieved from /home/airflow/.local/lib/python3.12/site-packages/airflow/example_dags/example_xcomargs.py
[2024-07-03T00:05:03.526+0000] {logging_mixin.py:188} INFO - [2024-07-03T00:05:03.526+0000] {dag.py:3096} INFO - Sync 2 DAGs
[2024-07-03T00:05:03.539+0000] {logging_mixin.py:188} INFO - [2024-07-03T00:05:03.539+0000] {dag.py:3954} INFO - Setting next_dagrun for example_xcom_args to None, run_after=None
[2024-07-03T00:05:03.543+0000] {logging_mixin.py:188} INFO - [2024-07-03T00:05:03.542+0000] {dag.py:3954} INFO - Setting next_dagrun for example_xcom_args_with_operators to None, run_after=None
[2024-07-03T00:05:03.557+0000] {processor.py:183} INFO - Processing /home/airflow/.local/lib/python3.12/site-packages/airflow/example_dags/example_xcomargs.py took 0.074 seconds
[2024-07-03T00:05:33.631+0000] {processor.py:161} INFO - Started process (PID=1355) to work on /home/airflow/.local/lib/python3.12/site-packages/airflow/example_dags/example_xcomargs.py
[2024-07-03T00:05:33.632+0000] {processor.py:830} INFO - Processing file /home/airflow/.local/lib/python3.12/site-packages/airflow/example_dags/example_xcomargs.py for tasks to queue
[2024-07-03T00:05:33.634+0000] {logging_mixin.py:188} INFO - [2024-07-03T00:05:33.633+0000] {dagbag.py:545} INFO - Filling up the DagBag from /home/airflow/.local/lib/python3.12/site-packages/airflow/example_dags/example_xcomargs.py
[2024-07-03T00:05:33.642+0000] {processor.py:840} INFO - DAG(s) 'example_xcom_args_with_operators', 'example_xcom_args' retrieved from /home/airflow/.local/lib/python3.12/site-packages/airflow/example_dags/example_xcomargs.py
[2024-07-03T00:05:33.665+0000] {logging_mixin.py:188} INFO - [2024-07-03T00:05:33.665+0000] {dag.py:3096} INFO - Sync 2 DAGs
[2024-07-03T00:05:33.678+0000] {logging_mixin.py:188} INFO - [2024-07-03T00:05:33.678+0000] {dag.py:3954} INFO - Setting next_dagrun for example_xcom_args to None, run_after=None
[2024-07-03T00:05:33.682+0000] {logging_mixin.py:188} INFO - [2024-07-03T00:05:33.681+0000] {dag.py:3954} INFO - Setting next_dagrun for example_xcom_args_with_operators to None, run_after=None
[2024-07-03T00:05:33.697+0000] {processor.py:183} INFO - Processing /home/airflow/.local/lib/python3.12/site-packages/airflow/example_dags/example_xcomargs.py took 0.072 seconds
[2024-07-03T00:06:07.073+0000] {processor.py:161} INFO - Started process (PID=1413) to work on /home/airflow/.local/lib/python3.12/site-packages/airflow/example_dags/example_xcomargs.py
[2024-07-03T00:06:07.074+0000] {processor.py:830} INFO - Processing file /home/airflow/.local/lib/python3.12/site-packages/airflow/example_dags/example_xcomargs.py for tasks to queue
[2024-07-03T00:06:07.076+0000] {logging_mixin.py:188} INFO - [2024-07-03T00:06:07.076+0000] {dagbag.py:545} INFO - Filling up the DagBag from /home/airflow/.local/lib/python3.12/site-packages/airflow/example_dags/example_xcomargs.py
[2024-07-03T00:06:07.089+0000] {processor.py:840} INFO - DAG(s) 'example_xcom_args_with_operators', 'example_xcom_args' retrieved from /home/airflow/.local/lib/python3.12/site-packages/airflow/example_dags/example_xcomargs.py
[2024-07-03T00:06:07.173+0000] {logging_mixin.py:188} INFO - [2024-07-03T00:06:07.173+0000] {dag.py:3096} INFO - Sync 2 DAGs
[2024-07-03T00:06:07.192+0000] {logging_mixin.py:188} INFO - [2024-07-03T00:06:07.191+0000] {dag.py:3954} INFO - Setting next_dagrun for example_xcom_args to None, run_after=None
[2024-07-03T00:06:07.197+0000] {logging_mixin.py:188} INFO - [2024-07-03T00:06:07.197+0000] {dag.py:3954} INFO - Setting next_dagrun for example_xcom_args_with_operators to None, run_after=None
[2024-07-03T00:06:07.303+0000] {processor.py:183} INFO - Processing /home/airflow/.local/lib/python3.12/site-packages/airflow/example_dags/example_xcomargs.py took 0.296 seconds
[2024-07-03T00:06:37.540+0000] {processor.py:161} INFO - Started process (PID=1471) to work on /home/airflow/.local/lib/python3.12/site-packages/airflow/example_dags/example_xcomargs.py
[2024-07-03T00:06:37.542+0000] {processor.py:830} INFO - Processing file /home/airflow/.local/lib/python3.12/site-packages/airflow/example_dags/example_xcomargs.py for tasks to queue
[2024-07-03T00:06:37.545+0000] {logging_mixin.py:188} INFO - [2024-07-03T00:06:37.544+0000] {dagbag.py:545} INFO - Filling up the DagBag from /home/airflow/.local/lib/python3.12/site-packages/airflow/example_dags/example_xcomargs.py
[2024-07-03T00:06:37.558+0000] {processor.py:840} INFO - DAG(s) 'example_xcom_args_with_operators', 'example_xcom_args' retrieved from /home/airflow/.local/lib/python3.12/site-packages/airflow/example_dags/example_xcomargs.py
[2024-07-03T00:06:37.601+0000] {logging_mixin.py:188} INFO - [2024-07-03T00:06:37.600+0000] {dag.py:3096} INFO - Sync 2 DAGs
[2024-07-03T00:06:37.623+0000] {logging_mixin.py:188} INFO - [2024-07-03T00:06:37.622+0000] {dag.py:3954} INFO - Setting next_dagrun for example_xcom_args to None, run_after=None
[2024-07-03T00:06:37.629+0000] {logging_mixin.py:188} INFO - [2024-07-03T00:06:37.628+0000] {dag.py:3954} INFO - Setting next_dagrun for example_xcom_args_with_operators to None, run_after=None
[2024-07-03T00:06:37.657+0000] {processor.py:183} INFO - Processing /home/airflow/.local/lib/python3.12/site-packages/airflow/example_dags/example_xcomargs.py took 0.130 seconds
[2024-07-03T00:07:07.735+0000] {processor.py:161} INFO - Started process (PID=1529) to work on /home/airflow/.local/lib/python3.12/site-packages/airflow/example_dags/example_xcomargs.py
[2024-07-03T00:07:07.736+0000] {processor.py:830} INFO - Processing file /home/airflow/.local/lib/python3.12/site-packages/airflow/example_dags/example_xcomargs.py for tasks to queue
[2024-07-03T00:07:07.738+0000] {logging_mixin.py:188} INFO - [2024-07-03T00:07:07.738+0000] {dagbag.py:545} INFO - Filling up the DagBag from /home/airflow/.local/lib/python3.12/site-packages/airflow/example_dags/example_xcomargs.py
[2024-07-03T00:07:07.747+0000] {processor.py:840} INFO - DAG(s) 'example_xcom_args_with_operators', 'example_xcom_args' retrieved from /home/airflow/.local/lib/python3.12/site-packages/airflow/example_dags/example_xcomargs.py
[2024-07-03T00:07:07.772+0000] {logging_mixin.py:188} INFO - [2024-07-03T00:07:07.772+0000] {dag.py:3096} INFO - Sync 2 DAGs
[2024-07-03T00:07:07.788+0000] {logging_mixin.py:188} INFO - [2024-07-03T00:07:07.788+0000] {dag.py:3954} INFO - Setting next_dagrun for example_xcom_args to None, run_after=None
[2024-07-03T00:07:07.793+0000] {logging_mixin.py:188} INFO - [2024-07-03T00:07:07.792+0000] {dag.py:3954} INFO - Setting next_dagrun for example_xcom_args_with_operators to None, run_after=None
[2024-07-03T00:07:07.814+0000] {processor.py:183} INFO - Processing /home/airflow/.local/lib/python3.12/site-packages/airflow/example_dags/example_xcomargs.py took 0.085 seconds
