[2024-07-03T00:00:18.391+0000] {processor.py:161} INFO - Started process (PID=733) to work on /home/airflow/.local/lib/python3.12/site-packages/airflow/example_dags/example_branch_labels.py
[2024-07-03T00:00:18.391+0000] {processor.py:830} INFO - Processing file /home/airflow/.local/lib/python3.12/site-packages/airflow/example_dags/example_branch_labels.py for tasks to queue
[2024-07-03T00:00:18.393+0000] {logging_mixin.py:188} INFO - [2024-07-03T00:00:18.393+0000] {dagbag.py:545} INFO - Filling up the DagBag from /home/airflow/.local/lib/python3.12/site-packages/airflow/example_dags/example_branch_labels.py
[2024-07-03T00:00:18.403+0000] {processor.py:840} INFO - DAG(s) 'example_branch_labels' retrieved from /home/airflow/.local/lib/python3.12/site-packages/airflow/example_dags/example_branch_labels.py
[2024-07-03T00:00:18.430+0000] {logging_mixin.py:188} INFO - [2024-07-03T00:00:18.430+0000] {dag.py:3096} INFO - Sync 1 DAGs
[2024-07-03T00:00:18.462+0000] {logging_mixin.py:188} INFO - [2024-07-03T00:00:18.461+0000] {dag.py:3954} INFO - Setting next_dagrun for example_branch_labels to 2024-07-02 00:00:00+00:00, run_after=2024-07-03 00:00:00+00:00
[2024-07-03T00:00:18.482+0000] {processor.py:183} INFO - Processing /home/airflow/.local/lib/python3.12/site-packages/airflow/example_dags/example_branch_labels.py took 0.098 seconds
[2024-07-03T00:00:48.792+0000] {processor.py:161} INFO - Started process (PID=791) to work on /home/airflow/.local/lib/python3.12/site-packages/airflow/example_dags/example_branch_labels.py
[2024-07-03T00:00:48.793+0000] {processor.py:830} INFO - Processing file /home/airflow/.local/lib/python3.12/site-packages/airflow/example_dags/example_branch_labels.py for tasks to queue
[2024-07-03T00:00:48.795+0000] {logging_mixin.py:188} INFO - [2024-07-03T00:00:48.794+0000] {dagbag.py:545} INFO - Filling up the DagBag from /home/airflow/.local/lib/python3.12/site-packages/airflow/example_dags/example_branch_labels.py
[2024-07-03T00:00:48.802+0000] {processor.py:840} INFO - DAG(s) 'example_branch_labels' retrieved from /home/airflow/.local/lib/python3.12/site-packages/airflow/example_dags/example_branch_labels.py
[2024-07-03T00:00:48.824+0000] {logging_mixin.py:188} INFO - [2024-07-03T00:00:48.823+0000] {dag.py:3096} INFO - Sync 1 DAGs
[2024-07-03T00:00:48.845+0000] {logging_mixin.py:188} INFO - [2024-07-03T00:00:48.845+0000] {dag.py:3954} INFO - Setting next_dagrun for example_branch_labels to 2024-07-02 00:00:00+00:00, run_after=2024-07-03 00:00:00+00:00
[2024-07-03T00:00:48.861+0000] {processor.py:183} INFO - Processing /home/airflow/.local/lib/python3.12/site-packages/airflow/example_dags/example_branch_labels.py took 0.075 seconds
[2024-07-03T00:01:19.078+0000] {processor.py:161} INFO - Started process (PID=849) to work on /home/airflow/.local/lib/python3.12/site-packages/airflow/example_dags/example_branch_labels.py
[2024-07-03T00:01:19.079+0000] {processor.py:830} INFO - Processing file /home/airflow/.local/lib/python3.12/site-packages/airflow/example_dags/example_branch_labels.py for tasks to queue
[2024-07-03T00:01:19.081+0000] {logging_mixin.py:188} INFO - [2024-07-03T00:01:19.080+0000] {dagbag.py:545} INFO - Filling up the DagBag from /home/airflow/.local/lib/python3.12/site-packages/airflow/example_dags/example_branch_labels.py
[2024-07-03T00:01:19.089+0000] {processor.py:840} INFO - DAG(s) 'example_branch_labels' retrieved from /home/airflow/.local/lib/python3.12/site-packages/airflow/example_dags/example_branch_labels.py
[2024-07-03T00:01:19.113+0000] {logging_mixin.py:188} INFO - [2024-07-03T00:01:19.113+0000] {dag.py:3096} INFO - Sync 1 DAGs
[2024-07-03T00:01:19.138+0000] {logging_mixin.py:188} INFO - [2024-07-03T00:01:19.137+0000] {dag.py:3954} INFO - Setting next_dagrun for example_branch_labels to 2024-07-02 00:00:00+00:00, run_after=2024-07-03 00:00:00+00:00
[2024-07-03T00:01:19.156+0000] {processor.py:183} INFO - Processing /home/airflow/.local/lib/python3.12/site-packages/airflow/example_dags/example_branch_labels.py took 0.084 seconds
[2024-07-03T00:01:49.271+0000] {processor.py:161} INFO - Started process (PID=907) to work on /home/airflow/.local/lib/python3.12/site-packages/airflow/example_dags/example_branch_labels.py
[2024-07-03T00:01:49.272+0000] {processor.py:830} INFO - Processing file /home/airflow/.local/lib/python3.12/site-packages/airflow/example_dags/example_branch_labels.py for tasks to queue
[2024-07-03T00:01:49.274+0000] {logging_mixin.py:188} INFO - [2024-07-03T00:01:49.274+0000] {dagbag.py:545} INFO - Filling up the DagBag from /home/airflow/.local/lib/python3.12/site-packages/airflow/example_dags/example_branch_labels.py
[2024-07-03T00:01:49.282+0000] {processor.py:840} INFO - DAG(s) 'example_branch_labels' retrieved from /home/airflow/.local/lib/python3.12/site-packages/airflow/example_dags/example_branch_labels.py
[2024-07-03T00:01:49.304+0000] {logging_mixin.py:188} INFO - [2024-07-03T00:01:49.303+0000] {dag.py:3096} INFO - Sync 1 DAGs
[2024-07-03T00:01:49.326+0000] {logging_mixin.py:188} INFO - [2024-07-03T00:01:49.325+0000] {dag.py:3954} INFO - Setting next_dagrun for example_branch_labels to 2024-07-02 00:00:00+00:00, run_after=2024-07-03 00:00:00+00:00
[2024-07-03T00:01:49.342+0000] {processor.py:183} INFO - Processing /home/airflow/.local/lib/python3.12/site-packages/airflow/example_dags/example_branch_labels.py took 0.077 seconds
[2024-07-03T00:02:19.541+0000] {processor.py:161} INFO - Started process (PID=965) to work on /home/airflow/.local/lib/python3.12/site-packages/airflow/example_dags/example_branch_labels.py
[2024-07-03T00:02:19.542+0000] {processor.py:830} INFO - Processing file /home/airflow/.local/lib/python3.12/site-packages/airflow/example_dags/example_branch_labels.py for tasks to queue
[2024-07-03T00:02:19.544+0000] {logging_mixin.py:188} INFO - [2024-07-03T00:02:19.544+0000] {dagbag.py:545} INFO - Filling up the DagBag from /home/airflow/.local/lib/python3.12/site-packages/airflow/example_dags/example_branch_labels.py
[2024-07-03T00:02:19.552+0000] {processor.py:840} INFO - DAG(s) 'example_branch_labels' retrieved from /home/airflow/.local/lib/python3.12/site-packages/airflow/example_dags/example_branch_labels.py
[2024-07-03T00:02:19.574+0000] {logging_mixin.py:188} INFO - [2024-07-03T00:02:19.574+0000] {dag.py:3096} INFO - Sync 1 DAGs
[2024-07-03T00:02:19.597+0000] {logging_mixin.py:188} INFO - [2024-07-03T00:02:19.597+0000] {dag.py:3954} INFO - Setting next_dagrun for example_branch_labels to 2024-07-02 00:00:00+00:00, run_after=2024-07-03 00:00:00+00:00
[2024-07-03T00:02:19.614+0000] {processor.py:183} INFO - Processing /home/airflow/.local/lib/python3.12/site-packages/airflow/example_dags/example_branch_labels.py took 0.079 seconds
[2024-07-03T00:02:49.753+0000] {processor.py:161} INFO - Started process (PID=1023) to work on /home/airflow/.local/lib/python3.12/site-packages/airflow/example_dags/example_branch_labels.py
[2024-07-03T00:02:49.754+0000] {processor.py:830} INFO - Processing file /home/airflow/.local/lib/python3.12/site-packages/airflow/example_dags/example_branch_labels.py for tasks to queue
[2024-07-03T00:02:49.756+0000] {logging_mixin.py:188} INFO - [2024-07-03T00:02:49.755+0000] {dagbag.py:545} INFO - Filling up the DagBag from /home/airflow/.local/lib/python3.12/site-packages/airflow/example_dags/example_branch_labels.py
[2024-07-03T00:02:49.763+0000] {processor.py:840} INFO - DAG(s) 'example_branch_labels' retrieved from /home/airflow/.local/lib/python3.12/site-packages/airflow/example_dags/example_branch_labels.py
[2024-07-03T00:02:49.787+0000] {logging_mixin.py:188} INFO - [2024-07-03T00:02:49.786+0000] {dag.py:3096} INFO - Sync 1 DAGs
[2024-07-03T00:02:49.812+0000] {logging_mixin.py:188} INFO - [2024-07-03T00:02:49.812+0000] {dag.py:3954} INFO - Setting next_dagrun for example_branch_labels to 2024-07-02 00:00:00+00:00, run_after=2024-07-03 00:00:00+00:00
[2024-07-03T00:02:49.829+0000] {processor.py:183} INFO - Processing /home/airflow/.local/lib/python3.12/site-packages/airflow/example_dags/example_branch_labels.py took 0.082 seconds
[2024-07-03T00:03:20.298+0000] {processor.py:161} INFO - Started process (PID=1081) to work on /home/airflow/.local/lib/python3.12/site-packages/airflow/example_dags/example_branch_labels.py
[2024-07-03T00:03:20.299+0000] {processor.py:830} INFO - Processing file /home/airflow/.local/lib/python3.12/site-packages/airflow/example_dags/example_branch_labels.py for tasks to queue
[2024-07-03T00:03:20.301+0000] {logging_mixin.py:188} INFO - [2024-07-03T00:03:20.301+0000] {dagbag.py:545} INFO - Filling up the DagBag from /home/airflow/.local/lib/python3.12/site-packages/airflow/example_dags/example_branch_labels.py
[2024-07-03T00:03:20.309+0000] {processor.py:840} INFO - DAG(s) 'example_branch_labels' retrieved from /home/airflow/.local/lib/python3.12/site-packages/airflow/example_dags/example_branch_labels.py
[2024-07-03T00:03:20.386+0000] {logging_mixin.py:188} INFO - [2024-07-03T00:03:20.385+0000] {dag.py:3096} INFO - Sync 1 DAGs
[2024-07-03T00:03:20.411+0000] {logging_mixin.py:188} INFO - [2024-07-03T00:03:20.410+0000] {dag.py:3954} INFO - Setting next_dagrun for example_branch_labels to 2024-07-02 00:00:00+00:00, run_after=2024-07-03 00:00:00+00:00
[2024-07-03T00:03:20.469+0000] {processor.py:183} INFO - Processing /home/airflow/.local/lib/python3.12/site-packages/airflow/example_dags/example_branch_labels.py took 0.177 seconds
[2024-07-03T00:03:50.573+0000] {processor.py:161} INFO - Started process (PID=1139) to work on /home/airflow/.local/lib/python3.12/site-packages/airflow/example_dags/example_branch_labels.py
[2024-07-03T00:03:50.574+0000] {processor.py:830} INFO - Processing file /home/airflow/.local/lib/python3.12/site-packages/airflow/example_dags/example_branch_labels.py for tasks to queue
[2024-07-03T00:03:50.576+0000] {logging_mixin.py:188} INFO - [2024-07-03T00:03:50.575+0000] {dagbag.py:545} INFO - Filling up the DagBag from /home/airflow/.local/lib/python3.12/site-packages/airflow/example_dags/example_branch_labels.py
[2024-07-03T00:03:50.585+0000] {processor.py:840} INFO - DAG(s) 'example_branch_labels' retrieved from /home/airflow/.local/lib/python3.12/site-packages/airflow/example_dags/example_branch_labels.py
[2024-07-03T00:03:50.612+0000] {logging_mixin.py:188} INFO - [2024-07-03T00:03:50.612+0000] {dag.py:3096} INFO - Sync 1 DAGs
[2024-07-03T00:03:50.639+0000] {logging_mixin.py:188} INFO - [2024-07-03T00:03:50.639+0000] {dag.py:3954} INFO - Setting next_dagrun for example_branch_labels to 2024-07-02 00:00:00+00:00, run_after=2024-07-03 00:00:00+00:00
[2024-07-03T00:03:50.666+0000] {processor.py:183} INFO - Processing /home/airflow/.local/lib/python3.12/site-packages/airflow/example_dags/example_branch_labels.py took 0.100 seconds
[2024-07-03T00:04:20.838+0000] {processor.py:161} INFO - Started process (PID=1197) to work on /home/airflow/.local/lib/python3.12/site-packages/airflow/example_dags/example_branch_labels.py
[2024-07-03T00:04:20.839+0000] {processor.py:830} INFO - Processing file /home/airflow/.local/lib/python3.12/site-packages/airflow/example_dags/example_branch_labels.py for tasks to queue
[2024-07-03T00:04:20.841+0000] {logging_mixin.py:188} INFO - [2024-07-03T00:04:20.840+0000] {dagbag.py:545} INFO - Filling up the DagBag from /home/airflow/.local/lib/python3.12/site-packages/airflow/example_dags/example_branch_labels.py
[2024-07-03T00:04:20.848+0000] {processor.py:840} INFO - DAG(s) 'example_branch_labels' retrieved from /home/airflow/.local/lib/python3.12/site-packages/airflow/example_dags/example_branch_labels.py
[2024-07-03T00:04:20.870+0000] {logging_mixin.py:188} INFO - [2024-07-03T00:04:20.870+0000] {dag.py:3096} INFO - Sync 1 DAGs
[2024-07-03T00:04:20.892+0000] {logging_mixin.py:188} INFO - [2024-07-03T00:04:20.891+0000] {dag.py:3954} INFO - Setting next_dagrun for example_branch_labels to 2024-07-02 00:00:00+00:00, run_after=2024-07-03 00:00:00+00:00
[2024-07-03T00:04:20.908+0000] {processor.py:183} INFO - Processing /home/airflow/.local/lib/python3.12/site-packages/airflow/example_dags/example_branch_labels.py took 0.076 seconds
[2024-07-03T00:04:51.167+0000] {processor.py:161} INFO - Started process (PID=1255) to work on /home/airflow/.local/lib/python3.12/site-packages/airflow/example_dags/example_branch_labels.py
[2024-07-03T00:04:51.168+0000] {processor.py:830} INFO - Processing file /home/airflow/.local/lib/python3.12/site-packages/airflow/example_dags/example_branch_labels.py for tasks to queue
[2024-07-03T00:04:51.171+0000] {logging_mixin.py:188} INFO - [2024-07-03T00:04:51.170+0000] {dagbag.py:545} INFO - Filling up the DagBag from /home/airflow/.local/lib/python3.12/site-packages/airflow/example_dags/example_branch_labels.py
[2024-07-03T00:04:51.181+0000] {processor.py:840} INFO - DAG(s) 'example_branch_labels' retrieved from /home/airflow/.local/lib/python3.12/site-packages/airflow/example_dags/example_branch_labels.py
[2024-07-03T00:04:51.268+0000] {logging_mixin.py:188} INFO - [2024-07-03T00:04:51.268+0000] {dag.py:3096} INFO - Sync 1 DAGs
[2024-07-03T00:04:51.303+0000] {logging_mixin.py:188} INFO - [2024-07-03T00:04:51.303+0000] {dag.py:3954} INFO - Setting next_dagrun for example_branch_labels to 2024-07-02 00:00:00+00:00, run_after=2024-07-03 00:00:00+00:00
[2024-07-03T00:04:51.382+0000] {processor.py:183} INFO - Processing /home/airflow/.local/lib/python3.12/site-packages/airflow/example_dags/example_branch_labels.py took 0.271 seconds
[2024-07-03T00:05:22.318+0000] {processor.py:161} INFO - Started process (PID=1313) to work on /home/airflow/.local/lib/python3.12/site-packages/airflow/example_dags/example_branch_labels.py
[2024-07-03T00:05:22.319+0000] {processor.py:830} INFO - Processing file /home/airflow/.local/lib/python3.12/site-packages/airflow/example_dags/example_branch_labels.py for tasks to queue
[2024-07-03T00:05:22.321+0000] {logging_mixin.py:188} INFO - [2024-07-03T00:05:22.320+0000] {dagbag.py:545} INFO - Filling up the DagBag from /home/airflow/.local/lib/python3.12/site-packages/airflow/example_dags/example_branch_labels.py
[2024-07-03T00:05:22.328+0000] {processor.py:840} INFO - DAG(s) 'example_branch_labels' retrieved from /home/airflow/.local/lib/python3.12/site-packages/airflow/example_dags/example_branch_labels.py
[2024-07-03T00:05:22.351+0000] {logging_mixin.py:188} INFO - [2024-07-03T00:05:22.351+0000] {dag.py:3096} INFO - Sync 1 DAGs
[2024-07-03T00:05:22.375+0000] {logging_mixin.py:188} INFO - [2024-07-03T00:05:22.375+0000] {dag.py:3954} INFO - Setting next_dagrun for example_branch_labels to 2024-07-02 00:00:00+00:00, run_after=2024-07-03 00:00:00+00:00
[2024-07-03T00:05:22.394+0000] {processor.py:183} INFO - Processing /home/airflow/.local/lib/python3.12/site-packages/airflow/example_dags/example_branch_labels.py took 0.082 seconds
[2024-07-03T00:05:52.564+0000] {processor.py:161} INFO - Started process (PID=1371) to work on /home/airflow/.local/lib/python3.12/site-packages/airflow/example_dags/example_branch_labels.py
[2024-07-03T00:05:52.566+0000] {processor.py:830} INFO - Processing file /home/airflow/.local/lib/python3.12/site-packages/airflow/example_dags/example_branch_labels.py for tasks to queue
[2024-07-03T00:05:52.568+0000] {logging_mixin.py:188} INFO - [2024-07-03T00:05:52.568+0000] {dagbag.py:545} INFO - Filling up the DagBag from /home/airflow/.local/lib/python3.12/site-packages/airflow/example_dags/example_branch_labels.py
[2024-07-03T00:05:52.582+0000] {processor.py:840} INFO - DAG(s) 'example_branch_labels' retrieved from /home/airflow/.local/lib/python3.12/site-packages/airflow/example_dags/example_branch_labels.py
[2024-07-03T00:05:52.615+0000] {logging_mixin.py:188} INFO - [2024-07-03T00:05:52.614+0000] {dag.py:3096} INFO - Sync 1 DAGs
[2024-07-03T00:05:52.639+0000] {logging_mixin.py:188} INFO - [2024-07-03T00:05:52.639+0000] {dag.py:3954} INFO - Setting next_dagrun for example_branch_labels to 2024-07-02 00:00:00+00:00, run_after=2024-07-03 00:00:00+00:00
[2024-07-03T00:05:52.660+0000] {processor.py:183} INFO - Processing /home/airflow/.local/lib/python3.12/site-packages/airflow/example_dags/example_branch_labels.py took 0.103 seconds
[2024-07-03T00:06:22.828+0000] {processor.py:161} INFO - Started process (PID=1429) to work on /home/airflow/.local/lib/python3.12/site-packages/airflow/example_dags/example_branch_labels.py
[2024-07-03T00:06:22.830+0000] {processor.py:830} INFO - Processing file /home/airflow/.local/lib/python3.12/site-packages/airflow/example_dags/example_branch_labels.py for tasks to queue
[2024-07-03T00:06:22.832+0000] {logging_mixin.py:188} INFO - [2024-07-03T00:06:22.832+0000] {dagbag.py:545} INFO - Filling up the DagBag from /home/airflow/.local/lib/python3.12/site-packages/airflow/example_dags/example_branch_labels.py
[2024-07-03T00:06:22.842+0000] {processor.py:840} INFO - DAG(s) 'example_branch_labels' retrieved from /home/airflow/.local/lib/python3.12/site-packages/airflow/example_dags/example_branch_labels.py
[2024-07-03T00:06:22.881+0000] {logging_mixin.py:188} INFO - [2024-07-03T00:06:22.881+0000] {dag.py:3096} INFO - Sync 1 DAGs
[2024-07-03T00:06:22.913+0000] {logging_mixin.py:188} INFO - [2024-07-03T00:06:22.913+0000] {dag.py:3954} INFO - Setting next_dagrun for example_branch_labels to 2024-07-02 00:00:00+00:00, run_after=2024-07-03 00:00:00+00:00
[2024-07-03T00:06:22.934+0000] {processor.py:183} INFO - Processing /home/airflow/.local/lib/python3.12/site-packages/airflow/example_dags/example_branch_labels.py took 0.113 seconds
[2024-07-03T00:06:52.968+0000] {processor.py:161} INFO - Started process (PID=1487) to work on /home/airflow/.local/lib/python3.12/site-packages/airflow/example_dags/example_branch_labels.py
[2024-07-03T00:06:52.969+0000] {processor.py:830} INFO - Processing file /home/airflow/.local/lib/python3.12/site-packages/airflow/example_dags/example_branch_labels.py for tasks to queue
[2024-07-03T00:06:52.970+0000] {logging_mixin.py:188} INFO - [2024-07-03T00:06:52.970+0000] {dagbag.py:545} INFO - Filling up the DagBag from /home/airflow/.local/lib/python3.12/site-packages/airflow/example_dags/example_branch_labels.py
[2024-07-03T00:06:52.978+0000] {processor.py:840} INFO - DAG(s) 'example_branch_labels' retrieved from /home/airflow/.local/lib/python3.12/site-packages/airflow/example_dags/example_branch_labels.py
[2024-07-03T00:06:53.001+0000] {logging_mixin.py:188} INFO - [2024-07-03T00:06:53.000+0000] {dag.py:3096} INFO - Sync 1 DAGs
[2024-07-03T00:06:53.024+0000] {logging_mixin.py:188} INFO - [2024-07-03T00:06:53.024+0000] {dag.py:3954} INFO - Setting next_dagrun for example_branch_labels to 2024-07-02 00:00:00+00:00, run_after=2024-07-03 00:00:00+00:00
[2024-07-03T00:06:53.040+0000] {processor.py:183} INFO - Processing /home/airflow/.local/lib/python3.12/site-packages/airflow/example_dags/example_branch_labels.py took 0.078 seconds
