[2024-07-03T00:00:28.519+0000] {processor.py:161} INFO - Started process (PID=770) to work on /home/airflow/.local/lib/python3.12/site-packages/airflow/example_dags/example_task_group_decorator.py
[2024-07-03T00:00:28.519+0000] {processor.py:830} INFO - Processing file /home/airflow/.local/lib/python3.12/site-packages/airflow/example_dags/example_task_group_decorator.py for tasks to queue
[2024-07-03T00:00:28.521+0000] {logging_mixin.py:188} INFO - [2024-07-03T00:00:28.521+0000] {dagbag.py:545} INFO - Filling up the DagBag from /home/airflow/.local/lib/python3.12/site-packages/airflow/example_dags/example_task_group_decorator.py
[2024-07-03T00:00:28.535+0000] {processor.py:840} INFO - DAG(s) 'example_task_group_decorator' retrieved from /home/airflow/.local/lib/python3.12/site-packages/airflow/example_dags/example_task_group_decorator.py
[2024-07-03T00:00:28.562+0000] {logging_mixin.py:188} INFO - [2024-07-03T00:00:28.562+0000] {dag.py:3096} INFO - Sync 1 DAGs
[2024-07-03T00:00:28.585+0000] {logging_mixin.py:188} INFO - [2024-07-03T00:00:28.585+0000] {dag.py:3954} INFO - Setting next_dagrun for example_task_group_decorator to 2024-07-02 00:00:00+00:00, run_after=2024-07-03 00:00:00+00:00
[2024-07-03T00:00:28.604+0000] {processor.py:183} INFO - Processing /home/airflow/.local/lib/python3.12/site-packages/airflow/example_dags/example_task_group_decorator.py took 0.091 seconds
[2024-07-03T00:00:58.829+0000] {processor.py:161} INFO - Started process (PID=828) to work on /home/airflow/.local/lib/python3.12/site-packages/airflow/example_dags/example_task_group_decorator.py
[2024-07-03T00:00:58.830+0000] {processor.py:830} INFO - Processing file /home/airflow/.local/lib/python3.12/site-packages/airflow/example_dags/example_task_group_decorator.py for tasks to queue
[2024-07-03T00:00:58.832+0000] {logging_mixin.py:188} INFO - [2024-07-03T00:00:58.832+0000] {dagbag.py:545} INFO - Filling up the DagBag from /home/airflow/.local/lib/python3.12/site-packages/airflow/example_dags/example_task_group_decorator.py
[2024-07-03T00:00:58.846+0000] {processor.py:840} INFO - DAG(s) 'example_task_group_decorator' retrieved from /home/airflow/.local/lib/python3.12/site-packages/airflow/example_dags/example_task_group_decorator.py
[2024-07-03T00:00:58.881+0000] {logging_mixin.py:188} INFO - [2024-07-03T00:00:58.881+0000] {dag.py:3096} INFO - Sync 1 DAGs
[2024-07-03T00:00:58.905+0000] {logging_mixin.py:188} INFO - [2024-07-03T00:00:58.905+0000] {dag.py:3954} INFO - Setting next_dagrun for example_task_group_decorator to 2024-07-02 00:00:00+00:00, run_after=2024-07-03 00:00:00+00:00
[2024-07-03T00:00:58.925+0000] {processor.py:183} INFO - Processing /home/airflow/.local/lib/python3.12/site-packages/airflow/example_dags/example_task_group_decorator.py took 0.102 seconds
[2024-07-03T00:01:29.114+0000] {processor.py:161} INFO - Started process (PID=886) to work on /home/airflow/.local/lib/python3.12/site-packages/airflow/example_dags/example_task_group_decorator.py
[2024-07-03T00:01:29.115+0000] {processor.py:830} INFO - Processing file /home/airflow/.local/lib/python3.12/site-packages/airflow/example_dags/example_task_group_decorator.py for tasks to queue
[2024-07-03T00:01:29.117+0000] {logging_mixin.py:188} INFO - [2024-07-03T00:01:29.116+0000] {dagbag.py:545} INFO - Filling up the DagBag from /home/airflow/.local/lib/python3.12/site-packages/airflow/example_dags/example_task_group_decorator.py
[2024-07-03T00:01:29.131+0000] {processor.py:840} INFO - DAG(s) 'example_task_group_decorator' retrieved from /home/airflow/.local/lib/python3.12/site-packages/airflow/example_dags/example_task_group_decorator.py
[2024-07-03T00:01:29.180+0000] {logging_mixin.py:188} INFO - [2024-07-03T00:01:29.179+0000] {dag.py:3096} INFO - Sync 1 DAGs
[2024-07-03T00:01:29.202+0000] {logging_mixin.py:188} INFO - [2024-07-03T00:01:29.202+0000] {dag.py:3954} INFO - Setting next_dagrun for example_task_group_decorator to 2024-07-02 00:00:00+00:00, run_after=2024-07-03 00:00:00+00:00
[2024-07-03T00:01:29.219+0000] {processor.py:183} INFO - Processing /home/airflow/.local/lib/python3.12/site-packages/airflow/example_dags/example_task_group_decorator.py took 0.111 seconds
[2024-07-03T00:01:59.506+0000] {processor.py:161} INFO - Started process (PID=944) to work on /home/airflow/.local/lib/python3.12/site-packages/airflow/example_dags/example_task_group_decorator.py
[2024-07-03T00:01:59.507+0000] {processor.py:830} INFO - Processing file /home/airflow/.local/lib/python3.12/site-packages/airflow/example_dags/example_task_group_decorator.py for tasks to queue
[2024-07-03T00:01:59.509+0000] {logging_mixin.py:188} INFO - [2024-07-03T00:01:59.509+0000] {dagbag.py:545} INFO - Filling up the DagBag from /home/airflow/.local/lib/python3.12/site-packages/airflow/example_dags/example_task_group_decorator.py
[2024-07-03T00:01:59.523+0000] {processor.py:840} INFO - DAG(s) 'example_task_group_decorator' retrieved from /home/airflow/.local/lib/python3.12/site-packages/airflow/example_dags/example_task_group_decorator.py
[2024-07-03T00:01:59.549+0000] {logging_mixin.py:188} INFO - [2024-07-03T00:01:59.549+0000] {dag.py:3096} INFO - Sync 1 DAGs
[2024-07-03T00:01:59.572+0000] {logging_mixin.py:188} INFO - [2024-07-03T00:01:59.571+0000] {dag.py:3954} INFO - Setting next_dagrun for example_task_group_decorator to 2024-07-02 00:00:00+00:00, run_after=2024-07-03 00:00:00+00:00
[2024-07-03T00:01:59.590+0000] {processor.py:183} INFO - Processing /home/airflow/.local/lib/python3.12/site-packages/airflow/example_dags/example_task_group_decorator.py took 0.090 seconds
[2024-07-03T00:02:30.029+0000] {processor.py:161} INFO - Started process (PID=1002) to work on /home/airflow/.local/lib/python3.12/site-packages/airflow/example_dags/example_task_group_decorator.py
[2024-07-03T00:02:30.030+0000] {processor.py:830} INFO - Processing file /home/airflow/.local/lib/python3.12/site-packages/airflow/example_dags/example_task_group_decorator.py for tasks to queue
[2024-07-03T00:02:30.032+0000] {logging_mixin.py:188} INFO - [2024-07-03T00:02:30.031+0000] {dagbag.py:545} INFO - Filling up the DagBag from /home/airflow/.local/lib/python3.12/site-packages/airflow/example_dags/example_task_group_decorator.py
[2024-07-03T00:02:30.073+0000] {processor.py:840} INFO - DAG(s) 'example_task_group_decorator' retrieved from /home/airflow/.local/lib/python3.12/site-packages/airflow/example_dags/example_task_group_decorator.py
[2024-07-03T00:02:30.101+0000] {logging_mixin.py:188} INFO - [2024-07-03T00:02:30.101+0000] {dag.py:3096} INFO - Sync 1 DAGs
[2024-07-03T00:02:30.124+0000] {logging_mixin.py:188} INFO - [2024-07-03T00:02:30.123+0000] {dag.py:3954} INFO - Setting next_dagrun for example_task_group_decorator to 2024-07-02 00:00:00+00:00, run_after=2024-07-03 00:00:00+00:00
[2024-07-03T00:02:30.141+0000] {processor.py:183} INFO - Processing /home/airflow/.local/lib/python3.12/site-packages/airflow/example_dags/example_task_group_decorator.py took 0.118 seconds
[2024-07-03T00:03:00.827+0000] {processor.py:161} INFO - Started process (PID=1060) to work on /home/airflow/.local/lib/python3.12/site-packages/airflow/example_dags/example_task_group_decorator.py
[2024-07-03T00:03:00.829+0000] {processor.py:830} INFO - Processing file /home/airflow/.local/lib/python3.12/site-packages/airflow/example_dags/example_task_group_decorator.py for tasks to queue
[2024-07-03T00:03:00.831+0000] {logging_mixin.py:188} INFO - [2024-07-03T00:03:00.830+0000] {dagbag.py:545} INFO - Filling up the DagBag from /home/airflow/.local/lib/python3.12/site-packages/airflow/example_dags/example_task_group_decorator.py
[2024-07-03T00:03:00.849+0000] {processor.py:840} INFO - DAG(s) 'example_task_group_decorator' retrieved from /home/airflow/.local/lib/python3.12/site-packages/airflow/example_dags/example_task_group_decorator.py
[2024-07-03T00:03:00.882+0000] {logging_mixin.py:188} INFO - [2024-07-03T00:03:00.881+0000] {dag.py:3096} INFO - Sync 1 DAGs
[2024-07-03T00:03:00.912+0000] {logging_mixin.py:188} INFO - [2024-07-03T00:03:00.912+0000] {dag.py:3954} INFO - Setting next_dagrun for example_task_group_decorator to 2024-07-02 00:00:00+00:00, run_after=2024-07-03 00:00:00+00:00
[2024-07-03T00:03:00.934+0000] {processor.py:183} INFO - Processing /home/airflow/.local/lib/python3.12/site-packages/airflow/example_dags/example_task_group_decorator.py took 0.114 seconds
[2024-07-03T00:03:31.470+0000] {processor.py:161} INFO - Started process (PID=1118) to work on /home/airflow/.local/lib/python3.12/site-packages/airflow/example_dags/example_task_group_decorator.py
[2024-07-03T00:03:31.471+0000] {processor.py:830} INFO - Processing file /home/airflow/.local/lib/python3.12/site-packages/airflow/example_dags/example_task_group_decorator.py for tasks to queue
[2024-07-03T00:03:31.473+0000] {logging_mixin.py:188} INFO - [2024-07-03T00:03:31.472+0000] {dagbag.py:545} INFO - Filling up the DagBag from /home/airflow/.local/lib/python3.12/site-packages/airflow/example_dags/example_task_group_decorator.py
[2024-07-03T00:03:31.486+0000] {processor.py:840} INFO - DAG(s) 'example_task_group_decorator' retrieved from /home/airflow/.local/lib/python3.12/site-packages/airflow/example_dags/example_task_group_decorator.py
[2024-07-03T00:03:31.520+0000] {logging_mixin.py:188} INFO - [2024-07-03T00:03:31.520+0000] {dag.py:3096} INFO - Sync 1 DAGs
[2024-07-03T00:03:31.546+0000] {logging_mixin.py:188} INFO - [2024-07-03T00:03:31.546+0000] {dag.py:3954} INFO - Setting next_dagrun for example_task_group_decorator to 2024-07-02 00:00:00+00:00, run_after=2024-07-03 00:00:00+00:00
[2024-07-03T00:03:31.564+0000] {processor.py:183} INFO - Processing /home/airflow/.local/lib/python3.12/site-packages/airflow/example_dags/example_task_group_decorator.py took 0.100 seconds
[2024-07-03T00:04:01.752+0000] {processor.py:161} INFO - Started process (PID=1176) to work on /home/airflow/.local/lib/python3.12/site-packages/airflow/example_dags/example_task_group_decorator.py
[2024-07-03T00:04:01.753+0000] {processor.py:830} INFO - Processing file /home/airflow/.local/lib/python3.12/site-packages/airflow/example_dags/example_task_group_decorator.py for tasks to queue
[2024-07-03T00:04:01.755+0000] {logging_mixin.py:188} INFO - [2024-07-03T00:04:01.755+0000] {dagbag.py:545} INFO - Filling up the DagBag from /home/airflow/.local/lib/python3.12/site-packages/airflow/example_dags/example_task_group_decorator.py
[2024-07-03T00:04:01.770+0000] {processor.py:840} INFO - DAG(s) 'example_task_group_decorator' retrieved from /home/airflow/.local/lib/python3.12/site-packages/airflow/example_dags/example_task_group_decorator.py
[2024-07-03T00:04:01.804+0000] {logging_mixin.py:188} INFO - [2024-07-03T00:04:01.804+0000] {dag.py:3096} INFO - Sync 1 DAGs
[2024-07-03T00:04:01.836+0000] {logging_mixin.py:188} INFO - [2024-07-03T00:04:01.835+0000] {dag.py:3954} INFO - Setting next_dagrun for example_task_group_decorator to 2024-07-02 00:00:00+00:00, run_after=2024-07-03 00:00:00+00:00
[2024-07-03T00:04:01.858+0000] {processor.py:183} INFO - Processing /home/airflow/.local/lib/python3.12/site-packages/airflow/example_dags/example_task_group_decorator.py took 0.112 seconds
[2024-07-03T00:04:31.962+0000] {processor.py:161} INFO - Started process (PID=1234) to work on /home/airflow/.local/lib/python3.12/site-packages/airflow/example_dags/example_task_group_decorator.py
[2024-07-03T00:04:31.963+0000] {processor.py:830} INFO - Processing file /home/airflow/.local/lib/python3.12/site-packages/airflow/example_dags/example_task_group_decorator.py for tasks to queue
[2024-07-03T00:04:31.965+0000] {logging_mixin.py:188} INFO - [2024-07-03T00:04:31.965+0000] {dagbag.py:545} INFO - Filling up the DagBag from /home/airflow/.local/lib/python3.12/site-packages/airflow/example_dags/example_task_group_decorator.py
[2024-07-03T00:04:31.981+0000] {processor.py:840} INFO - DAG(s) 'example_task_group_decorator' retrieved from /home/airflow/.local/lib/python3.12/site-packages/airflow/example_dags/example_task_group_decorator.py
[2024-07-03T00:04:32.008+0000] {logging_mixin.py:188} INFO - [2024-07-03T00:04:32.008+0000] {dag.py:3096} INFO - Sync 1 DAGs
[2024-07-03T00:04:32.030+0000] {logging_mixin.py:188} INFO - [2024-07-03T00:04:32.030+0000] {dag.py:3954} INFO - Setting next_dagrun for example_task_group_decorator to 2024-07-02 00:00:00+00:00, run_after=2024-07-03 00:00:00+00:00
[2024-07-03T00:04:32.048+0000] {processor.py:183} INFO - Processing /home/airflow/.local/lib/python3.12/site-packages/airflow/example_dags/example_task_group_decorator.py took 0.092 seconds
[2024-07-03T00:05:02.243+0000] {processor.py:161} INFO - Started process (PID=1292) to work on /home/airflow/.local/lib/python3.12/site-packages/airflow/example_dags/example_task_group_decorator.py
[2024-07-03T00:05:02.244+0000] {processor.py:830} INFO - Processing file /home/airflow/.local/lib/python3.12/site-packages/airflow/example_dags/example_task_group_decorator.py for tasks to queue
[2024-07-03T00:05:02.246+0000] {logging_mixin.py:188} INFO - [2024-07-03T00:05:02.246+0000] {dagbag.py:545} INFO - Filling up the DagBag from /home/airflow/.local/lib/python3.12/site-packages/airflow/example_dags/example_task_group_decorator.py
[2024-07-03T00:05:02.259+0000] {processor.py:840} INFO - DAG(s) 'example_task_group_decorator' retrieved from /home/airflow/.local/lib/python3.12/site-packages/airflow/example_dags/example_task_group_decorator.py
[2024-07-03T00:05:02.293+0000] {logging_mixin.py:188} INFO - [2024-07-03T00:05:02.293+0000] {dag.py:3096} INFO - Sync 1 DAGs
[2024-07-03T00:05:02.316+0000] {logging_mixin.py:188} INFO - [2024-07-03T00:05:02.316+0000] {dag.py:3954} INFO - Setting next_dagrun for example_task_group_decorator to 2024-07-02 00:00:00+00:00, run_after=2024-07-03 00:00:00+00:00
[2024-07-03T00:05:02.332+0000] {processor.py:183} INFO - Processing /home/airflow/.local/lib/python3.12/site-packages/airflow/example_dags/example_task_group_decorator.py took 0.094 seconds
[2024-07-03T00:05:33.303+0000] {processor.py:161} INFO - Started process (PID=1350) to work on /home/airflow/.local/lib/python3.12/site-packages/airflow/example_dags/example_task_group_decorator.py
[2024-07-03T00:05:33.304+0000] {processor.py:830} INFO - Processing file /home/airflow/.local/lib/python3.12/site-packages/airflow/example_dags/example_task_group_decorator.py for tasks to queue
[2024-07-03T00:05:33.307+0000] {logging_mixin.py:188} INFO - [2024-07-03T00:05:33.306+0000] {dagbag.py:545} INFO - Filling up the DagBag from /home/airflow/.local/lib/python3.12/site-packages/airflow/example_dags/example_task_group_decorator.py
[2024-07-03T00:05:33.327+0000] {processor.py:840} INFO - DAG(s) 'example_task_group_decorator' retrieved from /home/airflow/.local/lib/python3.12/site-packages/airflow/example_dags/example_task_group_decorator.py
[2024-07-03T00:05:33.354+0000] {logging_mixin.py:188} INFO - [2024-07-03T00:05:33.354+0000] {dag.py:3096} INFO - Sync 1 DAGs
[2024-07-03T00:05:33.376+0000] {logging_mixin.py:188} INFO - [2024-07-03T00:05:33.376+0000] {dag.py:3954} INFO - Setting next_dagrun for example_task_group_decorator to 2024-07-02 00:00:00+00:00, run_after=2024-07-03 00:00:00+00:00
[2024-07-03T00:05:33.395+0000] {processor.py:183} INFO - Processing /home/airflow/.local/lib/python3.12/site-packages/airflow/example_dags/example_task_group_decorator.py took 0.098 seconds
[2024-07-03T00:06:05.997+0000] {processor.py:161} INFO - Started process (PID=1408) to work on /home/airflow/.local/lib/python3.12/site-packages/airflow/example_dags/example_task_group_decorator.py
[2024-07-03T00:06:05.998+0000] {processor.py:830} INFO - Processing file /home/airflow/.local/lib/python3.12/site-packages/airflow/example_dags/example_task_group_decorator.py for tasks to queue
[2024-07-03T00:06:06.001+0000] {logging_mixin.py:188} INFO - [2024-07-03T00:06:06.000+0000] {dagbag.py:545} INFO - Filling up the DagBag from /home/airflow/.local/lib/python3.12/site-packages/airflow/example_dags/example_task_group_decorator.py
[2024-07-03T00:06:06.076+0000] {processor.py:840} INFO - DAG(s) 'example_task_group_decorator' retrieved from /home/airflow/.local/lib/python3.12/site-packages/airflow/example_dags/example_task_group_decorator.py
[2024-07-03T00:06:06.183+0000] {logging_mixin.py:188} INFO - [2024-07-03T00:06:06.182+0000] {dag.py:3096} INFO - Sync 1 DAGs
[2024-07-03T00:06:06.270+0000] {logging_mixin.py:188} INFO - [2024-07-03T00:06:06.269+0000] {dag.py:3954} INFO - Setting next_dagrun for example_task_group_decorator to 2024-07-02 00:00:00+00:00, run_after=2024-07-03 00:00:00+00:00
[2024-07-03T00:06:06.305+0000] {processor.py:183} INFO - Processing /home/airflow/.local/lib/python3.12/site-packages/airflow/example_dags/example_task_group_decorator.py took 0.314 seconds
[2024-07-03T00:06:37.138+0000] {processor.py:161} INFO - Started process (PID=1466) to work on /home/airflow/.local/lib/python3.12/site-packages/airflow/example_dags/example_task_group_decorator.py
[2024-07-03T00:06:37.139+0000] {processor.py:830} INFO - Processing file /home/airflow/.local/lib/python3.12/site-packages/airflow/example_dags/example_task_group_decorator.py for tasks to queue
[2024-07-03T00:06:37.141+0000] {logging_mixin.py:188} INFO - [2024-07-03T00:06:37.141+0000] {dagbag.py:545} INFO - Filling up the DagBag from /home/airflow/.local/lib/python3.12/site-packages/airflow/example_dags/example_task_group_decorator.py
[2024-07-03T00:06:37.158+0000] {processor.py:840} INFO - DAG(s) 'example_task_group_decorator' retrieved from /home/airflow/.local/lib/python3.12/site-packages/airflow/example_dags/example_task_group_decorator.py
[2024-07-03T00:06:37.197+0000] {logging_mixin.py:188} INFO - [2024-07-03T00:06:37.196+0000] {dag.py:3096} INFO - Sync 1 DAGs
[2024-07-03T00:06:37.233+0000] {logging_mixin.py:188} INFO - [2024-07-03T00:06:37.232+0000] {dag.py:3954} INFO - Setting next_dagrun for example_task_group_decorator to 2024-07-02 00:00:00+00:00, run_after=2024-07-03 00:00:00+00:00
[2024-07-03T00:06:37.264+0000] {processor.py:183} INFO - Processing /home/airflow/.local/lib/python3.12/site-packages/airflow/example_dags/example_task_group_decorator.py took 0.135 seconds
[2024-07-03T00:07:07.383+0000] {processor.py:161} INFO - Started process (PID=1524) to work on /home/airflow/.local/lib/python3.12/site-packages/airflow/example_dags/example_task_group_decorator.py
[2024-07-03T00:07:07.384+0000] {processor.py:830} INFO - Processing file /home/airflow/.local/lib/python3.12/site-packages/airflow/example_dags/example_task_group_decorator.py for tasks to queue
[2024-07-03T00:07:07.386+0000] {logging_mixin.py:188} INFO - [2024-07-03T00:07:07.385+0000] {dagbag.py:545} INFO - Filling up the DagBag from /home/airflow/.local/lib/python3.12/site-packages/airflow/example_dags/example_task_group_decorator.py
[2024-07-03T00:07:07.403+0000] {processor.py:840} INFO - DAG(s) 'example_task_group_decorator' retrieved from /home/airflow/.local/lib/python3.12/site-packages/airflow/example_dags/example_task_group_decorator.py
[2024-07-03T00:07:07.433+0000] {logging_mixin.py:188} INFO - [2024-07-03T00:07:07.433+0000] {dag.py:3096} INFO - Sync 1 DAGs
[2024-07-03T00:07:07.457+0000] {logging_mixin.py:188} INFO - [2024-07-03T00:07:07.456+0000] {dag.py:3954} INFO - Setting next_dagrun for example_task_group_decorator to 2024-07-02 00:00:00+00:00, run_after=2024-07-03 00:00:00+00:00
[2024-07-03T00:07:07.476+0000] {processor.py:183} INFO - Processing /home/airflow/.local/lib/python3.12/site-packages/airflow/example_dags/example_task_group_decorator.py took 0.100 seconds
