[2024-07-03T00:00:28.312+0000] {processor.py:161} INFO - Started process (PID=767) to work on /home/airflow/.local/lib/python3.12/site-packages/airflow/example_dags/example_sla_dag.py
[2024-07-03T00:00:28.313+0000] {processor.py:830} INFO - Processing file /home/airflow/.local/lib/python3.12/site-packages/airflow/example_dags/example_sla_dag.py for tasks to queue
[2024-07-03T00:00:28.314+0000] {logging_mixin.py:188} INFO - [2024-07-03T00:00:28.314+0000] {dagbag.py:545} INFO - Filling up the DagBag from /home/airflow/.local/lib/python3.12/site-packages/airflow/example_dags/example_sla_dag.py
[2024-07-03T00:00:28.323+0000] {processor.py:840} INFO - DAG(s) 'example_sla_dag' retrieved from /home/airflow/.local/lib/python3.12/site-packages/airflow/example_dags/example_sla_dag.py
[2024-07-03T00:00:28.343+0000] {logging_mixin.py:188} INFO - [2024-07-03T00:00:28.343+0000] {dag.py:3096} INFO - Sync 1 DAGs
[2024-07-03T00:00:28.366+0000] {logging_mixin.py:188} INFO - [2024-07-03T00:00:28.366+0000] {dag.py:3954} INFO - Setting next_dagrun for example_sla_dag to 2024-07-02 23:58:00+00:00, run_after=2024-07-03 00:00:00+00:00
[2024-07-03T00:00:28.385+0000] {processor.py:183} INFO - Processing /home/airflow/.local/lib/python3.12/site-packages/airflow/example_dags/example_sla_dag.py took 0.079 seconds
[2024-07-03T00:00:58.619+0000] {processor.py:161} INFO - Started process (PID=825) to work on /home/airflow/.local/lib/python3.12/site-packages/airflow/example_dags/example_sla_dag.py
[2024-07-03T00:00:58.620+0000] {processor.py:830} INFO - Processing file /home/airflow/.local/lib/python3.12/site-packages/airflow/example_dags/example_sla_dag.py for tasks to queue
[2024-07-03T00:00:58.622+0000] {logging_mixin.py:188} INFO - [2024-07-03T00:00:58.622+0000] {dagbag.py:545} INFO - Filling up the DagBag from /home/airflow/.local/lib/python3.12/site-packages/airflow/example_dags/example_sla_dag.py
[2024-07-03T00:00:58.631+0000] {processor.py:840} INFO - DAG(s) 'example_sla_dag' retrieved from /home/airflow/.local/lib/python3.12/site-packages/airflow/example_dags/example_sla_dag.py
[2024-07-03T00:00:58.651+0000] {logging_mixin.py:188} INFO - [2024-07-03T00:00:58.651+0000] {dag.py:3096} INFO - Sync 1 DAGs
[2024-07-03T00:00:58.689+0000] {logging_mixin.py:188} INFO - [2024-07-03T00:00:58.688+0000] {dag.py:3954} INFO - Setting next_dagrun for example_sla_dag to 2024-07-02 23:58:00+00:00, run_after=2024-07-03 00:00:00+00:00
[2024-07-03T00:00:58.708+0000] {processor.py:183} INFO - Processing /home/airflow/.local/lib/python3.12/site-packages/airflow/example_dags/example_sla_dag.py took 0.096 seconds
[2024-07-03T00:01:28.834+0000] {processor.py:161} INFO - Started process (PID=883) to work on /home/airflow/.local/lib/python3.12/site-packages/airflow/example_dags/example_sla_dag.py
[2024-07-03T00:01:28.835+0000] {processor.py:830} INFO - Processing file /home/airflow/.local/lib/python3.12/site-packages/airflow/example_dags/example_sla_dag.py for tasks to queue
[2024-07-03T00:01:28.836+0000] {logging_mixin.py:188} INFO - [2024-07-03T00:01:28.836+0000] {dagbag.py:545} INFO - Filling up the DagBag from /home/airflow/.local/lib/python3.12/site-packages/airflow/example_dags/example_sla_dag.py
[2024-07-03T00:01:28.845+0000] {processor.py:840} INFO - DAG(s) 'example_sla_dag' retrieved from /home/airflow/.local/lib/python3.12/site-packages/airflow/example_dags/example_sla_dag.py
[2024-07-03T00:01:28.865+0000] {logging_mixin.py:188} INFO - [2024-07-03T00:01:28.865+0000] {dag.py:3096} INFO - Sync 1 DAGs
[2024-07-03T00:01:28.889+0000] {logging_mixin.py:188} INFO - [2024-07-03T00:01:28.889+0000] {dag.py:3954} INFO - Setting next_dagrun for example_sla_dag to 2024-07-02 23:58:00+00:00, run_after=2024-07-03 00:00:00+00:00
[2024-07-03T00:01:28.907+0000] {processor.py:183} INFO - Processing /home/airflow/.local/lib/python3.12/site-packages/airflow/example_dags/example_sla_dag.py took 0.080 seconds
[2024-07-03T00:01:59.172+0000] {processor.py:161} INFO - Started process (PID=941) to work on /home/airflow/.local/lib/python3.12/site-packages/airflow/example_dags/example_sla_dag.py
[2024-07-03T00:01:59.173+0000] {processor.py:830} INFO - Processing file /home/airflow/.local/lib/python3.12/site-packages/airflow/example_dags/example_sla_dag.py for tasks to queue
[2024-07-03T00:01:59.175+0000] {logging_mixin.py:188} INFO - [2024-07-03T00:01:59.174+0000] {dagbag.py:545} INFO - Filling up the DagBag from /home/airflow/.local/lib/python3.12/site-packages/airflow/example_dags/example_sla_dag.py
[2024-07-03T00:01:59.183+0000] {processor.py:840} INFO - DAG(s) 'example_sla_dag' retrieved from /home/airflow/.local/lib/python3.12/site-packages/airflow/example_dags/example_sla_dag.py
[2024-07-03T00:01:59.204+0000] {logging_mixin.py:188} INFO - [2024-07-03T00:01:59.204+0000] {dag.py:3096} INFO - Sync 1 DAGs
[2024-07-03T00:01:59.227+0000] {logging_mixin.py:188} INFO - [2024-07-03T00:01:59.227+0000] {dag.py:3954} INFO - Setting next_dagrun for example_sla_dag to 2024-07-02 23:58:00+00:00, run_after=2024-07-03 00:00:00+00:00
[2024-07-03T00:01:59.245+0000] {processor.py:183} INFO - Processing /home/airflow/.local/lib/python3.12/site-packages/airflow/example_dags/example_sla_dag.py took 0.080 seconds
[2024-07-03T00:02:29.807+0000] {processor.py:161} INFO - Started process (PID=999) to work on /home/airflow/.local/lib/python3.12/site-packages/airflow/example_dags/example_sla_dag.py
[2024-07-03T00:02:29.808+0000] {processor.py:830} INFO - Processing file /home/airflow/.local/lib/python3.12/site-packages/airflow/example_dags/example_sla_dag.py for tasks to queue
[2024-07-03T00:02:29.810+0000] {logging_mixin.py:188} INFO - [2024-07-03T00:02:29.810+0000] {dagbag.py:545} INFO - Filling up the DagBag from /home/airflow/.local/lib/python3.12/site-packages/airflow/example_dags/example_sla_dag.py
[2024-07-03T00:02:29.819+0000] {processor.py:840} INFO - DAG(s) 'example_sla_dag' retrieved from /home/airflow/.local/lib/python3.12/site-packages/airflow/example_dags/example_sla_dag.py
[2024-07-03T00:02:29.877+0000] {logging_mixin.py:188} INFO - [2024-07-03T00:02:29.877+0000] {dag.py:3096} INFO - Sync 1 DAGs
[2024-07-03T00:02:29.911+0000] {logging_mixin.py:188} INFO - [2024-07-03T00:02:29.910+0000] {dag.py:3954} INFO - Setting next_dagrun for example_sla_dag to 2024-07-03 00:00:00+00:00, run_after=2024-07-03 00:02:00+00:00
[2024-07-03T00:02:29.932+0000] {processor.py:183} INFO - Processing /home/airflow/.local/lib/python3.12/site-packages/airflow/example_dags/example_sla_dag.py took 0.131 seconds
[2024-07-03T00:03:00.654+0000] {processor.py:161} INFO - Started process (PID=1057) to work on /home/airflow/.local/lib/python3.12/site-packages/airflow/example_dags/example_sla_dag.py
[2024-07-03T00:03:00.655+0000] {processor.py:830} INFO - Processing file /home/airflow/.local/lib/python3.12/site-packages/airflow/example_dags/example_sla_dag.py for tasks to queue
[2024-07-03T00:03:00.657+0000] {logging_mixin.py:188} INFO - [2024-07-03T00:03:00.657+0000] {dagbag.py:545} INFO - Filling up the DagBag from /home/airflow/.local/lib/python3.12/site-packages/airflow/example_dags/example_sla_dag.py
[2024-07-03T00:03:00.666+0000] {processor.py:840} INFO - DAG(s) 'example_sla_dag' retrieved from /home/airflow/.local/lib/python3.12/site-packages/airflow/example_dags/example_sla_dag.py
[2024-07-03T00:03:00.687+0000] {logging_mixin.py:188} INFO - [2024-07-03T00:03:00.687+0000] {dag.py:3096} INFO - Sync 1 DAGs
[2024-07-03T00:03:00.722+0000] {logging_mixin.py:188} INFO - [2024-07-03T00:03:00.721+0000] {dag.py:3954} INFO - Setting next_dagrun for example_sla_dag to 2024-07-03 00:00:00+00:00, run_after=2024-07-03 00:02:00+00:00
[2024-07-03T00:03:00.743+0000] {processor.py:183} INFO - Processing /home/airflow/.local/lib/python3.12/site-packages/airflow/example_dags/example_sla_dag.py took 0.096 seconds
[2024-07-03T00:03:31.239+0000] {processor.py:161} INFO - Started process (PID=1115) to work on /home/airflow/.local/lib/python3.12/site-packages/airflow/example_dags/example_sla_dag.py
[2024-07-03T00:03:31.240+0000] {processor.py:830} INFO - Processing file /home/airflow/.local/lib/python3.12/site-packages/airflow/example_dags/example_sla_dag.py for tasks to queue
[2024-07-03T00:03:31.242+0000] {logging_mixin.py:188} INFO - [2024-07-03T00:03:31.242+0000] {dagbag.py:545} INFO - Filling up the DagBag from /home/airflow/.local/lib/python3.12/site-packages/airflow/example_dags/example_sla_dag.py
[2024-07-03T00:03:31.250+0000] {processor.py:840} INFO - DAG(s) 'example_sla_dag' retrieved from /home/airflow/.local/lib/python3.12/site-packages/airflow/example_dags/example_sla_dag.py
[2024-07-03T00:03:31.270+0000] {logging_mixin.py:188} INFO - [2024-07-03T00:03:31.269+0000] {dag.py:3096} INFO - Sync 1 DAGs
[2024-07-03T00:03:31.293+0000] {logging_mixin.py:188} INFO - [2024-07-03T00:03:31.293+0000] {dag.py:3954} INFO - Setting next_dagrun for example_sla_dag to 2024-07-03 00:00:00+00:00, run_after=2024-07-03 00:02:00+00:00
[2024-07-03T00:03:31.311+0000] {processor.py:183} INFO - Processing /home/airflow/.local/lib/python3.12/site-packages/airflow/example_dags/example_sla_dag.py took 0.078 seconds
[2024-07-03T00:04:01.611+0000] {processor.py:161} INFO - Started process (PID=1173) to work on /home/airflow/.local/lib/python3.12/site-packages/airflow/example_dags/example_sla_dag.py
[2024-07-03T00:04:01.612+0000] {processor.py:830} INFO - Processing file /home/airflow/.local/lib/python3.12/site-packages/airflow/example_dags/example_sla_dag.py for tasks to queue
[2024-07-03T00:04:01.614+0000] {logging_mixin.py:188} INFO - [2024-07-03T00:04:01.613+0000] {dagbag.py:545} INFO - Filling up the DagBag from /home/airflow/.local/lib/python3.12/site-packages/airflow/example_dags/example_sla_dag.py
[2024-07-03T00:04:01.622+0000] {processor.py:840} INFO - DAG(s) 'example_sla_dag' retrieved from /home/airflow/.local/lib/python3.12/site-packages/airflow/example_dags/example_sla_dag.py
[2024-07-03T00:04:01.643+0000] {logging_mixin.py:188} INFO - [2024-07-03T00:04:01.643+0000] {dag.py:3096} INFO - Sync 1 DAGs
[2024-07-03T00:04:01.669+0000] {logging_mixin.py:188} INFO - [2024-07-03T00:04:01.669+0000] {dag.py:3954} INFO - Setting next_dagrun for example_sla_dag to 2024-07-03 00:02:00+00:00, run_after=2024-07-03 00:04:00+00:00
[2024-07-03T00:04:01.688+0000] {processor.py:183} INFO - Processing /home/airflow/.local/lib/python3.12/site-packages/airflow/example_dags/example_sla_dag.py took 0.082 seconds
[2024-07-03T00:04:31.749+0000] {processor.py:161} INFO - Started process (PID=1231) to work on /home/airflow/.local/lib/python3.12/site-packages/airflow/example_dags/example_sla_dag.py
[2024-07-03T00:04:31.750+0000] {processor.py:830} INFO - Processing file /home/airflow/.local/lib/python3.12/site-packages/airflow/example_dags/example_sla_dag.py for tasks to queue
[2024-07-03T00:04:31.752+0000] {logging_mixin.py:188} INFO - [2024-07-03T00:04:31.752+0000] {dagbag.py:545} INFO - Filling up the DagBag from /home/airflow/.local/lib/python3.12/site-packages/airflow/example_dags/example_sla_dag.py
[2024-07-03T00:04:31.760+0000] {processor.py:840} INFO - DAG(s) 'example_sla_dag' retrieved from /home/airflow/.local/lib/python3.12/site-packages/airflow/example_dags/example_sla_dag.py
[2024-07-03T00:04:31.782+0000] {logging_mixin.py:188} INFO - [2024-07-03T00:04:31.782+0000] {dag.py:3096} INFO - Sync 1 DAGs
[2024-07-03T00:04:31.807+0000] {logging_mixin.py:188} INFO - [2024-07-03T00:04:31.807+0000] {dag.py:3954} INFO - Setting next_dagrun for example_sla_dag to 2024-07-03 00:02:00+00:00, run_after=2024-07-03 00:04:00+00:00
[2024-07-03T00:04:31.824+0000] {processor.py:183} INFO - Processing /home/airflow/.local/lib/python3.12/site-packages/airflow/example_dags/example_sla_dag.py took 0.081 seconds
[2024-07-03T00:05:02.071+0000] {processor.py:161} INFO - Started process (PID=1289) to work on /home/airflow/.local/lib/python3.12/site-packages/airflow/example_dags/example_sla_dag.py
[2024-07-03T00:05:02.072+0000] {processor.py:830} INFO - Processing file /home/airflow/.local/lib/python3.12/site-packages/airflow/example_dags/example_sla_dag.py for tasks to queue
[2024-07-03T00:05:02.074+0000] {logging_mixin.py:188} INFO - [2024-07-03T00:05:02.073+0000] {dagbag.py:545} INFO - Filling up the DagBag from /home/airflow/.local/lib/python3.12/site-packages/airflow/example_dags/example_sla_dag.py
[2024-07-03T00:05:02.083+0000] {processor.py:840} INFO - DAG(s) 'example_sla_dag' retrieved from /home/airflow/.local/lib/python3.12/site-packages/airflow/example_dags/example_sla_dag.py
[2024-07-03T00:05:02.105+0000] {logging_mixin.py:188} INFO - [2024-07-03T00:05:02.104+0000] {dag.py:3096} INFO - Sync 1 DAGs
[2024-07-03T00:05:02.130+0000] {logging_mixin.py:188} INFO - [2024-07-03T00:05:02.130+0000] {dag.py:3954} INFO - Setting next_dagrun for example_sla_dag to 2024-07-03 00:02:00+00:00, run_after=2024-07-03 00:04:00+00:00
[2024-07-03T00:05:02.147+0000] {processor.py:183} INFO - Processing /home/airflow/.local/lib/python3.12/site-packages/airflow/example_dags/example_sla_dag.py took 0.082 seconds
[2024-07-03T00:05:33.126+0000] {processor.py:161} INFO - Started process (PID=1347) to work on /home/airflow/.local/lib/python3.12/site-packages/airflow/example_dags/example_sla_dag.py
[2024-07-03T00:05:33.127+0000] {processor.py:830} INFO - Processing file /home/airflow/.local/lib/python3.12/site-packages/airflow/example_dags/example_sla_dag.py for tasks to queue
[2024-07-03T00:05:33.129+0000] {logging_mixin.py:188} INFO - [2024-07-03T00:05:33.129+0000] {dagbag.py:545} INFO - Filling up the DagBag from /home/airflow/.local/lib/python3.12/site-packages/airflow/example_dags/example_sla_dag.py
[2024-07-03T00:05:33.137+0000] {processor.py:840} INFO - DAG(s) 'example_sla_dag' retrieved from /home/airflow/.local/lib/python3.12/site-packages/airflow/example_dags/example_sla_dag.py
[2024-07-03T00:05:33.157+0000] {logging_mixin.py:188} INFO - [2024-07-03T00:05:33.157+0000] {dag.py:3096} INFO - Sync 1 DAGs
[2024-07-03T00:05:33.182+0000] {logging_mixin.py:188} INFO - [2024-07-03T00:05:33.182+0000] {dag.py:3954} INFO - Setting next_dagrun for example_sla_dag to 2024-07-03 00:02:00+00:00, run_after=2024-07-03 00:04:00+00:00
[2024-07-03T00:05:33.201+0000] {processor.py:183} INFO - Processing /home/airflow/.local/lib/python3.12/site-packages/airflow/example_dags/example_sla_dag.py took 0.081 seconds
[2024-07-03T00:06:05.284+0000] {processor.py:161} INFO - Started process (PID=1405) to work on /home/airflow/.local/lib/python3.12/site-packages/airflow/example_dags/example_sla_dag.py
[2024-07-03T00:06:05.286+0000] {processor.py:830} INFO - Processing file /home/airflow/.local/lib/python3.12/site-packages/airflow/example_dags/example_sla_dag.py for tasks to queue
[2024-07-03T00:06:05.288+0000] {logging_mixin.py:188} INFO - [2024-07-03T00:06:05.288+0000] {dagbag.py:545} INFO - Filling up the DagBag from /home/airflow/.local/lib/python3.12/site-packages/airflow/example_dags/example_sla_dag.py
[2024-07-03T00:06:05.300+0000] {processor.py:840} INFO - DAG(s) 'example_sla_dag' retrieved from /home/airflow/.local/lib/python3.12/site-packages/airflow/example_dags/example_sla_dag.py
[2024-07-03T00:06:05.395+0000] {logging_mixin.py:188} INFO - [2024-07-03T00:06:05.394+0000] {dag.py:3096} INFO - Sync 1 DAGs
[2024-07-03T00:06:05.490+0000] {logging_mixin.py:188} INFO - [2024-07-03T00:06:05.490+0000] {dag.py:3954} INFO - Setting next_dagrun for example_sla_dag to 2024-07-03 00:04:00+00:00, run_after=2024-07-03 00:06:00+00:00
[2024-07-03T00:06:05.572+0000] {processor.py:183} INFO - Processing /home/airflow/.local/lib/python3.12/site-packages/airflow/example_dags/example_sla_dag.py took 0.298 seconds
[2024-07-03T00:06:35.963+0000] {processor.py:161} INFO - Started process (PID=1463) to work on /home/airflow/.local/lib/python3.12/site-packages/airflow/example_dags/example_sla_dag.py
[2024-07-03T00:06:35.964+0000] {processor.py:830} INFO - Processing file /home/airflow/.local/lib/python3.12/site-packages/airflow/example_dags/example_sla_dag.py for tasks to queue
[2024-07-03T00:06:35.966+0000] {logging_mixin.py:188} INFO - [2024-07-03T00:06:35.966+0000] {dagbag.py:545} INFO - Filling up the DagBag from /home/airflow/.local/lib/python3.12/site-packages/airflow/example_dags/example_sla_dag.py
[2024-07-03T00:06:35.979+0000] {processor.py:840} INFO - DAG(s) 'example_sla_dag' retrieved from /home/airflow/.local/lib/python3.12/site-packages/airflow/example_dags/example_sla_dag.py
[2024-07-03T00:06:36.006+0000] {logging_mixin.py:188} INFO - [2024-07-03T00:06:36.006+0000] {dag.py:3096} INFO - Sync 1 DAGs
[2024-07-03T00:06:36.042+0000] {logging_mixin.py:188} INFO - [2024-07-03T00:06:36.042+0000] {dag.py:3954} INFO - Setting next_dagrun for example_sla_dag to 2024-07-03 00:04:00+00:00, run_after=2024-07-03 00:06:00+00:00
[2024-07-03T00:06:36.067+0000] {processor.py:183} INFO - Processing /home/airflow/.local/lib/python3.12/site-packages/airflow/example_dags/example_sla_dag.py took 0.113 seconds
[2024-07-03T00:07:07.085+0000] {processor.py:161} INFO - Started process (PID=1521) to work on /home/airflow/.local/lib/python3.12/site-packages/airflow/example_dags/example_sla_dag.py
[2024-07-03T00:07:07.087+0000] {processor.py:830} INFO - Processing file /home/airflow/.local/lib/python3.12/site-packages/airflow/example_dags/example_sla_dag.py for tasks to queue
[2024-07-03T00:07:07.089+0000] {logging_mixin.py:188} INFO - [2024-07-03T00:07:07.088+0000] {dagbag.py:545} INFO - Filling up the DagBag from /home/airflow/.local/lib/python3.12/site-packages/airflow/example_dags/example_sla_dag.py
[2024-07-03T00:07:07.100+0000] {processor.py:840} INFO - DAG(s) 'example_sla_dag' retrieved from /home/airflow/.local/lib/python3.12/site-packages/airflow/example_dags/example_sla_dag.py
[2024-07-03T00:07:07.124+0000] {logging_mixin.py:188} INFO - [2024-07-03T00:07:07.124+0000] {dag.py:3096} INFO - Sync 1 DAGs
[2024-07-03T00:07:07.150+0000] {logging_mixin.py:188} INFO - [2024-07-03T00:07:07.150+0000] {dag.py:3954} INFO - Setting next_dagrun for example_sla_dag to 2024-07-03 00:04:00+00:00, run_after=2024-07-03 00:06:00+00:00
[2024-07-03T00:07:07.170+0000] {processor.py:183} INFO - Processing /home/airflow/.local/lib/python3.12/site-packages/airflow/example_dags/example_sla_dag.py took 0.091 seconds
