[2024-07-03T00:00:23.726+0000] {processor.py:161} INFO - Started process (PID=739) to work on /home/airflow/.local/lib/python3.12/site-packages/airflow/example_dags/example_display_name.py
[2024-07-03T00:00:23.727+0000] {processor.py:830} INFO - Processing file /home/airflow/.local/lib/python3.12/site-packages/airflow/example_dags/example_display_name.py for tasks to queue
[2024-07-03T00:00:23.729+0000] {logging_mixin.py:188} INFO - [2024-07-03T00:00:23.729+0000] {dagbag.py:545} INFO - Filling up the DagBag from /home/airflow/.local/lib/python3.12/site-packages/airflow/example_dags/example_display_name.py
[2024-07-03T00:00:23.735+0000] {processor.py:840} INFO - DAG(s) 'example_display_name' retrieved from /home/airflow/.local/lib/python3.12/site-packages/airflow/example_dags/example_display_name.py
[2024-07-03T00:00:23.757+0000] {logging_mixin.py:188} INFO - [2024-07-03T00:00:23.757+0000] {dag.py:3096} INFO - Sync 1 DAGs
[2024-07-03T00:00:23.772+0000] {logging_mixin.py:188} INFO - [2024-07-03T00:00:23.771+0000] {dag.py:3954} INFO - Setting next_dagrun for example_display_name to None, run_after=None
[2024-07-03T00:00:23.791+0000] {processor.py:183} INFO - Processing /home/airflow/.local/lib/python3.12/site-packages/airflow/example_dags/example_display_name.py took 0.071 seconds
[2024-07-03T00:00:54.090+0000] {processor.py:161} INFO - Started process (PID=797) to work on /home/airflow/.local/lib/python3.12/site-packages/airflow/example_dags/example_display_name.py
[2024-07-03T00:00:54.091+0000] {processor.py:830} INFO - Processing file /home/airflow/.local/lib/python3.12/site-packages/airflow/example_dags/example_display_name.py for tasks to queue
[2024-07-03T00:00:54.094+0000] {logging_mixin.py:188} INFO - [2024-07-03T00:00:54.093+0000] {dagbag.py:545} INFO - Filling up the DagBag from /home/airflow/.local/lib/python3.12/site-packages/airflow/example_dags/example_display_name.py
[2024-07-03T00:00:54.106+0000] {processor.py:840} INFO - DAG(s) 'example_display_name' retrieved from /home/airflow/.local/lib/python3.12/site-packages/airflow/example_dags/example_display_name.py
[2024-07-03T00:00:54.144+0000] {logging_mixin.py:188} INFO - [2024-07-03T00:00:54.143+0000] {dag.py:3096} INFO - Sync 1 DAGs
[2024-07-03T00:00:54.157+0000] {logging_mixin.py:188} INFO - [2024-07-03T00:00:54.156+0000] {dag.py:3954} INFO - Setting next_dagrun for example_display_name to None, run_after=None
[2024-07-03T00:00:54.176+0000] {processor.py:183} INFO - Processing /home/airflow/.local/lib/python3.12/site-packages/airflow/example_dags/example_display_name.py took 0.092 seconds
[2024-07-03T00:01:24.377+0000] {processor.py:161} INFO - Started process (PID=855) to work on /home/airflow/.local/lib/python3.12/site-packages/airflow/example_dags/example_display_name.py
[2024-07-03T00:01:24.378+0000] {processor.py:830} INFO - Processing file /home/airflow/.local/lib/python3.12/site-packages/airflow/example_dags/example_display_name.py for tasks to queue
[2024-07-03T00:01:24.381+0000] {logging_mixin.py:188} INFO - [2024-07-03T00:01:24.380+0000] {dagbag.py:545} INFO - Filling up the DagBag from /home/airflow/.local/lib/python3.12/site-packages/airflow/example_dags/example_display_name.py
[2024-07-03T00:01:24.389+0000] {processor.py:840} INFO - DAG(s) 'example_display_name' retrieved from /home/airflow/.local/lib/python3.12/site-packages/airflow/example_dags/example_display_name.py
[2024-07-03T00:01:24.419+0000] {logging_mixin.py:188} INFO - [2024-07-03T00:01:24.419+0000] {dag.py:3096} INFO - Sync 1 DAGs
[2024-07-03T00:01:24.433+0000] {logging_mixin.py:188} INFO - [2024-07-03T00:01:24.433+0000] {dag.py:3954} INFO - Setting next_dagrun for example_display_name to None, run_after=None
[2024-07-03T00:01:24.449+0000] {processor.py:183} INFO - Processing /home/airflow/.local/lib/python3.12/site-packages/airflow/example_dags/example_display_name.py took 0.082 seconds
[2024-07-03T00:01:54.571+0000] {processor.py:161} INFO - Started process (PID=913) to work on /home/airflow/.local/lib/python3.12/site-packages/airflow/example_dags/example_display_name.py
[2024-07-03T00:01:54.572+0000] {processor.py:830} INFO - Processing file /home/airflow/.local/lib/python3.12/site-packages/airflow/example_dags/example_display_name.py for tasks to queue
[2024-07-03T00:01:54.573+0000] {logging_mixin.py:188} INFO - [2024-07-03T00:01:54.573+0000] {dagbag.py:545} INFO - Filling up the DagBag from /home/airflow/.local/lib/python3.12/site-packages/airflow/example_dags/example_display_name.py
[2024-07-03T00:01:54.579+0000] {processor.py:840} INFO - DAG(s) 'example_display_name' retrieved from /home/airflow/.local/lib/python3.12/site-packages/airflow/example_dags/example_display_name.py
[2024-07-03T00:01:54.601+0000] {logging_mixin.py:188} INFO - [2024-07-03T00:01:54.601+0000] {dag.py:3096} INFO - Sync 1 DAGs
[2024-07-03T00:01:54.615+0000] {logging_mixin.py:188} INFO - [2024-07-03T00:01:54.615+0000] {dag.py:3954} INFO - Setting next_dagrun for example_display_name to None, run_after=None
[2024-07-03T00:01:54.631+0000] {processor.py:183} INFO - Processing /home/airflow/.local/lib/python3.12/site-packages/airflow/example_dags/example_display_name.py took 0.066 seconds
[2024-07-03T00:02:24.834+0000] {processor.py:161} INFO - Started process (PID=971) to work on /home/airflow/.local/lib/python3.12/site-packages/airflow/example_dags/example_display_name.py
[2024-07-03T00:02:24.835+0000] {processor.py:830} INFO - Processing file /home/airflow/.local/lib/python3.12/site-packages/airflow/example_dags/example_display_name.py for tasks to queue
[2024-07-03T00:02:24.837+0000] {logging_mixin.py:188} INFO - [2024-07-03T00:02:24.836+0000] {dagbag.py:545} INFO - Filling up the DagBag from /home/airflow/.local/lib/python3.12/site-packages/airflow/example_dags/example_display_name.py
[2024-07-03T00:02:24.843+0000] {processor.py:840} INFO - DAG(s) 'example_display_name' retrieved from /home/airflow/.local/lib/python3.12/site-packages/airflow/example_dags/example_display_name.py
[2024-07-03T00:02:24.864+0000] {logging_mixin.py:188} INFO - [2024-07-03T00:02:24.864+0000] {dag.py:3096} INFO - Sync 1 DAGs
[2024-07-03T00:02:24.877+0000] {logging_mixin.py:188} INFO - [2024-07-03T00:02:24.877+0000] {dag.py:3954} INFO - Setting next_dagrun for example_display_name to None, run_after=None
[2024-07-03T00:02:24.897+0000] {processor.py:183} INFO - Processing /home/airflow/.local/lib/python3.12/site-packages/airflow/example_dags/example_display_name.py took 0.069 seconds
[2024-07-03T00:02:55.042+0000] {processor.py:161} INFO - Started process (PID=1029) to work on /home/airflow/.local/lib/python3.12/site-packages/airflow/example_dags/example_display_name.py
[2024-07-03T00:02:55.044+0000] {processor.py:830} INFO - Processing file /home/airflow/.local/lib/python3.12/site-packages/airflow/example_dags/example_display_name.py for tasks to queue
[2024-07-03T00:02:55.046+0000] {logging_mixin.py:188} INFO - [2024-07-03T00:02:55.046+0000] {dagbag.py:545} INFO - Filling up the DagBag from /home/airflow/.local/lib/python3.12/site-packages/airflow/example_dags/example_display_name.py
[2024-07-03T00:02:55.053+0000] {processor.py:840} INFO - DAG(s) 'example_display_name' retrieved from /home/airflow/.local/lib/python3.12/site-packages/airflow/example_dags/example_display_name.py
[2024-07-03T00:02:55.080+0000] {logging_mixin.py:188} INFO - [2024-07-03T00:02:55.080+0000] {dag.py:3096} INFO - Sync 1 DAGs
[2024-07-03T00:02:55.102+0000] {logging_mixin.py:188} INFO - [2024-07-03T00:02:55.102+0000] {dag.py:3954} INFO - Setting next_dagrun for example_display_name to None, run_after=None
[2024-07-03T00:02:55.119+0000] {processor.py:183} INFO - Processing /home/airflow/.local/lib/python3.12/site-packages/airflow/example_dags/example_display_name.py took 0.086 seconds
[2024-07-03T00:03:25.646+0000] {processor.py:161} INFO - Started process (PID=1093) to work on /home/airflow/.local/lib/python3.12/site-packages/airflow/example_dags/example_display_name.py
[2024-07-03T00:03:25.647+0000] {processor.py:830} INFO - Processing file /home/airflow/.local/lib/python3.12/site-packages/airflow/example_dags/example_display_name.py for tasks to queue
[2024-07-03T00:03:25.649+0000] {logging_mixin.py:188} INFO - [2024-07-03T00:03:25.649+0000] {dagbag.py:545} INFO - Filling up the DagBag from /home/airflow/.local/lib/python3.12/site-packages/airflow/example_dags/example_display_name.py
[2024-07-03T00:03:25.655+0000] {processor.py:840} INFO - DAG(s) 'example_display_name' retrieved from /home/airflow/.local/lib/python3.12/site-packages/airflow/example_dags/example_display_name.py
[2024-07-03T00:03:25.677+0000] {logging_mixin.py:188} INFO - [2024-07-03T00:03:25.677+0000] {dag.py:3096} INFO - Sync 1 DAGs
[2024-07-03T00:03:25.691+0000] {logging_mixin.py:188} INFO - [2024-07-03T00:03:25.690+0000] {dag.py:3954} INFO - Setting next_dagrun for example_display_name to None, run_after=None
[2024-07-03T00:03:25.708+0000] {processor.py:183} INFO - Processing /home/airflow/.local/lib/python3.12/site-packages/airflow/example_dags/example_display_name.py took 0.068 seconds
[2024-07-03T00:03:56.020+0000] {processor.py:161} INFO - Started process (PID=1151) to work on /home/airflow/.local/lib/python3.12/site-packages/airflow/example_dags/example_display_name.py
[2024-07-03T00:03:56.022+0000] {processor.py:830} INFO - Processing file /home/airflow/.local/lib/python3.12/site-packages/airflow/example_dags/example_display_name.py for tasks to queue
[2024-07-03T00:03:56.024+0000] {logging_mixin.py:188} INFO - [2024-07-03T00:03:56.023+0000] {dagbag.py:545} INFO - Filling up the DagBag from /home/airflow/.local/lib/python3.12/site-packages/airflow/example_dags/example_display_name.py
[2024-07-03T00:03:56.030+0000] {processor.py:840} INFO - DAG(s) 'example_display_name' retrieved from /home/airflow/.local/lib/python3.12/site-packages/airflow/example_dags/example_display_name.py
[2024-07-03T00:03:56.051+0000] {logging_mixin.py:188} INFO - [2024-07-03T00:03:56.051+0000] {dag.py:3096} INFO - Sync 1 DAGs
[2024-07-03T00:03:56.063+0000] {logging_mixin.py:188} INFO - [2024-07-03T00:03:56.063+0000] {dag.py:3954} INFO - Setting next_dagrun for example_display_name to None, run_after=None
[2024-07-03T00:03:56.085+0000] {processor.py:183} INFO - Processing /home/airflow/.local/lib/python3.12/site-packages/airflow/example_dags/example_display_name.py took 0.070 seconds
[2024-07-03T00:04:26.135+0000] {processor.py:161} INFO - Started process (PID=1209) to work on /home/airflow/.local/lib/python3.12/site-packages/airflow/example_dags/example_display_name.py
[2024-07-03T00:04:26.136+0000] {processor.py:830} INFO - Processing file /home/airflow/.local/lib/python3.12/site-packages/airflow/example_dags/example_display_name.py for tasks to queue
[2024-07-03T00:04:26.137+0000] {logging_mixin.py:188} INFO - [2024-07-03T00:04:26.137+0000] {dagbag.py:545} INFO - Filling up the DagBag from /home/airflow/.local/lib/python3.12/site-packages/airflow/example_dags/example_display_name.py
[2024-07-03T00:04:26.142+0000] {processor.py:840} INFO - DAG(s) 'example_display_name' retrieved from /home/airflow/.local/lib/python3.12/site-packages/airflow/example_dags/example_display_name.py
[2024-07-03T00:04:26.162+0000] {logging_mixin.py:188} INFO - [2024-07-03T00:04:26.162+0000] {dag.py:3096} INFO - Sync 1 DAGs
[2024-07-03T00:04:26.179+0000] {logging_mixin.py:188} INFO - [2024-07-03T00:04:26.179+0000] {dag.py:3954} INFO - Setting next_dagrun for example_display_name to None, run_after=None
[2024-07-03T00:04:26.199+0000] {processor.py:183} INFO - Processing /home/airflow/.local/lib/python3.12/site-packages/airflow/example_dags/example_display_name.py took 0.070 seconds
[2024-07-03T00:04:56.460+0000] {processor.py:161} INFO - Started process (PID=1267) to work on /home/airflow/.local/lib/python3.12/site-packages/airflow/example_dags/example_display_name.py
[2024-07-03T00:04:56.461+0000] {processor.py:830} INFO - Processing file /home/airflow/.local/lib/python3.12/site-packages/airflow/example_dags/example_display_name.py for tasks to queue
[2024-07-03T00:04:56.463+0000] {logging_mixin.py:188} INFO - [2024-07-03T00:04:56.463+0000] {dagbag.py:545} INFO - Filling up the DagBag from /home/airflow/.local/lib/python3.12/site-packages/airflow/example_dags/example_display_name.py
[2024-07-03T00:04:56.470+0000] {processor.py:840} INFO - DAG(s) 'example_display_name' retrieved from /home/airflow/.local/lib/python3.12/site-packages/airflow/example_dags/example_display_name.py
[2024-07-03T00:04:56.496+0000] {logging_mixin.py:188} INFO - [2024-07-03T00:04:56.496+0000] {dag.py:3096} INFO - Sync 1 DAGs
[2024-07-03T00:04:56.514+0000] {logging_mixin.py:188} INFO - [2024-07-03T00:04:56.514+0000] {dag.py:3954} INFO - Setting next_dagrun for example_display_name to None, run_after=None
[2024-07-03T00:04:56.537+0000] {processor.py:183} INFO - Processing /home/airflow/.local/lib/python3.12/site-packages/airflow/example_dags/example_display_name.py took 0.081 seconds
[2024-07-03T00:05:26.585+0000] {processor.py:161} INFO - Started process (PID=1324) to work on /home/airflow/.local/lib/python3.12/site-packages/airflow/example_dags/example_display_name.py
[2024-07-03T00:05:26.586+0000] {processor.py:830} INFO - Processing file /home/airflow/.local/lib/python3.12/site-packages/airflow/example_dags/example_display_name.py for tasks to queue
[2024-07-03T00:05:26.588+0000] {logging_mixin.py:188} INFO - [2024-07-03T00:05:26.587+0000] {dagbag.py:545} INFO - Filling up the DagBag from /home/airflow/.local/lib/python3.12/site-packages/airflow/example_dags/example_display_name.py
[2024-07-03T00:05:26.594+0000] {processor.py:840} INFO - DAG(s) 'example_display_name' retrieved from /home/airflow/.local/lib/python3.12/site-packages/airflow/example_dags/example_display_name.py
[2024-07-03T00:05:26.620+0000] {logging_mixin.py:188} INFO - [2024-07-03T00:05:26.619+0000] {dag.py:3096} INFO - Sync 1 DAGs
[2024-07-03T00:05:26.635+0000] {logging_mixin.py:188} INFO - [2024-07-03T00:05:26.635+0000] {dag.py:3954} INFO - Setting next_dagrun for example_display_name to None, run_after=None
[2024-07-03T00:05:26.651+0000] {processor.py:183} INFO - Processing /home/airflow/.local/lib/python3.12/site-packages/airflow/example_dags/example_display_name.py took 0.073 seconds
[2024-07-03T00:05:56.898+0000] {processor.py:161} INFO - Started process (PID=1383) to work on /home/airflow/.local/lib/python3.12/site-packages/airflow/example_dags/example_display_name.py
[2024-07-03T00:05:56.899+0000] {processor.py:830} INFO - Processing file /home/airflow/.local/lib/python3.12/site-packages/airflow/example_dags/example_display_name.py for tasks to queue
[2024-07-03T00:05:56.901+0000] {logging_mixin.py:188} INFO - [2024-07-03T00:05:56.901+0000] {dagbag.py:545} INFO - Filling up the DagBag from /home/airflow/.local/lib/python3.12/site-packages/airflow/example_dags/example_display_name.py
[2024-07-03T00:05:56.906+0000] {processor.py:840} INFO - DAG(s) 'example_display_name' retrieved from /home/airflow/.local/lib/python3.12/site-packages/airflow/example_dags/example_display_name.py
[2024-07-03T00:05:56.938+0000] {logging_mixin.py:188} INFO - [2024-07-03T00:05:56.937+0000] {dag.py:3096} INFO - Sync 1 DAGs
[2024-07-03T00:05:56.955+0000] {logging_mixin.py:188} INFO - [2024-07-03T00:05:56.955+0000] {dag.py:3954} INFO - Setting next_dagrun for example_display_name to None, run_after=None
[2024-07-03T00:05:56.980+0000] {processor.py:183} INFO - Processing /home/airflow/.local/lib/python3.12/site-packages/airflow/example_dags/example_display_name.py took 0.089 seconds
[2024-07-03T00:06:27.171+0000] {processor.py:161} INFO - Started process (PID=1441) to work on /home/airflow/.local/lib/python3.12/site-packages/airflow/example_dags/example_display_name.py
[2024-07-03T00:06:27.172+0000] {processor.py:830} INFO - Processing file /home/airflow/.local/lib/python3.12/site-packages/airflow/example_dags/example_display_name.py for tasks to queue
[2024-07-03T00:06:27.174+0000] {logging_mixin.py:188} INFO - [2024-07-03T00:06:27.174+0000] {dagbag.py:545} INFO - Filling up the DagBag from /home/airflow/.local/lib/python3.12/site-packages/airflow/example_dags/example_display_name.py
[2024-07-03T00:06:27.181+0000] {processor.py:840} INFO - DAG(s) 'example_display_name' retrieved from /home/airflow/.local/lib/python3.12/site-packages/airflow/example_dags/example_display_name.py
[2024-07-03T00:06:27.208+0000] {logging_mixin.py:188} INFO - [2024-07-03T00:06:27.208+0000] {dag.py:3096} INFO - Sync 1 DAGs
[2024-07-03T00:06:27.230+0000] {logging_mixin.py:188} INFO - [2024-07-03T00:06:27.229+0000] {dag.py:3954} INFO - Setting next_dagrun for example_display_name to None, run_after=None
[2024-07-03T00:06:27.262+0000] {processor.py:183} INFO - Processing /home/airflow/.local/lib/python3.12/site-packages/airflow/example_dags/example_display_name.py took 0.100 seconds
[2024-07-03T00:06:57.341+0000] {processor.py:161} INFO - Started process (PID=1498) to work on /home/airflow/.local/lib/python3.12/site-packages/airflow/example_dags/example_display_name.py
[2024-07-03T00:06:57.342+0000] {processor.py:830} INFO - Processing file /home/airflow/.local/lib/python3.12/site-packages/airflow/example_dags/example_display_name.py for tasks to queue
[2024-07-03T00:06:57.344+0000] {logging_mixin.py:188} INFO - [2024-07-03T00:06:57.343+0000] {dagbag.py:545} INFO - Filling up the DagBag from /home/airflow/.local/lib/python3.12/site-packages/airflow/example_dags/example_display_name.py
[2024-07-03T00:06:57.350+0000] {processor.py:840} INFO - DAG(s) 'example_display_name' retrieved from /home/airflow/.local/lib/python3.12/site-packages/airflow/example_dags/example_display_name.py
[2024-07-03T00:06:57.370+0000] {logging_mixin.py:188} INFO - [2024-07-03T00:06:57.370+0000] {dag.py:3096} INFO - Sync 1 DAGs
[2024-07-03T00:06:57.383+0000] {logging_mixin.py:188} INFO - [2024-07-03T00:06:57.383+0000] {dag.py:3954} INFO - Setting next_dagrun for example_display_name to None, run_after=None
[2024-07-03T00:06:57.403+0000] {processor.py:183} INFO - Processing /home/airflow/.local/lib/python3.12/site-packages/airflow/example_dags/example_display_name.py took 0.069 seconds
