[2024-07-03T00:00:27.421+0000] {processor.py:161} INFO - Started process (PID=754) to work on /home/airflow/.local/lib/python3.12/site-packages/airflow/example_dags/example_nested_branch_dag.py
[2024-07-03T00:00:27.422+0000] {processor.py:830} INFO - Processing file /home/airflow/.local/lib/python3.12/site-packages/airflow/example_dags/example_nested_branch_dag.py for tasks to queue
[2024-07-03T00:00:27.424+0000] {logging_mixin.py:188} INFO - [2024-07-03T00:00:27.423+0000] {dagbag.py:545} INFO - Filling up the DagBag from /home/airflow/.local/lib/python3.12/site-packages/airflow/example_dags/example_nested_branch_dag.py
[2024-07-03T00:00:27.434+0000] {processor.py:840} INFO - DAG(s) 'example_nested_branch_dag' retrieved from /home/airflow/.local/lib/python3.12/site-packages/airflow/example_dags/example_nested_branch_dag.py
[2024-07-03T00:00:27.462+0000] {logging_mixin.py:188} INFO - [2024-07-03T00:00:27.461+0000] {dag.py:3096} INFO - Sync 1 DAGs
[2024-07-03T00:00:27.491+0000] {logging_mixin.py:188} INFO - [2024-07-03T00:00:27.491+0000] {dag.py:3954} INFO - Setting next_dagrun for example_nested_branch_dag to 2024-07-02 00:00:00+00:00, run_after=2024-07-03 00:00:00+00:00
[2024-07-03T00:00:27.512+0000] {processor.py:183} INFO - Processing /home/airflow/.local/lib/python3.12/site-packages/airflow/example_dags/example_nested_branch_dag.py took 0.097 seconds
[2024-07-03T00:00:57.682+0000] {processor.py:161} INFO - Started process (PID=812) to work on /home/airflow/.local/lib/python3.12/site-packages/airflow/example_dags/example_nested_branch_dag.py
[2024-07-03T00:00:57.683+0000] {processor.py:830} INFO - Processing file /home/airflow/.local/lib/python3.12/site-packages/airflow/example_dags/example_nested_branch_dag.py for tasks to queue
[2024-07-03T00:00:57.685+0000] {logging_mixin.py:188} INFO - [2024-07-03T00:00:57.685+0000] {dagbag.py:545} INFO - Filling up the DagBag from /home/airflow/.local/lib/python3.12/site-packages/airflow/example_dags/example_nested_branch_dag.py
[2024-07-03T00:00:57.696+0000] {processor.py:840} INFO - DAG(s) 'example_nested_branch_dag' retrieved from /home/airflow/.local/lib/python3.12/site-packages/airflow/example_dags/example_nested_branch_dag.py
[2024-07-03T00:00:57.722+0000] {logging_mixin.py:188} INFO - [2024-07-03T00:00:57.721+0000] {dag.py:3096} INFO - Sync 1 DAGs
[2024-07-03T00:00:57.746+0000] {logging_mixin.py:188} INFO - [2024-07-03T00:00:57.746+0000] {dag.py:3954} INFO - Setting next_dagrun for example_nested_branch_dag to 2024-07-02 00:00:00+00:00, run_after=2024-07-03 00:00:00+00:00
[2024-07-03T00:00:57.766+0000] {processor.py:183} INFO - Processing /home/airflow/.local/lib/python3.12/site-packages/airflow/example_dags/example_nested_branch_dag.py took 0.090 seconds
[2024-07-03T00:01:27.939+0000] {processor.py:161} INFO - Started process (PID=870) to work on /home/airflow/.local/lib/python3.12/site-packages/airflow/example_dags/example_nested_branch_dag.py
[2024-07-03T00:01:27.940+0000] {processor.py:830} INFO - Processing file /home/airflow/.local/lib/python3.12/site-packages/airflow/example_dags/example_nested_branch_dag.py for tasks to queue
[2024-07-03T00:01:27.942+0000] {logging_mixin.py:188} INFO - [2024-07-03T00:01:27.942+0000] {dagbag.py:545} INFO - Filling up the DagBag from /home/airflow/.local/lib/python3.12/site-packages/airflow/example_dags/example_nested_branch_dag.py
[2024-07-03T00:01:27.951+0000] {processor.py:840} INFO - DAG(s) 'example_nested_branch_dag' retrieved from /home/airflow/.local/lib/python3.12/site-packages/airflow/example_dags/example_nested_branch_dag.py
[2024-07-03T00:01:27.979+0000] {logging_mixin.py:188} INFO - [2024-07-03T00:01:27.979+0000] {dag.py:3096} INFO - Sync 1 DAGs
[2024-07-03T00:01:28.009+0000] {logging_mixin.py:188} INFO - [2024-07-03T00:01:28.009+0000] {dag.py:3954} INFO - Setting next_dagrun for example_nested_branch_dag to 2024-07-02 00:00:00+00:00, run_after=2024-07-03 00:00:00+00:00
[2024-07-03T00:01:28.029+0000] {processor.py:183} INFO - Processing /home/airflow/.local/lib/python3.12/site-packages/airflow/example_dags/example_nested_branch_dag.py took 0.095 seconds
[2024-07-03T00:01:58.142+0000] {processor.py:161} INFO - Started process (PID=928) to work on /home/airflow/.local/lib/python3.12/site-packages/airflow/example_dags/example_nested_branch_dag.py
[2024-07-03T00:01:58.143+0000] {processor.py:830} INFO - Processing file /home/airflow/.local/lib/python3.12/site-packages/airflow/example_dags/example_nested_branch_dag.py for tasks to queue
[2024-07-03T00:01:58.145+0000] {logging_mixin.py:188} INFO - [2024-07-03T00:01:58.144+0000] {dagbag.py:545} INFO - Filling up the DagBag from /home/airflow/.local/lib/python3.12/site-packages/airflow/example_dags/example_nested_branch_dag.py
[2024-07-03T00:01:58.156+0000] {processor.py:840} INFO - DAG(s) 'example_nested_branch_dag' retrieved from /home/airflow/.local/lib/python3.12/site-packages/airflow/example_dags/example_nested_branch_dag.py
[2024-07-03T00:01:58.182+0000] {logging_mixin.py:188} INFO - [2024-07-03T00:01:58.181+0000] {dag.py:3096} INFO - Sync 1 DAGs
[2024-07-03T00:01:58.206+0000] {logging_mixin.py:188} INFO - [2024-07-03T00:01:58.205+0000] {dag.py:3954} INFO - Setting next_dagrun for example_nested_branch_dag to 2024-07-02 00:00:00+00:00, run_after=2024-07-03 00:00:00+00:00
[2024-07-03T00:01:58.227+0000] {processor.py:183} INFO - Processing /home/airflow/.local/lib/python3.12/site-packages/airflow/example_dags/example_nested_branch_dag.py took 0.091 seconds
[2024-07-03T00:02:28.382+0000] {processor.py:161} INFO - Started process (PID=986) to work on /home/airflow/.local/lib/python3.12/site-packages/airflow/example_dags/example_nested_branch_dag.py
[2024-07-03T00:02:28.383+0000] {processor.py:830} INFO - Processing file /home/airflow/.local/lib/python3.12/site-packages/airflow/example_dags/example_nested_branch_dag.py for tasks to queue
[2024-07-03T00:02:28.386+0000] {logging_mixin.py:188} INFO - [2024-07-03T00:02:28.385+0000] {dagbag.py:545} INFO - Filling up the DagBag from /home/airflow/.local/lib/python3.12/site-packages/airflow/example_dags/example_nested_branch_dag.py
[2024-07-03T00:02:28.397+0000] {processor.py:840} INFO - DAG(s) 'example_nested_branch_dag' retrieved from /home/airflow/.local/lib/python3.12/site-packages/airflow/example_dags/example_nested_branch_dag.py
[2024-07-03T00:02:28.424+0000] {logging_mixin.py:188} INFO - [2024-07-03T00:02:28.424+0000] {dag.py:3096} INFO - Sync 1 DAGs
[2024-07-03T00:02:28.489+0000] {logging_mixin.py:188} INFO - [2024-07-03T00:02:28.489+0000] {dag.py:3954} INFO - Setting next_dagrun for example_nested_branch_dag to 2024-07-02 00:00:00+00:00, run_after=2024-07-03 00:00:00+00:00
[2024-07-03T00:02:28.510+0000] {processor.py:183} INFO - Processing /home/airflow/.local/lib/python3.12/site-packages/airflow/example_dags/example_nested_branch_dag.py took 0.136 seconds
[2024-07-03T00:02:58.773+0000] {processor.py:161} INFO - Started process (PID=1044) to work on /home/airflow/.local/lib/python3.12/site-packages/airflow/example_dags/example_nested_branch_dag.py
[2024-07-03T00:02:58.774+0000] {processor.py:830} INFO - Processing file /home/airflow/.local/lib/python3.12/site-packages/airflow/example_dags/example_nested_branch_dag.py for tasks to queue
[2024-07-03T00:02:58.777+0000] {logging_mixin.py:188} INFO - [2024-07-03T00:02:58.776+0000] {dagbag.py:545} INFO - Filling up the DagBag from /home/airflow/.local/lib/python3.12/site-packages/airflow/example_dags/example_nested_branch_dag.py
[2024-07-03T00:02:58.788+0000] {processor.py:840} INFO - DAG(s) 'example_nested_branch_dag' retrieved from /home/airflow/.local/lib/python3.12/site-packages/airflow/example_dags/example_nested_branch_dag.py
[2024-07-03T00:02:58.816+0000] {logging_mixin.py:188} INFO - [2024-07-03T00:02:58.816+0000] {dag.py:3096} INFO - Sync 1 DAGs
[2024-07-03T00:02:58.845+0000] {logging_mixin.py:188} INFO - [2024-07-03T00:02:58.845+0000] {dag.py:3954} INFO - Setting next_dagrun for example_nested_branch_dag to 2024-07-02 00:00:00+00:00, run_after=2024-07-03 00:00:00+00:00
[2024-07-03T00:02:58.870+0000] {processor.py:183} INFO - Processing /home/airflow/.local/lib/python3.12/site-packages/airflow/example_dags/example_nested_branch_dag.py took 0.104 seconds
[2024-07-03T00:03:29.229+0000] {processor.py:161} INFO - Started process (PID=1102) to work on /home/airflow/.local/lib/python3.12/site-packages/airflow/example_dags/example_nested_branch_dag.py
[2024-07-03T00:03:29.230+0000] {processor.py:830} INFO - Processing file /home/airflow/.local/lib/python3.12/site-packages/airflow/example_dags/example_nested_branch_dag.py for tasks to queue
[2024-07-03T00:03:29.232+0000] {logging_mixin.py:188} INFO - [2024-07-03T00:03:29.231+0000] {dagbag.py:545} INFO - Filling up the DagBag from /home/airflow/.local/lib/python3.12/site-packages/airflow/example_dags/example_nested_branch_dag.py
[2024-07-03T00:03:29.242+0000] {processor.py:840} INFO - DAG(s) 'example_nested_branch_dag' retrieved from /home/airflow/.local/lib/python3.12/site-packages/airflow/example_dags/example_nested_branch_dag.py
[2024-07-03T00:03:29.264+0000] {logging_mixin.py:188} INFO - [2024-07-03T00:03:29.263+0000] {dag.py:3096} INFO - Sync 1 DAGs
[2024-07-03T00:03:29.286+0000] {logging_mixin.py:188} INFO - [2024-07-03T00:03:29.286+0000] {dag.py:3954} INFO - Setting next_dagrun for example_nested_branch_dag to 2024-07-02 00:00:00+00:00, run_after=2024-07-03 00:00:00+00:00
[2024-07-03T00:03:29.303+0000] {processor.py:183} INFO - Processing /home/airflow/.local/lib/python3.12/site-packages/airflow/example_dags/example_nested_branch_dag.py took 0.080 seconds
[2024-07-03T00:03:59.484+0000] {processor.py:161} INFO - Started process (PID=1160) to work on /home/airflow/.local/lib/python3.12/site-packages/airflow/example_dags/example_nested_branch_dag.py
[2024-07-03T00:03:59.485+0000] {processor.py:830} INFO - Processing file /home/airflow/.local/lib/python3.12/site-packages/airflow/example_dags/example_nested_branch_dag.py for tasks to queue
[2024-07-03T00:03:59.487+0000] {logging_mixin.py:188} INFO - [2024-07-03T00:03:59.486+0000] {dagbag.py:545} INFO - Filling up the DagBag from /home/airflow/.local/lib/python3.12/site-packages/airflow/example_dags/example_nested_branch_dag.py
[2024-07-03T00:03:59.497+0000] {processor.py:840} INFO - DAG(s) 'example_nested_branch_dag' retrieved from /home/airflow/.local/lib/python3.12/site-packages/airflow/example_dags/example_nested_branch_dag.py
[2024-07-03T00:03:59.520+0000] {logging_mixin.py:188} INFO - [2024-07-03T00:03:59.520+0000] {dag.py:3096} INFO - Sync 1 DAGs
[2024-07-03T00:03:59.542+0000] {logging_mixin.py:188} INFO - [2024-07-03T00:03:59.542+0000] {dag.py:3954} INFO - Setting next_dagrun for example_nested_branch_dag to 2024-07-02 00:00:00+00:00, run_after=2024-07-03 00:00:00+00:00
[2024-07-03T00:03:59.559+0000] {processor.py:183} INFO - Processing /home/airflow/.local/lib/python3.12/site-packages/airflow/example_dags/example_nested_branch_dag.py took 0.081 seconds
[2024-07-03T00:04:29.725+0000] {processor.py:161} INFO - Started process (PID=1217) to work on /home/airflow/.local/lib/python3.12/site-packages/airflow/example_dags/example_nested_branch_dag.py
[2024-07-03T00:04:29.726+0000] {processor.py:830} INFO - Processing file /home/airflow/.local/lib/python3.12/site-packages/airflow/example_dags/example_nested_branch_dag.py for tasks to queue
[2024-07-03T00:04:29.728+0000] {logging_mixin.py:188} INFO - [2024-07-03T00:04:29.728+0000] {dagbag.py:545} INFO - Filling up the DagBag from /home/airflow/.local/lib/python3.12/site-packages/airflow/example_dags/example_nested_branch_dag.py
[2024-07-03T00:04:29.740+0000] {processor.py:840} INFO - DAG(s) 'example_nested_branch_dag' retrieved from /home/airflow/.local/lib/python3.12/site-packages/airflow/example_dags/example_nested_branch_dag.py
[2024-07-03T00:04:29.773+0000] {logging_mixin.py:188} INFO - [2024-07-03T00:04:29.772+0000] {dag.py:3096} INFO - Sync 1 DAGs
[2024-07-03T00:04:29.802+0000] {logging_mixin.py:188} INFO - [2024-07-03T00:04:29.801+0000] {dag.py:3954} INFO - Setting next_dagrun for example_nested_branch_dag to 2024-07-02 00:00:00+00:00, run_after=2024-07-03 00:00:00+00:00
[2024-07-03T00:04:29.821+0000] {processor.py:183} INFO - Processing /home/airflow/.local/lib/python3.12/site-packages/airflow/example_dags/example_nested_branch_dag.py took 0.103 seconds
[2024-07-03T00:04:59.923+0000] {processor.py:161} INFO - Started process (PID=1275) to work on /home/airflow/.local/lib/python3.12/site-packages/airflow/example_dags/example_nested_branch_dag.py
[2024-07-03T00:04:59.924+0000] {processor.py:830} INFO - Processing file /home/airflow/.local/lib/python3.12/site-packages/airflow/example_dags/example_nested_branch_dag.py for tasks to queue
[2024-07-03T00:04:59.926+0000] {logging_mixin.py:188} INFO - [2024-07-03T00:04:59.926+0000] {dagbag.py:545} INFO - Filling up the DagBag from /home/airflow/.local/lib/python3.12/site-packages/airflow/example_dags/example_nested_branch_dag.py
[2024-07-03T00:04:59.937+0000] {processor.py:840} INFO - DAG(s) 'example_nested_branch_dag' retrieved from /home/airflow/.local/lib/python3.12/site-packages/airflow/example_dags/example_nested_branch_dag.py
[2024-07-03T00:04:59.959+0000] {logging_mixin.py:188} INFO - [2024-07-03T00:04:59.959+0000] {dag.py:3096} INFO - Sync 1 DAGs
[2024-07-03T00:04:59.984+0000] {logging_mixin.py:188} INFO - [2024-07-03T00:04:59.984+0000] {dag.py:3954} INFO - Setting next_dagrun for example_nested_branch_dag to 2024-07-02 00:00:00+00:00, run_after=2024-07-03 00:00:00+00:00
[2024-07-03T00:05:00.004+0000] {processor.py:183} INFO - Processing /home/airflow/.local/lib/python3.12/site-packages/airflow/example_dags/example_nested_branch_dag.py took 0.086 seconds
[2024-07-03T00:05:30.091+0000] {processor.py:161} INFO - Started process (PID=1333) to work on /home/airflow/.local/lib/python3.12/site-packages/airflow/example_dags/example_nested_branch_dag.py
[2024-07-03T00:05:30.092+0000] {processor.py:830} INFO - Processing file /home/airflow/.local/lib/python3.12/site-packages/airflow/example_dags/example_nested_branch_dag.py for tasks to queue
[2024-07-03T00:05:30.094+0000] {logging_mixin.py:188} INFO - [2024-07-03T00:05:30.093+0000] {dagbag.py:545} INFO - Filling up the DagBag from /home/airflow/.local/lib/python3.12/site-packages/airflow/example_dags/example_nested_branch_dag.py
[2024-07-03T00:05:30.105+0000] {processor.py:840} INFO - DAG(s) 'example_nested_branch_dag' retrieved from /home/airflow/.local/lib/python3.12/site-packages/airflow/example_dags/example_nested_branch_dag.py
[2024-07-03T00:05:30.134+0000] {logging_mixin.py:188} INFO - [2024-07-03T00:05:30.134+0000] {dag.py:3096} INFO - Sync 1 DAGs
[2024-07-03T00:05:30.166+0000] {logging_mixin.py:188} INFO - [2024-07-03T00:05:30.165+0000] {dag.py:3954} INFO - Setting next_dagrun for example_nested_branch_dag to 2024-07-02 00:00:00+00:00, run_after=2024-07-03 00:00:00+00:00
[2024-07-03T00:05:30.185+0000] {processor.py:183} INFO - Processing /home/airflow/.local/lib/python3.12/site-packages/airflow/example_dags/example_nested_branch_dag.py took 0.101 seconds
[2024-07-03T00:06:00.706+0000] {processor.py:161} INFO - Started process (PID=1391) to work on /home/airflow/.local/lib/python3.12/site-packages/airflow/example_dags/example_nested_branch_dag.py
[2024-07-03T00:06:00.708+0000] {processor.py:830} INFO - Processing file /home/airflow/.local/lib/python3.12/site-packages/airflow/example_dags/example_nested_branch_dag.py for tasks to queue
[2024-07-03T00:06:00.710+0000] {logging_mixin.py:188} INFO - [2024-07-03T00:06:00.709+0000] {dagbag.py:545} INFO - Filling up the DagBag from /home/airflow/.local/lib/python3.12/site-packages/airflow/example_dags/example_nested_branch_dag.py
[2024-07-03T00:06:00.724+0000] {processor.py:840} INFO - DAG(s) 'example_nested_branch_dag' retrieved from /home/airflow/.local/lib/python3.12/site-packages/airflow/example_dags/example_nested_branch_dag.py
[2024-07-03T00:06:00.779+0000] {logging_mixin.py:188} INFO - [2024-07-03T00:06:00.778+0000] {dag.py:3096} INFO - Sync 1 DAGs
[2024-07-03T00:06:00.828+0000] {logging_mixin.py:188} INFO - [2024-07-03T00:06:00.828+0000] {dag.py:3954} INFO - Setting next_dagrun for example_nested_branch_dag to 2024-07-02 00:00:00+00:00, run_after=2024-07-03 00:00:00+00:00
[2024-07-03T00:06:00.853+0000] {processor.py:183} INFO - Processing /home/airflow/.local/lib/python3.12/site-packages/airflow/example_dags/example_nested_branch_dag.py took 0.155 seconds
[2024-07-03T00:06:31.765+0000] {processor.py:161} INFO - Started process (PID=1449) to work on /home/airflow/.local/lib/python3.12/site-packages/airflow/example_dags/example_nested_branch_dag.py
[2024-07-03T00:06:31.766+0000] {processor.py:830} INFO - Processing file /home/airflow/.local/lib/python3.12/site-packages/airflow/example_dags/example_nested_branch_dag.py for tasks to queue
[2024-07-03T00:06:31.769+0000] {logging_mixin.py:188} INFO - [2024-07-03T00:06:31.768+0000] {dagbag.py:545} INFO - Filling up the DagBag from /home/airflow/.local/lib/python3.12/site-packages/airflow/example_dags/example_nested_branch_dag.py
[2024-07-03T00:06:31.786+0000] {processor.py:840} INFO - DAG(s) 'example_nested_branch_dag' retrieved from /home/airflow/.local/lib/python3.12/site-packages/airflow/example_dags/example_nested_branch_dag.py
[2024-07-03T00:06:31.815+0000] {logging_mixin.py:188} INFO - [2024-07-03T00:06:31.814+0000] {dag.py:3096} INFO - Sync 1 DAGs
[2024-07-03T00:06:31.841+0000] {logging_mixin.py:188} INFO - [2024-07-03T00:06:31.841+0000] {dag.py:3954} INFO - Setting next_dagrun for example_nested_branch_dag to 2024-07-02 00:00:00+00:00, run_after=2024-07-03 00:00:00+00:00
[2024-07-03T00:06:31.858+0000] {processor.py:183} INFO - Processing /home/airflow/.local/lib/python3.12/site-packages/airflow/example_dags/example_nested_branch_dag.py took 0.101 seconds
[2024-07-03T00:07:01.959+0000] {processor.py:161} INFO - Started process (PID=1507) to work on /home/airflow/.local/lib/python3.12/site-packages/airflow/example_dags/example_nested_branch_dag.py
[2024-07-03T00:07:01.960+0000] {processor.py:830} INFO - Processing file /home/airflow/.local/lib/python3.12/site-packages/airflow/example_dags/example_nested_branch_dag.py for tasks to queue
[2024-07-03T00:07:01.962+0000] {logging_mixin.py:188} INFO - [2024-07-03T00:07:01.961+0000] {dagbag.py:545} INFO - Filling up the DagBag from /home/airflow/.local/lib/python3.12/site-packages/airflow/example_dags/example_nested_branch_dag.py
[2024-07-03T00:07:01.972+0000] {processor.py:840} INFO - DAG(s) 'example_nested_branch_dag' retrieved from /home/airflow/.local/lib/python3.12/site-packages/airflow/example_dags/example_nested_branch_dag.py
[2024-07-03T00:07:01.997+0000] {logging_mixin.py:188} INFO - [2024-07-03T00:07:01.996+0000] {dag.py:3096} INFO - Sync 1 DAGs
[2024-07-03T00:07:02.022+0000] {logging_mixin.py:188} INFO - [2024-07-03T00:07:02.022+0000] {dag.py:3954} INFO - Setting next_dagrun for example_nested_branch_dag to 2024-07-02 00:00:00+00:00, run_after=2024-07-03 00:00:00+00:00
[2024-07-03T00:07:02.044+0000] {processor.py:183} INFO - Processing /home/airflow/.local/lib/python3.12/site-packages/airflow/example_dags/example_nested_branch_dag.py took 0.092 seconds
