[2024-07-03T00:00:22.708+0000] {processor.py:161} INFO - Started process (PID=738) to work on /home/airflow/.local/lib/python3.12/site-packages/airflow/example_dags/example_datasets.py
[2024-07-03T00:00:22.709+0000] {processor.py:830} INFO - Processing file /home/airflow/.local/lib/python3.12/site-packages/airflow/example_dags/example_datasets.py for tasks to queue
[2024-07-03T00:00:22.711+0000] {logging_mixin.py:188} INFO - [2024-07-03T00:00:22.710+0000] {dagbag.py:545} INFO - Filling up the DagBag from /home/airflow/.local/lib/python3.12/site-packages/airflow/example_dags/example_datasets.py
[2024-07-03T00:00:22.724+0000] {processor.py:840} INFO - DAG(s) 'dataset_produces_2', 'dataset_consumes_1', 'dataset_consumes_1_never_scheduled', 'dataset_consumes_unknown_never_scheduled', 'consume_1_and_2_with_dataset_expressions', 'consume_1_or_2_with_dataset_expressions', 'dataset_produces_1', 'conditional_dataset_and_time_based_timetable', 'dataset_consumes_1_and_2', 'consume_1_or_both_2_and_3_with_dataset_expressions' retrieved from /home/airflow/.local/lib/python3.12/site-packages/airflow/example_dags/example_datasets.py
[2024-07-03T00:00:22.773+0000] {logging_mixin.py:188} INFO - [2024-07-03T00:00:22.773+0000] {dag.py:3096} INFO - Sync 10 DAGs
[2024-07-03T00:00:22.800+0000] {logging_mixin.py:188} INFO - [2024-07-03T00:00:22.800+0000] {dag.py:3954} INFO - Setting next_dagrun for conditional_dataset_and_time_based_timetable to 2024-06-26 01:00:00+00:00, run_after=2024-06-26 01:00:00+00:00
[2024-07-03T00:00:22.807+0000] {logging_mixin.py:188} INFO - [2024-07-03T00:00:22.807+0000] {dag.py:3954} INFO - Setting next_dagrun for consume_1_and_2_with_dataset_expressions to None, run_after=None
[2024-07-03T00:00:22.809+0000] {logging_mixin.py:188} INFO - [2024-07-03T00:00:22.808+0000] {dag.py:3954} INFO - Setting next_dagrun for consume_1_or_2_with_dataset_expressions to None, run_after=None
[2024-07-03T00:00:22.810+0000] {logging_mixin.py:188} INFO - [2024-07-03T00:00:22.810+0000] {dag.py:3954} INFO - Setting next_dagrun for consume_1_or_both_2_and_3_with_dataset_expressions to None, run_after=None
[2024-07-03T00:00:22.811+0000] {logging_mixin.py:188} INFO - [2024-07-03T00:00:22.811+0000] {dag.py:3954} INFO - Setting next_dagrun for dataset_consumes_1 to None, run_after=None
[2024-07-03T00:00:22.813+0000] {logging_mixin.py:188} INFO - [2024-07-03T00:00:22.813+0000] {dag.py:3954} INFO - Setting next_dagrun for dataset_consumes_1_and_2 to None, run_after=None
[2024-07-03T00:00:22.814+0000] {logging_mixin.py:188} INFO - [2024-07-03T00:00:22.814+0000] {dag.py:3954} INFO - Setting next_dagrun for dataset_consumes_1_never_scheduled to None, run_after=None
[2024-07-03T00:00:22.815+0000] {logging_mixin.py:188} INFO - [2024-07-03T00:00:22.815+0000] {dag.py:3954} INFO - Setting next_dagrun for dataset_consumes_unknown_never_scheduled to None, run_after=None
[2024-07-03T00:00:22.818+0000] {logging_mixin.py:188} INFO - [2024-07-03T00:00:22.818+0000] {dag.py:3954} INFO - Setting next_dagrun for dataset_produces_1 to 2024-07-02 00:00:00+00:00, run_after=2024-07-03 00:00:00+00:00
[2024-07-03T00:00:22.819+0000] {logging_mixin.py:188} INFO - [2024-07-03T00:00:22.819+0000] {dag.py:3954} INFO - Setting next_dagrun for dataset_produces_2 to None, run_after=None
[2024-07-03T00:00:22.859+0000] {processor.py:183} INFO - Processing /home/airflow/.local/lib/python3.12/site-packages/airflow/example_dags/example_datasets.py took 0.156 seconds
[2024-07-03T00:00:53.064+0000] {processor.py:161} INFO - Started process (PID=796) to work on /home/airflow/.local/lib/python3.12/site-packages/airflow/example_dags/example_datasets.py
[2024-07-03T00:00:53.065+0000] {processor.py:830} INFO - Processing file /home/airflow/.local/lib/python3.12/site-packages/airflow/example_dags/example_datasets.py for tasks to queue
[2024-07-03T00:00:53.067+0000] {logging_mixin.py:188} INFO - [2024-07-03T00:00:53.067+0000] {dagbag.py:545} INFO - Filling up the DagBag from /home/airflow/.local/lib/python3.12/site-packages/airflow/example_dags/example_datasets.py
[2024-07-03T00:00:53.081+0000] {processor.py:840} INFO - DAG(s) 'consume_1_and_2_with_dataset_expressions', 'dataset_produces_2', 'dataset_produces_1', 'dataset_consumes_unknown_never_scheduled', 'dataset_consumes_1_never_scheduled', 'conditional_dataset_and_time_based_timetable', 'consume_1_or_2_with_dataset_expressions', 'consume_1_or_both_2_and_3_with_dataset_expressions', 'dataset_consumes_1_and_2', 'dataset_consumes_1' retrieved from /home/airflow/.local/lib/python3.12/site-packages/airflow/example_dags/example_datasets.py
[2024-07-03T00:00:53.130+0000] {logging_mixin.py:188} INFO - [2024-07-03T00:00:53.130+0000] {dag.py:3096} INFO - Sync 10 DAGs
[2024-07-03T00:00:53.156+0000] {logging_mixin.py:188} INFO - [2024-07-03T00:00:53.156+0000] {dag.py:3954} INFO - Setting next_dagrun for conditional_dataset_and_time_based_timetable to 2024-06-26 01:00:00+00:00, run_after=2024-06-26 01:00:00+00:00
[2024-07-03T00:00:53.160+0000] {logging_mixin.py:188} INFO - [2024-07-03T00:00:53.160+0000] {dag.py:3954} INFO - Setting next_dagrun for consume_1_and_2_with_dataset_expressions to None, run_after=None
[2024-07-03T00:00:53.161+0000] {logging_mixin.py:188} INFO - [2024-07-03T00:00:53.161+0000] {dag.py:3954} INFO - Setting next_dagrun for consume_1_or_2_with_dataset_expressions to None, run_after=None
[2024-07-03T00:00:53.162+0000] {logging_mixin.py:188} INFO - [2024-07-03T00:00:53.162+0000] {dag.py:3954} INFO - Setting next_dagrun for consume_1_or_both_2_and_3_with_dataset_expressions to None, run_after=None
[2024-07-03T00:00:53.164+0000] {logging_mixin.py:188} INFO - [2024-07-03T00:00:53.163+0000] {dag.py:3954} INFO - Setting next_dagrun for dataset_consumes_1 to None, run_after=None
[2024-07-03T00:00:53.165+0000] {logging_mixin.py:188} INFO - [2024-07-03T00:00:53.165+0000] {dag.py:3954} INFO - Setting next_dagrun for dataset_consumes_1_and_2 to None, run_after=None
[2024-07-03T00:00:53.166+0000] {logging_mixin.py:188} INFO - [2024-07-03T00:00:53.166+0000] {dag.py:3954} INFO - Setting next_dagrun for dataset_consumes_1_never_scheduled to None, run_after=None
[2024-07-03T00:00:53.167+0000] {logging_mixin.py:188} INFO - [2024-07-03T00:00:53.167+0000] {dag.py:3954} INFO - Setting next_dagrun for dataset_consumes_unknown_never_scheduled to None, run_after=None
[2024-07-03T00:00:53.169+0000] {logging_mixin.py:188} INFO - [2024-07-03T00:00:53.169+0000] {dag.py:3954} INFO - Setting next_dagrun for dataset_produces_1 to 2024-07-02 00:00:00+00:00, run_after=2024-07-03 00:00:00+00:00
[2024-07-03T00:00:53.170+0000] {logging_mixin.py:188} INFO - [2024-07-03T00:00:53.170+0000] {dag.py:3954} INFO - Setting next_dagrun for dataset_produces_2 to None, run_after=None
[2024-07-03T00:00:53.204+0000] {processor.py:183} INFO - Processing /home/airflow/.local/lib/python3.12/site-packages/airflow/example_dags/example_datasets.py took 0.146 seconds
[2024-07-03T00:01:23.351+0000] {processor.py:161} INFO - Started process (PID=854) to work on /home/airflow/.local/lib/python3.12/site-packages/airflow/example_dags/example_datasets.py
[2024-07-03T00:01:23.352+0000] {processor.py:830} INFO - Processing file /home/airflow/.local/lib/python3.12/site-packages/airflow/example_dags/example_datasets.py for tasks to queue
[2024-07-03T00:01:23.353+0000] {logging_mixin.py:188} INFO - [2024-07-03T00:01:23.353+0000] {dagbag.py:545} INFO - Filling up the DagBag from /home/airflow/.local/lib/python3.12/site-packages/airflow/example_dags/example_datasets.py
[2024-07-03T00:01:23.368+0000] {processor.py:840} INFO - DAG(s) 'dataset_produces_2', 'dataset_produces_1', 'consume_1_or_2_with_dataset_expressions', 'consume_1_and_2_with_dataset_expressions', 'conditional_dataset_and_time_based_timetable', 'dataset_consumes_1_and_2', 'consume_1_or_both_2_and_3_with_dataset_expressions', 'dataset_consumes_unknown_never_scheduled', 'dataset_consumes_1', 'dataset_consumes_1_never_scheduled' retrieved from /home/airflow/.local/lib/python3.12/site-packages/airflow/example_dags/example_datasets.py
[2024-07-03T00:01:23.419+0000] {logging_mixin.py:188} INFO - [2024-07-03T00:01:23.419+0000] {dag.py:3096} INFO - Sync 10 DAGs
[2024-07-03T00:01:23.446+0000] {logging_mixin.py:188} INFO - [2024-07-03T00:01:23.446+0000] {dag.py:3954} INFO - Setting next_dagrun for conditional_dataset_and_time_based_timetable to 2024-06-26 01:00:00+00:00, run_after=2024-06-26 01:00:00+00:00
[2024-07-03T00:01:23.450+0000] {logging_mixin.py:188} INFO - [2024-07-03T00:01:23.450+0000] {dag.py:3954} INFO - Setting next_dagrun for consume_1_and_2_with_dataset_expressions to None, run_after=None
[2024-07-03T00:01:23.451+0000] {logging_mixin.py:188} INFO - [2024-07-03T00:01:23.451+0000] {dag.py:3954} INFO - Setting next_dagrun for consume_1_or_2_with_dataset_expressions to None, run_after=None
[2024-07-03T00:01:23.452+0000] {logging_mixin.py:188} INFO - [2024-07-03T00:01:23.452+0000] {dag.py:3954} INFO - Setting next_dagrun for consume_1_or_both_2_and_3_with_dataset_expressions to None, run_after=None
[2024-07-03T00:01:23.453+0000] {logging_mixin.py:188} INFO - [2024-07-03T00:01:23.453+0000] {dag.py:3954} INFO - Setting next_dagrun for dataset_consumes_1 to None, run_after=None
[2024-07-03T00:01:23.454+0000] {logging_mixin.py:188} INFO - [2024-07-03T00:01:23.454+0000] {dag.py:3954} INFO - Setting next_dagrun for dataset_consumes_1_and_2 to None, run_after=None
[2024-07-03T00:01:23.455+0000] {logging_mixin.py:188} INFO - [2024-07-03T00:01:23.455+0000] {dag.py:3954} INFO - Setting next_dagrun for dataset_consumes_1_never_scheduled to None, run_after=None
[2024-07-03T00:01:23.456+0000] {logging_mixin.py:188} INFO - [2024-07-03T00:01:23.456+0000] {dag.py:3954} INFO - Setting next_dagrun for dataset_consumes_unknown_never_scheduled to None, run_after=None
[2024-07-03T00:01:23.458+0000] {logging_mixin.py:188} INFO - [2024-07-03T00:01:23.458+0000] {dag.py:3954} INFO - Setting next_dagrun for dataset_produces_1 to 2024-07-02 00:00:00+00:00, run_after=2024-07-03 00:00:00+00:00
[2024-07-03T00:01:23.459+0000] {logging_mixin.py:188} INFO - [2024-07-03T00:01:23.459+0000] {dag.py:3954} INFO - Setting next_dagrun for dataset_produces_2 to None, run_after=None
[2024-07-03T00:01:23.492+0000] {processor.py:183} INFO - Processing /home/airflow/.local/lib/python3.12/site-packages/airflow/example_dags/example_datasets.py took 0.147 seconds
[2024-07-03T00:01:53.530+0000] {processor.py:161} INFO - Started process (PID=912) to work on /home/airflow/.local/lib/python3.12/site-packages/airflow/example_dags/example_datasets.py
[2024-07-03T00:01:53.531+0000] {processor.py:830} INFO - Processing file /home/airflow/.local/lib/python3.12/site-packages/airflow/example_dags/example_datasets.py for tasks to queue
[2024-07-03T00:01:53.533+0000] {logging_mixin.py:188} INFO - [2024-07-03T00:01:53.533+0000] {dagbag.py:545} INFO - Filling up the DagBag from /home/airflow/.local/lib/python3.12/site-packages/airflow/example_dags/example_datasets.py
[2024-07-03T00:01:53.546+0000] {processor.py:840} INFO - DAG(s) 'dataset_consumes_1', 'consume_1_or_2_with_dataset_expressions', 'dataset_produces_2', 'consume_1_and_2_with_dataset_expressions', 'dataset_consumes_1_and_2', 'dataset_consumes_1_never_scheduled', 'conditional_dataset_and_time_based_timetable', 'dataset_produces_1', 'consume_1_or_both_2_and_3_with_dataset_expressions', 'dataset_consumes_unknown_never_scheduled' retrieved from /home/airflow/.local/lib/python3.12/site-packages/airflow/example_dags/example_datasets.py
[2024-07-03T00:01:53.594+0000] {logging_mixin.py:188} INFO - [2024-07-03T00:01:53.594+0000] {dag.py:3096} INFO - Sync 10 DAGs
[2024-07-03T00:01:53.617+0000] {logging_mixin.py:188} INFO - [2024-07-03T00:01:53.617+0000] {dag.py:3954} INFO - Setting next_dagrun for conditional_dataset_and_time_based_timetable to 2024-06-26 01:00:00+00:00, run_after=2024-06-26 01:00:00+00:00
[2024-07-03T00:01:53.620+0000] {logging_mixin.py:188} INFO - [2024-07-03T00:01:53.620+0000] {dag.py:3954} INFO - Setting next_dagrun for consume_1_and_2_with_dataset_expressions to None, run_after=None
[2024-07-03T00:01:53.621+0000] {logging_mixin.py:188} INFO - [2024-07-03T00:01:53.621+0000] {dag.py:3954} INFO - Setting next_dagrun for consume_1_or_2_with_dataset_expressions to None, run_after=None
[2024-07-03T00:01:53.622+0000] {logging_mixin.py:188} INFO - [2024-07-03T00:01:53.622+0000] {dag.py:3954} INFO - Setting next_dagrun for consume_1_or_both_2_and_3_with_dataset_expressions to None, run_after=None
[2024-07-03T00:01:53.623+0000] {logging_mixin.py:188} INFO - [2024-07-03T00:01:53.623+0000] {dag.py:3954} INFO - Setting next_dagrun for dataset_consumes_1 to None, run_after=None
[2024-07-03T00:01:53.624+0000] {logging_mixin.py:188} INFO - [2024-07-03T00:01:53.624+0000] {dag.py:3954} INFO - Setting next_dagrun for dataset_consumes_1_and_2 to None, run_after=None
[2024-07-03T00:01:53.625+0000] {logging_mixin.py:188} INFO - [2024-07-03T00:01:53.625+0000] {dag.py:3954} INFO - Setting next_dagrun for dataset_consumes_1_never_scheduled to None, run_after=None
[2024-07-03T00:01:53.626+0000] {logging_mixin.py:188} INFO - [2024-07-03T00:01:53.626+0000] {dag.py:3954} INFO - Setting next_dagrun for dataset_consumes_unknown_never_scheduled to None, run_after=None
[2024-07-03T00:01:53.628+0000] {logging_mixin.py:188} INFO - [2024-07-03T00:01:53.628+0000] {dag.py:3954} INFO - Setting next_dagrun for dataset_produces_1 to 2024-07-02 00:00:00+00:00, run_after=2024-07-03 00:00:00+00:00
[2024-07-03T00:01:53.629+0000] {logging_mixin.py:188} INFO - [2024-07-03T00:01:53.629+0000] {dag.py:3954} INFO - Setting next_dagrun for dataset_produces_2 to None, run_after=None
[2024-07-03T00:01:53.657+0000] {processor.py:183} INFO - Processing /home/airflow/.local/lib/python3.12/site-packages/airflow/example_dags/example_datasets.py took 0.132 seconds
[2024-07-03T00:02:23.802+0000] {processor.py:161} INFO - Started process (PID=970) to work on /home/airflow/.local/lib/python3.12/site-packages/airflow/example_dags/example_datasets.py
[2024-07-03T00:02:23.803+0000] {processor.py:830} INFO - Processing file /home/airflow/.local/lib/python3.12/site-packages/airflow/example_dags/example_datasets.py for tasks to queue
[2024-07-03T00:02:23.805+0000] {logging_mixin.py:188} INFO - [2024-07-03T00:02:23.804+0000] {dagbag.py:545} INFO - Filling up the DagBag from /home/airflow/.local/lib/python3.12/site-packages/airflow/example_dags/example_datasets.py
[2024-07-03T00:02:23.822+0000] {processor.py:840} INFO - DAG(s) 'dataset_produces_1', 'dataset_consumes_1', 'dataset_produces_2', 'dataset_consumes_unknown_never_scheduled', 'dataset_consumes_1_never_scheduled', 'conditional_dataset_and_time_based_timetable', 'consume_1_and_2_with_dataset_expressions', 'dataset_consumes_1_and_2', 'consume_1_or_2_with_dataset_expressions', 'consume_1_or_both_2_and_3_with_dataset_expressions' retrieved from /home/airflow/.local/lib/python3.12/site-packages/airflow/example_dags/example_datasets.py
[2024-07-03T00:02:23.880+0000] {logging_mixin.py:188} INFO - [2024-07-03T00:02:23.880+0000] {dag.py:3096} INFO - Sync 10 DAGs
[2024-07-03T00:02:23.918+0000] {logging_mixin.py:188} INFO - [2024-07-03T00:02:23.918+0000] {dag.py:3954} INFO - Setting next_dagrun for conditional_dataset_and_time_based_timetable to 2024-06-26 01:00:00+00:00, run_after=2024-06-26 01:00:00+00:00
[2024-07-03T00:02:23.923+0000] {logging_mixin.py:188} INFO - [2024-07-03T00:02:23.923+0000] {dag.py:3954} INFO - Setting next_dagrun for consume_1_and_2_with_dataset_expressions to None, run_after=None
[2024-07-03T00:02:23.925+0000] {logging_mixin.py:188} INFO - [2024-07-03T00:02:23.925+0000] {dag.py:3954} INFO - Setting next_dagrun for consume_1_or_2_with_dataset_expressions to None, run_after=None
[2024-07-03T00:02:23.927+0000] {logging_mixin.py:188} INFO - [2024-07-03T00:02:23.926+0000] {dag.py:3954} INFO - Setting next_dagrun for consume_1_or_both_2_and_3_with_dataset_expressions to None, run_after=None
[2024-07-03T00:02:23.928+0000] {logging_mixin.py:188} INFO - [2024-07-03T00:02:23.928+0000] {dag.py:3954} INFO - Setting next_dagrun for dataset_consumes_1 to None, run_after=None
[2024-07-03T00:02:23.930+0000] {logging_mixin.py:188} INFO - [2024-07-03T00:02:23.929+0000] {dag.py:3954} INFO - Setting next_dagrun for dataset_consumes_1_and_2 to None, run_after=None
[2024-07-03T00:02:23.931+0000] {logging_mixin.py:188} INFO - [2024-07-03T00:02:23.931+0000] {dag.py:3954} INFO - Setting next_dagrun for dataset_consumes_1_never_scheduled to None, run_after=None
[2024-07-03T00:02:23.933+0000] {logging_mixin.py:188} INFO - [2024-07-03T00:02:23.932+0000] {dag.py:3954} INFO - Setting next_dagrun for dataset_consumes_unknown_never_scheduled to None, run_after=None
[2024-07-03T00:02:23.936+0000] {logging_mixin.py:188} INFO - [2024-07-03T00:02:23.936+0000] {dag.py:3954} INFO - Setting next_dagrun for dataset_produces_1 to 2024-07-02 00:00:00+00:00, run_after=2024-07-03 00:00:00+00:00
[2024-07-03T00:02:23.938+0000] {logging_mixin.py:188} INFO - [2024-07-03T00:02:23.937+0000] {dag.py:3954} INFO - Setting next_dagrun for dataset_produces_2 to None, run_after=None
[2024-07-03T00:02:23.973+0000] {processor.py:183} INFO - Processing /home/airflow/.local/lib/python3.12/site-packages/airflow/example_dags/example_datasets.py took 0.178 seconds
[2024-07-03T00:02:54.017+0000] {processor.py:161} INFO - Started process (PID=1028) to work on /home/airflow/.local/lib/python3.12/site-packages/airflow/example_dags/example_datasets.py
[2024-07-03T00:02:54.018+0000] {processor.py:830} INFO - Processing file /home/airflow/.local/lib/python3.12/site-packages/airflow/example_dags/example_datasets.py for tasks to queue
[2024-07-03T00:02:54.020+0000] {logging_mixin.py:188} INFO - [2024-07-03T00:02:54.020+0000] {dagbag.py:545} INFO - Filling up the DagBag from /home/airflow/.local/lib/python3.12/site-packages/airflow/example_dags/example_datasets.py
[2024-07-03T00:02:54.035+0000] {processor.py:840} INFO - DAG(s) 'dataset_produces_1', 'conditional_dataset_and_time_based_timetable', 'consume_1_or_both_2_and_3_with_dataset_expressions', 'dataset_consumes_1', 'consume_1_and_2_with_dataset_expressions', 'consume_1_or_2_with_dataset_expressions', 'dataset_consumes_unknown_never_scheduled', 'dataset_consumes_1_and_2', 'dataset_consumes_1_never_scheduled', 'dataset_produces_2' retrieved from /home/airflow/.local/lib/python3.12/site-packages/airflow/example_dags/example_datasets.py
[2024-07-03T00:02:54.099+0000] {logging_mixin.py:188} INFO - [2024-07-03T00:02:54.099+0000] {dag.py:3096} INFO - Sync 10 DAGs
[2024-07-03T00:02:54.127+0000] {logging_mixin.py:188} INFO - [2024-07-03T00:02:54.126+0000] {dag.py:3954} INFO - Setting next_dagrun for conditional_dataset_and_time_based_timetable to 2024-06-26 01:00:00+00:00, run_after=2024-06-26 01:00:00+00:00
[2024-07-03T00:02:54.130+0000] {logging_mixin.py:188} INFO - [2024-07-03T00:02:54.130+0000] {dag.py:3954} INFO - Setting next_dagrun for consume_1_and_2_with_dataset_expressions to None, run_after=None
[2024-07-03T00:02:54.131+0000] {logging_mixin.py:188} INFO - [2024-07-03T00:02:54.131+0000] {dag.py:3954} INFO - Setting next_dagrun for consume_1_or_2_with_dataset_expressions to None, run_after=None
[2024-07-03T00:02:54.132+0000] {logging_mixin.py:188} INFO - [2024-07-03T00:02:54.132+0000] {dag.py:3954} INFO - Setting next_dagrun for consume_1_or_both_2_and_3_with_dataset_expressions to None, run_after=None
[2024-07-03T00:02:54.133+0000] {logging_mixin.py:188} INFO - [2024-07-03T00:02:54.133+0000] {dag.py:3954} INFO - Setting next_dagrun for dataset_consumes_1 to None, run_after=None
[2024-07-03T00:02:54.134+0000] {logging_mixin.py:188} INFO - [2024-07-03T00:02:54.134+0000] {dag.py:3954} INFO - Setting next_dagrun for dataset_consumes_1_and_2 to None, run_after=None
[2024-07-03T00:02:54.135+0000] {logging_mixin.py:188} INFO - [2024-07-03T00:02:54.135+0000] {dag.py:3954} INFO - Setting next_dagrun for dataset_consumes_1_never_scheduled to None, run_after=None
[2024-07-03T00:02:54.136+0000] {logging_mixin.py:188} INFO - [2024-07-03T00:02:54.136+0000] {dag.py:3954} INFO - Setting next_dagrun for dataset_consumes_unknown_never_scheduled to None, run_after=None
[2024-07-03T00:02:54.139+0000] {logging_mixin.py:188} INFO - [2024-07-03T00:02:54.138+0000] {dag.py:3954} INFO - Setting next_dagrun for dataset_produces_1 to 2024-07-02 00:00:00+00:00, run_after=2024-07-03 00:00:00+00:00
[2024-07-03T00:02:54.140+0000] {logging_mixin.py:188} INFO - [2024-07-03T00:02:54.139+0000] {dag.py:3954} INFO - Setting next_dagrun for dataset_produces_2 to None, run_after=None
[2024-07-03T00:02:54.172+0000] {processor.py:183} INFO - Processing /home/airflow/.local/lib/python3.12/site-packages/airflow/example_dags/example_datasets.py took 0.161 seconds
[2024-07-03T00:03:24.624+0000] {processor.py:161} INFO - Started process (PID=1086) to work on /home/airflow/.local/lib/python3.12/site-packages/airflow/example_dags/example_datasets.py
[2024-07-03T00:03:24.625+0000] {processor.py:830} INFO - Processing file /home/airflow/.local/lib/python3.12/site-packages/airflow/example_dags/example_datasets.py for tasks to queue
[2024-07-03T00:03:24.627+0000] {logging_mixin.py:188} INFO - [2024-07-03T00:03:24.626+0000] {dagbag.py:545} INFO - Filling up the DagBag from /home/airflow/.local/lib/python3.12/site-packages/airflow/example_dags/example_datasets.py
[2024-07-03T00:03:24.641+0000] {processor.py:840} INFO - DAG(s) 'consume_1_or_both_2_and_3_with_dataset_expressions', 'consume_1_or_2_with_dataset_expressions', 'dataset_consumes_1_never_scheduled', 'dataset_consumes_unknown_never_scheduled', 'dataset_produces_1', 'consume_1_and_2_with_dataset_expressions', 'dataset_consumes_1', 'dataset_produces_2', 'dataset_consumes_1_and_2', 'conditional_dataset_and_time_based_timetable' retrieved from /home/airflow/.local/lib/python3.12/site-packages/airflow/example_dags/example_datasets.py
[2024-07-03T00:03:24.689+0000] {logging_mixin.py:188} INFO - [2024-07-03T00:03:24.689+0000] {dag.py:3096} INFO - Sync 10 DAGs
[2024-07-03T00:03:24.714+0000] {logging_mixin.py:188} INFO - [2024-07-03T00:03:24.714+0000] {dag.py:3954} INFO - Setting next_dagrun for conditional_dataset_and_time_based_timetable to 2024-06-26 01:00:00+00:00, run_after=2024-06-26 01:00:00+00:00
[2024-07-03T00:03:24.718+0000] {logging_mixin.py:188} INFO - [2024-07-03T00:03:24.718+0000] {dag.py:3954} INFO - Setting next_dagrun for consume_1_and_2_with_dataset_expressions to None, run_after=None
[2024-07-03T00:03:24.719+0000] {logging_mixin.py:188} INFO - [2024-07-03T00:03:24.719+0000] {dag.py:3954} INFO - Setting next_dagrun for consume_1_or_2_with_dataset_expressions to None, run_after=None
[2024-07-03T00:03:24.720+0000] {logging_mixin.py:188} INFO - [2024-07-03T00:03:24.720+0000] {dag.py:3954} INFO - Setting next_dagrun for consume_1_or_both_2_and_3_with_dataset_expressions to None, run_after=None
[2024-07-03T00:03:24.721+0000] {logging_mixin.py:188} INFO - [2024-07-03T00:03:24.721+0000] {dag.py:3954} INFO - Setting next_dagrun for dataset_consumes_1 to None, run_after=None
[2024-07-03T00:03:24.722+0000] {logging_mixin.py:188} INFO - [2024-07-03T00:03:24.722+0000] {dag.py:3954} INFO - Setting next_dagrun for dataset_consumes_1_and_2 to None, run_after=None
[2024-07-03T00:03:24.723+0000] {logging_mixin.py:188} INFO - [2024-07-03T00:03:24.723+0000] {dag.py:3954} INFO - Setting next_dagrun for dataset_consumes_1_never_scheduled to None, run_after=None
[2024-07-03T00:03:24.724+0000] {logging_mixin.py:188} INFO - [2024-07-03T00:03:24.724+0000] {dag.py:3954} INFO - Setting next_dagrun for dataset_consumes_unknown_never_scheduled to None, run_after=None
[2024-07-03T00:03:24.726+0000] {logging_mixin.py:188} INFO - [2024-07-03T00:03:24.726+0000] {dag.py:3954} INFO - Setting next_dagrun for dataset_produces_1 to 2024-07-02 00:00:00+00:00, run_after=2024-07-03 00:00:00+00:00
[2024-07-03T00:03:24.727+0000] {logging_mixin.py:188} INFO - [2024-07-03T00:03:24.727+0000] {dag.py:3954} INFO - Setting next_dagrun for dataset_produces_2 to None, run_after=None
[2024-07-03T00:03:24.762+0000] {processor.py:183} INFO - Processing /home/airflow/.local/lib/python3.12/site-packages/airflow/example_dags/example_datasets.py took 0.144 seconds
[2024-07-03T00:03:55.008+0000] {processor.py:161} INFO - Started process (PID=1144) to work on /home/airflow/.local/lib/python3.12/site-packages/airflow/example_dags/example_datasets.py
[2024-07-03T00:03:55.009+0000] {processor.py:830} INFO - Processing file /home/airflow/.local/lib/python3.12/site-packages/airflow/example_dags/example_datasets.py for tasks to queue
[2024-07-03T00:03:55.011+0000] {logging_mixin.py:188} INFO - [2024-07-03T00:03:55.011+0000] {dagbag.py:545} INFO - Filling up the DagBag from /home/airflow/.local/lib/python3.12/site-packages/airflow/example_dags/example_datasets.py
[2024-07-03T00:03:55.025+0000] {processor.py:840} INFO - DAG(s) 'conditional_dataset_and_time_based_timetable', 'dataset_consumes_1', 'dataset_consumes_1_never_scheduled', 'dataset_produces_2', 'dataset_produces_1', 'consume_1_and_2_with_dataset_expressions', 'consume_1_or_both_2_and_3_with_dataset_expressions', 'dataset_consumes_1_and_2', 'dataset_consumes_unknown_never_scheduled', 'consume_1_or_2_with_dataset_expressions' retrieved from /home/airflow/.local/lib/python3.12/site-packages/airflow/example_dags/example_datasets.py
[2024-07-03T00:03:55.075+0000] {logging_mixin.py:188} INFO - [2024-07-03T00:03:55.074+0000] {dag.py:3096} INFO - Sync 10 DAGs
[2024-07-03T00:03:55.106+0000] {logging_mixin.py:188} INFO - [2024-07-03T00:03:55.105+0000] {dag.py:3954} INFO - Setting next_dagrun for conditional_dataset_and_time_based_timetable to 2024-06-26 01:00:00+00:00, run_after=2024-06-26 01:00:00+00:00
[2024-07-03T00:03:55.110+0000] {logging_mixin.py:188} INFO - [2024-07-03T00:03:55.110+0000] {dag.py:3954} INFO - Setting next_dagrun for consume_1_and_2_with_dataset_expressions to None, run_after=None
[2024-07-03T00:03:55.112+0000] {logging_mixin.py:188} INFO - [2024-07-03T00:03:55.112+0000] {dag.py:3954} INFO - Setting next_dagrun for consume_1_or_2_with_dataset_expressions to None, run_after=None
[2024-07-03T00:03:55.113+0000] {logging_mixin.py:188} INFO - [2024-07-03T00:03:55.113+0000] {dag.py:3954} INFO - Setting next_dagrun for consume_1_or_both_2_and_3_with_dataset_expressions to None, run_after=None
[2024-07-03T00:03:55.115+0000] {logging_mixin.py:188} INFO - [2024-07-03T00:03:55.115+0000] {dag.py:3954} INFO - Setting next_dagrun for dataset_consumes_1 to None, run_after=None
[2024-07-03T00:03:55.117+0000] {logging_mixin.py:188} INFO - [2024-07-03T00:03:55.116+0000] {dag.py:3954} INFO - Setting next_dagrun for dataset_consumes_1_and_2 to None, run_after=None
[2024-07-03T00:03:55.118+0000] {logging_mixin.py:188} INFO - [2024-07-03T00:03:55.118+0000] {dag.py:3954} INFO - Setting next_dagrun for dataset_consumes_1_never_scheduled to None, run_after=None
[2024-07-03T00:03:55.119+0000] {logging_mixin.py:188} INFO - [2024-07-03T00:03:55.119+0000] {dag.py:3954} INFO - Setting next_dagrun for dataset_consumes_unknown_never_scheduled to None, run_after=None
[2024-07-03T00:03:55.122+0000] {logging_mixin.py:188} INFO - [2024-07-03T00:03:55.122+0000] {dag.py:3954} INFO - Setting next_dagrun for dataset_produces_1 to 2024-07-02 00:00:00+00:00, run_after=2024-07-03 00:00:00+00:00
[2024-07-03T00:03:55.123+0000] {logging_mixin.py:188} INFO - [2024-07-03T00:03:55.123+0000] {dag.py:3954} INFO - Setting next_dagrun for dataset_produces_2 to None, run_after=None
[2024-07-03T00:03:55.161+0000] {processor.py:183} INFO - Processing /home/airflow/.local/lib/python3.12/site-packages/airflow/example_dags/example_datasets.py took 0.159 seconds
[2024-07-03T00:04:26.127+0000] {processor.py:161} INFO - Started process (PID=1208) to work on /home/airflow/.local/lib/python3.12/site-packages/airflow/example_dags/example_datasets.py
[2024-07-03T00:04:26.128+0000] {processor.py:830} INFO - Processing file /home/airflow/.local/lib/python3.12/site-packages/airflow/example_dags/example_datasets.py for tasks to queue
[2024-07-03T00:04:26.130+0000] {logging_mixin.py:188} INFO - [2024-07-03T00:04:26.129+0000] {dagbag.py:545} INFO - Filling up the DagBag from /home/airflow/.local/lib/python3.12/site-packages/airflow/example_dags/example_datasets.py
[2024-07-03T00:04:26.143+0000] {processor.py:840} INFO - DAG(s) 'consume_1_and_2_with_dataset_expressions', 'dataset_consumes_1_and_2', 'dataset_consumes_1_never_scheduled', 'dataset_consumes_unknown_never_scheduled', 'dataset_produces_1', 'consume_1_or_2_with_dataset_expressions', 'conditional_dataset_and_time_based_timetable', 'dataset_produces_2', 'dataset_consumes_1', 'consume_1_or_both_2_and_3_with_dataset_expressions' retrieved from /home/airflow/.local/lib/python3.12/site-packages/airflow/example_dags/example_datasets.py
[2024-07-03T00:04:26.195+0000] {logging_mixin.py:188} INFO - [2024-07-03T00:04:26.194+0000] {dag.py:3096} INFO - Sync 10 DAGs
[2024-07-03T00:04:26.225+0000] {logging_mixin.py:188} INFO - [2024-07-03T00:04:26.225+0000] {dag.py:3954} INFO - Setting next_dagrun for conditional_dataset_and_time_based_timetable to 2024-06-26 01:00:00+00:00, run_after=2024-06-26 01:00:00+00:00
[2024-07-03T00:04:26.230+0000] {logging_mixin.py:188} INFO - [2024-07-03T00:04:26.230+0000] {dag.py:3954} INFO - Setting next_dagrun for consume_1_and_2_with_dataset_expressions to None, run_after=None
[2024-07-03T00:04:26.232+0000] {logging_mixin.py:188} INFO - [2024-07-03T00:04:26.232+0000] {dag.py:3954} INFO - Setting next_dagrun for consume_1_or_2_with_dataset_expressions to None, run_after=None
[2024-07-03T00:04:26.233+0000] {logging_mixin.py:188} INFO - [2024-07-03T00:04:26.233+0000] {dag.py:3954} INFO - Setting next_dagrun for consume_1_or_both_2_and_3_with_dataset_expressions to None, run_after=None
[2024-07-03T00:04:26.234+0000] {logging_mixin.py:188} INFO - [2024-07-03T00:04:26.234+0000] {dag.py:3954} INFO - Setting next_dagrun for dataset_consumes_1 to None, run_after=None
[2024-07-03T00:04:26.236+0000] {logging_mixin.py:188} INFO - [2024-07-03T00:04:26.235+0000] {dag.py:3954} INFO - Setting next_dagrun for dataset_consumes_1_and_2 to None, run_after=None
[2024-07-03T00:04:26.237+0000] {logging_mixin.py:188} INFO - [2024-07-03T00:04:26.237+0000] {dag.py:3954} INFO - Setting next_dagrun for dataset_consumes_1_never_scheduled to None, run_after=None
[2024-07-03T00:04:26.238+0000] {logging_mixin.py:188} INFO - [2024-07-03T00:04:26.238+0000] {dag.py:3954} INFO - Setting next_dagrun for dataset_consumes_unknown_never_scheduled to None, run_after=None
[2024-07-03T00:04:26.240+0000] {logging_mixin.py:188} INFO - [2024-07-03T00:04:26.240+0000] {dag.py:3954} INFO - Setting next_dagrun for dataset_produces_1 to 2024-07-02 00:00:00+00:00, run_after=2024-07-03 00:00:00+00:00
[2024-07-03T00:04:26.241+0000] {logging_mixin.py:188} INFO - [2024-07-03T00:04:26.241+0000] {dag.py:3954} INFO - Setting next_dagrun for dataset_produces_2 to None, run_after=None
[2024-07-03T00:04:26.275+0000] {processor.py:183} INFO - Processing /home/airflow/.local/lib/python3.12/site-packages/airflow/example_dags/example_datasets.py took 0.154 seconds
[2024-07-03T00:04:56.452+0000] {processor.py:161} INFO - Started process (PID=1266) to work on /home/airflow/.local/lib/python3.12/site-packages/airflow/example_dags/example_datasets.py
[2024-07-03T00:04:56.453+0000] {processor.py:830} INFO - Processing file /home/airflow/.local/lib/python3.12/site-packages/airflow/example_dags/example_datasets.py for tasks to queue
[2024-07-03T00:04:56.455+0000] {logging_mixin.py:188} INFO - [2024-07-03T00:04:56.455+0000] {dagbag.py:545} INFO - Filling up the DagBag from /home/airflow/.local/lib/python3.12/site-packages/airflow/example_dags/example_datasets.py
[2024-07-03T00:04:56.469+0000] {processor.py:840} INFO - DAG(s) 'consume_1_or_both_2_and_3_with_dataset_expressions', 'dataset_consumes_1_never_scheduled', 'dataset_consumes_1_and_2', 'dataset_produces_1', 'consume_1_and_2_with_dataset_expressions', 'dataset_produces_2', 'dataset_consumes_unknown_never_scheduled', 'consume_1_or_2_with_dataset_expressions', 'dataset_consumes_1', 'conditional_dataset_and_time_based_timetable' retrieved from /home/airflow/.local/lib/python3.12/site-packages/airflow/example_dags/example_datasets.py
[2024-07-03T00:04:56.534+0000] {logging_mixin.py:188} INFO - [2024-07-03T00:04:56.534+0000] {dag.py:3096} INFO - Sync 10 DAGs
[2024-07-03T00:04:56.562+0000] {logging_mixin.py:188} INFO - [2024-07-03T00:04:56.562+0000] {dag.py:3954} INFO - Setting next_dagrun for conditional_dataset_and_time_based_timetable to 2024-06-26 01:00:00+00:00, run_after=2024-06-26 01:00:00+00:00
[2024-07-03T00:04:56.565+0000] {logging_mixin.py:188} INFO - [2024-07-03T00:04:56.565+0000] {dag.py:3954} INFO - Setting next_dagrun for consume_1_and_2_with_dataset_expressions to None, run_after=None
[2024-07-03T00:04:56.567+0000] {logging_mixin.py:188} INFO - [2024-07-03T00:04:56.566+0000] {dag.py:3954} INFO - Setting next_dagrun for consume_1_or_2_with_dataset_expressions to None, run_after=None
[2024-07-03T00:04:56.567+0000] {logging_mixin.py:188} INFO - [2024-07-03T00:04:56.567+0000] {dag.py:3954} INFO - Setting next_dagrun for consume_1_or_both_2_and_3_with_dataset_expressions to None, run_after=None
[2024-07-03T00:04:56.569+0000] {logging_mixin.py:188} INFO - [2024-07-03T00:04:56.568+0000] {dag.py:3954} INFO - Setting next_dagrun for dataset_consumes_1 to None, run_after=None
[2024-07-03T00:04:56.570+0000] {logging_mixin.py:188} INFO - [2024-07-03T00:04:56.569+0000] {dag.py:3954} INFO - Setting next_dagrun for dataset_consumes_1_and_2 to None, run_after=None
[2024-07-03T00:04:56.571+0000] {logging_mixin.py:188} INFO - [2024-07-03T00:04:56.571+0000] {dag.py:3954} INFO - Setting next_dagrun for dataset_consumes_1_never_scheduled to None, run_after=None
[2024-07-03T00:04:56.573+0000] {logging_mixin.py:188} INFO - [2024-07-03T00:04:56.572+0000] {dag.py:3954} INFO - Setting next_dagrun for dataset_consumes_unknown_never_scheduled to None, run_after=None
[2024-07-03T00:04:56.577+0000] {logging_mixin.py:188} INFO - [2024-07-03T00:04:56.577+0000] {dag.py:3954} INFO - Setting next_dagrun for dataset_produces_1 to 2024-07-02 00:00:00+00:00, run_after=2024-07-03 00:00:00+00:00
[2024-07-03T00:04:56.579+0000] {logging_mixin.py:188} INFO - [2024-07-03T00:04:56.578+0000] {dag.py:3954} INFO - Setting next_dagrun for dataset_produces_2 to None, run_after=None
[2024-07-03T00:04:56.624+0000] {processor.py:183} INFO - Processing /home/airflow/.local/lib/python3.12/site-packages/airflow/example_dags/example_datasets.py took 0.179 seconds
[2024-07-03T00:05:26.682+0000] {processor.py:161} INFO - Started process (PID=1325) to work on /home/airflow/.local/lib/python3.12/site-packages/airflow/example_dags/example_datasets.py
[2024-07-03T00:05:26.684+0000] {processor.py:830} INFO - Processing file /home/airflow/.local/lib/python3.12/site-packages/airflow/example_dags/example_datasets.py for tasks to queue
[2024-07-03T00:05:26.685+0000] {logging_mixin.py:188} INFO - [2024-07-03T00:05:26.685+0000] {dagbag.py:545} INFO - Filling up the DagBag from /home/airflow/.local/lib/python3.12/site-packages/airflow/example_dags/example_datasets.py
[2024-07-03T00:05:26.701+0000] {processor.py:840} INFO - DAG(s) 'dataset_consumes_1_never_scheduled', 'consume_1_or_both_2_and_3_with_dataset_expressions', 'dataset_consumes_unknown_never_scheduled', 'conditional_dataset_and_time_based_timetable', 'dataset_produces_2', 'dataset_produces_1', 'consume_1_and_2_with_dataset_expressions', 'consume_1_or_2_with_dataset_expressions', 'dataset_consumes_1', 'dataset_consumes_1_and_2' retrieved from /home/airflow/.local/lib/python3.12/site-packages/airflow/example_dags/example_datasets.py
[2024-07-03T00:05:26.765+0000] {logging_mixin.py:188} INFO - [2024-07-03T00:05:26.764+0000] {dag.py:3096} INFO - Sync 10 DAGs
[2024-07-03T00:05:26.789+0000] {logging_mixin.py:188} INFO - [2024-07-03T00:05:26.789+0000] {dag.py:3954} INFO - Setting next_dagrun for conditional_dataset_and_time_based_timetable to 2024-06-26 01:00:00+00:00, run_after=2024-06-26 01:00:00+00:00
[2024-07-03T00:05:26.793+0000] {logging_mixin.py:188} INFO - [2024-07-03T00:05:26.793+0000] {dag.py:3954} INFO - Setting next_dagrun for consume_1_and_2_with_dataset_expressions to None, run_after=None
[2024-07-03T00:05:26.794+0000] {logging_mixin.py:188} INFO - [2024-07-03T00:05:26.794+0000] {dag.py:3954} INFO - Setting next_dagrun for consume_1_or_2_with_dataset_expressions to None, run_after=None
[2024-07-03T00:05:26.796+0000] {logging_mixin.py:188} INFO - [2024-07-03T00:05:26.796+0000] {dag.py:3954} INFO - Setting next_dagrun for consume_1_or_both_2_and_3_with_dataset_expressions to None, run_after=None
[2024-07-03T00:05:26.797+0000] {logging_mixin.py:188} INFO - [2024-07-03T00:05:26.797+0000] {dag.py:3954} INFO - Setting next_dagrun for dataset_consumes_1 to None, run_after=None
[2024-07-03T00:05:26.798+0000] {logging_mixin.py:188} INFO - [2024-07-03T00:05:26.798+0000] {dag.py:3954} INFO - Setting next_dagrun for dataset_consumes_1_and_2 to None, run_after=None
[2024-07-03T00:05:26.799+0000] {logging_mixin.py:188} INFO - [2024-07-03T00:05:26.799+0000] {dag.py:3954} INFO - Setting next_dagrun for dataset_consumes_1_never_scheduled to None, run_after=None
[2024-07-03T00:05:26.800+0000] {logging_mixin.py:188} INFO - [2024-07-03T00:05:26.800+0000] {dag.py:3954} INFO - Setting next_dagrun for dataset_consumes_unknown_never_scheduled to None, run_after=None
[2024-07-03T00:05:26.803+0000] {logging_mixin.py:188} INFO - [2024-07-03T00:05:26.802+0000] {dag.py:3954} INFO - Setting next_dagrun for dataset_produces_1 to 2024-07-02 00:00:00+00:00, run_after=2024-07-03 00:00:00+00:00
[2024-07-03T00:05:26.804+0000] {logging_mixin.py:188} INFO - [2024-07-03T00:05:26.803+0000] {dag.py:3954} INFO - Setting next_dagrun for dataset_produces_2 to None, run_after=None
[2024-07-03T00:05:26.835+0000] {processor.py:183} INFO - Processing /home/airflow/.local/lib/python3.12/site-packages/airflow/example_dags/example_datasets.py took 0.158 seconds
[2024-07-03T00:05:56.888+0000] {processor.py:161} INFO - Started process (PID=1382) to work on /home/airflow/.local/lib/python3.12/site-packages/airflow/example_dags/example_datasets.py
[2024-07-03T00:05:56.889+0000] {processor.py:830} INFO - Processing file /home/airflow/.local/lib/python3.12/site-packages/airflow/example_dags/example_datasets.py for tasks to queue
[2024-07-03T00:05:56.891+0000] {logging_mixin.py:188} INFO - [2024-07-03T00:05:56.891+0000] {dagbag.py:545} INFO - Filling up the DagBag from /home/airflow/.local/lib/python3.12/site-packages/airflow/example_dags/example_datasets.py
[2024-07-03T00:05:56.909+0000] {processor.py:840} INFO - DAG(s) 'conditional_dataset_and_time_based_timetable', 'dataset_consumes_1', 'consume_1_or_both_2_and_3_with_dataset_expressions', 'dataset_produces_2', 'dataset_consumes_unknown_never_scheduled', 'dataset_consumes_1_never_scheduled', 'consume_1_and_2_with_dataset_expressions', 'dataset_produces_1', 'consume_1_or_2_with_dataset_expressions', 'dataset_consumes_1_and_2' retrieved from /home/airflow/.local/lib/python3.12/site-packages/airflow/example_dags/example_datasets.py
[2024-07-03T00:05:56.975+0000] {logging_mixin.py:188} INFO - [2024-07-03T00:05:56.974+0000] {dag.py:3096} INFO - Sync 10 DAGs
[2024-07-03T00:05:57.005+0000] {logging_mixin.py:188} INFO - [2024-07-03T00:05:57.004+0000] {dag.py:3954} INFO - Setting next_dagrun for conditional_dataset_and_time_based_timetable to 2024-06-26 01:00:00+00:00, run_after=2024-06-26 01:00:00+00:00
[2024-07-03T00:05:57.009+0000] {logging_mixin.py:188} INFO - [2024-07-03T00:05:57.009+0000] {dag.py:3954} INFO - Setting next_dagrun for consume_1_and_2_with_dataset_expressions to None, run_after=None
[2024-07-03T00:05:57.010+0000] {logging_mixin.py:188} INFO - [2024-07-03T00:05:57.010+0000] {dag.py:3954} INFO - Setting next_dagrun for consume_1_or_2_with_dataset_expressions to None, run_after=None
[2024-07-03T00:05:57.012+0000] {logging_mixin.py:188} INFO - [2024-07-03T00:05:57.011+0000] {dag.py:3954} INFO - Setting next_dagrun for consume_1_or_both_2_and_3_with_dataset_expressions to None, run_after=None
[2024-07-03T00:05:57.013+0000] {logging_mixin.py:188} INFO - [2024-07-03T00:05:57.013+0000] {dag.py:3954} INFO - Setting next_dagrun for dataset_consumes_1 to None, run_after=None
[2024-07-03T00:05:57.015+0000] {logging_mixin.py:188} INFO - [2024-07-03T00:05:57.015+0000] {dag.py:3954} INFO - Setting next_dagrun for dataset_consumes_1_and_2 to None, run_after=None
[2024-07-03T00:05:57.018+0000] {logging_mixin.py:188} INFO - [2024-07-03T00:05:57.018+0000] {dag.py:3954} INFO - Setting next_dagrun for dataset_consumes_1_never_scheduled to None, run_after=None
[2024-07-03T00:05:57.019+0000] {logging_mixin.py:188} INFO - [2024-07-03T00:05:57.019+0000] {dag.py:3954} INFO - Setting next_dagrun for dataset_consumes_unknown_never_scheduled to None, run_after=None
[2024-07-03T00:05:57.023+0000] {logging_mixin.py:188} INFO - [2024-07-03T00:05:57.023+0000] {dag.py:3954} INFO - Setting next_dagrun for dataset_produces_1 to 2024-07-02 00:00:00+00:00, run_after=2024-07-03 00:00:00+00:00
[2024-07-03T00:05:57.025+0000] {logging_mixin.py:188} INFO - [2024-07-03T00:05:57.024+0000] {dag.py:3954} INFO - Setting next_dagrun for dataset_produces_2 to None, run_after=None
[2024-07-03T00:05:57.067+0000] {processor.py:183} INFO - Processing /home/airflow/.local/lib/python3.12/site-packages/airflow/example_dags/example_datasets.py took 0.188 seconds
[2024-07-03T00:06:27.158+0000] {processor.py:161} INFO - Started process (PID=1440) to work on /home/airflow/.local/lib/python3.12/site-packages/airflow/example_dags/example_datasets.py
[2024-07-03T00:06:27.159+0000] {processor.py:830} INFO - Processing file /home/airflow/.local/lib/python3.12/site-packages/airflow/example_dags/example_datasets.py for tasks to queue
[2024-07-03T00:06:27.161+0000] {logging_mixin.py:188} INFO - [2024-07-03T00:06:27.160+0000] {dagbag.py:545} INFO - Filling up the DagBag from /home/airflow/.local/lib/python3.12/site-packages/airflow/example_dags/example_datasets.py
[2024-07-03T00:06:27.178+0000] {processor.py:840} INFO - DAG(s) 'consume_1_or_2_with_dataset_expressions', 'consume_1_or_both_2_and_3_with_dataset_expressions', 'conditional_dataset_and_time_based_timetable', 'dataset_consumes_1', 'dataset_consumes_unknown_never_scheduled', 'consume_1_and_2_with_dataset_expressions', 'dataset_produces_2', 'dataset_consumes_1_and_2', 'dataset_consumes_1_never_scheduled', 'dataset_produces_1' retrieved from /home/airflow/.local/lib/python3.12/site-packages/airflow/example_dags/example_datasets.py
[2024-07-03T00:06:27.249+0000] {logging_mixin.py:188} INFO - [2024-07-03T00:06:27.248+0000] {dag.py:3096} INFO - Sync 10 DAGs
[2024-07-03T00:06:27.295+0000] {logging_mixin.py:188} INFO - [2024-07-03T00:06:27.295+0000] {dag.py:3954} INFO - Setting next_dagrun for conditional_dataset_and_time_based_timetable to 2024-06-26 01:00:00+00:00, run_after=2024-06-26 01:00:00+00:00
[2024-07-03T00:06:27.301+0000] {logging_mixin.py:188} INFO - [2024-07-03T00:06:27.301+0000] {dag.py:3954} INFO - Setting next_dagrun for consume_1_and_2_with_dataset_expressions to None, run_after=None
[2024-07-03T00:06:27.302+0000] {logging_mixin.py:188} INFO - [2024-07-03T00:06:27.302+0000] {dag.py:3954} INFO - Setting next_dagrun for consume_1_or_2_with_dataset_expressions to None, run_after=None
[2024-07-03T00:06:27.303+0000] {logging_mixin.py:188} INFO - [2024-07-03T00:06:27.303+0000] {dag.py:3954} INFO - Setting next_dagrun for consume_1_or_both_2_and_3_with_dataset_expressions to None, run_after=None
[2024-07-03T00:06:27.304+0000] {logging_mixin.py:188} INFO - [2024-07-03T00:06:27.304+0000] {dag.py:3954} INFO - Setting next_dagrun for dataset_consumes_1 to None, run_after=None
[2024-07-03T00:06:27.305+0000] {logging_mixin.py:188} INFO - [2024-07-03T00:06:27.305+0000] {dag.py:3954} INFO - Setting next_dagrun for dataset_consumes_1_and_2 to None, run_after=None
[2024-07-03T00:06:27.306+0000] {logging_mixin.py:188} INFO - [2024-07-03T00:06:27.306+0000] {dag.py:3954} INFO - Setting next_dagrun for dataset_consumes_1_never_scheduled to None, run_after=None
[2024-07-03T00:06:27.307+0000] {logging_mixin.py:188} INFO - [2024-07-03T00:06:27.307+0000] {dag.py:3954} INFO - Setting next_dagrun for dataset_consumes_unknown_never_scheduled to None, run_after=None
[2024-07-03T00:06:27.310+0000] {logging_mixin.py:188} INFO - [2024-07-03T00:06:27.310+0000] {dag.py:3954} INFO - Setting next_dagrun for dataset_produces_1 to 2024-07-02 00:00:00+00:00, run_after=2024-07-03 00:00:00+00:00
[2024-07-03T00:06:27.311+0000] {logging_mixin.py:188} INFO - [2024-07-03T00:06:27.311+0000] {dag.py:3954} INFO - Setting next_dagrun for dataset_produces_2 to None, run_after=None
[2024-07-03T00:06:27.360+0000] {processor.py:183} INFO - Processing /home/airflow/.local/lib/python3.12/site-packages/airflow/example_dags/example_datasets.py took 0.209 seconds
[2024-07-03T00:06:57.435+0000] {processor.py:161} INFO - Started process (PID=1499) to work on /home/airflow/.local/lib/python3.12/site-packages/airflow/example_dags/example_datasets.py
[2024-07-03T00:06:57.436+0000] {processor.py:830} INFO - Processing file /home/airflow/.local/lib/python3.12/site-packages/airflow/example_dags/example_datasets.py for tasks to queue
[2024-07-03T00:06:57.437+0000] {logging_mixin.py:188} INFO - [2024-07-03T00:06:57.437+0000] {dagbag.py:545} INFO - Filling up the DagBag from /home/airflow/.local/lib/python3.12/site-packages/airflow/example_dags/example_datasets.py
[2024-07-03T00:06:57.452+0000] {processor.py:840} INFO - DAG(s) 'dataset_consumes_1_and_2', 'consume_1_and_2_with_dataset_expressions', 'consume_1_or_both_2_and_3_with_dataset_expressions', 'conditional_dataset_and_time_based_timetable', 'consume_1_or_2_with_dataset_expressions', 'dataset_consumes_1_never_scheduled', 'dataset_produces_2', 'dataset_produces_1', 'dataset_consumes_unknown_never_scheduled', 'dataset_consumes_1' retrieved from /home/airflow/.local/lib/python3.12/site-packages/airflow/example_dags/example_datasets.py
[2024-07-03T00:06:57.498+0000] {logging_mixin.py:188} INFO - [2024-07-03T00:06:57.498+0000] {dag.py:3096} INFO - Sync 10 DAGs
[2024-07-03T00:06:57.523+0000] {logging_mixin.py:188} INFO - [2024-07-03T00:06:57.523+0000] {dag.py:3954} INFO - Setting next_dagrun for conditional_dataset_and_time_based_timetable to 2024-06-26 01:00:00+00:00, run_after=2024-06-26 01:00:00+00:00
[2024-07-03T00:06:57.527+0000] {logging_mixin.py:188} INFO - [2024-07-03T00:06:57.527+0000] {dag.py:3954} INFO - Setting next_dagrun for consume_1_and_2_with_dataset_expressions to None, run_after=None
[2024-07-03T00:06:57.528+0000] {logging_mixin.py:188} INFO - [2024-07-03T00:06:57.528+0000] {dag.py:3954} INFO - Setting next_dagrun for consume_1_or_2_with_dataset_expressions to None, run_after=None
[2024-07-03T00:06:57.529+0000] {logging_mixin.py:188} INFO - [2024-07-03T00:06:57.529+0000] {dag.py:3954} INFO - Setting next_dagrun for consume_1_or_both_2_and_3_with_dataset_expressions to None, run_after=None
[2024-07-03T00:06:57.530+0000] {logging_mixin.py:188} INFO - [2024-07-03T00:06:57.530+0000] {dag.py:3954} INFO - Setting next_dagrun for dataset_consumes_1 to None, run_after=None
[2024-07-03T00:06:57.531+0000] {logging_mixin.py:188} INFO - [2024-07-03T00:06:57.531+0000] {dag.py:3954} INFO - Setting next_dagrun for dataset_consumes_1_and_2 to None, run_after=None
[2024-07-03T00:06:57.532+0000] {logging_mixin.py:188} INFO - [2024-07-03T00:06:57.532+0000] {dag.py:3954} INFO - Setting next_dagrun for dataset_consumes_1_never_scheduled to None, run_after=None
[2024-07-03T00:06:57.533+0000] {logging_mixin.py:188} INFO - [2024-07-03T00:06:57.533+0000] {dag.py:3954} INFO - Setting next_dagrun for dataset_consumes_unknown_never_scheduled to None, run_after=None
[2024-07-03T00:06:57.535+0000] {logging_mixin.py:188} INFO - [2024-07-03T00:06:57.535+0000] {dag.py:3954} INFO - Setting next_dagrun for dataset_produces_1 to 2024-07-02 00:00:00+00:00, run_after=2024-07-03 00:00:00+00:00
[2024-07-03T00:06:57.537+0000] {logging_mixin.py:188} INFO - [2024-07-03T00:06:57.536+0000] {dag.py:3954} INFO - Setting next_dagrun for dataset_produces_2 to None, run_after=None
[2024-07-03T00:06:57.568+0000] {processor.py:183} INFO - Processing /home/airflow/.local/lib/python3.12/site-packages/airflow/example_dags/example_datasets.py took 0.139 seconds
