[2024-07-03T00:00:28.200+0000] {processor.py:161} INFO - Started process (PID=765) to work on /home/airflow/.local/lib/python3.12/site-packages/airflow/example_dags/example_short_circuit_operator.py
[2024-07-03T00:00:28.201+0000] {processor.py:830} INFO - Processing file /home/airflow/.local/lib/python3.12/site-packages/airflow/example_dags/example_short_circuit_operator.py for tasks to queue
[2024-07-03T00:00:28.202+0000] {logging_mixin.py:188} INFO - [2024-07-03T00:00:28.202+0000] {dagbag.py:545} INFO - Filling up the DagBag from /home/airflow/.local/lib/python3.12/site-packages/airflow/example_dags/example_short_circuit_operator.py
[2024-07-03T00:00:28.210+0000] {processor.py:840} INFO - DAG(s) 'example_short_circuit_operator' retrieved from /home/airflow/.local/lib/python3.12/site-packages/airflow/example_dags/example_short_circuit_operator.py
[2024-07-03T00:00:28.235+0000] {logging_mixin.py:188} INFO - [2024-07-03T00:00:28.235+0000] {dag.py:3096} INFO - Sync 1 DAGs
[2024-07-03T00:00:28.257+0000] {logging_mixin.py:188} INFO - [2024-07-03T00:00:28.257+0000] {dag.py:3954} INFO - Setting next_dagrun for example_short_circuit_operator to 2024-07-02 00:00:00+00:00, run_after=2024-07-03 00:00:00+00:00
[2024-07-03T00:00:28.275+0000] {processor.py:183} INFO - Processing /home/airflow/.local/lib/python3.12/site-packages/airflow/example_dags/example_short_circuit_operator.py took 0.081 seconds
[2024-07-03T00:00:58.488+0000] {processor.py:161} INFO - Started process (PID=823) to work on /home/airflow/.local/lib/python3.12/site-packages/airflow/example_dags/example_short_circuit_operator.py
[2024-07-03T00:00:58.489+0000] {processor.py:830} INFO - Processing file /home/airflow/.local/lib/python3.12/site-packages/airflow/example_dags/example_short_circuit_operator.py for tasks to queue
[2024-07-03T00:00:58.491+0000] {logging_mixin.py:188} INFO - [2024-07-03T00:00:58.491+0000] {dagbag.py:545} INFO - Filling up the DagBag from /home/airflow/.local/lib/python3.12/site-packages/airflow/example_dags/example_short_circuit_operator.py
[2024-07-03T00:00:58.499+0000] {processor.py:840} INFO - DAG(s) 'example_short_circuit_operator' retrieved from /home/airflow/.local/lib/python3.12/site-packages/airflow/example_dags/example_short_circuit_operator.py
[2024-07-03T00:00:58.526+0000] {logging_mixin.py:188} INFO - [2024-07-03T00:00:58.526+0000] {dag.py:3096} INFO - Sync 1 DAGs
[2024-07-03T00:00:58.550+0000] {logging_mixin.py:188} INFO - [2024-07-03T00:00:58.549+0000] {dag.py:3954} INFO - Setting next_dagrun for example_short_circuit_operator to 2024-07-02 00:00:00+00:00, run_after=2024-07-03 00:00:00+00:00
[2024-07-03T00:00:58.581+0000] {processor.py:183} INFO - Processing /home/airflow/.local/lib/python3.12/site-packages/airflow/example_dags/example_short_circuit_operator.py took 0.099 seconds
[2024-07-03T00:01:28.721+0000] {processor.py:161} INFO - Started process (PID=881) to work on /home/airflow/.local/lib/python3.12/site-packages/airflow/example_dags/example_short_circuit_operator.py
[2024-07-03T00:01:28.722+0000] {processor.py:830} INFO - Processing file /home/airflow/.local/lib/python3.12/site-packages/airflow/example_dags/example_short_circuit_operator.py for tasks to queue
[2024-07-03T00:01:28.724+0000] {logging_mixin.py:188} INFO - [2024-07-03T00:01:28.724+0000] {dagbag.py:545} INFO - Filling up the DagBag from /home/airflow/.local/lib/python3.12/site-packages/airflow/example_dags/example_short_circuit_operator.py
[2024-07-03T00:01:28.732+0000] {processor.py:840} INFO - DAG(s) 'example_short_circuit_operator' retrieved from /home/airflow/.local/lib/python3.12/site-packages/airflow/example_dags/example_short_circuit_operator.py
[2024-07-03T00:01:28.756+0000] {logging_mixin.py:188} INFO - [2024-07-03T00:01:28.756+0000] {dag.py:3096} INFO - Sync 1 DAGs
[2024-07-03T00:01:28.779+0000] {logging_mixin.py:188} INFO - [2024-07-03T00:01:28.779+0000] {dag.py:3954} INFO - Setting next_dagrun for example_short_circuit_operator to 2024-07-02 00:00:00+00:00, run_after=2024-07-03 00:00:00+00:00
[2024-07-03T00:01:28.796+0000] {processor.py:183} INFO - Processing /home/airflow/.local/lib/python3.12/site-packages/airflow/example_dags/example_short_circuit_operator.py took 0.080 seconds
[2024-07-03T00:01:59.008+0000] {processor.py:161} INFO - Started process (PID=939) to work on /home/airflow/.local/lib/python3.12/site-packages/airflow/example_dags/example_short_circuit_operator.py
[2024-07-03T00:01:59.009+0000] {processor.py:830} INFO - Processing file /home/airflow/.local/lib/python3.12/site-packages/airflow/example_dags/example_short_circuit_operator.py for tasks to queue
[2024-07-03T00:01:59.011+0000] {logging_mixin.py:188} INFO - [2024-07-03T00:01:59.011+0000] {dagbag.py:545} INFO - Filling up the DagBag from /home/airflow/.local/lib/python3.12/site-packages/airflow/example_dags/example_short_circuit_operator.py
[2024-07-03T00:01:59.064+0000] {processor.py:840} INFO - DAG(s) 'example_short_circuit_operator' retrieved from /home/airflow/.local/lib/python3.12/site-packages/airflow/example_dags/example_short_circuit_operator.py
[2024-07-03T00:01:59.090+0000] {logging_mixin.py:188} INFO - [2024-07-03T00:01:59.090+0000] {dag.py:3096} INFO - Sync 1 DAGs
[2024-07-03T00:01:59.113+0000] {logging_mixin.py:188} INFO - [2024-07-03T00:01:59.112+0000] {dag.py:3954} INFO - Setting next_dagrun for example_short_circuit_operator to 2024-07-02 00:00:00+00:00, run_after=2024-07-03 00:00:00+00:00
[2024-07-03T00:01:59.130+0000] {processor.py:183} INFO - Processing /home/airflow/.local/lib/python3.12/site-packages/airflow/example_dags/example_short_circuit_operator.py took 0.128 seconds
[2024-07-03T00:02:29.624+0000] {processor.py:161} INFO - Started process (PID=997) to work on /home/airflow/.local/lib/python3.12/site-packages/airflow/example_dags/example_short_circuit_operator.py
[2024-07-03T00:02:29.625+0000] {processor.py:830} INFO - Processing file /home/airflow/.local/lib/python3.12/site-packages/airflow/example_dags/example_short_circuit_operator.py for tasks to queue
[2024-07-03T00:02:29.627+0000] {logging_mixin.py:188} INFO - [2024-07-03T00:02:29.626+0000] {dagbag.py:545} INFO - Filling up the DagBag from /home/airflow/.local/lib/python3.12/site-packages/airflow/example_dags/example_short_circuit_operator.py
[2024-07-03T00:02:29.634+0000] {processor.py:840} INFO - DAG(s) 'example_short_circuit_operator' retrieved from /home/airflow/.local/lib/python3.12/site-packages/airflow/example_dags/example_short_circuit_operator.py
[2024-07-03T00:02:29.687+0000] {logging_mixin.py:188} INFO - [2024-07-03T00:02:29.687+0000] {dag.py:3096} INFO - Sync 1 DAGs
[2024-07-03T00:02:29.714+0000] {logging_mixin.py:188} INFO - [2024-07-03T00:02:29.713+0000] {dag.py:3954} INFO - Setting next_dagrun for example_short_circuit_operator to 2024-07-02 00:00:00+00:00, run_after=2024-07-03 00:00:00+00:00
[2024-07-03T00:02:29.774+0000] {processor.py:183} INFO - Processing /home/airflow/.local/lib/python3.12/site-packages/airflow/example_dags/example_short_circuit_operator.py took 0.156 seconds
[2024-07-03T00:03:00.529+0000] {processor.py:161} INFO - Started process (PID=1055) to work on /home/airflow/.local/lib/python3.12/site-packages/airflow/example_dags/example_short_circuit_operator.py
[2024-07-03T00:03:00.530+0000] {processor.py:830} INFO - Processing file /home/airflow/.local/lib/python3.12/site-packages/airflow/example_dags/example_short_circuit_operator.py for tasks to queue
[2024-07-03T00:03:00.532+0000] {logging_mixin.py:188} INFO - [2024-07-03T00:03:00.531+0000] {dagbag.py:545} INFO - Filling up the DagBag from /home/airflow/.local/lib/python3.12/site-packages/airflow/example_dags/example_short_circuit_operator.py
[2024-07-03T00:03:00.541+0000] {processor.py:840} INFO - DAG(s) 'example_short_circuit_operator' retrieved from /home/airflow/.local/lib/python3.12/site-packages/airflow/example_dags/example_short_circuit_operator.py
[2024-07-03T00:03:00.567+0000] {logging_mixin.py:188} INFO - [2024-07-03T00:03:00.567+0000] {dag.py:3096} INFO - Sync 1 DAGs
[2024-07-03T00:03:00.593+0000] {logging_mixin.py:188} INFO - [2024-07-03T00:03:00.593+0000] {dag.py:3954} INFO - Setting next_dagrun for example_short_circuit_operator to 2024-07-02 00:00:00+00:00, run_after=2024-07-03 00:00:00+00:00
[2024-07-03T00:03:00.616+0000] {processor.py:183} INFO - Processing /home/airflow/.local/lib/python3.12/site-packages/airflow/example_dags/example_short_circuit_operator.py took 0.094 seconds
[2024-07-03T00:03:31.118+0000] {processor.py:161} INFO - Started process (PID=1113) to work on /home/airflow/.local/lib/python3.12/site-packages/airflow/example_dags/example_short_circuit_operator.py
[2024-07-03T00:03:31.120+0000] {processor.py:830} INFO - Processing file /home/airflow/.local/lib/python3.12/site-packages/airflow/example_dags/example_short_circuit_operator.py for tasks to queue
[2024-07-03T00:03:31.122+0000] {logging_mixin.py:188} INFO - [2024-07-03T00:03:31.122+0000] {dagbag.py:545} INFO - Filling up the DagBag from /home/airflow/.local/lib/python3.12/site-packages/airflow/example_dags/example_short_circuit_operator.py
[2024-07-03T00:03:31.136+0000] {processor.py:840} INFO - DAG(s) 'example_short_circuit_operator' retrieved from /home/airflow/.local/lib/python3.12/site-packages/airflow/example_dags/example_short_circuit_operator.py
[2024-07-03T00:03:31.167+0000] {logging_mixin.py:188} INFO - [2024-07-03T00:03:31.167+0000] {dag.py:3096} INFO - Sync 1 DAGs
[2024-07-03T00:03:31.201+0000] {logging_mixin.py:188} INFO - [2024-07-03T00:03:31.200+0000] {dag.py:3954} INFO - Setting next_dagrun for example_short_circuit_operator to 2024-07-02 00:00:00+00:00, run_after=2024-07-03 00:00:00+00:00
[2024-07-03T00:03:31.218+0000] {processor.py:183} INFO - Processing /home/airflow/.local/lib/python3.12/site-packages/airflow/example_dags/example_short_circuit_operator.py took 0.107 seconds
[2024-07-03T00:04:01.401+0000] {processor.py:161} INFO - Started process (PID=1171) to work on /home/airflow/.local/lib/python3.12/site-packages/airflow/example_dags/example_short_circuit_operator.py
[2024-07-03T00:04:01.402+0000] {processor.py:830} INFO - Processing file /home/airflow/.local/lib/python3.12/site-packages/airflow/example_dags/example_short_circuit_operator.py for tasks to queue
[2024-07-03T00:04:01.404+0000] {logging_mixin.py:188} INFO - [2024-07-03T00:04:01.404+0000] {dagbag.py:545} INFO - Filling up the DagBag from /home/airflow/.local/lib/python3.12/site-packages/airflow/example_dags/example_short_circuit_operator.py
[2024-07-03T00:04:01.413+0000] {processor.py:840} INFO - DAG(s) 'example_short_circuit_operator' retrieved from /home/airflow/.local/lib/python3.12/site-packages/airflow/example_dags/example_short_circuit_operator.py
[2024-07-03T00:04:01.438+0000] {logging_mixin.py:188} INFO - [2024-07-03T00:04:01.438+0000] {dag.py:3096} INFO - Sync 1 DAGs
[2024-07-03T00:04:01.461+0000] {logging_mixin.py:188} INFO - [2024-07-03T00:04:01.461+0000] {dag.py:3954} INFO - Setting next_dagrun for example_short_circuit_operator to 2024-07-02 00:00:00+00:00, run_after=2024-07-03 00:00:00+00:00
[2024-07-03T00:04:01.479+0000] {processor.py:183} INFO - Processing /home/airflow/.local/lib/python3.12/site-packages/airflow/example_dags/example_short_circuit_operator.py took 0.084 seconds
[2024-07-03T00:04:31.585+0000] {processor.py:161} INFO - Started process (PID=1229) to work on /home/airflow/.local/lib/python3.12/site-packages/airflow/example_dags/example_short_circuit_operator.py
[2024-07-03T00:04:31.586+0000] {processor.py:830} INFO - Processing file /home/airflow/.local/lib/python3.12/site-packages/airflow/example_dags/example_short_circuit_operator.py for tasks to queue
[2024-07-03T00:04:31.588+0000] {logging_mixin.py:188} INFO - [2024-07-03T00:04:31.588+0000] {dagbag.py:545} INFO - Filling up the DagBag from /home/airflow/.local/lib/python3.12/site-packages/airflow/example_dags/example_short_circuit_operator.py
[2024-07-03T00:04:31.596+0000] {processor.py:840} INFO - DAG(s) 'example_short_circuit_operator' retrieved from /home/airflow/.local/lib/python3.12/site-packages/airflow/example_dags/example_short_circuit_operator.py
[2024-07-03T00:04:31.620+0000] {logging_mixin.py:188} INFO - [2024-07-03T00:04:31.620+0000] {dag.py:3096} INFO - Sync 1 DAGs
[2024-07-03T00:04:31.643+0000] {logging_mixin.py:188} INFO - [2024-07-03T00:04:31.643+0000] {dag.py:3954} INFO - Setting next_dagrun for example_short_circuit_operator to 2024-07-02 00:00:00+00:00, run_after=2024-07-03 00:00:00+00:00
[2024-07-03T00:04:31.661+0000] {processor.py:183} INFO - Processing /home/airflow/.local/lib/python3.12/site-packages/airflow/example_dags/example_short_circuit_operator.py took 0.082 seconds
[2024-07-03T00:05:01.957+0000] {processor.py:161} INFO - Started process (PID=1287) to work on /home/airflow/.local/lib/python3.12/site-packages/airflow/example_dags/example_short_circuit_operator.py
[2024-07-03T00:05:01.958+0000] {processor.py:830} INFO - Processing file /home/airflow/.local/lib/python3.12/site-packages/airflow/example_dags/example_short_circuit_operator.py for tasks to queue
[2024-07-03T00:05:01.960+0000] {logging_mixin.py:188} INFO - [2024-07-03T00:05:01.959+0000] {dagbag.py:545} INFO - Filling up the DagBag from /home/airflow/.local/lib/python3.12/site-packages/airflow/example_dags/example_short_circuit_operator.py
[2024-07-03T00:05:01.969+0000] {processor.py:840} INFO - DAG(s) 'example_short_circuit_operator' retrieved from /home/airflow/.local/lib/python3.12/site-packages/airflow/example_dags/example_short_circuit_operator.py
[2024-07-03T00:05:01.999+0000] {logging_mixin.py:188} INFO - [2024-07-03T00:05:01.999+0000] {dag.py:3096} INFO - Sync 1 DAGs
[2024-07-03T00:05:02.021+0000] {logging_mixin.py:188} INFO - [2024-07-03T00:05:02.021+0000] {dag.py:3954} INFO - Setting next_dagrun for example_short_circuit_operator to 2024-07-02 00:00:00+00:00, run_after=2024-07-03 00:00:00+00:00
[2024-07-03T00:05:02.037+0000] {processor.py:183} INFO - Processing /home/airflow/.local/lib/python3.12/site-packages/airflow/example_dags/example_short_circuit_operator.py took 0.086 seconds
[2024-07-03T00:05:33.019+0000] {processor.py:161} INFO - Started process (PID=1345) to work on /home/airflow/.local/lib/python3.12/site-packages/airflow/example_dags/example_short_circuit_operator.py
[2024-07-03T00:05:33.020+0000] {processor.py:830} INFO - Processing file /home/airflow/.local/lib/python3.12/site-packages/airflow/example_dags/example_short_circuit_operator.py for tasks to queue
[2024-07-03T00:05:33.022+0000] {logging_mixin.py:188} INFO - [2024-07-03T00:05:33.022+0000] {dagbag.py:545} INFO - Filling up the DagBag from /home/airflow/.local/lib/python3.12/site-packages/airflow/example_dags/example_short_circuit_operator.py
[2024-07-03T00:05:33.029+0000] {processor.py:840} INFO - DAG(s) 'example_short_circuit_operator' retrieved from /home/airflow/.local/lib/python3.12/site-packages/airflow/example_dags/example_short_circuit_operator.py
[2024-07-03T00:05:33.052+0000] {logging_mixin.py:188} INFO - [2024-07-03T00:05:33.052+0000] {dag.py:3096} INFO - Sync 1 DAGs
[2024-07-03T00:05:33.073+0000] {logging_mixin.py:188} INFO - [2024-07-03T00:05:33.073+0000] {dag.py:3954} INFO - Setting next_dagrun for example_short_circuit_operator to 2024-07-02 00:00:00+00:00, run_after=2024-07-03 00:00:00+00:00
[2024-07-03T00:05:33.094+0000] {processor.py:183} INFO - Processing /home/airflow/.local/lib/python3.12/site-packages/airflow/example_dags/example_short_circuit_operator.py took 0.081 seconds
[2024-07-03T00:06:04.813+0000] {processor.py:161} INFO - Started process (PID=1403) to work on /home/airflow/.local/lib/python3.12/site-packages/airflow/example_dags/example_short_circuit_operator.py
[2024-07-03T00:06:04.815+0000] {processor.py:830} INFO - Processing file /home/airflow/.local/lib/python3.12/site-packages/airflow/example_dags/example_short_circuit_operator.py for tasks to queue
[2024-07-03T00:06:04.867+0000] {logging_mixin.py:188} INFO - [2024-07-03T00:06:04.866+0000] {dagbag.py:545} INFO - Filling up the DagBag from /home/airflow/.local/lib/python3.12/site-packages/airflow/example_dags/example_short_circuit_operator.py
[2024-07-03T00:06:04.878+0000] {processor.py:840} INFO - DAG(s) 'example_short_circuit_operator' retrieved from /home/airflow/.local/lib/python3.12/site-packages/airflow/example_dags/example_short_circuit_operator.py
[2024-07-03T00:06:04.973+0000] {logging_mixin.py:188} INFO - [2024-07-03T00:06:04.973+0000] {dag.py:3096} INFO - Sync 1 DAGs
[2024-07-03T00:06:05.070+0000] {logging_mixin.py:188} INFO - [2024-07-03T00:06:05.069+0000] {dag.py:3954} INFO - Setting next_dagrun for example_short_circuit_operator to 2024-07-02 00:00:00+00:00, run_after=2024-07-03 00:00:00+00:00
[2024-07-03T00:06:05.106+0000] {processor.py:183} INFO - Processing /home/airflow/.local/lib/python3.12/site-packages/airflow/example_dags/example_short_circuit_operator.py took 0.302 seconds
[2024-07-03T00:06:35.798+0000] {processor.py:161} INFO - Started process (PID=1461) to work on /home/airflow/.local/lib/python3.12/site-packages/airflow/example_dags/example_short_circuit_operator.py
[2024-07-03T00:06:35.799+0000] {processor.py:830} INFO - Processing file /home/airflow/.local/lib/python3.12/site-packages/airflow/example_dags/example_short_circuit_operator.py for tasks to queue
[2024-07-03T00:06:35.801+0000] {logging_mixin.py:188} INFO - [2024-07-03T00:06:35.800+0000] {dagbag.py:545} INFO - Filling up the DagBag from /home/airflow/.local/lib/python3.12/site-packages/airflow/example_dags/example_short_circuit_operator.py
[2024-07-03T00:06:35.809+0000] {processor.py:840} INFO - DAG(s) 'example_short_circuit_operator' retrieved from /home/airflow/.local/lib/python3.12/site-packages/airflow/example_dags/example_short_circuit_operator.py
[2024-07-03T00:06:35.844+0000] {logging_mixin.py:188} INFO - [2024-07-03T00:06:35.844+0000] {dag.py:3096} INFO - Sync 1 DAGs
[2024-07-03T00:06:35.882+0000] {logging_mixin.py:188} INFO - [2024-07-03T00:06:35.882+0000] {dag.py:3954} INFO - Setting next_dagrun for example_short_circuit_operator to 2024-07-02 00:00:00+00:00, run_after=2024-07-03 00:00:00+00:00
[2024-07-03T00:06:35.907+0000] {processor.py:183} INFO - Processing /home/airflow/.local/lib/python3.12/site-packages/airflow/example_dags/example_short_circuit_operator.py took 0.118 seconds
[2024-07-03T00:07:06.846+0000] {processor.py:161} INFO - Started process (PID=1519) to work on /home/airflow/.local/lib/python3.12/site-packages/airflow/example_dags/example_short_circuit_operator.py
[2024-07-03T00:07:06.847+0000] {processor.py:830} INFO - Processing file /home/airflow/.local/lib/python3.12/site-packages/airflow/example_dags/example_short_circuit_operator.py for tasks to queue
[2024-07-03T00:07:06.848+0000] {logging_mixin.py:188} INFO - [2024-07-03T00:07:06.848+0000] {dagbag.py:545} INFO - Filling up the DagBag from /home/airflow/.local/lib/python3.12/site-packages/airflow/example_dags/example_short_circuit_operator.py
[2024-07-03T00:07:06.856+0000] {processor.py:840} INFO - DAG(s) 'example_short_circuit_operator' retrieved from /home/airflow/.local/lib/python3.12/site-packages/airflow/example_dags/example_short_circuit_operator.py
[2024-07-03T00:07:06.884+0000] {logging_mixin.py:188} INFO - [2024-07-03T00:07:06.884+0000] {dag.py:3096} INFO - Sync 1 DAGs
[2024-07-03T00:07:06.909+0000] {logging_mixin.py:188} INFO - [2024-07-03T00:07:06.909+0000] {dag.py:3954} INFO - Setting next_dagrun for example_short_circuit_operator to 2024-07-02 00:00:00+00:00, run_after=2024-07-03 00:00:00+00:00
[2024-07-03T00:07:06.928+0000] {processor.py:183} INFO - Processing /home/airflow/.local/lib/python3.12/site-packages/airflow/example_dags/example_short_circuit_operator.py took 0.089 seconds
