[2024-07-03T00:00:28.418+0000] {processor.py:161} INFO - Started process (PID=769) to work on /home/airflow/.local/lib/python3.12/site-packages/airflow/example_dags/example_task_group.py
[2024-07-03T00:00:28.419+0000] {processor.py:830} INFO - Processing file /home/airflow/.local/lib/python3.12/site-packages/airflow/example_dags/example_task_group.py for tasks to queue
[2024-07-03T00:00:28.421+0000] {logging_mixin.py:188} INFO - [2024-07-03T00:00:28.420+0000] {dagbag.py:545} INFO - Filling up the DagBag from /home/airflow/.local/lib/python3.12/site-packages/airflow/example_dags/example_task_group.py
[2024-07-03T00:00:28.428+0000] {processor.py:840} INFO - DAG(s) 'example_task_group' retrieved from /home/airflow/.local/lib/python3.12/site-packages/airflow/example_dags/example_task_group.py
[2024-07-03T00:00:28.449+0000] {logging_mixin.py:188} INFO - [2024-07-03T00:00:28.449+0000] {dag.py:3096} INFO - Sync 1 DAGs
[2024-07-03T00:00:28.470+0000] {logging_mixin.py:188} INFO - [2024-07-03T00:00:28.469+0000] {dag.py:3954} INFO - Setting next_dagrun for example_task_group to 2024-07-02 00:00:00+00:00, run_after=2024-07-03 00:00:00+00:00
[2024-07-03T00:00:28.486+0000] {processor.py:183} INFO - Processing /home/airflow/.local/lib/python3.12/site-packages/airflow/example_dags/example_task_group.py took 0.074 seconds
[2024-07-03T00:00:58.746+0000] {processor.py:161} INFO - Started process (PID=827) to work on /home/airflow/.local/lib/python3.12/site-packages/airflow/example_dags/example_task_group.py
[2024-07-03T00:00:58.747+0000] {processor.py:830} INFO - Processing file /home/airflow/.local/lib/python3.12/site-packages/airflow/example_dags/example_task_group.py for tasks to queue
[2024-07-03T00:00:58.749+0000] {logging_mixin.py:188} INFO - [2024-07-03T00:00:58.749+0000] {dagbag.py:545} INFO - Filling up the DagBag from /home/airflow/.local/lib/python3.12/site-packages/airflow/example_dags/example_task_group.py
[2024-07-03T00:00:58.757+0000] {processor.py:840} INFO - DAG(s) 'example_task_group' retrieved from /home/airflow/.local/lib/python3.12/site-packages/airflow/example_dags/example_task_group.py
[2024-07-03T00:00:58.786+0000] {logging_mixin.py:188} INFO - [2024-07-03T00:00:58.786+0000] {dag.py:3096} INFO - Sync 1 DAGs
[2024-07-03T00:00:58.810+0000] {logging_mixin.py:188} INFO - [2024-07-03T00:00:58.810+0000] {dag.py:3954} INFO - Setting next_dagrun for example_task_group to 2024-07-02 00:00:00+00:00, run_after=2024-07-03 00:00:00+00:00
[2024-07-03T00:00:58.828+0000] {processor.py:183} INFO - Processing /home/airflow/.local/lib/python3.12/site-packages/airflow/example_dags/example_task_group.py took 0.088 seconds
[2024-07-03T00:01:28.940+0000] {processor.py:161} INFO - Started process (PID=885) to work on /home/airflow/.local/lib/python3.12/site-packages/airflow/example_dags/example_task_group.py
[2024-07-03T00:01:28.942+0000] {processor.py:830} INFO - Processing file /home/airflow/.local/lib/python3.12/site-packages/airflow/example_dags/example_task_group.py for tasks to queue
[2024-07-03T00:01:28.944+0000] {logging_mixin.py:188} INFO - [2024-07-03T00:01:28.943+0000] {dagbag.py:545} INFO - Filling up the DagBag from /home/airflow/.local/lib/python3.12/site-packages/airflow/example_dags/example_task_group.py
[2024-07-03T00:01:28.952+0000] {processor.py:840} INFO - DAG(s) 'example_task_group' retrieved from /home/airflow/.local/lib/python3.12/site-packages/airflow/example_dags/example_task_group.py
[2024-07-03T00:01:28.981+0000] {logging_mixin.py:188} INFO - [2024-07-03T00:01:28.981+0000] {dag.py:3096} INFO - Sync 1 DAGs
[2024-07-03T00:01:29.004+0000] {logging_mixin.py:188} INFO - [2024-07-03T00:01:29.004+0000] {dag.py:3954} INFO - Setting next_dagrun for example_task_group to 2024-07-02 00:00:00+00:00, run_after=2024-07-03 00:00:00+00:00
[2024-07-03T00:01:29.083+0000] {processor.py:183} INFO - Processing /home/airflow/.local/lib/python3.12/site-packages/airflow/example_dags/example_task_group.py took 0.148 seconds
[2024-07-03T00:01:59.399+0000] {processor.py:161} INFO - Started process (PID=943) to work on /home/airflow/.local/lib/python3.12/site-packages/airflow/example_dags/example_task_group.py
[2024-07-03T00:01:59.400+0000] {processor.py:830} INFO - Processing file /home/airflow/.local/lib/python3.12/site-packages/airflow/example_dags/example_task_group.py for tasks to queue
[2024-07-03T00:01:59.402+0000] {logging_mixin.py:188} INFO - [2024-07-03T00:01:59.401+0000] {dagbag.py:545} INFO - Filling up the DagBag from /home/airflow/.local/lib/python3.12/site-packages/airflow/example_dags/example_task_group.py
[2024-07-03T00:01:59.410+0000] {processor.py:840} INFO - DAG(s) 'example_task_group' retrieved from /home/airflow/.local/lib/python3.12/site-packages/airflow/example_dags/example_task_group.py
[2024-07-03T00:01:59.434+0000] {logging_mixin.py:188} INFO - [2024-07-03T00:01:59.434+0000] {dag.py:3096} INFO - Sync 1 DAGs
[2024-07-03T00:01:59.457+0000] {logging_mixin.py:188} INFO - [2024-07-03T00:01:59.457+0000] {dag.py:3954} INFO - Setting next_dagrun for example_task_group to 2024-07-02 00:00:00+00:00, run_after=2024-07-03 00:00:00+00:00
[2024-07-03T00:01:59.474+0000] {processor.py:183} INFO - Processing /home/airflow/.local/lib/python3.12/site-packages/airflow/example_dags/example_task_group.py took 0.081 seconds
[2024-07-03T00:02:29.988+0000] {processor.py:161} INFO - Started process (PID=1001) to work on /home/airflow/.local/lib/python3.12/site-packages/airflow/example_dags/example_task_group.py
[2024-07-03T00:02:29.990+0000] {processor.py:830} INFO - Processing file /home/airflow/.local/lib/python3.12/site-packages/airflow/example_dags/example_task_group.py for tasks to queue
[2024-07-03T00:02:29.991+0000] {logging_mixin.py:188} INFO - [2024-07-03T00:02:29.991+0000] {dagbag.py:545} INFO - Filling up the DagBag from /home/airflow/.local/lib/python3.12/site-packages/airflow/example_dags/example_task_group.py
[2024-07-03T00:02:29.999+0000] {processor.py:840} INFO - DAG(s) 'example_task_group' retrieved from /home/airflow/.local/lib/python3.12/site-packages/airflow/example_dags/example_task_group.py
[2024-07-03T00:02:30.026+0000] {logging_mixin.py:188} INFO - [2024-07-03T00:02:30.025+0000] {dag.py:3096} INFO - Sync 1 DAGs
[2024-07-03T00:02:30.079+0000] {logging_mixin.py:188} INFO - [2024-07-03T00:02:30.079+0000] {dag.py:3954} INFO - Setting next_dagrun for example_task_group to 2024-07-02 00:00:00+00:00, run_after=2024-07-03 00:00:00+00:00
[2024-07-03T00:02:30.097+0000] {processor.py:183} INFO - Processing /home/airflow/.local/lib/python3.12/site-packages/airflow/example_dags/example_task_group.py took 0.116 seconds
[2024-07-03T00:03:00.778+0000] {processor.py:161} INFO - Started process (PID=1059) to work on /home/airflow/.local/lib/python3.12/site-packages/airflow/example_dags/example_task_group.py
[2024-07-03T00:03:00.779+0000] {processor.py:830} INFO - Processing file /home/airflow/.local/lib/python3.12/site-packages/airflow/example_dags/example_task_group.py for tasks to queue
[2024-07-03T00:03:00.781+0000] {logging_mixin.py:188} INFO - [2024-07-03T00:03:00.781+0000] {dagbag.py:545} INFO - Filling up the DagBag from /home/airflow/.local/lib/python3.12/site-packages/airflow/example_dags/example_task_group.py
[2024-07-03T00:03:00.789+0000] {processor.py:840} INFO - DAG(s) 'example_task_group' retrieved from /home/airflow/.local/lib/python3.12/site-packages/airflow/example_dags/example_task_group.py
[2024-07-03T00:03:00.816+0000] {logging_mixin.py:188} INFO - [2024-07-03T00:03:00.815+0000] {dag.py:3096} INFO - Sync 1 DAGs
[2024-07-03T00:03:00.844+0000] {logging_mixin.py:188} INFO - [2024-07-03T00:03:00.844+0000] {dag.py:3954} INFO - Setting next_dagrun for example_task_group to 2024-07-02 00:00:00+00:00, run_after=2024-07-03 00:00:00+00:00
[2024-07-03T00:03:00.868+0000] {processor.py:183} INFO - Processing /home/airflow/.local/lib/python3.12/site-packages/airflow/example_dags/example_task_group.py took 0.096 seconds
[2024-07-03T00:03:31.350+0000] {processor.py:161} INFO - Started process (PID=1117) to work on /home/airflow/.local/lib/python3.12/site-packages/airflow/example_dags/example_task_group.py
[2024-07-03T00:03:31.351+0000] {processor.py:830} INFO - Processing file /home/airflow/.local/lib/python3.12/site-packages/airflow/example_dags/example_task_group.py for tasks to queue
[2024-07-03T00:03:31.353+0000] {logging_mixin.py:188} INFO - [2024-07-03T00:03:31.352+0000] {dagbag.py:545} INFO - Filling up the DagBag from /home/airflow/.local/lib/python3.12/site-packages/airflow/example_dags/example_task_group.py
[2024-07-03T00:03:31.360+0000] {processor.py:840} INFO - DAG(s) 'example_task_group' retrieved from /home/airflow/.local/lib/python3.12/site-packages/airflow/example_dags/example_task_group.py
[2024-07-03T00:03:31.388+0000] {logging_mixin.py:188} INFO - [2024-07-03T00:03:31.388+0000] {dag.py:3096} INFO - Sync 1 DAGs
[2024-07-03T00:03:31.421+0000] {logging_mixin.py:188} INFO - [2024-07-03T00:03:31.420+0000] {dag.py:3954} INFO - Setting next_dagrun for example_task_group to 2024-07-02 00:00:00+00:00, run_after=2024-07-03 00:00:00+00:00
[2024-07-03T00:03:31.443+0000] {processor.py:183} INFO - Processing /home/airflow/.local/lib/python3.12/site-packages/airflow/example_dags/example_task_group.py took 0.098 seconds
[2024-07-03T00:04:01.724+0000] {processor.py:161} INFO - Started process (PID=1175) to work on /home/airflow/.local/lib/python3.12/site-packages/airflow/example_dags/example_task_group.py
[2024-07-03T00:04:01.725+0000] {processor.py:830} INFO - Processing file /home/airflow/.local/lib/python3.12/site-packages/airflow/example_dags/example_task_group.py for tasks to queue
[2024-07-03T00:04:01.727+0000] {logging_mixin.py:188} INFO - [2024-07-03T00:04:01.727+0000] {dagbag.py:545} INFO - Filling up the DagBag from /home/airflow/.local/lib/python3.12/site-packages/airflow/example_dags/example_task_group.py
[2024-07-03T00:04:01.735+0000] {processor.py:840} INFO - DAG(s) 'example_task_group' retrieved from /home/airflow/.local/lib/python3.12/site-packages/airflow/example_dags/example_task_group.py
[2024-07-03T00:04:01.759+0000] {logging_mixin.py:188} INFO - [2024-07-03T00:04:01.759+0000] {dag.py:3096} INFO - Sync 1 DAGs
[2024-07-03T00:04:01.781+0000] {logging_mixin.py:188} INFO - [2024-07-03T00:04:01.781+0000] {dag.py:3954} INFO - Setting next_dagrun for example_task_group to 2024-07-02 00:00:00+00:00, run_after=2024-07-03 00:00:00+00:00
[2024-07-03T00:04:01.800+0000] {processor.py:183} INFO - Processing /home/airflow/.local/lib/python3.12/site-packages/airflow/example_dags/example_task_group.py took 0.082 seconds
[2024-07-03T00:04:31.857+0000] {processor.py:161} INFO - Started process (PID=1233) to work on /home/airflow/.local/lib/python3.12/site-packages/airflow/example_dags/example_task_group.py
[2024-07-03T00:04:31.858+0000] {processor.py:830} INFO - Processing file /home/airflow/.local/lib/python3.12/site-packages/airflow/example_dags/example_task_group.py for tasks to queue
[2024-07-03T00:04:31.860+0000] {logging_mixin.py:188} INFO - [2024-07-03T00:04:31.860+0000] {dagbag.py:545} INFO - Filling up the DagBag from /home/airflow/.local/lib/python3.12/site-packages/airflow/example_dags/example_task_group.py
[2024-07-03T00:04:31.869+0000] {processor.py:840} INFO - DAG(s) 'example_task_group' retrieved from /home/airflow/.local/lib/python3.12/site-packages/airflow/example_dags/example_task_group.py
[2024-07-03T00:04:31.893+0000] {logging_mixin.py:188} INFO - [2024-07-03T00:04:31.892+0000] {dag.py:3096} INFO - Sync 1 DAGs
[2024-07-03T00:04:31.915+0000] {logging_mixin.py:188} INFO - [2024-07-03T00:04:31.915+0000] {dag.py:3954} INFO - Setting next_dagrun for example_task_group to 2024-07-02 00:00:00+00:00, run_after=2024-07-03 00:00:00+00:00
[2024-07-03T00:04:31.931+0000] {processor.py:183} INFO - Processing /home/airflow/.local/lib/python3.12/site-packages/airflow/example_dags/example_task_group.py took 0.080 seconds
[2024-07-03T00:05:02.179+0000] {processor.py:161} INFO - Started process (PID=1291) to work on /home/airflow/.local/lib/python3.12/site-packages/airflow/example_dags/example_task_group.py
[2024-07-03T00:05:02.180+0000] {processor.py:830} INFO - Processing file /home/airflow/.local/lib/python3.12/site-packages/airflow/example_dags/example_task_group.py for tasks to queue
[2024-07-03T00:05:02.182+0000] {logging_mixin.py:188} INFO - [2024-07-03T00:05:02.182+0000] {dagbag.py:545} INFO - Filling up the DagBag from /home/airflow/.local/lib/python3.12/site-packages/airflow/example_dags/example_task_group.py
[2024-07-03T00:05:02.191+0000] {processor.py:840} INFO - DAG(s) 'example_task_group' retrieved from /home/airflow/.local/lib/python3.12/site-packages/airflow/example_dags/example_task_group.py
[2024-07-03T00:05:02.213+0000] {logging_mixin.py:188} INFO - [2024-07-03T00:05:02.213+0000] {dag.py:3096} INFO - Sync 1 DAGs
[2024-07-03T00:05:02.233+0000] {logging_mixin.py:188} INFO - [2024-07-03T00:05:02.233+0000] {dag.py:3954} INFO - Setting next_dagrun for example_task_group to 2024-07-02 00:00:00+00:00, run_after=2024-07-03 00:00:00+00:00
[2024-07-03T00:05:02.251+0000] {processor.py:183} INFO - Processing /home/airflow/.local/lib/python3.12/site-packages/airflow/example_dags/example_task_group.py took 0.079 seconds
[2024-07-03T00:05:33.233+0000] {processor.py:161} INFO - Started process (PID=1349) to work on /home/airflow/.local/lib/python3.12/site-packages/airflow/example_dags/example_task_group.py
[2024-07-03T00:05:33.234+0000] {processor.py:830} INFO - Processing file /home/airflow/.local/lib/python3.12/site-packages/airflow/example_dags/example_task_group.py for tasks to queue
[2024-07-03T00:05:33.236+0000] {logging_mixin.py:188} INFO - [2024-07-03T00:05:33.235+0000] {dagbag.py:545} INFO - Filling up the DagBag from /home/airflow/.local/lib/python3.12/site-packages/airflow/example_dags/example_task_group.py
[2024-07-03T00:05:33.243+0000] {processor.py:840} INFO - DAG(s) 'example_task_group' retrieved from /home/airflow/.local/lib/python3.12/site-packages/airflow/example_dags/example_task_group.py
[2024-07-03T00:05:33.266+0000] {logging_mixin.py:188} INFO - [2024-07-03T00:05:33.266+0000] {dag.py:3096} INFO - Sync 1 DAGs
[2024-07-03T00:05:33.292+0000] {logging_mixin.py:188} INFO - [2024-07-03T00:05:33.291+0000] {dag.py:3954} INFO - Setting next_dagrun for example_task_group to 2024-07-02 00:00:00+00:00, run_after=2024-07-03 00:00:00+00:00
[2024-07-03T00:05:33.312+0000] {processor.py:183} INFO - Processing /home/airflow/.local/lib/python3.12/site-packages/airflow/example_dags/example_task_group.py took 0.085 seconds
[2024-07-03T00:06:05.984+0000] {processor.py:161} INFO - Started process (PID=1407) to work on /home/airflow/.local/lib/python3.12/site-packages/airflow/example_dags/example_task_group.py
[2024-07-03T00:06:05.986+0000] {processor.py:830} INFO - Processing file /home/airflow/.local/lib/python3.12/site-packages/airflow/example_dags/example_task_group.py for tasks to queue
[2024-07-03T00:06:05.989+0000] {logging_mixin.py:188} INFO - [2024-07-03T00:06:05.988+0000] {dagbag.py:545} INFO - Filling up the DagBag from /home/airflow/.local/lib/python3.12/site-packages/airflow/example_dags/example_task_group.py
[2024-07-03T00:06:05.999+0000] {processor.py:840} INFO - DAG(s) 'example_task_group' retrieved from /home/airflow/.local/lib/python3.12/site-packages/airflow/example_dags/example_task_group.py
[2024-07-03T00:06:06.097+0000] {logging_mixin.py:188} INFO - [2024-07-03T00:06:06.096+0000] {dag.py:3096} INFO - Sync 1 DAGs
[2024-07-03T00:06:06.194+0000] {logging_mixin.py:188} INFO - [2024-07-03T00:06:06.194+0000] {dag.py:3954} INFO - Setting next_dagrun for example_task_group to 2024-07-02 00:00:00+00:00, run_after=2024-07-03 00:00:00+00:00
[2024-07-03T00:06:06.282+0000] {processor.py:183} INFO - Processing /home/airflow/.local/lib/python3.12/site-packages/airflow/example_dags/example_task_group.py took 0.309 seconds
[2024-07-03T00:06:37.120+0000] {processor.py:161} INFO - Started process (PID=1465) to work on /home/airflow/.local/lib/python3.12/site-packages/airflow/example_dags/example_task_group.py
[2024-07-03T00:06:37.122+0000] {processor.py:830} INFO - Processing file /home/airflow/.local/lib/python3.12/site-packages/airflow/example_dags/example_task_group.py for tasks to queue
[2024-07-03T00:06:37.124+0000] {logging_mixin.py:188} INFO - [2024-07-03T00:06:37.124+0000] {dagbag.py:545} INFO - Filling up the DagBag from /home/airflow/.local/lib/python3.12/site-packages/airflow/example_dags/example_task_group.py
[2024-07-03T00:06:37.135+0000] {processor.py:840} INFO - DAG(s) 'example_task_group' retrieved from /home/airflow/.local/lib/python3.12/site-packages/airflow/example_dags/example_task_group.py
[2024-07-03T00:06:37.162+0000] {logging_mixin.py:188} INFO - [2024-07-03T00:06:37.162+0000] {dag.py:3096} INFO - Sync 1 DAGs
[2024-07-03T00:06:37.190+0000] {logging_mixin.py:188} INFO - [2024-07-03T00:06:37.190+0000] {dag.py:3954} INFO - Setting next_dagrun for example_task_group to 2024-07-02 00:00:00+00:00, run_after=2024-07-03 00:00:00+00:00
[2024-07-03T00:06:37.213+0000] {processor.py:183} INFO - Processing /home/airflow/.local/lib/python3.12/site-packages/airflow/example_dags/example_task_group.py took 0.101 seconds
[2024-07-03T00:07:07.255+0000] {processor.py:161} INFO - Started process (PID=1523) to work on /home/airflow/.local/lib/python3.12/site-packages/airflow/example_dags/example_task_group.py
[2024-07-03T00:07:07.257+0000] {processor.py:830} INFO - Processing file /home/airflow/.local/lib/python3.12/site-packages/airflow/example_dags/example_task_group.py for tasks to queue
[2024-07-03T00:07:07.259+0000] {logging_mixin.py:188} INFO - [2024-07-03T00:07:07.258+0000] {dagbag.py:545} INFO - Filling up the DagBag from /home/airflow/.local/lib/python3.12/site-packages/airflow/example_dags/example_task_group.py
[2024-07-03T00:07:07.268+0000] {processor.py:840} INFO - DAG(s) 'example_task_group' retrieved from /home/airflow/.local/lib/python3.12/site-packages/airflow/example_dags/example_task_group.py
[2024-07-03T00:07:07.295+0000] {logging_mixin.py:188} INFO - [2024-07-03T00:07:07.294+0000] {dag.py:3096} INFO - Sync 1 DAGs
[2024-07-03T00:07:07.319+0000] {logging_mixin.py:188} INFO - [2024-07-03T00:07:07.319+0000] {dag.py:3954} INFO - Setting next_dagrun for example_task_group to 2024-07-02 00:00:00+00:00, run_after=2024-07-03 00:00:00+00:00
[2024-07-03T00:07:07.345+0000] {processor.py:183} INFO - Processing /home/airflow/.local/lib/python3.12/site-packages/airflow/example_dags/example_task_group.py took 0.096 seconds
