[2024-07-03T00:00:17.128+0000] {processor.py:161} INFO - Started process (PID=730) to work on /home/airflow/.local/lib/python3.12/site-packages/airflow/example_dags/example_bash_operator.py
[2024-07-03T00:00:17.129+0000] {processor.py:830} INFO - Processing file /home/airflow/.local/lib/python3.12/site-packages/airflow/example_dags/example_bash_operator.py for tasks to queue
[2024-07-03T00:00:17.132+0000] {logging_mixin.py:188} INFO - [2024-07-03T00:00:17.132+0000] {dagbag.py:545} INFO - Filling up the DagBag from /home/airflow/.local/lib/python3.12/site-packages/airflow/example_dags/example_bash_operator.py
[2024-07-03T00:00:17.154+0000] {processor.py:840} INFO - DAG(s) 'example_bash_operator' retrieved from /home/airflow/.local/lib/python3.12/site-packages/airflow/example_dags/example_bash_operator.py
[2024-07-03T00:00:17.198+0000] {logging_mixin.py:188} INFO - [2024-07-03T00:00:17.197+0000] {dag.py:3096} INFO - Sync 1 DAGs
[2024-07-03T00:00:17.235+0000] {logging_mixin.py:188} INFO - [2024-07-03T00:00:17.234+0000] {dag.py:3954} INFO - Setting next_dagrun for example_bash_operator to 2024-07-02 00:00:00+00:00, run_after=2024-07-03 00:00:00+00:00
[2024-07-03T00:00:17.264+0000] {processor.py:183} INFO - Processing /home/airflow/.local/lib/python3.12/site-packages/airflow/example_dags/example_bash_operator.py took 0.148 seconds
[2024-07-03T00:00:47.573+0000] {processor.py:161} INFO - Started process (PID=788) to work on /home/airflow/.local/lib/python3.12/site-packages/airflow/example_dags/example_bash_operator.py
[2024-07-03T00:00:47.574+0000] {processor.py:830} INFO - Processing file /home/airflow/.local/lib/python3.12/site-packages/airflow/example_dags/example_bash_operator.py for tasks to queue
[2024-07-03T00:00:47.576+0000] {logging_mixin.py:188} INFO - [2024-07-03T00:00:47.576+0000] {dagbag.py:545} INFO - Filling up the DagBag from /home/airflow/.local/lib/python3.12/site-packages/airflow/example_dags/example_bash_operator.py
[2024-07-03T00:00:47.590+0000] {processor.py:840} INFO - DAG(s) 'example_bash_operator' retrieved from /home/airflow/.local/lib/python3.12/site-packages/airflow/example_dags/example_bash_operator.py
[2024-07-03T00:00:47.620+0000] {logging_mixin.py:188} INFO - [2024-07-03T00:00:47.620+0000] {dag.py:3096} INFO - Sync 1 DAGs
[2024-07-03T00:00:47.642+0000] {logging_mixin.py:188} INFO - [2024-07-03T00:00:47.642+0000] {dag.py:3954} INFO - Setting next_dagrun for example_bash_operator to 2024-07-02 00:00:00+00:00, run_after=2024-07-03 00:00:00+00:00
[2024-07-03T00:00:47.659+0000] {processor.py:183} INFO - Processing /home/airflow/.local/lib/python3.12/site-packages/airflow/example_dags/example_bash_operator.py took 0.093 seconds
[2024-07-03T00:01:17.854+0000] {processor.py:161} INFO - Started process (PID=846) to work on /home/airflow/.local/lib/python3.12/site-packages/airflow/example_dags/example_bash_operator.py
[2024-07-03T00:01:17.855+0000] {processor.py:830} INFO - Processing file /home/airflow/.local/lib/python3.12/site-packages/airflow/example_dags/example_bash_operator.py for tasks to queue
[2024-07-03T00:01:17.857+0000] {logging_mixin.py:188} INFO - [2024-07-03T00:01:17.857+0000] {dagbag.py:545} INFO - Filling up the DagBag from /home/airflow/.local/lib/python3.12/site-packages/airflow/example_dags/example_bash_operator.py
[2024-07-03T00:01:17.872+0000] {processor.py:840} INFO - DAG(s) 'example_bash_operator' retrieved from /home/airflow/.local/lib/python3.12/site-packages/airflow/example_dags/example_bash_operator.py
[2024-07-03T00:01:17.913+0000] {logging_mixin.py:188} INFO - [2024-07-03T00:01:17.913+0000] {dag.py:3096} INFO - Sync 1 DAGs
[2024-07-03T00:01:17.946+0000] {logging_mixin.py:188} INFO - [2024-07-03T00:01:17.946+0000] {dag.py:3954} INFO - Setting next_dagrun for example_bash_operator to 2024-07-02 00:00:00+00:00, run_after=2024-07-03 00:00:00+00:00
[2024-07-03T00:01:17.969+0000] {processor.py:183} INFO - Processing /home/airflow/.local/lib/python3.12/site-packages/airflow/example_dags/example_bash_operator.py took 0.123 seconds
[2024-07-03T00:01:48.042+0000] {processor.py:161} INFO - Started process (PID=904) to work on /home/airflow/.local/lib/python3.12/site-packages/airflow/example_dags/example_bash_operator.py
[2024-07-03T00:01:48.043+0000] {processor.py:830} INFO - Processing file /home/airflow/.local/lib/python3.12/site-packages/airflow/example_dags/example_bash_operator.py for tasks to queue
[2024-07-03T00:01:48.044+0000] {logging_mixin.py:188} INFO - [2024-07-03T00:01:48.044+0000] {dagbag.py:545} INFO - Filling up the DagBag from /home/airflow/.local/lib/python3.12/site-packages/airflow/example_dags/example_bash_operator.py
[2024-07-03T00:01:48.056+0000] {processor.py:840} INFO - DAG(s) 'example_bash_operator' retrieved from /home/airflow/.local/lib/python3.12/site-packages/airflow/example_dags/example_bash_operator.py
[2024-07-03T00:01:48.087+0000] {logging_mixin.py:188} INFO - [2024-07-03T00:01:48.086+0000] {dag.py:3096} INFO - Sync 1 DAGs
[2024-07-03T00:01:48.113+0000] {logging_mixin.py:188} INFO - [2024-07-03T00:01:48.112+0000] {dag.py:3954} INFO - Setting next_dagrun for example_bash_operator to 2024-07-02 00:00:00+00:00, run_after=2024-07-03 00:00:00+00:00
[2024-07-03T00:01:48.129+0000] {processor.py:183} INFO - Processing /home/airflow/.local/lib/python3.12/site-packages/airflow/example_dags/example_bash_operator.py took 0.094 seconds
[2024-07-03T00:02:18.331+0000] {processor.py:161} INFO - Started process (PID=962) to work on /home/airflow/.local/lib/python3.12/site-packages/airflow/example_dags/example_bash_operator.py
[2024-07-03T00:02:18.332+0000] {processor.py:830} INFO - Processing file /home/airflow/.local/lib/python3.12/site-packages/airflow/example_dags/example_bash_operator.py for tasks to queue
[2024-07-03T00:02:18.333+0000] {logging_mixin.py:188} INFO - [2024-07-03T00:02:18.333+0000] {dagbag.py:545} INFO - Filling up the DagBag from /home/airflow/.local/lib/python3.12/site-packages/airflow/example_dags/example_bash_operator.py
[2024-07-03T00:02:18.344+0000] {processor.py:840} INFO - DAG(s) 'example_bash_operator' retrieved from /home/airflow/.local/lib/python3.12/site-packages/airflow/example_dags/example_bash_operator.py
[2024-07-03T00:02:18.373+0000] {logging_mixin.py:188} INFO - [2024-07-03T00:02:18.373+0000] {dag.py:3096} INFO - Sync 1 DAGs
[2024-07-03T00:02:18.396+0000] {logging_mixin.py:188} INFO - [2024-07-03T00:02:18.396+0000] {dag.py:3954} INFO - Setting next_dagrun for example_bash_operator to 2024-07-02 00:00:00+00:00, run_after=2024-07-03 00:00:00+00:00
[2024-07-03T00:02:18.413+0000] {processor.py:183} INFO - Processing /home/airflow/.local/lib/python3.12/site-packages/airflow/example_dags/example_bash_operator.py took 0.089 seconds
[2024-07-03T00:02:48.474+0000] {processor.py:161} INFO - Started process (PID=1020) to work on /home/airflow/.local/lib/python3.12/site-packages/airflow/example_dags/example_bash_operator.py
[2024-07-03T00:02:48.475+0000] {processor.py:830} INFO - Processing file /home/airflow/.local/lib/python3.12/site-packages/airflow/example_dags/example_bash_operator.py for tasks to queue
[2024-07-03T00:02:48.477+0000] {logging_mixin.py:188} INFO - [2024-07-03T00:02:48.477+0000] {dagbag.py:545} INFO - Filling up the DagBag from /home/airflow/.local/lib/python3.12/site-packages/airflow/example_dags/example_bash_operator.py
[2024-07-03T00:02:48.490+0000] {processor.py:840} INFO - DAG(s) 'example_bash_operator' retrieved from /home/airflow/.local/lib/python3.12/site-packages/airflow/example_dags/example_bash_operator.py
[2024-07-03T00:02:48.522+0000] {logging_mixin.py:188} INFO - [2024-07-03T00:02:48.522+0000] {dag.py:3096} INFO - Sync 1 DAGs
[2024-07-03T00:02:48.574+0000] {logging_mixin.py:188} INFO - [2024-07-03T00:02:48.574+0000] {dag.py:3954} INFO - Setting next_dagrun for example_bash_operator to 2024-07-02 00:00:00+00:00, run_after=2024-07-03 00:00:00+00:00
[2024-07-03T00:02:48.615+0000] {processor.py:183} INFO - Processing /home/airflow/.local/lib/python3.12/site-packages/airflow/example_dags/example_bash_operator.py took 0.147 seconds
[2024-07-03T00:03:18.720+0000] {processor.py:161} INFO - Started process (PID=1078) to work on /home/airflow/.local/lib/python3.12/site-packages/airflow/example_dags/example_bash_operator.py
[2024-07-03T00:03:18.721+0000] {processor.py:830} INFO - Processing file /home/airflow/.local/lib/python3.12/site-packages/airflow/example_dags/example_bash_operator.py for tasks to queue
[2024-07-03T00:03:18.723+0000] {logging_mixin.py:188} INFO - [2024-07-03T00:03:18.722+0000] {dagbag.py:545} INFO - Filling up the DagBag from /home/airflow/.local/lib/python3.12/site-packages/airflow/example_dags/example_bash_operator.py
[2024-07-03T00:03:18.734+0000] {processor.py:840} INFO - DAG(s) 'example_bash_operator' retrieved from /home/airflow/.local/lib/python3.12/site-packages/airflow/example_dags/example_bash_operator.py
[2024-07-03T00:03:18.795+0000] {logging_mixin.py:188} INFO - [2024-07-03T00:03:18.795+0000] {dag.py:3096} INFO - Sync 1 DAGs
[2024-07-03T00:03:18.819+0000] {logging_mixin.py:188} INFO - [2024-07-03T00:03:18.819+0000] {dag.py:3954} INFO - Setting next_dagrun for example_bash_operator to 2024-07-02 00:00:00+00:00, run_after=2024-07-03 00:00:00+00:00
[2024-07-03T00:03:18.875+0000] {processor.py:183} INFO - Processing /home/airflow/.local/lib/python3.12/site-packages/airflow/example_dags/example_bash_operator.py took 0.162 seconds
[2024-07-03T00:03:49.319+0000] {processor.py:161} INFO - Started process (PID=1136) to work on /home/airflow/.local/lib/python3.12/site-packages/airflow/example_dags/example_bash_operator.py
[2024-07-03T00:03:49.321+0000] {processor.py:830} INFO - Processing file /home/airflow/.local/lib/python3.12/site-packages/airflow/example_dags/example_bash_operator.py for tasks to queue
[2024-07-03T00:03:49.322+0000] {logging_mixin.py:188} INFO - [2024-07-03T00:03:49.322+0000] {dagbag.py:545} INFO - Filling up the DagBag from /home/airflow/.local/lib/python3.12/site-packages/airflow/example_dags/example_bash_operator.py
[2024-07-03T00:03:49.334+0000] {processor.py:840} INFO - DAG(s) 'example_bash_operator' retrieved from /home/airflow/.local/lib/python3.12/site-packages/airflow/example_dags/example_bash_operator.py
[2024-07-03T00:03:49.362+0000] {logging_mixin.py:188} INFO - [2024-07-03T00:03:49.362+0000] {dag.py:3096} INFO - Sync 1 DAGs
[2024-07-03T00:03:49.390+0000] {logging_mixin.py:188} INFO - [2024-07-03T00:03:49.389+0000] {dag.py:3954} INFO - Setting next_dagrun for example_bash_operator to 2024-07-02 00:00:00+00:00, run_after=2024-07-03 00:00:00+00:00
[2024-07-03T00:03:49.408+0000] {processor.py:183} INFO - Processing /home/airflow/.local/lib/python3.12/site-packages/airflow/example_dags/example_bash_operator.py took 0.096 seconds
[2024-07-03T00:04:19.617+0000] {processor.py:161} INFO - Started process (PID=1194) to work on /home/airflow/.local/lib/python3.12/site-packages/airflow/example_dags/example_bash_operator.py
[2024-07-03T00:04:19.618+0000] {processor.py:830} INFO - Processing file /home/airflow/.local/lib/python3.12/site-packages/airflow/example_dags/example_bash_operator.py for tasks to queue
[2024-07-03T00:04:19.620+0000] {logging_mixin.py:188} INFO - [2024-07-03T00:04:19.620+0000] {dagbag.py:545} INFO - Filling up the DagBag from /home/airflow/.local/lib/python3.12/site-packages/airflow/example_dags/example_bash_operator.py
[2024-07-03T00:04:19.631+0000] {processor.py:840} INFO - DAG(s) 'example_bash_operator' retrieved from /home/airflow/.local/lib/python3.12/site-packages/airflow/example_dags/example_bash_operator.py
[2024-07-03T00:04:19.662+0000] {logging_mixin.py:188} INFO - [2024-07-03T00:04:19.661+0000] {dag.py:3096} INFO - Sync 1 DAGs
[2024-07-03T00:04:19.686+0000] {logging_mixin.py:188} INFO - [2024-07-03T00:04:19.686+0000] {dag.py:3954} INFO - Setting next_dagrun for example_bash_operator to 2024-07-02 00:00:00+00:00, run_after=2024-07-03 00:00:00+00:00
[2024-07-03T00:04:19.704+0000] {processor.py:183} INFO - Processing /home/airflow/.local/lib/python3.12/site-packages/airflow/example_dags/example_bash_operator.py took 0.092 seconds
[2024-07-03T00:04:49.769+0000] {processor.py:161} INFO - Started process (PID=1252) to work on /home/airflow/.local/lib/python3.12/site-packages/airflow/example_dags/example_bash_operator.py
[2024-07-03T00:04:49.770+0000] {processor.py:830} INFO - Processing file /home/airflow/.local/lib/python3.12/site-packages/airflow/example_dags/example_bash_operator.py for tasks to queue
[2024-07-03T00:04:49.772+0000] {logging_mixin.py:188} INFO - [2024-07-03T00:04:49.771+0000] {dagbag.py:545} INFO - Filling up the DagBag from /home/airflow/.local/lib/python3.12/site-packages/airflow/example_dags/example_bash_operator.py
[2024-07-03T00:04:49.784+0000] {processor.py:840} INFO - DAG(s) 'example_bash_operator' retrieved from /home/airflow/.local/lib/python3.12/site-packages/airflow/example_dags/example_bash_operator.py
[2024-07-03T00:04:49.825+0000] {logging_mixin.py:188} INFO - [2024-07-03T00:04:49.824+0000] {dag.py:3096} INFO - Sync 1 DAGs
[2024-07-03T00:04:49.887+0000] {logging_mixin.py:188} INFO - [2024-07-03T00:04:49.887+0000] {dag.py:3954} INFO - Setting next_dagrun for example_bash_operator to 2024-07-02 00:00:00+00:00, run_after=2024-07-03 00:00:00+00:00
[2024-07-03T00:04:49.912+0000] {processor.py:183} INFO - Processing /home/airflow/.local/lib/python3.12/site-packages/airflow/example_dags/example_bash_operator.py took 0.150 seconds
[2024-07-03T00:05:20.095+0000] {processor.py:161} INFO - Started process (PID=1310) to work on /home/airflow/.local/lib/python3.12/site-packages/airflow/example_dags/example_bash_operator.py
[2024-07-03T00:05:20.096+0000] {processor.py:830} INFO - Processing file /home/airflow/.local/lib/python3.12/site-packages/airflow/example_dags/example_bash_operator.py for tasks to queue
[2024-07-03T00:05:20.098+0000] {logging_mixin.py:188} INFO - [2024-07-03T00:05:20.097+0000] {dagbag.py:545} INFO - Filling up the DagBag from /home/airflow/.local/lib/python3.12/site-packages/airflow/example_dags/example_bash_operator.py
[2024-07-03T00:05:20.109+0000] {processor.py:840} INFO - DAG(s) 'example_bash_operator' retrieved from /home/airflow/.local/lib/python3.12/site-packages/airflow/example_dags/example_bash_operator.py
[2024-07-03T00:05:20.141+0000] {logging_mixin.py:188} INFO - [2024-07-03T00:05:20.140+0000] {dag.py:3096} INFO - Sync 1 DAGs
[2024-07-03T00:05:20.167+0000] {logging_mixin.py:188} INFO - [2024-07-03T00:05:20.166+0000] {dag.py:3954} INFO - Setting next_dagrun for example_bash_operator to 2024-07-02 00:00:00+00:00, run_after=2024-07-03 00:00:00+00:00
[2024-07-03T00:05:20.183+0000] {processor.py:183} INFO - Processing /home/airflow/.local/lib/python3.12/site-packages/airflow/example_dags/example_bash_operator.py took 0.094 seconds
[2024-07-03T00:05:50.277+0000] {processor.py:161} INFO - Started process (PID=1368) to work on /home/airflow/.local/lib/python3.12/site-packages/airflow/example_dags/example_bash_operator.py
[2024-07-03T00:05:50.278+0000] {processor.py:830} INFO - Processing file /home/airflow/.local/lib/python3.12/site-packages/airflow/example_dags/example_bash_operator.py for tasks to queue
[2024-07-03T00:05:50.281+0000] {logging_mixin.py:188} INFO - [2024-07-03T00:05:50.280+0000] {dagbag.py:545} INFO - Filling up the DagBag from /home/airflow/.local/lib/python3.12/site-packages/airflow/example_dags/example_bash_operator.py
[2024-07-03T00:05:50.297+0000] {processor.py:840} INFO - DAG(s) 'example_bash_operator' retrieved from /home/airflow/.local/lib/python3.12/site-packages/airflow/example_dags/example_bash_operator.py
[2024-07-03T00:05:50.333+0000] {logging_mixin.py:188} INFO - [2024-07-03T00:05:50.332+0000] {dag.py:3096} INFO - Sync 1 DAGs
[2024-07-03T00:05:50.362+0000] {logging_mixin.py:188} INFO - [2024-07-03T00:05:50.361+0000] {dag.py:3954} INFO - Setting next_dagrun for example_bash_operator to 2024-07-02 00:00:00+00:00, run_after=2024-07-03 00:00:00+00:00
[2024-07-03T00:05:50.390+0000] {processor.py:183} INFO - Processing /home/airflow/.local/lib/python3.12/site-packages/airflow/example_dags/example_bash_operator.py took 0.122 seconds
[2024-07-03T00:06:20.536+0000] {processor.py:161} INFO - Started process (PID=1426) to work on /home/airflow/.local/lib/python3.12/site-packages/airflow/example_dags/example_bash_operator.py
[2024-07-03T00:06:20.537+0000] {processor.py:830} INFO - Processing file /home/airflow/.local/lib/python3.12/site-packages/airflow/example_dags/example_bash_operator.py for tasks to queue
[2024-07-03T00:06:20.539+0000] {logging_mixin.py:188} INFO - [2024-07-03T00:06:20.539+0000] {dagbag.py:545} INFO - Filling up the DagBag from /home/airflow/.local/lib/python3.12/site-packages/airflow/example_dags/example_bash_operator.py
[2024-07-03T00:06:20.555+0000] {processor.py:840} INFO - DAG(s) 'example_bash_operator' retrieved from /home/airflow/.local/lib/python3.12/site-packages/airflow/example_dags/example_bash_operator.py
[2024-07-03T00:06:20.601+0000] {logging_mixin.py:188} INFO - [2024-07-03T00:06:20.600+0000] {dag.py:3096} INFO - Sync 1 DAGs
[2024-07-03T00:06:20.627+0000] {logging_mixin.py:188} INFO - [2024-07-03T00:06:20.627+0000] {dag.py:3954} INFO - Setting next_dagrun for example_bash_operator to 2024-07-02 00:00:00+00:00, run_after=2024-07-03 00:00:00+00:00
[2024-07-03T00:06:20.649+0000] {processor.py:183} INFO - Processing /home/airflow/.local/lib/python3.12/site-packages/airflow/example_dags/example_bash_operator.py took 0.121 seconds
[2024-07-03T00:06:50.723+0000] {processor.py:161} INFO - Started process (PID=1484) to work on /home/airflow/.local/lib/python3.12/site-packages/airflow/example_dags/example_bash_operator.py
[2024-07-03T00:06:50.724+0000] {processor.py:830} INFO - Processing file /home/airflow/.local/lib/python3.12/site-packages/airflow/example_dags/example_bash_operator.py for tasks to queue
[2024-07-03T00:06:50.726+0000] {logging_mixin.py:188} INFO - [2024-07-03T00:06:50.725+0000] {dagbag.py:545} INFO - Filling up the DagBag from /home/airflow/.local/lib/python3.12/site-packages/airflow/example_dags/example_bash_operator.py
[2024-07-03T00:06:50.737+0000] {processor.py:840} INFO - DAG(s) 'example_bash_operator' retrieved from /home/airflow/.local/lib/python3.12/site-packages/airflow/example_dags/example_bash_operator.py
[2024-07-03T00:06:50.768+0000] {logging_mixin.py:188} INFO - [2024-07-03T00:06:50.767+0000] {dag.py:3096} INFO - Sync 1 DAGs
[2024-07-03T00:06:50.793+0000] {logging_mixin.py:188} INFO - [2024-07-03T00:06:50.792+0000] {dag.py:3954} INFO - Setting next_dagrun for example_bash_operator to 2024-07-02 00:00:00+00:00, run_after=2024-07-03 00:00:00+00:00
[2024-07-03T00:06:50.809+0000] {processor.py:183} INFO - Processing /home/airflow/.local/lib/python3.12/site-packages/airflow/example_dags/example_bash_operator.py took 0.093 seconds
