[2024-07-03T00:00:28.400+0000] {processor.py:161} INFO - Started process (PID=768) to work on /home/airflow/.local/lib/python3.12/site-packages/airflow/example_dags/example_subdag_operator.py
[2024-07-03T00:00:28.401+0000] {processor.py:830} INFO - Processing file /home/airflow/.local/lib/python3.12/site-packages/airflow/example_dags/example_subdag_operator.py for tasks to queue
[2024-07-03T00:00:28.402+0000] {logging_mixin.py:188} INFO - [2024-07-03T00:00:28.402+0000] {dagbag.py:545} INFO - Filling up the DagBag from /home/airflow/.local/lib/python3.12/site-packages/airflow/example_dags/example_subdag_operator.py
[2024-07-03T00:00:28.427+0000] {processor.py:840} INFO - DAG(s) 'example_subdag_operator.section-1', 'example_subdag_operator.section-2', 'example_subdag_operator' retrieved from /home/airflow/.local/lib/python3.12/site-packages/airflow/example_dags/example_subdag_operator.py
[2024-07-03T00:00:28.443+0000] {logging_mixin.py:188} INFO - [2024-07-03T00:00:28.443+0000] {dag.py:3096} INFO - Sync 3 DAGs
[2024-07-03T00:00:28.467+0000] {logging_mixin.py:188} INFO - [2024-07-03T00:00:28.466+0000] {dag.py:3954} INFO - Setting next_dagrun for example_subdag_operator to 2022-01-01 00:00:00+00:00, run_after=2022-01-01 00:00:00+00:00
[2024-07-03T00:00:28.470+0000] {logging_mixin.py:188} INFO - [2024-07-03T00:00:28.470+0000] {dag.py:3954} INFO - Setting next_dagrun for example_subdag_operator.section-1 to None, run_after=None
[2024-07-03T00:00:28.471+0000] {logging_mixin.py:188} INFO - [2024-07-03T00:00:28.471+0000] {dag.py:3954} INFO - Setting next_dagrun for example_subdag_operator.section-2 to None, run_after=None
[2024-07-03T00:00:28.478+0000] {logging_mixin.py:188} INFO - [2024-07-03T00:00:28.478+0000] {dag.py:3096} INFO - Sync 2 DAGs
[2024-07-03T00:00:28.483+0000] {logging_mixin.py:188} INFO - [2024-07-03T00:00:28.482+0000] {dag.py:3954} INFO - Setting next_dagrun for example_subdag_operator.section-1 to None, run_after=None
[2024-07-03T00:00:28.483+0000] {logging_mixin.py:188} INFO - [2024-07-03T00:00:28.483+0000] {dag.py:3954} INFO - Setting next_dagrun for example_subdag_operator.section-2 to None, run_after=None
[2024-07-03T00:00:28.493+0000] {processor.py:183} INFO - Processing /home/airflow/.local/lib/python3.12/site-packages/airflow/example_dags/example_subdag_operator.py took 0.100 seconds
[2024-07-03T00:00:58.647+0000] {processor.py:161} INFO - Started process (PID=826) to work on /home/airflow/.local/lib/python3.12/site-packages/airflow/example_dags/example_subdag_operator.py
[2024-07-03T00:00:58.664+0000] {processor.py:830} INFO - Processing file /home/airflow/.local/lib/python3.12/site-packages/airflow/example_dags/example_subdag_operator.py for tasks to queue
[2024-07-03T00:00:58.666+0000] {logging_mixin.py:188} INFO - [2024-07-03T00:00:58.666+0000] {dagbag.py:545} INFO - Filling up the DagBag from /home/airflow/.local/lib/python3.12/site-packages/airflow/example_dags/example_subdag_operator.py
[2024-07-03T00:00:58.696+0000] {processor.py:840} INFO - DAG(s) 'example_subdag_operator.section-1', 'example_subdag_operator.section-2', 'example_subdag_operator' retrieved from /home/airflow/.local/lib/python3.12/site-packages/airflow/example_dags/example_subdag_operator.py
[2024-07-03T00:00:58.721+0000] {logging_mixin.py:188} INFO - [2024-07-03T00:00:58.720+0000] {dag.py:3096} INFO - Sync 3 DAGs
[2024-07-03T00:00:58.752+0000] {logging_mixin.py:188} INFO - [2024-07-03T00:00:58.752+0000] {dag.py:3954} INFO - Setting next_dagrun for example_subdag_operator to 2022-01-01 00:00:00+00:00, run_after=2022-01-01 00:00:00+00:00
[2024-07-03T00:00:58.765+0000] {logging_mixin.py:188} INFO - [2024-07-03T00:00:58.765+0000] {dag.py:3954} INFO - Setting next_dagrun for example_subdag_operator.section-1 to None, run_after=None
[2024-07-03T00:00:58.767+0000] {logging_mixin.py:188} INFO - [2024-07-03T00:00:58.767+0000] {dag.py:3954} INFO - Setting next_dagrun for example_subdag_operator.section-2 to None, run_after=None
[2024-07-03T00:00:58.775+0000] {logging_mixin.py:188} INFO - [2024-07-03T00:00:58.774+0000] {dag.py:3096} INFO - Sync 2 DAGs
[2024-07-03T00:00:58.780+0000] {logging_mixin.py:188} INFO - [2024-07-03T00:00:58.780+0000] {dag.py:3954} INFO - Setting next_dagrun for example_subdag_operator.section-1 to None, run_after=None
[2024-07-03T00:00:58.780+0000] {logging_mixin.py:188} INFO - [2024-07-03T00:00:58.780+0000] {dag.py:3954} INFO - Setting next_dagrun for example_subdag_operator.section-2 to None, run_after=None
[2024-07-03T00:00:58.791+0000] {processor.py:183} INFO - Processing /home/airflow/.local/lib/python3.12/site-packages/airflow/example_dags/example_subdag_operator.py took 0.151 seconds
[2024-07-03T00:01:28.926+0000] {processor.py:161} INFO - Started process (PID=884) to work on /home/airflow/.local/lib/python3.12/site-packages/airflow/example_dags/example_subdag_operator.py
[2024-07-03T00:01:28.927+0000] {processor.py:830} INFO - Processing file /home/airflow/.local/lib/python3.12/site-packages/airflow/example_dags/example_subdag_operator.py for tasks to queue
[2024-07-03T00:01:28.929+0000] {logging_mixin.py:188} INFO - [2024-07-03T00:01:28.929+0000] {dagbag.py:545} INFO - Filling up the DagBag from /home/airflow/.local/lib/python3.12/site-packages/airflow/example_dags/example_subdag_operator.py
[2024-07-03T00:01:28.953+0000] {processor.py:840} INFO - DAG(s) 'example_subdag_operator.section-1', 'example_subdag_operator.section-2', 'example_subdag_operator' retrieved from /home/airflow/.local/lib/python3.12/site-packages/airflow/example_dags/example_subdag_operator.py
[2024-07-03T00:01:28.974+0000] {logging_mixin.py:188} INFO - [2024-07-03T00:01:28.974+0000] {dag.py:3096} INFO - Sync 3 DAGs
[2024-07-03T00:01:28.998+0000] {logging_mixin.py:188} INFO - [2024-07-03T00:01:28.998+0000] {dag.py:3954} INFO - Setting next_dagrun for example_subdag_operator to 2022-01-01 00:00:00+00:00, run_after=2022-01-01 00:00:00+00:00
[2024-07-03T00:01:29.002+0000] {logging_mixin.py:188} INFO - [2024-07-03T00:01:29.002+0000] {dag.py:3954} INFO - Setting next_dagrun for example_subdag_operator.section-1 to None, run_after=None
[2024-07-03T00:01:29.003+0000] {logging_mixin.py:188} INFO - [2024-07-03T00:01:29.003+0000] {dag.py:3954} INFO - Setting next_dagrun for example_subdag_operator.section-2 to None, run_after=None
[2024-07-03T00:01:29.072+0000] {logging_mixin.py:188} INFO - [2024-07-03T00:01:29.072+0000] {dag.py:3096} INFO - Sync 2 DAGs
[2024-07-03T00:01:29.078+0000] {logging_mixin.py:188} INFO - [2024-07-03T00:01:29.077+0000] {dag.py:3954} INFO - Setting next_dagrun for example_subdag_operator.section-1 to None, run_after=None
[2024-07-03T00:01:29.078+0000] {logging_mixin.py:188} INFO - [2024-07-03T00:01:29.078+0000] {dag.py:3954} INFO - Setting next_dagrun for example_subdag_operator.section-2 to None, run_after=None
[2024-07-03T00:01:29.089+0000] {processor.py:183} INFO - Processing /home/airflow/.local/lib/python3.12/site-packages/airflow/example_dags/example_subdag_operator.py took 0.168 seconds
[2024-07-03T00:01:59.278+0000] {processor.py:161} INFO - Started process (PID=942) to work on /home/airflow/.local/lib/python3.12/site-packages/airflow/example_dags/example_subdag_operator.py
[2024-07-03T00:01:59.279+0000] {processor.py:830} INFO - Processing file /home/airflow/.local/lib/python3.12/site-packages/airflow/example_dags/example_subdag_operator.py for tasks to queue
[2024-07-03T00:01:59.281+0000] {logging_mixin.py:188} INFO - [2024-07-03T00:01:59.281+0000] {dagbag.py:545} INFO - Filling up the DagBag from /home/airflow/.local/lib/python3.12/site-packages/airflow/example_dags/example_subdag_operator.py
[2024-07-03T00:01:59.305+0000] {processor.py:840} INFO - DAG(s) 'example_subdag_operator.section-1', 'example_subdag_operator.section-2', 'example_subdag_operator' retrieved from /home/airflow/.local/lib/python3.12/site-packages/airflow/example_dags/example_subdag_operator.py
[2024-07-03T00:01:59.320+0000] {logging_mixin.py:188} INFO - [2024-07-03T00:01:59.320+0000] {dag.py:3096} INFO - Sync 3 DAGs
[2024-07-03T00:01:59.341+0000] {logging_mixin.py:188} INFO - [2024-07-03T00:01:59.341+0000] {dag.py:3954} INFO - Setting next_dagrun for example_subdag_operator to 2022-01-01 00:00:00+00:00, run_after=2022-01-01 00:00:00+00:00
[2024-07-03T00:01:59.345+0000] {logging_mixin.py:188} INFO - [2024-07-03T00:01:59.345+0000] {dag.py:3954} INFO - Setting next_dagrun for example_subdag_operator.section-1 to None, run_after=None
[2024-07-03T00:01:59.346+0000] {logging_mixin.py:188} INFO - [2024-07-03T00:01:59.346+0000] {dag.py:3954} INFO - Setting next_dagrun for example_subdag_operator.section-2 to None, run_after=None
[2024-07-03T00:01:59.353+0000] {logging_mixin.py:188} INFO - [2024-07-03T00:01:59.353+0000] {dag.py:3096} INFO - Sync 2 DAGs
[2024-07-03T00:01:59.357+0000] {logging_mixin.py:188} INFO - [2024-07-03T00:01:59.357+0000] {dag.py:3954} INFO - Setting next_dagrun for example_subdag_operator.section-1 to None, run_after=None
[2024-07-03T00:01:59.357+0000] {logging_mixin.py:188} INFO - [2024-07-03T00:01:59.357+0000] {dag.py:3954} INFO - Setting next_dagrun for example_subdag_operator.section-2 to None, run_after=None
[2024-07-03T00:01:59.368+0000] {processor.py:183} INFO - Processing /home/airflow/.local/lib/python3.12/site-packages/airflow/example_dags/example_subdag_operator.py took 0.096 seconds
[2024-07-03T00:02:29.873+0000] {processor.py:161} INFO - Started process (PID=1000) to work on /home/airflow/.local/lib/python3.12/site-packages/airflow/example_dags/example_subdag_operator.py
[2024-07-03T00:02:29.875+0000] {processor.py:830} INFO - Processing file /home/airflow/.local/lib/python3.12/site-packages/airflow/example_dags/example_subdag_operator.py for tasks to queue
[2024-07-03T00:02:29.877+0000] {logging_mixin.py:188} INFO - [2024-07-03T00:02:29.877+0000] {dagbag.py:545} INFO - Filling up the DagBag from /home/airflow/.local/lib/python3.12/site-packages/airflow/example_dags/example_subdag_operator.py
[2024-07-03T00:02:29.908+0000] {processor.py:840} INFO - DAG(s) 'example_subdag_operator.section-1', 'example_subdag_operator.section-2', 'example_subdag_operator' retrieved from /home/airflow/.local/lib/python3.12/site-packages/airflow/example_dags/example_subdag_operator.py
[2024-07-03T00:02:29.929+0000] {logging_mixin.py:188} INFO - [2024-07-03T00:02:29.929+0000] {dag.py:3096} INFO - Sync 3 DAGs
[2024-07-03T00:02:29.970+0000] {logging_mixin.py:188} INFO - [2024-07-03T00:02:29.970+0000] {dag.py:3954} INFO - Setting next_dagrun for example_subdag_operator to 2022-01-01 00:00:00+00:00, run_after=2022-01-01 00:00:00+00:00
[2024-07-03T00:02:29.974+0000] {logging_mixin.py:188} INFO - [2024-07-03T00:02:29.974+0000] {dag.py:3954} INFO - Setting next_dagrun for example_subdag_operator.section-1 to None, run_after=None
[2024-07-03T00:02:29.975+0000] {logging_mixin.py:188} INFO - [2024-07-03T00:02:29.975+0000] {dag.py:3954} INFO - Setting next_dagrun for example_subdag_operator.section-2 to None, run_after=None
[2024-07-03T00:02:29.982+0000] {logging_mixin.py:188} INFO - [2024-07-03T00:02:29.982+0000] {dag.py:3096} INFO - Sync 2 DAGs
[2024-07-03T00:02:29.986+0000] {logging_mixin.py:188} INFO - [2024-07-03T00:02:29.986+0000] {dag.py:3954} INFO - Setting next_dagrun for example_subdag_operator.section-1 to None, run_after=None
[2024-07-03T00:02:29.987+0000] {logging_mixin.py:188} INFO - [2024-07-03T00:02:29.987+0000] {dag.py:3954} INFO - Setting next_dagrun for example_subdag_operator.section-2 to None, run_after=None
[2024-07-03T00:02:29.996+0000] {processor.py:183} INFO - Processing /home/airflow/.local/lib/python3.12/site-packages/airflow/example_dags/example_subdag_operator.py took 0.131 seconds
[2024-07-03T00:03:00.679+0000] {processor.py:161} INFO - Started process (PID=1058) to work on /home/airflow/.local/lib/python3.12/site-packages/airflow/example_dags/example_subdag_operator.py
[2024-07-03T00:03:00.681+0000] {processor.py:830} INFO - Processing file /home/airflow/.local/lib/python3.12/site-packages/airflow/example_dags/example_subdag_operator.py for tasks to queue
[2024-07-03T00:03:00.682+0000] {logging_mixin.py:188} INFO - [2024-07-03T00:03:00.682+0000] {dagbag.py:545} INFO - Filling up the DagBag from /home/airflow/.local/lib/python3.12/site-packages/airflow/example_dags/example_subdag_operator.py
[2024-07-03T00:03:00.710+0000] {processor.py:840} INFO - DAG(s) 'example_subdag_operator.section-1', 'example_subdag_operator.section-2', 'example_subdag_operator' retrieved from /home/airflow/.local/lib/python3.12/site-packages/airflow/example_dags/example_subdag_operator.py
[2024-07-03T00:03:00.727+0000] {logging_mixin.py:188} INFO - [2024-07-03T00:03:00.727+0000] {dag.py:3096} INFO - Sync 3 DAGs
[2024-07-03T00:03:00.755+0000] {logging_mixin.py:188} INFO - [2024-07-03T00:03:00.755+0000] {dag.py:3954} INFO - Setting next_dagrun for example_subdag_operator to 2022-01-01 00:00:00+00:00, run_after=2022-01-01 00:00:00+00:00
[2024-07-03T00:03:00.760+0000] {logging_mixin.py:188} INFO - [2024-07-03T00:03:00.760+0000] {dag.py:3954} INFO - Setting next_dagrun for example_subdag_operator.section-1 to None, run_after=None
[2024-07-03T00:03:00.761+0000] {logging_mixin.py:188} INFO - [2024-07-03T00:03:00.761+0000] {dag.py:3954} INFO - Setting next_dagrun for example_subdag_operator.section-2 to None, run_after=None
[2024-07-03T00:03:00.770+0000] {logging_mixin.py:188} INFO - [2024-07-03T00:03:00.770+0000] {dag.py:3096} INFO - Sync 2 DAGs
[2024-07-03T00:03:00.776+0000] {logging_mixin.py:188} INFO - [2024-07-03T00:03:00.776+0000] {dag.py:3954} INFO - Setting next_dagrun for example_subdag_operator.section-1 to None, run_after=None
[2024-07-03T00:03:00.776+0000] {logging_mixin.py:188} INFO - [2024-07-03T00:03:00.776+0000] {dag.py:3954} INFO - Setting next_dagrun for example_subdag_operator.section-2 to None, run_after=None
[2024-07-03T00:03:00.789+0000] {processor.py:183} INFO - Processing /home/airflow/.local/lib/python3.12/site-packages/airflow/example_dags/example_subdag_operator.py took 0.116 seconds
[2024-07-03T00:03:31.342+0000] {processor.py:161} INFO - Started process (PID=1116) to work on /home/airflow/.local/lib/python3.12/site-packages/airflow/example_dags/example_subdag_operator.py
[2024-07-03T00:03:31.343+0000] {processor.py:830} INFO - Processing file /home/airflow/.local/lib/python3.12/site-packages/airflow/example_dags/example_subdag_operator.py for tasks to queue
[2024-07-03T00:03:31.345+0000] {logging_mixin.py:188} INFO - [2024-07-03T00:03:31.345+0000] {dagbag.py:545} INFO - Filling up the DagBag from /home/airflow/.local/lib/python3.12/site-packages/airflow/example_dags/example_subdag_operator.py
[2024-07-03T00:03:31.370+0000] {processor.py:840} INFO - DAG(s) 'example_subdag_operator.section-1', 'example_subdag_operator.section-2', 'example_subdag_operator' retrieved from /home/airflow/.local/lib/python3.12/site-packages/airflow/example_dags/example_subdag_operator.py
[2024-07-03T00:03:31.386+0000] {logging_mixin.py:188} INFO - [2024-07-03T00:03:31.386+0000] {dag.py:3096} INFO - Sync 3 DAGs
[2024-07-03T00:03:31.411+0000] {logging_mixin.py:188} INFO - [2024-07-03T00:03:31.411+0000] {dag.py:3954} INFO - Setting next_dagrun for example_subdag_operator to 2022-01-01 00:00:00+00:00, run_after=2022-01-01 00:00:00+00:00
[2024-07-03T00:03:31.415+0000] {logging_mixin.py:188} INFO - [2024-07-03T00:03:31.415+0000] {dag.py:3954} INFO - Setting next_dagrun for example_subdag_operator.section-1 to None, run_after=None
[2024-07-03T00:03:31.416+0000] {logging_mixin.py:188} INFO - [2024-07-03T00:03:31.416+0000] {dag.py:3954} INFO - Setting next_dagrun for example_subdag_operator.section-2 to None, run_after=None
[2024-07-03T00:03:31.423+0000] {logging_mixin.py:188} INFO - [2024-07-03T00:03:31.423+0000] {dag.py:3096} INFO - Sync 2 DAGs
[2024-07-03T00:03:31.429+0000] {logging_mixin.py:188} INFO - [2024-07-03T00:03:31.429+0000] {dag.py:3954} INFO - Setting next_dagrun for example_subdag_operator.section-1 to None, run_after=None
[2024-07-03T00:03:31.429+0000] {logging_mixin.py:188} INFO - [2024-07-03T00:03:31.429+0000] {dag.py:3954} INFO - Setting next_dagrun for example_subdag_operator.section-2 to None, run_after=None
[2024-07-03T00:03:31.439+0000] {processor.py:183} INFO - Processing /home/airflow/.local/lib/python3.12/site-packages/airflow/example_dags/example_subdag_operator.py took 0.104 seconds
[2024-07-03T00:04:01.620+0000] {processor.py:161} INFO - Started process (PID=1174) to work on /home/airflow/.local/lib/python3.12/site-packages/airflow/example_dags/example_subdag_operator.py
[2024-07-03T00:04:01.621+0000] {processor.py:830} INFO - Processing file /home/airflow/.local/lib/python3.12/site-packages/airflow/example_dags/example_subdag_operator.py for tasks to queue
[2024-07-03T00:04:01.623+0000] {logging_mixin.py:188} INFO - [2024-07-03T00:04:01.622+0000] {dagbag.py:545} INFO - Filling up the DagBag from /home/airflow/.local/lib/python3.12/site-packages/airflow/example_dags/example_subdag_operator.py
[2024-07-03T00:04:01.647+0000] {processor.py:840} INFO - DAG(s) 'example_subdag_operator.section-1', 'example_subdag_operator.section-2', 'example_subdag_operator' retrieved from /home/airflow/.local/lib/python3.12/site-packages/airflow/example_dags/example_subdag_operator.py
[2024-07-03T00:04:01.663+0000] {logging_mixin.py:188} INFO - [2024-07-03T00:04:01.663+0000] {dag.py:3096} INFO - Sync 3 DAGs
[2024-07-03T00:04:01.686+0000] {logging_mixin.py:188} INFO - [2024-07-03T00:04:01.686+0000] {dag.py:3954} INFO - Setting next_dagrun for example_subdag_operator to 2022-01-01 00:00:00+00:00, run_after=2022-01-01 00:00:00+00:00
[2024-07-03T00:04:01.690+0000] {logging_mixin.py:188} INFO - [2024-07-03T00:04:01.690+0000] {dag.py:3954} INFO - Setting next_dagrun for example_subdag_operator.section-1 to None, run_after=None
[2024-07-03T00:04:01.691+0000] {logging_mixin.py:188} INFO - [2024-07-03T00:04:01.691+0000] {dag.py:3954} INFO - Setting next_dagrun for example_subdag_operator.section-2 to None, run_after=None
[2024-07-03T00:04:01.698+0000] {logging_mixin.py:188} INFO - [2024-07-03T00:04:01.698+0000] {dag.py:3096} INFO - Sync 2 DAGs
[2024-07-03T00:04:01.705+0000] {logging_mixin.py:188} INFO - [2024-07-03T00:04:01.704+0000] {dag.py:3954} INFO - Setting next_dagrun for example_subdag_operator.section-1 to None, run_after=None
[2024-07-03T00:04:01.705+0000] {logging_mixin.py:188} INFO - [2024-07-03T00:04:01.705+0000] {dag.py:3954} INFO - Setting next_dagrun for example_subdag_operator.section-2 to None, run_after=None
[2024-07-03T00:04:01.715+0000] {processor.py:183} INFO - Processing /home/airflow/.local/lib/python3.12/site-packages/airflow/example_dags/example_subdag_operator.py took 0.101 seconds
[2024-07-03T00:04:31.758+0000] {processor.py:161} INFO - Started process (PID=1232) to work on /home/airflow/.local/lib/python3.12/site-packages/airflow/example_dags/example_subdag_operator.py
[2024-07-03T00:04:31.759+0000] {processor.py:830} INFO - Processing file /home/airflow/.local/lib/python3.12/site-packages/airflow/example_dags/example_subdag_operator.py for tasks to queue
[2024-07-03T00:04:31.761+0000] {logging_mixin.py:188} INFO - [2024-07-03T00:04:31.760+0000] {dagbag.py:545} INFO - Filling up the DagBag from /home/airflow/.local/lib/python3.12/site-packages/airflow/example_dags/example_subdag_operator.py
[2024-07-03T00:04:31.785+0000] {processor.py:840} INFO - DAG(s) 'example_subdag_operator.section-1', 'example_subdag_operator.section-2', 'example_subdag_operator' retrieved from /home/airflow/.local/lib/python3.12/site-packages/airflow/example_dags/example_subdag_operator.py
[2024-07-03T00:04:31.799+0000] {logging_mixin.py:188} INFO - [2024-07-03T00:04:31.799+0000] {dag.py:3096} INFO - Sync 3 DAGs
[2024-07-03T00:04:31.820+0000] {logging_mixin.py:188} INFO - [2024-07-03T00:04:31.820+0000] {dag.py:3954} INFO - Setting next_dagrun for example_subdag_operator to 2022-01-01 00:00:00+00:00, run_after=2022-01-01 00:00:00+00:00
[2024-07-03T00:04:31.823+0000] {logging_mixin.py:188} INFO - [2024-07-03T00:04:31.823+0000] {dag.py:3954} INFO - Setting next_dagrun for example_subdag_operator.section-1 to None, run_after=None
[2024-07-03T00:04:31.824+0000] {logging_mixin.py:188} INFO - [2024-07-03T00:04:31.824+0000] {dag.py:3954} INFO - Setting next_dagrun for example_subdag_operator.section-2 to None, run_after=None
[2024-07-03T00:04:31.830+0000] {logging_mixin.py:188} INFO - [2024-07-03T00:04:31.830+0000] {dag.py:3096} INFO - Sync 2 DAGs
[2024-07-03T00:04:31.834+0000] {logging_mixin.py:188} INFO - [2024-07-03T00:04:31.834+0000] {dag.py:3954} INFO - Setting next_dagrun for example_subdag_operator.section-1 to None, run_after=None
[2024-07-03T00:04:31.835+0000] {logging_mixin.py:188} INFO - [2024-07-03T00:04:31.834+0000] {dag.py:3954} INFO - Setting next_dagrun for example_subdag_operator.section-2 to None, run_after=None
[2024-07-03T00:04:31.844+0000] {processor.py:183} INFO - Processing /home/airflow/.local/lib/python3.12/site-packages/airflow/example_dags/example_subdag_operator.py took 0.092 seconds
[2024-07-03T00:05:02.111+0000] {processor.py:161} INFO - Started process (PID=1290) to work on /home/airflow/.local/lib/python3.12/site-packages/airflow/example_dags/example_subdag_operator.py
[2024-07-03T00:05:02.112+0000] {processor.py:830} INFO - Processing file /home/airflow/.local/lib/python3.12/site-packages/airflow/example_dags/example_subdag_operator.py for tasks to queue
[2024-07-03T00:05:02.114+0000] {logging_mixin.py:188} INFO - [2024-07-03T00:05:02.114+0000] {dagbag.py:545} INFO - Filling up the DagBag from /home/airflow/.local/lib/python3.12/site-packages/airflow/example_dags/example_subdag_operator.py
[2024-07-03T00:05:02.138+0000] {processor.py:840} INFO - DAG(s) 'example_subdag_operator.section-1', 'example_subdag_operator.section-2', 'example_subdag_operator' retrieved from /home/airflow/.local/lib/python3.12/site-packages/airflow/example_dags/example_subdag_operator.py
[2024-07-03T00:05:02.155+0000] {logging_mixin.py:188} INFO - [2024-07-03T00:05:02.155+0000] {dag.py:3096} INFO - Sync 3 DAGs
[2024-07-03T00:05:02.180+0000] {logging_mixin.py:188} INFO - [2024-07-03T00:05:02.180+0000] {dag.py:3954} INFO - Setting next_dagrun for example_subdag_operator to 2022-01-01 00:00:00+00:00, run_after=2022-01-01 00:00:00+00:00
[2024-07-03T00:05:02.184+0000] {logging_mixin.py:188} INFO - [2024-07-03T00:05:02.184+0000] {dag.py:3954} INFO - Setting next_dagrun for example_subdag_operator.section-1 to None, run_after=None
[2024-07-03T00:05:02.186+0000] {logging_mixin.py:188} INFO - [2024-07-03T00:05:02.186+0000] {dag.py:3954} INFO - Setting next_dagrun for example_subdag_operator.section-2 to None, run_after=None
[2024-07-03T00:05:02.195+0000] {logging_mixin.py:188} INFO - [2024-07-03T00:05:02.195+0000] {dag.py:3096} INFO - Sync 2 DAGs
[2024-07-03T00:05:02.202+0000] {logging_mixin.py:188} INFO - [2024-07-03T00:05:02.202+0000] {dag.py:3954} INFO - Setting next_dagrun for example_subdag_operator.section-1 to None, run_after=None
[2024-07-03T00:05:02.202+0000] {logging_mixin.py:188} INFO - [2024-07-03T00:05:02.202+0000] {dag.py:3954} INFO - Setting next_dagrun for example_subdag_operator.section-2 to None, run_after=None
[2024-07-03T00:05:02.212+0000] {processor.py:183} INFO - Processing /home/airflow/.local/lib/python3.12/site-packages/airflow/example_dags/example_subdag_operator.py took 0.107 seconds
[2024-07-03T00:05:33.144+0000] {processor.py:161} INFO - Started process (PID=1348) to work on /home/airflow/.local/lib/python3.12/site-packages/airflow/example_dags/example_subdag_operator.py
[2024-07-03T00:05:33.146+0000] {processor.py:830} INFO - Processing file /home/airflow/.local/lib/python3.12/site-packages/airflow/example_dags/example_subdag_operator.py for tasks to queue
[2024-07-03T00:05:33.148+0000] {logging_mixin.py:188} INFO - [2024-07-03T00:05:33.147+0000] {dagbag.py:545} INFO - Filling up the DagBag from /home/airflow/.local/lib/python3.12/site-packages/airflow/example_dags/example_subdag_operator.py
[2024-07-03T00:05:33.172+0000] {processor.py:840} INFO - DAG(s) 'example_subdag_operator.section-1', 'example_subdag_operator.section-2', 'example_subdag_operator' retrieved from /home/airflow/.local/lib/python3.12/site-packages/airflow/example_dags/example_subdag_operator.py
[2024-07-03T00:05:33.197+0000] {logging_mixin.py:188} INFO - [2024-07-03T00:05:33.196+0000] {dag.py:3096} INFO - Sync 3 DAGs
[2024-07-03T00:05:33.228+0000] {logging_mixin.py:188} INFO - [2024-07-03T00:05:33.227+0000] {dag.py:3954} INFO - Setting next_dagrun for example_subdag_operator to 2022-01-01 00:00:00+00:00, run_after=2022-01-01 00:00:00+00:00
[2024-07-03T00:05:33.233+0000] {logging_mixin.py:188} INFO - [2024-07-03T00:05:33.232+0000] {dag.py:3954} INFO - Setting next_dagrun for example_subdag_operator.section-1 to None, run_after=None
[2024-07-03T00:05:33.234+0000] {logging_mixin.py:188} INFO - [2024-07-03T00:05:33.234+0000] {dag.py:3954} INFO - Setting next_dagrun for example_subdag_operator.section-2 to None, run_after=None
[2024-07-03T00:05:33.243+0000] {logging_mixin.py:188} INFO - [2024-07-03T00:05:33.243+0000] {dag.py:3096} INFO - Sync 2 DAGs
[2024-07-03T00:05:33.250+0000] {logging_mixin.py:188} INFO - [2024-07-03T00:05:33.249+0000] {dag.py:3954} INFO - Setting next_dagrun for example_subdag_operator.section-1 to None, run_after=None
[2024-07-03T00:05:33.251+0000] {logging_mixin.py:188} INFO - [2024-07-03T00:05:33.250+0000] {dag.py:3954} INFO - Setting next_dagrun for example_subdag_operator.section-2 to None, run_after=None
[2024-07-03T00:05:33.265+0000] {processor.py:183} INFO - Processing /home/airflow/.local/lib/python3.12/site-packages/airflow/example_dags/example_subdag_operator.py took 0.126 seconds
[2024-07-03T00:06:05.609+0000] {processor.py:161} INFO - Started process (PID=1406) to work on /home/airflow/.local/lib/python3.12/site-packages/airflow/example_dags/example_subdag_operator.py
[2024-07-03T00:06:05.610+0000] {processor.py:830} INFO - Processing file /home/airflow/.local/lib/python3.12/site-packages/airflow/example_dags/example_subdag_operator.py for tasks to queue
[2024-07-03T00:06:05.614+0000] {logging_mixin.py:188} INFO - [2024-07-03T00:06:05.613+0000] {dagbag.py:545} INFO - Filling up the DagBag from /home/airflow/.local/lib/python3.12/site-packages/airflow/example_dags/example_subdag_operator.py
[2024-07-03T00:06:05.699+0000] {processor.py:840} INFO - DAG(s) 'example_subdag_operator.section-1', 'example_subdag_operator.section-2', 'example_subdag_operator' retrieved from /home/airflow/.local/lib/python3.12/site-packages/airflow/example_dags/example_subdag_operator.py
[2024-07-03T00:06:05.723+0000] {logging_mixin.py:188} INFO - [2024-07-03T00:06:05.722+0000] {dag.py:3096} INFO - Sync 3 DAGs
[2024-07-03T00:06:05.797+0000] {logging_mixin.py:188} INFO - [2024-07-03T00:06:05.796+0000] {dag.py:3954} INFO - Setting next_dagrun for example_subdag_operator to 2022-01-01 00:00:00+00:00, run_after=2022-01-01 00:00:00+00:00
[2024-07-03T00:06:05.801+0000] {logging_mixin.py:188} INFO - [2024-07-03T00:06:05.801+0000] {dag.py:3954} INFO - Setting next_dagrun for example_subdag_operator.section-1 to None, run_after=None
[2024-07-03T00:06:05.802+0000] {logging_mixin.py:188} INFO - [2024-07-03T00:06:05.802+0000] {dag.py:3954} INFO - Setting next_dagrun for example_subdag_operator.section-2 to None, run_after=None
[2024-07-03T00:06:05.810+0000] {logging_mixin.py:188} INFO - [2024-07-03T00:06:05.809+0000] {dag.py:3096} INFO - Sync 2 DAGs
[2024-07-03T00:06:05.868+0000] {logging_mixin.py:188} INFO - [2024-07-03T00:06:05.868+0000] {dag.py:3954} INFO - Setting next_dagrun for example_subdag_operator.section-1 to None, run_after=None
[2024-07-03T00:06:05.869+0000] {logging_mixin.py:188} INFO - [2024-07-03T00:06:05.869+0000] {dag.py:3954} INFO - Setting next_dagrun for example_subdag_operator.section-2 to None, run_after=None
[2024-07-03T00:06:05.885+0000] {processor.py:183} INFO - Processing /home/airflow/.local/lib/python3.12/site-packages/airflow/example_dags/example_subdag_operator.py took 0.283 seconds
[2024-07-03T00:06:36.071+0000] {processor.py:161} INFO - Started process (PID=1464) to work on /home/airflow/.local/lib/python3.12/site-packages/airflow/example_dags/example_subdag_operator.py
[2024-07-03T00:06:36.073+0000] {processor.py:830} INFO - Processing file /home/airflow/.local/lib/python3.12/site-packages/airflow/example_dags/example_subdag_operator.py for tasks to queue
[2024-07-03T00:06:36.075+0000] {logging_mixin.py:188} INFO - [2024-07-03T00:06:36.074+0000] {dagbag.py:545} INFO - Filling up the DagBag from /home/airflow/.local/lib/python3.12/site-packages/airflow/example_dags/example_subdag_operator.py
[2024-07-03T00:06:36.105+0000] {processor.py:840} INFO - DAG(s) 'example_subdag_operator.section-1', 'example_subdag_operator.section-2', 'example_subdag_operator' retrieved from /home/airflow/.local/lib/python3.12/site-packages/airflow/example_dags/example_subdag_operator.py
[2024-07-03T00:06:36.125+0000] {logging_mixin.py:188} INFO - [2024-07-03T00:06:36.124+0000] {dag.py:3096} INFO - Sync 3 DAGs
[2024-07-03T00:06:36.154+0000] {logging_mixin.py:188} INFO - [2024-07-03T00:06:36.154+0000] {dag.py:3954} INFO - Setting next_dagrun for example_subdag_operator to 2022-01-01 00:00:00+00:00, run_after=2022-01-01 00:00:00+00:00
[2024-07-03T00:06:36.159+0000] {logging_mixin.py:188} INFO - [2024-07-03T00:06:36.158+0000] {dag.py:3954} INFO - Setting next_dagrun for example_subdag_operator.section-1 to None, run_after=None
[2024-07-03T00:06:36.160+0000] {logging_mixin.py:188} INFO - [2024-07-03T00:06:36.160+0000] {dag.py:3954} INFO - Setting next_dagrun for example_subdag_operator.section-2 to None, run_after=None
[2024-07-03T00:06:36.169+0000] {logging_mixin.py:188} INFO - [2024-07-03T00:06:36.169+0000] {dag.py:3096} INFO - Sync 2 DAGs
[2024-07-03T00:06:36.176+0000] {logging_mixin.py:188} INFO - [2024-07-03T00:06:36.176+0000] {dag.py:3954} INFO - Setting next_dagrun for example_subdag_operator.section-1 to None, run_after=None
[2024-07-03T00:06:36.176+0000] {logging_mixin.py:188} INFO - [2024-07-03T00:06:36.176+0000] {dag.py:3954} INFO - Setting next_dagrun for example_subdag_operator.section-2 to None, run_after=None
[2024-07-03T00:06:36.189+0000] {processor.py:183} INFO - Processing /home/airflow/.local/lib/python3.12/site-packages/airflow/example_dags/example_subdag_operator.py took 0.125 seconds
[2024-07-03T00:07:07.116+0000] {processor.py:161} INFO - Started process (PID=1522) to work on /home/airflow/.local/lib/python3.12/site-packages/airflow/example_dags/example_subdag_operator.py
[2024-07-03T00:07:07.117+0000] {processor.py:830} INFO - Processing file /home/airflow/.local/lib/python3.12/site-packages/airflow/example_dags/example_subdag_operator.py for tasks to queue
[2024-07-03T00:07:07.119+0000] {logging_mixin.py:188} INFO - [2024-07-03T00:07:07.118+0000] {dagbag.py:545} INFO - Filling up the DagBag from /home/airflow/.local/lib/python3.12/site-packages/airflow/example_dags/example_subdag_operator.py
[2024-07-03T00:07:07.146+0000] {processor.py:840} INFO - DAG(s) 'example_subdag_operator.section-1', 'example_subdag_operator.section-2', 'example_subdag_operator' retrieved from /home/airflow/.local/lib/python3.12/site-packages/airflow/example_dags/example_subdag_operator.py
[2024-07-03T00:07:07.165+0000] {logging_mixin.py:188} INFO - [2024-07-03T00:07:07.164+0000] {dag.py:3096} INFO - Sync 3 DAGs
[2024-07-03T00:07:07.189+0000] {logging_mixin.py:188} INFO - [2024-07-03T00:07:07.189+0000] {dag.py:3954} INFO - Setting next_dagrun for example_subdag_operator to 2022-01-01 00:00:00+00:00, run_after=2022-01-01 00:00:00+00:00
[2024-07-03T00:07:07.193+0000] {logging_mixin.py:188} INFO - [2024-07-03T00:07:07.193+0000] {dag.py:3954} INFO - Setting next_dagrun for example_subdag_operator.section-1 to None, run_after=None
[2024-07-03T00:07:07.194+0000] {logging_mixin.py:188} INFO - [2024-07-03T00:07:07.194+0000] {dag.py:3954} INFO - Setting next_dagrun for example_subdag_operator.section-2 to None, run_after=None
[2024-07-03T00:07:07.201+0000] {logging_mixin.py:188} INFO - [2024-07-03T00:07:07.201+0000] {dag.py:3096} INFO - Sync 2 DAGs
[2024-07-03T00:07:07.208+0000] {logging_mixin.py:188} INFO - [2024-07-03T00:07:07.207+0000] {dag.py:3954} INFO - Setting next_dagrun for example_subdag_operator.section-1 to None, run_after=None
[2024-07-03T00:07:07.208+0000] {logging_mixin.py:188} INFO - [2024-07-03T00:07:07.208+0000] {dag.py:3954} INFO - Setting next_dagrun for example_subdag_operator.section-2 to None, run_after=None
[2024-07-03T00:07:07.221+0000] {processor.py:183} INFO - Processing /home/airflow/.local/lib/python3.12/site-packages/airflow/example_dags/example_subdag_operator.py took 0.111 seconds
