[2024-07-03T00:00:29.941+0000] {processor.py:161} INFO - Started process (PID=776) to work on /home/airflow/.local/lib/python3.12/site-packages/airflow/example_dags/tutorial.py
[2024-07-03T00:00:29.941+0000] {processor.py:830} INFO - Processing file /home/airflow/.local/lib/python3.12/site-packages/airflow/example_dags/tutorial.py for tasks to queue
[2024-07-03T00:00:29.943+0000] {logging_mixin.py:188} INFO - [2024-07-03T00:00:29.943+0000] {dagbag.py:545} INFO - Filling up the DagBag from /home/airflow/.local/lib/python3.12/site-packages/airflow/example_dags/tutorial.py
[2024-07-03T00:00:29.950+0000] {processor.py:840} INFO - DAG(s) 'tutorial' retrieved from /home/airflow/.local/lib/python3.12/site-packages/airflow/example_dags/tutorial.py
[2024-07-03T00:00:29.973+0000] {logging_mixin.py:188} INFO - [2024-07-03T00:00:29.972+0000] {dag.py:3096} INFO - Sync 1 DAGs
[2024-07-03T00:00:29.996+0000] {logging_mixin.py:188} INFO - [2024-07-03T00:00:29.996+0000] {dag.py:3954} INFO - Setting next_dagrun for tutorial to 2024-07-02 00:00:00+00:00, run_after=2024-07-03 00:00:00+00:00
[2024-07-03T00:00:30.013+0000] {processor.py:183} INFO - Processing /home/airflow/.local/lib/python3.12/site-packages/airflow/example_dags/tutorial.py took 0.079 seconds
[2024-07-03T00:01:00.245+0000] {processor.py:161} INFO - Started process (PID=834) to work on /home/airflow/.local/lib/python3.12/site-packages/airflow/example_dags/tutorial.py
[2024-07-03T00:01:00.246+0000] {processor.py:830} INFO - Processing file /home/airflow/.local/lib/python3.12/site-packages/airflow/example_dags/tutorial.py for tasks to queue
[2024-07-03T00:01:00.248+0000] {logging_mixin.py:188} INFO - [2024-07-03T00:01:00.248+0000] {dagbag.py:545} INFO - Filling up the DagBag from /home/airflow/.local/lib/python3.12/site-packages/airflow/example_dags/tutorial.py
[2024-07-03T00:01:00.254+0000] {processor.py:840} INFO - DAG(s) 'tutorial' retrieved from /home/airflow/.local/lib/python3.12/site-packages/airflow/example_dags/tutorial.py
[2024-07-03T00:01:00.284+0000] {logging_mixin.py:188} INFO - [2024-07-03T00:01:00.283+0000] {dag.py:3096} INFO - Sync 1 DAGs
[2024-07-03T00:01:00.308+0000] {logging_mixin.py:188} INFO - [2024-07-03T00:01:00.308+0000] {dag.py:3954} INFO - Setting next_dagrun for tutorial to 2024-07-02 00:00:00+00:00, run_after=2024-07-03 00:00:00+00:00
[2024-07-03T00:01:00.327+0000] {processor.py:183} INFO - Processing /home/airflow/.local/lib/python3.12/site-packages/airflow/example_dags/tutorial.py took 0.087 seconds
[2024-07-03T00:01:30.445+0000] {processor.py:161} INFO - Started process (PID=892) to work on /home/airflow/.local/lib/python3.12/site-packages/airflow/example_dags/tutorial.py
[2024-07-03T00:01:30.446+0000] {processor.py:830} INFO - Processing file /home/airflow/.local/lib/python3.12/site-packages/airflow/example_dags/tutorial.py for tasks to queue
[2024-07-03T00:01:30.447+0000] {logging_mixin.py:188} INFO - [2024-07-03T00:01:30.447+0000] {dagbag.py:545} INFO - Filling up the DagBag from /home/airflow/.local/lib/python3.12/site-packages/airflow/example_dags/tutorial.py
[2024-07-03T00:01:30.454+0000] {processor.py:840} INFO - DAG(s) 'tutorial' retrieved from /home/airflow/.local/lib/python3.12/site-packages/airflow/example_dags/tutorial.py
[2024-07-03T00:01:30.474+0000] {logging_mixin.py:188} INFO - [2024-07-03T00:01:30.474+0000] {dag.py:3096} INFO - Sync 1 DAGs
[2024-07-03T00:01:30.495+0000] {logging_mixin.py:188} INFO - [2024-07-03T00:01:30.495+0000] {dag.py:3954} INFO - Setting next_dagrun for tutorial to 2024-07-02 00:00:00+00:00, run_after=2024-07-03 00:00:00+00:00
[2024-07-03T00:01:30.511+0000] {processor.py:183} INFO - Processing /home/airflow/.local/lib/python3.12/site-packages/airflow/example_dags/tutorial.py took 0.072 seconds
[2024-07-03T00:02:00.733+0000] {processor.py:161} INFO - Started process (PID=950) to work on /home/airflow/.local/lib/python3.12/site-packages/airflow/example_dags/tutorial.py
[2024-07-03T00:02:00.734+0000] {processor.py:830} INFO - Processing file /home/airflow/.local/lib/python3.12/site-packages/airflow/example_dags/tutorial.py for tasks to queue
[2024-07-03T00:02:00.736+0000] {logging_mixin.py:188} INFO - [2024-07-03T00:02:00.735+0000] {dagbag.py:545} INFO - Filling up the DagBag from /home/airflow/.local/lib/python3.12/site-packages/airflow/example_dags/tutorial.py
[2024-07-03T00:02:00.742+0000] {processor.py:840} INFO - DAG(s) 'tutorial' retrieved from /home/airflow/.local/lib/python3.12/site-packages/airflow/example_dags/tutorial.py
[2024-07-03T00:02:00.765+0000] {logging_mixin.py:188} INFO - [2024-07-03T00:02:00.765+0000] {dag.py:3096} INFO - Sync 1 DAGs
[2024-07-03T00:02:00.789+0000] {logging_mixin.py:188} INFO - [2024-07-03T00:02:00.789+0000] {dag.py:3954} INFO - Setting next_dagrun for tutorial to 2024-07-02 00:00:00+00:00, run_after=2024-07-03 00:00:00+00:00
[2024-07-03T00:02:00.807+0000] {processor.py:183} INFO - Processing /home/airflow/.local/lib/python3.12/site-packages/airflow/example_dags/tutorial.py took 0.080 seconds
[2024-07-03T00:02:31.374+0000] {processor.py:161} INFO - Started process (PID=1008) to work on /home/airflow/.local/lib/python3.12/site-packages/airflow/example_dags/tutorial.py
[2024-07-03T00:02:31.375+0000] {processor.py:830} INFO - Processing file /home/airflow/.local/lib/python3.12/site-packages/airflow/example_dags/tutorial.py for tasks to queue
[2024-07-03T00:02:31.377+0000] {logging_mixin.py:188} INFO - [2024-07-03T00:02:31.376+0000] {dagbag.py:545} INFO - Filling up the DagBag from /home/airflow/.local/lib/python3.12/site-packages/airflow/example_dags/tutorial.py
[2024-07-03T00:02:31.383+0000] {processor.py:840} INFO - DAG(s) 'tutorial' retrieved from /home/airflow/.local/lib/python3.12/site-packages/airflow/example_dags/tutorial.py
[2024-07-03T00:02:31.405+0000] {logging_mixin.py:188} INFO - [2024-07-03T00:02:31.405+0000] {dag.py:3096} INFO - Sync 1 DAGs
[2024-07-03T00:02:31.430+0000] {logging_mixin.py:188} INFO - [2024-07-03T00:02:31.429+0000] {dag.py:3954} INFO - Setting next_dagrun for tutorial to 2024-07-02 00:00:00+00:00, run_after=2024-07-03 00:00:00+00:00
[2024-07-03T00:02:31.448+0000] {processor.py:183} INFO - Processing /home/airflow/.local/lib/python3.12/site-packages/airflow/example_dags/tutorial.py took 0.081 seconds
[2024-07-03T00:03:02.145+0000] {processor.py:161} INFO - Started process (PID=1066) to work on /home/airflow/.local/lib/python3.12/site-packages/airflow/example_dags/tutorial.py
[2024-07-03T00:03:02.147+0000] {processor.py:830} INFO - Processing file /home/airflow/.local/lib/python3.12/site-packages/airflow/example_dags/tutorial.py for tasks to queue
[2024-07-03T00:03:02.149+0000] {logging_mixin.py:188} INFO - [2024-07-03T00:03:02.149+0000] {dagbag.py:545} INFO - Filling up the DagBag from /home/airflow/.local/lib/python3.12/site-packages/airflow/example_dags/tutorial.py
[2024-07-03T00:03:02.157+0000] {processor.py:840} INFO - DAG(s) 'tutorial' retrieved from /home/airflow/.local/lib/python3.12/site-packages/airflow/example_dags/tutorial.py
[2024-07-03T00:03:02.182+0000] {logging_mixin.py:188} INFO - [2024-07-03T00:03:02.182+0000] {dag.py:3096} INFO - Sync 1 DAGs
[2024-07-03T00:03:02.213+0000] {logging_mixin.py:188} INFO - [2024-07-03T00:03:02.213+0000] {dag.py:3954} INFO - Setting next_dagrun for tutorial to 2024-07-02 00:00:00+00:00, run_after=2024-07-03 00:00:00+00:00
[2024-07-03T00:03:02.235+0000] {processor.py:183} INFO - Processing /home/airflow/.local/lib/python3.12/site-packages/airflow/example_dags/tutorial.py took 0.099 seconds
[2024-07-03T00:03:32.802+0000] {processor.py:161} INFO - Started process (PID=1124) to work on /home/airflow/.local/lib/python3.12/site-packages/airflow/example_dags/tutorial.py
[2024-07-03T00:03:32.803+0000] {processor.py:830} INFO - Processing file /home/airflow/.local/lib/python3.12/site-packages/airflow/example_dags/tutorial.py for tasks to queue
[2024-07-03T00:03:32.806+0000] {logging_mixin.py:188} INFO - [2024-07-03T00:03:32.806+0000] {dagbag.py:545} INFO - Filling up the DagBag from /home/airflow/.local/lib/python3.12/site-packages/airflow/example_dags/tutorial.py
[2024-07-03T00:03:32.813+0000] {processor.py:840} INFO - DAG(s) 'tutorial' retrieved from /home/airflow/.local/lib/python3.12/site-packages/airflow/example_dags/tutorial.py
[2024-07-03T00:03:32.837+0000] {logging_mixin.py:188} INFO - [2024-07-03T00:03:32.837+0000] {dag.py:3096} INFO - Sync 1 DAGs
[2024-07-03T00:03:32.869+0000] {logging_mixin.py:188} INFO - [2024-07-03T00:03:32.869+0000] {dag.py:3954} INFO - Setting next_dagrun for tutorial to 2024-07-02 00:00:00+00:00, run_after=2024-07-03 00:00:00+00:00
[2024-07-03T00:03:32.895+0000] {processor.py:183} INFO - Processing /home/airflow/.local/lib/python3.12/site-packages/airflow/example_dags/tutorial.py took 0.101 seconds
[2024-07-03T00:04:03.051+0000] {processor.py:161} INFO - Started process (PID=1182) to work on /home/airflow/.local/lib/python3.12/site-packages/airflow/example_dags/tutorial.py
[2024-07-03T00:04:03.052+0000] {processor.py:830} INFO - Processing file /home/airflow/.local/lib/python3.12/site-packages/airflow/example_dags/tutorial.py for tasks to queue
[2024-07-03T00:04:03.053+0000] {logging_mixin.py:188} INFO - [2024-07-03T00:04:03.053+0000] {dagbag.py:545} INFO - Filling up the DagBag from /home/airflow/.local/lib/python3.12/site-packages/airflow/example_dags/tutorial.py
[2024-07-03T00:04:03.059+0000] {processor.py:840} INFO - DAG(s) 'tutorial' retrieved from /home/airflow/.local/lib/python3.12/site-packages/airflow/example_dags/tutorial.py
[2024-07-03T00:04:03.079+0000] {logging_mixin.py:188} INFO - [2024-07-03T00:04:03.079+0000] {dag.py:3096} INFO - Sync 1 DAGs
[2024-07-03T00:04:03.103+0000] {logging_mixin.py:188} INFO - [2024-07-03T00:04:03.103+0000] {dag.py:3954} INFO - Setting next_dagrun for tutorial to 2024-07-02 00:00:00+00:00, run_after=2024-07-03 00:00:00+00:00
[2024-07-03T00:04:03.123+0000] {processor.py:183} INFO - Processing /home/airflow/.local/lib/python3.12/site-packages/airflow/example_dags/tutorial.py took 0.078 seconds
[2024-07-03T00:04:33.193+0000] {processor.py:161} INFO - Started process (PID=1240) to work on /home/airflow/.local/lib/python3.12/site-packages/airflow/example_dags/tutorial.py
[2024-07-03T00:04:33.195+0000] {processor.py:830} INFO - Processing file /home/airflow/.local/lib/python3.12/site-packages/airflow/example_dags/tutorial.py for tasks to queue
[2024-07-03T00:04:33.196+0000] {logging_mixin.py:188} INFO - [2024-07-03T00:04:33.196+0000] {dagbag.py:545} INFO - Filling up the DagBag from /home/airflow/.local/lib/python3.12/site-packages/airflow/example_dags/tutorial.py
[2024-07-03T00:04:33.202+0000] {processor.py:840} INFO - DAG(s) 'tutorial' retrieved from /home/airflow/.local/lib/python3.12/site-packages/airflow/example_dags/tutorial.py
[2024-07-03T00:04:33.223+0000] {logging_mixin.py:188} INFO - [2024-07-03T00:04:33.223+0000] {dag.py:3096} INFO - Sync 1 DAGs
[2024-07-03T00:04:33.244+0000] {logging_mixin.py:188} INFO - [2024-07-03T00:04:33.243+0000] {dag.py:3954} INFO - Setting next_dagrun for tutorial to 2024-07-02 00:00:00+00:00, run_after=2024-07-03 00:00:00+00:00
[2024-07-03T00:04:33.261+0000] {processor.py:183} INFO - Processing /home/airflow/.local/lib/python3.12/site-packages/airflow/example_dags/tutorial.py took 0.075 seconds
[2024-07-03T00:05:03.502+0000] {processor.py:161} INFO - Started process (PID=1298) to work on /home/airflow/.local/lib/python3.12/site-packages/airflow/example_dags/tutorial.py
[2024-07-03T00:05:03.503+0000] {processor.py:830} INFO - Processing file /home/airflow/.local/lib/python3.12/site-packages/airflow/example_dags/tutorial.py for tasks to queue
[2024-07-03T00:05:03.505+0000] {logging_mixin.py:188} INFO - [2024-07-03T00:05:03.504+0000] {dagbag.py:545} INFO - Filling up the DagBag from /home/airflow/.local/lib/python3.12/site-packages/airflow/example_dags/tutorial.py
[2024-07-03T00:05:03.511+0000] {processor.py:840} INFO - DAG(s) 'tutorial' retrieved from /home/airflow/.local/lib/python3.12/site-packages/airflow/example_dags/tutorial.py
[2024-07-03T00:05:03.530+0000] {logging_mixin.py:188} INFO - [2024-07-03T00:05:03.529+0000] {dag.py:3096} INFO - Sync 1 DAGs
[2024-07-03T00:05:03.550+0000] {logging_mixin.py:188} INFO - [2024-07-03T00:05:03.550+0000] {dag.py:3954} INFO - Setting next_dagrun for tutorial to 2024-07-02 00:00:00+00:00, run_after=2024-07-03 00:00:00+00:00
[2024-07-03T00:05:03.565+0000] {processor.py:183} INFO - Processing /home/airflow/.local/lib/python3.12/site-packages/airflow/example_dags/tutorial.py took 0.070 seconds
[2024-07-03T00:05:33.639+0000] {processor.py:161} INFO - Started process (PID=1356) to work on /home/airflow/.local/lib/python3.12/site-packages/airflow/example_dags/tutorial.py
[2024-07-03T00:05:33.640+0000] {processor.py:830} INFO - Processing file /home/airflow/.local/lib/python3.12/site-packages/airflow/example_dags/tutorial.py for tasks to queue
[2024-07-03T00:05:33.642+0000] {logging_mixin.py:188} INFO - [2024-07-03T00:05:33.641+0000] {dagbag.py:545} INFO - Filling up the DagBag from /home/airflow/.local/lib/python3.12/site-packages/airflow/example_dags/tutorial.py
[2024-07-03T00:05:33.647+0000] {processor.py:840} INFO - DAG(s) 'tutorial' retrieved from /home/airflow/.local/lib/python3.12/site-packages/airflow/example_dags/tutorial.py
[2024-07-03T00:05:33.667+0000] {logging_mixin.py:188} INFO - [2024-07-03T00:05:33.667+0000] {dag.py:3096} INFO - Sync 1 DAGs
[2024-07-03T00:05:33.690+0000] {logging_mixin.py:188} INFO - [2024-07-03T00:05:33.689+0000] {dag.py:3954} INFO - Setting next_dagrun for tutorial to 2024-07-02 00:00:00+00:00, run_after=2024-07-03 00:00:00+00:00
[2024-07-03T00:05:33.707+0000] {processor.py:183} INFO - Processing /home/airflow/.local/lib/python3.12/site-packages/airflow/example_dags/tutorial.py took 0.074 seconds
[2024-07-03T00:06:07.181+0000] {processor.py:161} INFO - Started process (PID=1414) to work on /home/airflow/.local/lib/python3.12/site-packages/airflow/example_dags/tutorial.py
[2024-07-03T00:06:07.182+0000] {processor.py:830} INFO - Processing file /home/airflow/.local/lib/python3.12/site-packages/airflow/example_dags/tutorial.py for tasks to queue
[2024-07-03T00:06:07.184+0000] {logging_mixin.py:188} INFO - [2024-07-03T00:06:07.184+0000] {dagbag.py:545} INFO - Filling up the DagBag from /home/airflow/.local/lib/python3.12/site-packages/airflow/example_dags/tutorial.py
[2024-07-03T00:06:07.193+0000] {processor.py:840} INFO - DAG(s) 'tutorial' retrieved from /home/airflow/.local/lib/python3.12/site-packages/airflow/example_dags/tutorial.py
[2024-07-03T00:06:07.372+0000] {logging_mixin.py:188} INFO - [2024-07-03T00:06:07.371+0000] {dag.py:3096} INFO - Sync 1 DAGs
[2024-07-03T00:06:07.409+0000] {logging_mixin.py:188} INFO - [2024-07-03T00:06:07.409+0000] {dag.py:3954} INFO - Setting next_dagrun for tutorial to 2024-07-02 00:00:00+00:00, run_after=2024-07-03 00:00:00+00:00
[2024-07-03T00:06:07.499+0000] {processor.py:183} INFO - Processing /home/airflow/.local/lib/python3.12/site-packages/airflow/example_dags/tutorial.py took 0.327 seconds
[2024-07-03T00:06:37.640+0000] {processor.py:161} INFO - Started process (PID=1472) to work on /home/airflow/.local/lib/python3.12/site-packages/airflow/example_dags/tutorial.py
[2024-07-03T00:06:37.641+0000] {processor.py:830} INFO - Processing file /home/airflow/.local/lib/python3.12/site-packages/airflow/example_dags/tutorial.py for tasks to queue
[2024-07-03T00:06:37.644+0000] {logging_mixin.py:188} INFO - [2024-07-03T00:06:37.643+0000] {dagbag.py:545} INFO - Filling up the DagBag from /home/airflow/.local/lib/python3.12/site-packages/airflow/example_dags/tutorial.py
[2024-07-03T00:06:37.652+0000] {processor.py:840} INFO - DAG(s) 'tutorial' retrieved from /home/airflow/.local/lib/python3.12/site-packages/airflow/example_dags/tutorial.py
[2024-07-03T00:06:37.684+0000] {logging_mixin.py:188} INFO - [2024-07-03T00:06:37.684+0000] {dag.py:3096} INFO - Sync 1 DAGs
[2024-07-03T00:06:37.712+0000] {logging_mixin.py:188} INFO - [2024-07-03T00:06:37.712+0000] {dag.py:3954} INFO - Setting next_dagrun for tutorial to 2024-07-02 00:00:00+00:00, run_after=2024-07-03 00:00:00+00:00
[2024-07-03T00:06:37.740+0000] {processor.py:183} INFO - Processing /home/airflow/.local/lib/python3.12/site-packages/airflow/example_dags/tutorial.py took 0.110 seconds
[2024-07-03T00:07:07.780+0000] {processor.py:161} INFO - Started process (PID=1530) to work on /home/airflow/.local/lib/python3.12/site-packages/airflow/example_dags/tutorial.py
[2024-07-03T00:07:07.781+0000] {processor.py:830} INFO - Processing file /home/airflow/.local/lib/python3.12/site-packages/airflow/example_dags/tutorial.py for tasks to queue
[2024-07-03T00:07:07.783+0000] {logging_mixin.py:188} INFO - [2024-07-03T00:07:07.782+0000] {dagbag.py:545} INFO - Filling up the DagBag from /home/airflow/.local/lib/python3.12/site-packages/airflow/example_dags/tutorial.py
[2024-07-03T00:07:07.789+0000] {processor.py:840} INFO - DAG(s) 'tutorial' retrieved from /home/airflow/.local/lib/python3.12/site-packages/airflow/example_dags/tutorial.py
[2024-07-03T00:07:07.813+0000] {logging_mixin.py:188} INFO - [2024-07-03T00:07:07.813+0000] {dag.py:3096} INFO - Sync 1 DAGs
[2024-07-03T00:07:07.837+0000] {logging_mixin.py:188} INFO - [2024-07-03T00:07:07.837+0000] {dag.py:3954} INFO - Setting next_dagrun for tutorial to 2024-07-02 00:00:00+00:00, run_after=2024-07-03 00:00:00+00:00
[2024-07-03T00:07:07.855+0000] {processor.py:183} INFO - Processing /home/airflow/.local/lib/python3.12/site-packages/airflow/example_dags/tutorial.py took 0.081 seconds
