[2024-07-02T23:55:12.603+0000] {processor.py:161} INFO - Started process (PID=154) to work on /home/airflow/.local/lib/python3.12/site-packages/airflow/example_dags/example_branch_operator.py
[2024-07-02T23:55:12.604+0000] {processor.py:830} INFO - Processing file /home/airflow/.local/lib/python3.12/site-packages/airflow/example_dags/example_branch_operator.py for tasks to queue
[2024-07-02T23:55:12.605+0000] {logging_mixin.py:188} INFO - [2024-07-02T23:55:12.605+0000] {dagbag.py:545} INFO - Filling up the DagBag from /home/airflow/.local/lib/python3.12/site-packages/airflow/example_dags/example_branch_operator.py
[2024-07-02T23:55:12.624+0000] {processor.py:840} INFO - DAG(s) 'example_branch_operator' retrieved from /home/airflow/.local/lib/python3.12/site-packages/airflow/example_dags/example_branch_operator.py
[2024-07-02T23:55:12.748+0000] {logging_mixin.py:188} INFO - [2024-07-02T23:55:12.748+0000] {override.py:1829} INFO - Created Permission View: can read on DAG:example_branch_operator
[2024-07-02T23:55:12.756+0000] {logging_mixin.py:188} INFO - [2024-07-02T23:55:12.756+0000] {override.py:1829} INFO - Created Permission View: can delete on DAG:example_branch_operator
[2024-07-02T23:55:12.769+0000] {logging_mixin.py:188} INFO - [2024-07-02T23:55:12.768+0000] {override.py:1829} INFO - Created Permission View: can edit on DAG:example_branch_operator
[2024-07-02T23:55:12.769+0000] {logging_mixin.py:188} INFO - [2024-07-02T23:55:12.769+0000] {dag.py:3096} INFO - Sync 1 DAGs
[2024-07-02T23:55:12.779+0000] {logging_mixin.py:188} INFO - [2024-07-02T23:55:12.779+0000] {dag.py:3118} INFO - Creating ORM DAG for example_branch_operator
[2024-07-02T23:55:12.789+0000] {logging_mixin.py:188} INFO - [2024-07-02T23:55:12.789+0000] {dag.py:3954} INFO - Setting next_dagrun for example_branch_operator to 2024-07-01 00:00:00+00:00, run_after=2024-07-02 00:00:00+00:00
[2024-07-02T23:55:12.807+0000] {processor.py:183} INFO - Processing /home/airflow/.local/lib/python3.12/site-packages/airflow/example_dags/example_branch_operator.py took 0.211 seconds
[2024-07-02T23:55:42.922+0000] {processor.py:161} INFO - Started process (PID=212) to work on /home/airflow/.local/lib/python3.12/site-packages/airflow/example_dags/example_branch_operator.py
[2024-07-02T23:55:42.923+0000] {processor.py:830} INFO - Processing file /home/airflow/.local/lib/python3.12/site-packages/airflow/example_dags/example_branch_operator.py for tasks to queue
[2024-07-02T23:55:42.925+0000] {logging_mixin.py:188} INFO - [2024-07-02T23:55:42.924+0000] {dagbag.py:545} INFO - Filling up the DagBag from /home/airflow/.local/lib/python3.12/site-packages/airflow/example_dags/example_branch_operator.py
[2024-07-02T23:55:42.942+0000] {processor.py:840} INFO - DAG(s) 'example_branch_operator' retrieved from /home/airflow/.local/lib/python3.12/site-packages/airflow/example_dags/example_branch_operator.py
[2024-07-02T23:55:42.983+0000] {logging_mixin.py:188} INFO - [2024-07-02T23:55:42.983+0000] {dag.py:3096} INFO - Sync 1 DAGs
[2024-07-02T23:55:43.009+0000] {logging_mixin.py:188} INFO - [2024-07-02T23:55:43.008+0000] {dag.py:3954} INFO - Setting next_dagrun for example_branch_operator to 2024-07-01 00:00:00+00:00, run_after=2024-07-02 00:00:00+00:00
[2024-07-02T23:55:43.028+0000] {processor.py:183} INFO - Processing /home/airflow/.local/lib/python3.12/site-packages/airflow/example_dags/example_branch_operator.py took 0.112 seconds
[2024-07-02T23:56:13.188+0000] {processor.py:161} INFO - Started process (PID=270) to work on /home/airflow/.local/lib/python3.12/site-packages/airflow/example_dags/example_branch_operator.py
[2024-07-02T23:56:13.189+0000] {processor.py:830} INFO - Processing file /home/airflow/.local/lib/python3.12/site-packages/airflow/example_dags/example_branch_operator.py for tasks to queue
[2024-07-02T23:56:13.191+0000] {logging_mixin.py:188} INFO - [2024-07-02T23:56:13.191+0000] {dagbag.py:545} INFO - Filling up the DagBag from /home/airflow/.local/lib/python3.12/site-packages/airflow/example_dags/example_branch_operator.py
[2024-07-02T23:56:13.207+0000] {processor.py:840} INFO - DAG(s) 'example_branch_operator' retrieved from /home/airflow/.local/lib/python3.12/site-packages/airflow/example_dags/example_branch_operator.py
[2024-07-02T23:56:13.237+0000] {logging_mixin.py:188} INFO - [2024-07-02T23:56:13.236+0000] {dag.py:3096} INFO - Sync 1 DAGs
[2024-07-02T23:56:13.258+0000] {logging_mixin.py:188} INFO - [2024-07-02T23:56:13.258+0000] {dag.py:3954} INFO - Setting next_dagrun for example_branch_operator to 2024-07-01 00:00:00+00:00, run_after=2024-07-02 00:00:00+00:00
[2024-07-02T23:56:13.282+0000] {processor.py:183} INFO - Processing /home/airflow/.local/lib/python3.12/site-packages/airflow/example_dags/example_branch_operator.py took 0.099 seconds
[2024-07-02T23:56:43.559+0000] {processor.py:161} INFO - Started process (PID=328) to work on /home/airflow/.local/lib/python3.12/site-packages/airflow/example_dags/example_branch_operator.py
[2024-07-02T23:56:43.560+0000] {processor.py:830} INFO - Processing file /home/airflow/.local/lib/python3.12/site-packages/airflow/example_dags/example_branch_operator.py for tasks to queue
[2024-07-02T23:56:43.561+0000] {logging_mixin.py:188} INFO - [2024-07-02T23:56:43.561+0000] {dagbag.py:545} INFO - Filling up the DagBag from /home/airflow/.local/lib/python3.12/site-packages/airflow/example_dags/example_branch_operator.py
[2024-07-02T23:56:43.578+0000] {processor.py:840} INFO - DAG(s) 'example_branch_operator' retrieved from /home/airflow/.local/lib/python3.12/site-packages/airflow/example_dags/example_branch_operator.py
[2024-07-02T23:56:43.609+0000] {logging_mixin.py:188} INFO - [2024-07-02T23:56:43.609+0000] {dag.py:3096} INFO - Sync 1 DAGs
[2024-07-02T23:56:43.634+0000] {logging_mixin.py:188} INFO - [2024-07-02T23:56:43.634+0000] {dag.py:3954} INFO - Setting next_dagrun for example_branch_operator to 2024-07-01 00:00:00+00:00, run_after=2024-07-02 00:00:00+00:00
[2024-07-02T23:56:43.653+0000] {processor.py:183} INFO - Processing /home/airflow/.local/lib/python3.12/site-packages/airflow/example_dags/example_branch_operator.py took 0.100 seconds
[2024-07-02T23:57:13.922+0000] {processor.py:161} INFO - Started process (PID=386) to work on /home/airflow/.local/lib/python3.12/site-packages/airflow/example_dags/example_branch_operator.py
[2024-07-02T23:57:13.923+0000] {processor.py:830} INFO - Processing file /home/airflow/.local/lib/python3.12/site-packages/airflow/example_dags/example_branch_operator.py for tasks to queue
[2024-07-02T23:57:13.925+0000] {logging_mixin.py:188} INFO - [2024-07-02T23:57:13.925+0000] {dagbag.py:545} INFO - Filling up the DagBag from /home/airflow/.local/lib/python3.12/site-packages/airflow/example_dags/example_branch_operator.py
[2024-07-02T23:57:13.942+0000] {processor.py:840} INFO - DAG(s) 'example_branch_operator' retrieved from /home/airflow/.local/lib/python3.12/site-packages/airflow/example_dags/example_branch_operator.py
[2024-07-02T23:57:13.982+0000] {logging_mixin.py:188} INFO - [2024-07-02T23:57:13.981+0000] {dag.py:3096} INFO - Sync 1 DAGs
[2024-07-02T23:57:14.005+0000] {logging_mixin.py:188} INFO - [2024-07-02T23:57:14.005+0000] {dag.py:3954} INFO - Setting next_dagrun for example_branch_operator to 2024-07-01 00:00:00+00:00, run_after=2024-07-02 00:00:00+00:00
[2024-07-02T23:57:14.077+0000] {processor.py:183} INFO - Processing /home/airflow/.local/lib/python3.12/site-packages/airflow/example_dags/example_branch_operator.py took 0.161 seconds
[2024-07-02T23:57:44.161+0000] {processor.py:161} INFO - Started process (PID=444) to work on /home/airflow/.local/lib/python3.12/site-packages/airflow/example_dags/example_branch_operator.py
[2024-07-02T23:57:44.163+0000] {processor.py:830} INFO - Processing file /home/airflow/.local/lib/python3.12/site-packages/airflow/example_dags/example_branch_operator.py for tasks to queue
[2024-07-02T23:57:44.165+0000] {logging_mixin.py:188} INFO - [2024-07-02T23:57:44.165+0000] {dagbag.py:545} INFO - Filling up the DagBag from /home/airflow/.local/lib/python3.12/site-packages/airflow/example_dags/example_branch_operator.py
[2024-07-02T23:57:44.189+0000] {processor.py:840} INFO - DAG(s) 'example_branch_operator' retrieved from /home/airflow/.local/lib/python3.12/site-packages/airflow/example_dags/example_branch_operator.py
[2024-07-02T23:57:44.233+0000] {logging_mixin.py:188} INFO - [2024-07-02T23:57:44.232+0000] {dag.py:3096} INFO - Sync 1 DAGs
[2024-07-02T23:57:44.258+0000] {logging_mixin.py:188} INFO - [2024-07-02T23:57:44.257+0000] {dag.py:3954} INFO - Setting next_dagrun for example_branch_operator to 2024-07-01 00:00:00+00:00, run_after=2024-07-02 00:00:00+00:00
[2024-07-02T23:57:44.280+0000] {processor.py:183} INFO - Processing /home/airflow/.local/lib/python3.12/site-packages/airflow/example_dags/example_branch_operator.py took 0.126 seconds
[2024-07-02T23:58:14.373+0000] {processor.py:161} INFO - Started process (PID=502) to work on /home/airflow/.local/lib/python3.12/site-packages/airflow/example_dags/example_branch_operator.py
[2024-07-02T23:58:14.376+0000] {processor.py:830} INFO - Processing file /home/airflow/.local/lib/python3.12/site-packages/airflow/example_dags/example_branch_operator.py for tasks to queue
[2024-07-02T23:58:14.378+0000] {logging_mixin.py:188} INFO - [2024-07-02T23:58:14.378+0000] {dagbag.py:545} INFO - Filling up the DagBag from /home/airflow/.local/lib/python3.12/site-packages/airflow/example_dags/example_branch_operator.py
[2024-07-02T23:58:14.401+0000] {processor.py:840} INFO - DAG(s) 'example_branch_operator' retrieved from /home/airflow/.local/lib/python3.12/site-packages/airflow/example_dags/example_branch_operator.py
[2024-07-02T23:58:14.441+0000] {logging_mixin.py:188} INFO - [2024-07-02T23:58:14.441+0000] {dag.py:3096} INFO - Sync 1 DAGs
[2024-07-02T23:58:14.472+0000] {logging_mixin.py:188} INFO - [2024-07-02T23:58:14.472+0000] {dag.py:3954} INFO - Setting next_dagrun for example_branch_operator to 2024-07-01 00:00:00+00:00, run_after=2024-07-02 00:00:00+00:00
[2024-07-02T23:58:14.498+0000] {processor.py:183} INFO - Processing /home/airflow/.local/lib/python3.12/site-packages/airflow/example_dags/example_branch_operator.py took 0.135 seconds
[2024-07-02T23:58:47.488+0000] {processor.py:161} INFO - Started process (PID=560) to work on /home/airflow/.local/lib/python3.12/site-packages/airflow/example_dags/example_branch_operator.py
[2024-07-02T23:58:47.490+0000] {processor.py:830} INFO - Processing file /home/airflow/.local/lib/python3.12/site-packages/airflow/example_dags/example_branch_operator.py for tasks to queue
[2024-07-02T23:58:47.491+0000] {logging_mixin.py:188} INFO - [2024-07-02T23:58:47.491+0000] {dagbag.py:545} INFO - Filling up the DagBag from /home/airflow/.local/lib/python3.12/site-packages/airflow/example_dags/example_branch_operator.py
[2024-07-02T23:58:47.509+0000] {processor.py:840} INFO - DAG(s) 'example_branch_operator' retrieved from /home/airflow/.local/lib/python3.12/site-packages/airflow/example_dags/example_branch_operator.py
[2024-07-02T23:58:47.812+0000] {logging_mixin.py:188} INFO - [2024-07-02T23:58:47.811+0000] {dag.py:3096} INFO - Sync 1 DAGs
[2024-07-02T23:58:48.506+0000] {logging_mixin.py:188} INFO - [2024-07-02T23:58:48.499+0000] {dag.py:3954} INFO - Setting next_dagrun for example_branch_operator to 2024-07-01 00:00:00+00:00, run_after=2024-07-02 00:00:00+00:00
[2024-07-02T23:58:48.781+0000] {processor.py:183} INFO - Processing /home/airflow/.local/lib/python3.12/site-packages/airflow/example_dags/example_branch_operator.py took 1.299 seconds
[2024-07-02T23:59:18.990+0000] {processor.py:161} INFO - Started process (PID=618) to work on /home/airflow/.local/lib/python3.12/site-packages/airflow/example_dags/example_branch_operator.py
[2024-07-02T23:59:18.991+0000] {processor.py:830} INFO - Processing file /home/airflow/.local/lib/python3.12/site-packages/airflow/example_dags/example_branch_operator.py for tasks to queue
[2024-07-02T23:59:18.993+0000] {logging_mixin.py:188} INFO - [2024-07-02T23:59:18.993+0000] {dagbag.py:545} INFO - Filling up the DagBag from /home/airflow/.local/lib/python3.12/site-packages/airflow/example_dags/example_branch_operator.py
[2024-07-02T23:59:19.010+0000] {processor.py:840} INFO - DAG(s) 'example_branch_operator' retrieved from /home/airflow/.local/lib/python3.12/site-packages/airflow/example_dags/example_branch_operator.py
[2024-07-02T23:59:19.072+0000] {logging_mixin.py:188} INFO - [2024-07-02T23:59:19.072+0000] {dag.py:3096} INFO - Sync 1 DAGs
[2024-07-02T23:59:19.100+0000] {logging_mixin.py:188} INFO - [2024-07-02T23:59:19.099+0000] {dag.py:3954} INFO - Setting next_dagrun for example_branch_operator to 2024-07-01 00:00:00+00:00, run_after=2024-07-02 00:00:00+00:00
[2024-07-02T23:59:19.119+0000] {processor.py:183} INFO - Processing /home/airflow/.local/lib/python3.12/site-packages/airflow/example_dags/example_branch_operator.py took 0.135 seconds
[2024-07-02T23:59:49.210+0000] {processor.py:161} INFO - Started process (PID=676) to work on /home/airflow/.local/lib/python3.12/site-packages/airflow/example_dags/example_branch_operator.py
[2024-07-02T23:59:49.211+0000] {processor.py:830} INFO - Processing file /home/airflow/.local/lib/python3.12/site-packages/airflow/example_dags/example_branch_operator.py for tasks to queue
[2024-07-02T23:59:49.212+0000] {logging_mixin.py:188} INFO - [2024-07-02T23:59:49.212+0000] {dagbag.py:545} INFO - Filling up the DagBag from /home/airflow/.local/lib/python3.12/site-packages/airflow/example_dags/example_branch_operator.py
[2024-07-02T23:59:49.228+0000] {processor.py:840} INFO - DAG(s) 'example_branch_operator' retrieved from /home/airflow/.local/lib/python3.12/site-packages/airflow/example_dags/example_branch_operator.py
[2024-07-02T23:59:49.257+0000] {logging_mixin.py:188} INFO - [2024-07-02T23:59:49.256+0000] {dag.py:3096} INFO - Sync 1 DAGs
[2024-07-02T23:59:49.282+0000] {logging_mixin.py:188} INFO - [2024-07-02T23:59:49.281+0000] {dag.py:3954} INFO - Setting next_dagrun for example_branch_operator to 2024-07-01 00:00:00+00:00, run_after=2024-07-02 00:00:00+00:00
[2024-07-02T23:59:49.299+0000] {processor.py:183} INFO - Processing /home/airflow/.local/lib/python3.12/site-packages/airflow/example_dags/example_branch_operator.py took 0.096 seconds
