[2024-07-02T23:55:13.090+0000] {processor.py:161} INFO - Started process (PID=158) to work on /home/airflow/.local/lib/python3.12/site-packages/airflow/example_dags/example_dag_decorator.py
[2024-07-02T23:55:13.091+0000] {processor.py:830} INFO - Processing file /home/airflow/.local/lib/python3.12/site-packages/airflow/example_dags/example_dag_decorator.py for tasks to queue
[2024-07-02T23:55:13.093+0000] {logging_mixin.py:188} INFO - [2024-07-02T23:55:13.093+0000] {dagbag.py:545} INFO - Filling up the DagBag from /home/airflow/.local/lib/python3.12/site-packages/airflow/example_dags/example_dag_decorator.py
[2024-07-02T23:55:13.542+0000] {processor.py:840} INFO - DAG(s) 'example_dag_decorator' retrieved from /home/airflow/.local/lib/python3.12/site-packages/airflow/example_dags/example_dag_decorator.py
[2024-07-02T23:55:13.721+0000] {logging_mixin.py:188} INFO - [2024-07-02T23:55:13.721+0000] {override.py:1829} INFO - Created Permission View: can read on DAG:example_dag_decorator
[2024-07-02T23:55:13.731+0000] {logging_mixin.py:188} INFO - [2024-07-02T23:55:13.730+0000] {override.py:1829} INFO - Created Permission View: can delete on DAG:example_dag_decorator
[2024-07-02T23:55:13.736+0000] {logging_mixin.py:188} INFO - [2024-07-02T23:55:13.736+0000] {override.py:1829} INFO - Created Permission View: can edit on DAG:example_dag_decorator
[2024-07-02T23:55:13.737+0000] {logging_mixin.py:188} INFO - [2024-07-02T23:55:13.737+0000] {dag.py:3096} INFO - Sync 1 DAGs
[2024-07-02T23:55:13.749+0000] {logging_mixin.py:188} INFO - [2024-07-02T23:55:13.749+0000] {dag.py:3118} INFO - Creating ORM DAG for example_dag_decorator
[2024-07-02T23:55:13.750+0000] {logging_mixin.py:188} INFO - [2024-07-02T23:55:13.749+0000] {dag.py:3954} INFO - Setting next_dagrun for example_dag_decorator to None, run_after=None
[2024-07-02T23:55:13.769+0000] {processor.py:183} INFO - Processing /home/airflow/.local/lib/python3.12/site-packages/airflow/example_dags/example_dag_decorator.py took 0.684 seconds
[2024-07-02T23:55:44.223+0000] {processor.py:161} INFO - Started process (PID=216) to work on /home/airflow/.local/lib/python3.12/site-packages/airflow/example_dags/example_dag_decorator.py
[2024-07-02T23:55:44.224+0000] {processor.py:830} INFO - Processing file /home/airflow/.local/lib/python3.12/site-packages/airflow/example_dags/example_dag_decorator.py for tasks to queue
[2024-07-02T23:55:44.225+0000] {logging_mixin.py:188} INFO - [2024-07-02T23:55:44.225+0000] {dagbag.py:545} INFO - Filling up the DagBag from /home/airflow/.local/lib/python3.12/site-packages/airflow/example_dags/example_dag_decorator.py
[2024-07-02T23:55:44.383+0000] {processor.py:840} INFO - DAG(s) 'example_dag_decorator' retrieved from /home/airflow/.local/lib/python3.12/site-packages/airflow/example_dags/example_dag_decorator.py
[2024-07-02T23:55:44.519+0000] {logging_mixin.py:188} INFO - [2024-07-02T23:55:44.519+0000] {dag.py:3096} INFO - Sync 1 DAGs
[2024-07-02T23:55:44.530+0000] {logging_mixin.py:188} INFO - [2024-07-02T23:55:44.530+0000] {dag.py:3954} INFO - Setting next_dagrun for example_dag_decorator to None, run_after=None
[2024-07-02T23:55:44.549+0000] {processor.py:183} INFO - Processing /home/airflow/.local/lib/python3.12/site-packages/airflow/example_dags/example_dag_decorator.py took 0.332 seconds
[2024-07-02T23:56:14.706+0000] {processor.py:161} INFO - Started process (PID=275) to work on /home/airflow/.local/lib/python3.12/site-packages/airflow/example_dags/example_dag_decorator.py
[2024-07-02T23:56:14.707+0000] {processor.py:830} INFO - Processing file /home/airflow/.local/lib/python3.12/site-packages/airflow/example_dags/example_dag_decorator.py for tasks to queue
[2024-07-02T23:56:14.709+0000] {logging_mixin.py:188} INFO - [2024-07-02T23:56:14.708+0000] {dagbag.py:545} INFO - Filling up the DagBag from /home/airflow/.local/lib/python3.12/site-packages/airflow/example_dags/example_dag_decorator.py
[2024-07-02T23:56:14.828+0000] {processor.py:840} INFO - DAG(s) 'example_dag_decorator' retrieved from /home/airflow/.local/lib/python3.12/site-packages/airflow/example_dags/example_dag_decorator.py
[2024-07-02T23:56:14.953+0000] {logging_mixin.py:188} INFO - [2024-07-02T23:56:14.953+0000] {dag.py:3096} INFO - Sync 1 DAGs
[2024-07-02T23:56:14.968+0000] {logging_mixin.py:188} INFO - [2024-07-02T23:56:14.967+0000] {dag.py:3954} INFO - Setting next_dagrun for example_dag_decorator to None, run_after=None
[2024-07-02T23:56:14.996+0000] {processor.py:183} INFO - Processing /home/airflow/.local/lib/python3.12/site-packages/airflow/example_dags/example_dag_decorator.py took 0.296 seconds
[2024-07-02T23:56:45.065+0000] {processor.py:161} INFO - Started process (PID=335) to work on /home/airflow/.local/lib/python3.12/site-packages/airflow/example_dags/example_dag_decorator.py
[2024-07-02T23:56:45.066+0000] {processor.py:830} INFO - Processing file /home/airflow/.local/lib/python3.12/site-packages/airflow/example_dags/example_dag_decorator.py for tasks to queue
[2024-07-02T23:56:45.068+0000] {logging_mixin.py:188} INFO - [2024-07-02T23:56:45.067+0000] {dagbag.py:545} INFO - Filling up the DagBag from /home/airflow/.local/lib/python3.12/site-packages/airflow/example_dags/example_dag_decorator.py
[2024-07-02T23:56:45.177+0000] {processor.py:840} INFO - DAG(s) 'example_dag_decorator' retrieved from /home/airflow/.local/lib/python3.12/site-packages/airflow/example_dags/example_dag_decorator.py
[2024-07-02T23:56:45.295+0000] {logging_mixin.py:188} INFO - [2024-07-02T23:56:45.295+0000] {dag.py:3096} INFO - Sync 1 DAGs
[2024-07-02T23:56:45.309+0000] {logging_mixin.py:188} INFO - [2024-07-02T23:56:45.309+0000] {dag.py:3954} INFO - Setting next_dagrun for example_dag_decorator to None, run_after=None
[2024-07-02T23:56:45.329+0000] {processor.py:183} INFO - Processing /home/airflow/.local/lib/python3.12/site-packages/airflow/example_dags/example_dag_decorator.py took 0.270 seconds
[2024-07-02T23:57:15.489+0000] {processor.py:161} INFO - Started process (PID=395) to work on /home/airflow/.local/lib/python3.12/site-packages/airflow/example_dags/example_dag_decorator.py
[2024-07-02T23:57:15.490+0000] {processor.py:830} INFO - Processing file /home/airflow/.local/lib/python3.12/site-packages/airflow/example_dags/example_dag_decorator.py for tasks to queue
[2024-07-02T23:57:15.492+0000] {logging_mixin.py:188} INFO - [2024-07-02T23:57:15.491+0000] {dagbag.py:545} INFO - Filling up the DagBag from /home/airflow/.local/lib/python3.12/site-packages/airflow/example_dags/example_dag_decorator.py
[2024-07-02T23:57:15.607+0000] {processor.py:840} INFO - DAG(s) 'example_dag_decorator' retrieved from /home/airflow/.local/lib/python3.12/site-packages/airflow/example_dags/example_dag_decorator.py
[2024-07-02T23:57:15.748+0000] {logging_mixin.py:188} INFO - [2024-07-02T23:57:15.747+0000] {dag.py:3096} INFO - Sync 1 DAGs
[2024-07-02T23:57:15.765+0000] {logging_mixin.py:188} INFO - [2024-07-02T23:57:15.765+0000] {dag.py:3954} INFO - Setting next_dagrun for example_dag_decorator to None, run_after=None
[2024-07-02T23:57:15.784+0000] {processor.py:183} INFO - Processing /home/airflow/.local/lib/python3.12/site-packages/airflow/example_dags/example_dag_decorator.py took 0.302 seconds
[2024-07-02T23:57:45.931+0000] {processor.py:161} INFO - Started process (PID=454) to work on /home/airflow/.local/lib/python3.12/site-packages/airflow/example_dags/example_dag_decorator.py
[2024-07-02T23:57:45.932+0000] {processor.py:830} INFO - Processing file /home/airflow/.local/lib/python3.12/site-packages/airflow/example_dags/example_dag_decorator.py for tasks to queue
[2024-07-02T23:57:45.934+0000] {logging_mixin.py:188} INFO - [2024-07-02T23:57:45.933+0000] {dagbag.py:545} INFO - Filling up the DagBag from /home/airflow/.local/lib/python3.12/site-packages/airflow/example_dags/example_dag_decorator.py
[2024-07-02T23:57:46.047+0000] {processor.py:840} INFO - DAG(s) 'example_dag_decorator' retrieved from /home/airflow/.local/lib/python3.12/site-packages/airflow/example_dags/example_dag_decorator.py
[2024-07-02T23:57:46.157+0000] {logging_mixin.py:188} INFO - [2024-07-02T23:57:46.157+0000] {dag.py:3096} INFO - Sync 1 DAGs
[2024-07-02T23:57:46.171+0000] {logging_mixin.py:188} INFO - [2024-07-02T23:57:46.171+0000] {dag.py:3954} INFO - Setting next_dagrun for example_dag_decorator to None, run_after=None
[2024-07-02T23:57:46.191+0000] {processor.py:183} INFO - Processing /home/airflow/.local/lib/python3.12/site-packages/airflow/example_dags/example_dag_decorator.py took 0.266 seconds
[2024-07-02T23:58:16.279+0000] {processor.py:161} INFO - Started process (PID=512) to work on /home/airflow/.local/lib/python3.12/site-packages/airflow/example_dags/example_dag_decorator.py
[2024-07-02T23:58:16.280+0000] {processor.py:830} INFO - Processing file /home/airflow/.local/lib/python3.12/site-packages/airflow/example_dags/example_dag_decorator.py for tasks to queue
[2024-07-02T23:58:16.282+0000] {logging_mixin.py:188} INFO - [2024-07-02T23:58:16.282+0000] {dagbag.py:545} INFO - Filling up the DagBag from /home/airflow/.local/lib/python3.12/site-packages/airflow/example_dags/example_dag_decorator.py
[2024-07-02T23:58:16.408+0000] {processor.py:840} INFO - DAG(s) 'example_dag_decorator' retrieved from /home/airflow/.local/lib/python3.12/site-packages/airflow/example_dags/example_dag_decorator.py
[2024-07-02T23:58:16.527+0000] {logging_mixin.py:188} INFO - [2024-07-02T23:58:16.527+0000] {dag.py:3096} INFO - Sync 1 DAGs
[2024-07-02T23:58:16.537+0000] {logging_mixin.py:188} INFO - [2024-07-02T23:58:16.536+0000] {dag.py:3954} INFO - Setting next_dagrun for example_dag_decorator to None, run_after=None
[2024-07-02T23:58:16.553+0000] {processor.py:183} INFO - Processing /home/airflow/.local/lib/python3.12/site-packages/airflow/example_dags/example_dag_decorator.py took 0.281 seconds
[2024-07-02T23:58:49.789+0000] {processor.py:161} INFO - Started process (PID=564) to work on /home/airflow/.local/lib/python3.12/site-packages/airflow/example_dags/example_dag_decorator.py
[2024-07-02T23:58:49.790+0000] {processor.py:830} INFO - Processing file /home/airflow/.local/lib/python3.12/site-packages/airflow/example_dags/example_dag_decorator.py for tasks to queue
[2024-07-02T23:58:49.792+0000] {logging_mixin.py:188} INFO - [2024-07-02T23:58:49.792+0000] {dagbag.py:545} INFO - Filling up the DagBag from /home/airflow/.local/lib/python3.12/site-packages/airflow/example_dags/example_dag_decorator.py
[2024-07-02T23:58:50.811+0000] {processor.py:840} INFO - DAG(s) 'example_dag_decorator' retrieved from /home/airflow/.local/lib/python3.12/site-packages/airflow/example_dags/example_dag_decorator.py
[2024-07-02T23:58:52.192+0000] {logging_mixin.py:188} INFO - [2024-07-02T23:58:52.192+0000] {dag.py:3096} INFO - Sync 1 DAGs
[2024-07-02T23:58:52.270+0000] {logging_mixin.py:188} INFO - [2024-07-02T23:58:52.270+0000] {dag.py:3954} INFO - Setting next_dagrun for example_dag_decorator to None, run_after=None
[2024-07-02T23:58:52.400+0000] {processor.py:183} INFO - Processing /home/airflow/.local/lib/python3.12/site-packages/airflow/example_dags/example_dag_decorator.py took 2.620 seconds
[2024-07-02T23:59:23.314+0000] {processor.py:161} INFO - Started process (PID=623) to work on /home/airflow/.local/lib/python3.12/site-packages/airflow/example_dags/example_dag_decorator.py
[2024-07-02T23:59:23.315+0000] {processor.py:830} INFO - Processing file /home/airflow/.local/lib/python3.12/site-packages/airflow/example_dags/example_dag_decorator.py for tasks to queue
[2024-07-02T23:59:23.317+0000] {logging_mixin.py:188} INFO - [2024-07-02T23:59:23.316+0000] {dagbag.py:545} INFO - Filling up the DagBag from /home/airflow/.local/lib/python3.12/site-packages/airflow/example_dags/example_dag_decorator.py
[2024-07-02T23:59:23.493+0000] {processor.py:840} INFO - DAG(s) 'example_dag_decorator' retrieved from /home/airflow/.local/lib/python3.12/site-packages/airflow/example_dags/example_dag_decorator.py
[2024-07-02T23:59:23.772+0000] {logging_mixin.py:188} INFO - [2024-07-02T23:59:23.772+0000] {dag.py:3096} INFO - Sync 1 DAGs
[2024-07-02T23:59:23.787+0000] {logging_mixin.py:188} INFO - [2024-07-02T23:59:23.787+0000] {dag.py:3954} INFO - Setting next_dagrun for example_dag_decorator to None, run_after=None
[2024-07-02T23:59:23.876+0000] {processor.py:183} INFO - Processing /home/airflow/.local/lib/python3.12/site-packages/airflow/example_dags/example_dag_decorator.py took 0.569 seconds
[2024-07-02T23:59:54.738+0000] {processor.py:161} INFO - Started process (PID=683) to work on /home/airflow/.local/lib/python3.12/site-packages/airflow/example_dags/example_dag_decorator.py
[2024-07-02T23:59:54.740+0000] {processor.py:830} INFO - Processing file /home/airflow/.local/lib/python3.12/site-packages/airflow/example_dags/example_dag_decorator.py for tasks to queue
[2024-07-02T23:59:54.742+0000] {logging_mixin.py:188} INFO - [2024-07-02T23:59:54.741+0000] {dagbag.py:545} INFO - Filling up the DagBag from /home/airflow/.local/lib/python3.12/site-packages/airflow/example_dags/example_dag_decorator.py
[2024-07-02T23:59:54.851+0000] {processor.py:840} INFO - DAG(s) 'example_dag_decorator' retrieved from /home/airflow/.local/lib/python3.12/site-packages/airflow/example_dags/example_dag_decorator.py
[2024-07-02T23:59:55.075+0000] {logging_mixin.py:188} INFO - [2024-07-02T23:59:55.075+0000] {dag.py:3096} INFO - Sync 1 DAGs
[2024-07-02T23:59:55.281+0000] {logging_mixin.py:188} INFO - [2024-07-02T23:59:55.281+0000] {dag.py:3954} INFO - Setting next_dagrun for example_dag_decorator to None, run_after=None
[2024-07-02T23:59:55.300+0000] {processor.py:183} INFO - Processing /home/airflow/.local/lib/python3.12/site-packages/airflow/example_dags/example_dag_decorator.py took 0.568 seconds
