[2024-07-02T23:55:14.671+0000] {processor.py:161} INFO - Started process (PID=165) to work on /home/airflow/.local/lib/python3.12/site-packages/airflow/example_dags/example_latest_only.py
[2024-07-02T23:55:14.673+0000] {processor.py:830} INFO - Processing file /home/airflow/.local/lib/python3.12/site-packages/airflow/example_dags/example_latest_only.py for tasks to queue
[2024-07-02T23:55:14.676+0000] {logging_mixin.py:188} INFO - [2024-07-02T23:55:14.676+0000] {dagbag.py:545} INFO - Filling up the DagBag from /home/airflow/.local/lib/python3.12/site-packages/airflow/example_dags/example_latest_only.py
[2024-07-02T23:55:14.703+0000] {processor.py:840} INFO - DAG(s) 'latest_only' retrieved from /home/airflow/.local/lib/python3.12/site-packages/airflow/example_dags/example_latest_only.py
[2024-07-02T23:55:14.847+0000] {logging_mixin.py:188} INFO - [2024-07-02T23:55:14.846+0000] {override.py:1829} INFO - Created Permission View: can read on DAG:latest_only
[2024-07-02T23:55:14.869+0000] {logging_mixin.py:188} INFO - [2024-07-02T23:55:14.869+0000] {override.py:1829} INFO - Created Permission View: can delete on DAG:latest_only
[2024-07-02T23:55:14.878+0000] {logging_mixin.py:188} INFO - [2024-07-02T23:55:14.878+0000] {override.py:1829} INFO - Created Permission View: can edit on DAG:latest_only
[2024-07-02T23:55:14.879+0000] {logging_mixin.py:188} INFO - [2024-07-02T23:55:14.879+0000] {dag.py:3096} INFO - Sync 1 DAGs
[2024-07-02T23:55:14.902+0000] {logging_mixin.py:188} INFO - [2024-07-02T23:55:14.902+0000] {dag.py:3118} INFO - Creating ORM DAG for latest_only
[2024-07-02T23:55:14.919+0000] {logging_mixin.py:188} INFO - [2024-07-02T23:55:14.919+0000] {dag.py:3954} INFO - Setting next_dagrun for latest_only to 2024-07-02 16:00:00+00:00, run_after=2024-07-02 20:00:00+00:00
[2024-07-02T23:55:14.945+0000] {processor.py:183} INFO - Processing /home/airflow/.local/lib/python3.12/site-packages/airflow/example_dags/example_latest_only.py took 0.294 seconds
[2024-07-02T23:55:45.850+0000] {processor.py:161} INFO - Started process (PID=223) to work on /home/airflow/.local/lib/python3.12/site-packages/airflow/example_dags/example_latest_only.py
[2024-07-02T23:55:45.851+0000] {processor.py:830} INFO - Processing file /home/airflow/.local/lib/python3.12/site-packages/airflow/example_dags/example_latest_only.py for tasks to queue
[2024-07-02T23:55:45.853+0000] {logging_mixin.py:188} INFO - [2024-07-02T23:55:45.852+0000] {dagbag.py:545} INFO - Filling up the DagBag from /home/airflow/.local/lib/python3.12/site-packages/airflow/example_dags/example_latest_only.py
[2024-07-02T23:55:45.858+0000] {processor.py:840} INFO - DAG(s) 'latest_only' retrieved from /home/airflow/.local/lib/python3.12/site-packages/airflow/example_dags/example_latest_only.py
[2024-07-02T23:55:45.880+0000] {logging_mixin.py:188} INFO - [2024-07-02T23:55:45.879+0000] {dag.py:3096} INFO - Sync 1 DAGs
[2024-07-02T23:55:45.906+0000] {logging_mixin.py:188} INFO - [2024-07-02T23:55:45.906+0000] {dag.py:3954} INFO - Setting next_dagrun for latest_only to 2024-07-02 16:00:00+00:00, run_after=2024-07-02 20:00:00+00:00
[2024-07-02T23:55:45.926+0000] {processor.py:183} INFO - Processing /home/airflow/.local/lib/python3.12/site-packages/airflow/example_dags/example_latest_only.py took 0.082 seconds
[2024-07-02T23:56:16.145+0000] {processor.py:161} INFO - Started process (PID=281) to work on /home/airflow/.local/lib/python3.12/site-packages/airflow/example_dags/example_latest_only.py
[2024-07-02T23:56:16.146+0000] {processor.py:830} INFO - Processing file /home/airflow/.local/lib/python3.12/site-packages/airflow/example_dags/example_latest_only.py for tasks to queue
[2024-07-02T23:56:16.148+0000] {logging_mixin.py:188} INFO - [2024-07-02T23:56:16.148+0000] {dagbag.py:545} INFO - Filling up the DagBag from /home/airflow/.local/lib/python3.12/site-packages/airflow/example_dags/example_latest_only.py
[2024-07-02T23:56:16.153+0000] {processor.py:840} INFO - DAG(s) 'latest_only' retrieved from /home/airflow/.local/lib/python3.12/site-packages/airflow/example_dags/example_latest_only.py
[2024-07-02T23:56:16.178+0000] {logging_mixin.py:188} INFO - [2024-07-02T23:56:16.177+0000] {dag.py:3096} INFO - Sync 1 DAGs
[2024-07-02T23:56:16.206+0000] {logging_mixin.py:188} INFO - [2024-07-02T23:56:16.206+0000] {dag.py:3954} INFO - Setting next_dagrun for latest_only to 2024-07-02 16:00:00+00:00, run_after=2024-07-02 20:00:00+00:00
[2024-07-02T23:56:16.228+0000] {processor.py:183} INFO - Processing /home/airflow/.local/lib/python3.12/site-packages/airflow/example_dags/example_latest_only.py took 0.088 seconds
[2024-07-02T23:56:46.370+0000] {processor.py:161} INFO - Started process (PID=339) to work on /home/airflow/.local/lib/python3.12/site-packages/airflow/example_dags/example_latest_only.py
[2024-07-02T23:56:46.371+0000] {processor.py:830} INFO - Processing file /home/airflow/.local/lib/python3.12/site-packages/airflow/example_dags/example_latest_only.py for tasks to queue
[2024-07-02T23:56:46.373+0000] {logging_mixin.py:188} INFO - [2024-07-02T23:56:46.373+0000] {dagbag.py:545} INFO - Filling up the DagBag from /home/airflow/.local/lib/python3.12/site-packages/airflow/example_dags/example_latest_only.py
[2024-07-02T23:56:46.377+0000] {processor.py:840} INFO - DAG(s) 'latest_only' retrieved from /home/airflow/.local/lib/python3.12/site-packages/airflow/example_dags/example_latest_only.py
[2024-07-02T23:56:46.401+0000] {logging_mixin.py:188} INFO - [2024-07-02T23:56:46.401+0000] {dag.py:3096} INFO - Sync 1 DAGs
[2024-07-02T23:56:46.427+0000] {logging_mixin.py:188} INFO - [2024-07-02T23:56:46.427+0000] {dag.py:3954} INFO - Setting next_dagrun for latest_only to 2024-07-02 16:00:00+00:00, run_after=2024-07-02 20:00:00+00:00
[2024-07-02T23:56:46.447+0000] {processor.py:183} INFO - Processing /home/airflow/.local/lib/python3.12/site-packages/airflow/example_dags/example_latest_only.py took 0.083 seconds
[2024-07-02T23:57:16.728+0000] {processor.py:161} INFO - Started process (PID=397) to work on /home/airflow/.local/lib/python3.12/site-packages/airflow/example_dags/example_latest_only.py
[2024-07-02T23:57:16.729+0000] {processor.py:830} INFO - Processing file /home/airflow/.local/lib/python3.12/site-packages/airflow/example_dags/example_latest_only.py for tasks to queue
[2024-07-02T23:57:16.731+0000] {logging_mixin.py:188} INFO - [2024-07-02T23:57:16.731+0000] {dagbag.py:545} INFO - Filling up the DagBag from /home/airflow/.local/lib/python3.12/site-packages/airflow/example_dags/example_latest_only.py
[2024-07-02T23:57:16.736+0000] {processor.py:840} INFO - DAG(s) 'latest_only' retrieved from /home/airflow/.local/lib/python3.12/site-packages/airflow/example_dags/example_latest_only.py
[2024-07-02T23:57:16.763+0000] {logging_mixin.py:188} INFO - [2024-07-02T23:57:16.762+0000] {dag.py:3096} INFO - Sync 1 DAGs
[2024-07-02T23:57:16.795+0000] {logging_mixin.py:188} INFO - [2024-07-02T23:57:16.795+0000] {dag.py:3954} INFO - Setting next_dagrun for latest_only to 2024-07-02 16:00:00+00:00, run_after=2024-07-02 20:00:00+00:00
[2024-07-02T23:57:16.817+0000] {processor.py:183} INFO - Processing /home/airflow/.local/lib/python3.12/site-packages/airflow/example_dags/example_latest_only.py took 0.094 seconds
[2024-07-02T23:57:46.942+0000] {processor.py:161} INFO - Started process (PID=455) to work on /home/airflow/.local/lib/python3.12/site-packages/airflow/example_dags/example_latest_only.py
[2024-07-02T23:57:46.944+0000] {processor.py:830} INFO - Processing file /home/airflow/.local/lib/python3.12/site-packages/airflow/example_dags/example_latest_only.py for tasks to queue
[2024-07-02T23:57:46.945+0000] {logging_mixin.py:188} INFO - [2024-07-02T23:57:46.945+0000] {dagbag.py:545} INFO - Filling up the DagBag from /home/airflow/.local/lib/python3.12/site-packages/airflow/example_dags/example_latest_only.py
[2024-07-02T23:57:46.950+0000] {processor.py:840} INFO - DAG(s) 'latest_only' retrieved from /home/airflow/.local/lib/python3.12/site-packages/airflow/example_dags/example_latest_only.py
[2024-07-02T23:57:46.974+0000] {logging_mixin.py:188} INFO - [2024-07-02T23:57:46.974+0000] {dag.py:3096} INFO - Sync 1 DAGs
[2024-07-02T23:57:47.004+0000] {logging_mixin.py:188} INFO - [2024-07-02T23:57:47.004+0000] {dag.py:3954} INFO - Setting next_dagrun for latest_only to 2024-07-02 16:00:00+00:00, run_after=2024-07-02 20:00:00+00:00
[2024-07-02T23:57:47.023+0000] {processor.py:183} INFO - Processing /home/airflow/.local/lib/python3.12/site-packages/airflow/example_dags/example_latest_only.py took 0.087 seconds
[2024-07-02T23:58:17.295+0000] {processor.py:161} INFO - Started process (PID=513) to work on /home/airflow/.local/lib/python3.12/site-packages/airflow/example_dags/example_latest_only.py
[2024-07-02T23:58:17.296+0000] {processor.py:830} INFO - Processing file /home/airflow/.local/lib/python3.12/site-packages/airflow/example_dags/example_latest_only.py for tasks to queue
[2024-07-02T23:58:17.298+0000] {logging_mixin.py:188} INFO - [2024-07-02T23:58:17.298+0000] {dagbag.py:545} INFO - Filling up the DagBag from /home/airflow/.local/lib/python3.12/site-packages/airflow/example_dags/example_latest_only.py
[2024-07-02T23:58:17.304+0000] {processor.py:840} INFO - DAG(s) 'latest_only' retrieved from /home/airflow/.local/lib/python3.12/site-packages/airflow/example_dags/example_latest_only.py
[2024-07-02T23:58:17.330+0000] {logging_mixin.py:188} INFO - [2024-07-02T23:58:17.330+0000] {dag.py:3096} INFO - Sync 1 DAGs
[2024-07-02T23:58:17.359+0000] {logging_mixin.py:188} INFO - [2024-07-02T23:58:17.358+0000] {dag.py:3954} INFO - Setting next_dagrun for latest_only to 2024-07-02 16:00:00+00:00, run_after=2024-07-02 20:00:00+00:00
[2024-07-02T23:58:17.386+0000] {processor.py:183} INFO - Processing /home/airflow/.local/lib/python3.12/site-packages/airflow/example_dags/example_latest_only.py took 0.099 seconds
[2024-07-02T23:58:53.400+0000] {processor.py:161} INFO - Started process (PID=571) to work on /home/airflow/.local/lib/python3.12/site-packages/airflow/example_dags/example_latest_only.py
[2024-07-02T23:58:53.401+0000] {processor.py:830} INFO - Processing file /home/airflow/.local/lib/python3.12/site-packages/airflow/example_dags/example_latest_only.py for tasks to queue
[2024-07-02T23:58:53.403+0000] {logging_mixin.py:188} INFO - [2024-07-02T23:58:53.402+0000] {dagbag.py:545} INFO - Filling up the DagBag from /home/airflow/.local/lib/python3.12/site-packages/airflow/example_dags/example_latest_only.py
[2024-07-02T23:58:53.408+0000] {processor.py:840} INFO - DAG(s) 'latest_only' retrieved from /home/airflow/.local/lib/python3.12/site-packages/airflow/example_dags/example_latest_only.py
[2024-07-02T23:58:53.580+0000] {logging_mixin.py:188} INFO - [2024-07-02T23:58:53.580+0000] {dag.py:3096} INFO - Sync 1 DAGs
[2024-07-02T23:58:54.167+0000] {logging_mixin.py:188} INFO - [2024-07-02T23:58:54.166+0000] {dag.py:3954} INFO - Setting next_dagrun for latest_only to 2024-07-02 16:00:00+00:00, run_after=2024-07-02 20:00:00+00:00
[2024-07-02T23:58:54.676+0000] {processor.py:183} INFO - Processing /home/airflow/.local/lib/python3.12/site-packages/airflow/example_dags/example_latest_only.py took 1.282 seconds
[2024-07-02T23:59:25.292+0000] {processor.py:161} INFO - Started process (PID=635) to work on /home/airflow/.local/lib/python3.12/site-packages/airflow/example_dags/example_latest_only.py
[2024-07-02T23:59:25.294+0000] {processor.py:830} INFO - Processing file /home/airflow/.local/lib/python3.12/site-packages/airflow/example_dags/example_latest_only.py for tasks to queue
[2024-07-02T23:59:25.295+0000] {logging_mixin.py:188} INFO - [2024-07-02T23:59:25.295+0000] {dagbag.py:545} INFO - Filling up the DagBag from /home/airflow/.local/lib/python3.12/site-packages/airflow/example_dags/example_latest_only.py
[2024-07-02T23:59:25.300+0000] {processor.py:840} INFO - DAG(s) 'latest_only' retrieved from /home/airflow/.local/lib/python3.12/site-packages/airflow/example_dags/example_latest_only.py
[2024-07-02T23:59:25.327+0000] {logging_mixin.py:188} INFO - [2024-07-02T23:59:25.327+0000] {dag.py:3096} INFO - Sync 1 DAGs
[2024-07-02T23:59:25.360+0000] {logging_mixin.py:188} INFO - [2024-07-02T23:59:25.359+0000] {dag.py:3954} INFO - Setting next_dagrun for latest_only to 2024-07-02 16:00:00+00:00, run_after=2024-07-02 20:00:00+00:00
[2024-07-02T23:59:25.382+0000] {processor.py:183} INFO - Processing /home/airflow/.local/lib/python3.12/site-packages/airflow/example_dags/example_latest_only.py took 0.096 seconds
[2024-07-02T23:59:56.229+0000] {processor.py:161} INFO - Started process (PID=693) to work on /home/airflow/.local/lib/python3.12/site-packages/airflow/example_dags/example_latest_only.py
[2024-07-02T23:59:56.231+0000] {processor.py:830} INFO - Processing file /home/airflow/.local/lib/python3.12/site-packages/airflow/example_dags/example_latest_only.py for tasks to queue
[2024-07-02T23:59:56.233+0000] {logging_mixin.py:188} INFO - [2024-07-02T23:59:56.232+0000] {dagbag.py:545} INFO - Filling up the DagBag from /home/airflow/.local/lib/python3.12/site-packages/airflow/example_dags/example_latest_only.py
[2024-07-02T23:59:56.237+0000] {processor.py:840} INFO - DAG(s) 'latest_only' retrieved from /home/airflow/.local/lib/python3.12/site-packages/airflow/example_dags/example_latest_only.py
[2024-07-02T23:59:56.264+0000] {logging_mixin.py:188} INFO - [2024-07-02T23:59:56.264+0000] {dag.py:3096} INFO - Sync 1 DAGs
[2024-07-02T23:59:56.297+0000] {logging_mixin.py:188} INFO - [2024-07-02T23:59:56.296+0000] {dag.py:3954} INFO - Setting next_dagrun for latest_only to 2024-07-02 16:00:00+00:00, run_after=2024-07-02 20:00:00+00:00
[2024-07-02T23:59:56.320+0000] {processor.py:183} INFO - Processing /home/airflow/.local/lib/python3.12/site-packages/airflow/example_dags/example_latest_only.py took 0.098 seconds
