[2024-07-02T23:55:17.082+0000] {processor.py:161} INFO - Started process (PID=180) to work on /home/airflow/.local/lib/python3.12/site-packages/airflow/example_dags/example_skip_dag.py
[2024-07-02T23:55:17.084+0000] {processor.py:830} INFO - Processing file /home/airflow/.local/lib/python3.12/site-packages/airflow/example_dags/example_skip_dag.py for tasks to queue
[2024-07-02T23:55:17.087+0000] {logging_mixin.py:188} INFO - [2024-07-02T23:55:17.087+0000] {dagbag.py:545} INFO - Filling up the DagBag from /home/airflow/.local/lib/python3.12/site-packages/airflow/example_dags/example_skip_dag.py
[2024-07-02T23:55:17.110+0000] {processor.py:840} INFO - DAG(s) 'example_skip_dag' retrieved from /home/airflow/.local/lib/python3.12/site-packages/airflow/example_dags/example_skip_dag.py
[2024-07-02T23:55:17.301+0000] {logging_mixin.py:188} INFO - [2024-07-02T23:55:17.300+0000] {override.py:1829} INFO - Created Permission View: can read on DAG:example_skip_dag
[2024-07-02T23:55:17.311+0000] {logging_mixin.py:188} INFO - [2024-07-02T23:55:17.310+0000] {override.py:1829} INFO - Created Permission View: can delete on DAG:example_skip_dag
[2024-07-02T23:55:17.317+0000] {logging_mixin.py:188} INFO - [2024-07-02T23:55:17.316+0000] {override.py:1829} INFO - Created Permission View: can edit on DAG:example_skip_dag
[2024-07-02T23:55:17.317+0000] {logging_mixin.py:188} INFO - [2024-07-02T23:55:17.317+0000] {dag.py:3096} INFO - Sync 1 DAGs
[2024-07-02T23:55:17.329+0000] {logging_mixin.py:188} INFO - [2024-07-02T23:55:17.328+0000] {dag.py:3118} INFO - Creating ORM DAG for example_skip_dag
[2024-07-02T23:55:17.341+0000] {logging_mixin.py:188} INFO - [2024-07-02T23:55:17.341+0000] {dag.py:3954} INFO - Setting next_dagrun for example_skip_dag to 2024-07-01 00:00:00+00:00, run_after=2024-07-02 00:00:00+00:00
[2024-07-02T23:55:17.357+0000] {processor.py:183} INFO - Processing /home/airflow/.local/lib/python3.12/site-packages/airflow/example_dags/example_skip_dag.py took 0.289 seconds
[2024-07-02T23:55:47.782+0000] {processor.py:161} INFO - Started process (PID=238) to work on /home/airflow/.local/lib/python3.12/site-packages/airflow/example_dags/example_skip_dag.py
[2024-07-02T23:55:47.783+0000] {processor.py:830} INFO - Processing file /home/airflow/.local/lib/python3.12/site-packages/airflow/example_dags/example_skip_dag.py for tasks to queue
[2024-07-02T23:55:47.785+0000] {logging_mixin.py:188} INFO - [2024-07-02T23:55:47.784+0000] {dagbag.py:545} INFO - Filling up the DagBag from /home/airflow/.local/lib/python3.12/site-packages/airflow/example_dags/example_skip_dag.py
[2024-07-02T23:55:47.791+0000] {processor.py:840} INFO - DAG(s) 'example_skip_dag' retrieved from /home/airflow/.local/lib/python3.12/site-packages/airflow/example_dags/example_skip_dag.py
[2024-07-02T23:55:47.814+0000] {logging_mixin.py:188} INFO - [2024-07-02T23:55:47.814+0000] {dag.py:3096} INFO - Sync 1 DAGs
[2024-07-02T23:55:47.840+0000] {logging_mixin.py:188} INFO - [2024-07-02T23:55:47.840+0000] {dag.py:3954} INFO - Setting next_dagrun for example_skip_dag to 2024-07-01 00:00:00+00:00, run_after=2024-07-02 00:00:00+00:00
[2024-07-02T23:55:47.865+0000] {processor.py:183} INFO - Processing /home/airflow/.local/lib/python3.12/site-packages/airflow/example_dags/example_skip_dag.py took 0.088 seconds
[2024-07-02T23:56:17.980+0000] {processor.py:161} INFO - Started process (PID=296) to work on /home/airflow/.local/lib/python3.12/site-packages/airflow/example_dags/example_skip_dag.py
[2024-07-02T23:56:17.981+0000] {processor.py:830} INFO - Processing file /home/airflow/.local/lib/python3.12/site-packages/airflow/example_dags/example_skip_dag.py for tasks to queue
[2024-07-02T23:56:17.983+0000] {logging_mixin.py:188} INFO - [2024-07-02T23:56:17.982+0000] {dagbag.py:545} INFO - Filling up the DagBag from /home/airflow/.local/lib/python3.12/site-packages/airflow/example_dags/example_skip_dag.py
[2024-07-02T23:56:17.990+0000] {processor.py:840} INFO - DAG(s) 'example_skip_dag' retrieved from /home/airflow/.local/lib/python3.12/site-packages/airflow/example_dags/example_skip_dag.py
[2024-07-02T23:56:18.014+0000] {logging_mixin.py:188} INFO - [2024-07-02T23:56:18.014+0000] {dag.py:3096} INFO - Sync 1 DAGs
[2024-07-02T23:56:18.035+0000] {logging_mixin.py:188} INFO - [2024-07-02T23:56:18.035+0000] {dag.py:3954} INFO - Setting next_dagrun for example_skip_dag to 2024-07-01 00:00:00+00:00, run_after=2024-07-02 00:00:00+00:00
[2024-07-02T23:56:18.053+0000] {processor.py:183} INFO - Processing /home/airflow/.local/lib/python3.12/site-packages/airflow/example_dags/example_skip_dag.py took 0.081 seconds
[2024-07-02T23:56:48.434+0000] {processor.py:161} INFO - Started process (PID=354) to work on /home/airflow/.local/lib/python3.12/site-packages/airflow/example_dags/example_skip_dag.py
[2024-07-02T23:56:48.435+0000] {processor.py:830} INFO - Processing file /home/airflow/.local/lib/python3.12/site-packages/airflow/example_dags/example_skip_dag.py for tasks to queue
[2024-07-02T23:56:48.437+0000] {logging_mixin.py:188} INFO - [2024-07-02T23:56:48.437+0000] {dagbag.py:545} INFO - Filling up the DagBag from /home/airflow/.local/lib/python3.12/site-packages/airflow/example_dags/example_skip_dag.py
[2024-07-02T23:56:48.444+0000] {processor.py:840} INFO - DAG(s) 'example_skip_dag' retrieved from /home/airflow/.local/lib/python3.12/site-packages/airflow/example_dags/example_skip_dag.py
[2024-07-02T23:56:48.467+0000] {logging_mixin.py:188} INFO - [2024-07-02T23:56:48.466+0000] {dag.py:3096} INFO - Sync 1 DAGs
[2024-07-02T23:56:48.491+0000] {logging_mixin.py:188} INFO - [2024-07-02T23:56:48.490+0000] {dag.py:3954} INFO - Setting next_dagrun for example_skip_dag to 2024-07-01 00:00:00+00:00, run_after=2024-07-02 00:00:00+00:00
[2024-07-02T23:56:48.511+0000] {processor.py:183} INFO - Processing /home/airflow/.local/lib/python3.12/site-packages/airflow/example_dags/example_skip_dag.py took 0.084 seconds
[2024-07-02T23:57:18.846+0000] {processor.py:161} INFO - Started process (PID=412) to work on /home/airflow/.local/lib/python3.12/site-packages/airflow/example_dags/example_skip_dag.py
[2024-07-02T23:57:18.847+0000] {processor.py:830} INFO - Processing file /home/airflow/.local/lib/python3.12/site-packages/airflow/example_dags/example_skip_dag.py for tasks to queue
[2024-07-02T23:57:18.849+0000] {logging_mixin.py:188} INFO - [2024-07-02T23:57:18.849+0000] {dagbag.py:545} INFO - Filling up the DagBag from /home/airflow/.local/lib/python3.12/site-packages/airflow/example_dags/example_skip_dag.py
[2024-07-02T23:57:18.865+0000] {processor.py:840} INFO - DAG(s) 'example_skip_dag' retrieved from /home/airflow/.local/lib/python3.12/site-packages/airflow/example_dags/example_skip_dag.py
[2024-07-02T23:57:18.891+0000] {logging_mixin.py:188} INFO - [2024-07-02T23:57:18.891+0000] {dag.py:3096} INFO - Sync 1 DAGs
[2024-07-02T23:57:18.918+0000] {logging_mixin.py:188} INFO - [2024-07-02T23:57:18.918+0000] {dag.py:3954} INFO - Setting next_dagrun for example_skip_dag to 2024-07-01 00:00:00+00:00, run_after=2024-07-02 00:00:00+00:00
[2024-07-02T23:57:18.944+0000] {processor.py:183} INFO - Processing /home/airflow/.local/lib/python3.12/site-packages/airflow/example_dags/example_skip_dag.py took 0.104 seconds
[2024-07-02T23:57:49.065+0000] {processor.py:161} INFO - Started process (PID=470) to work on /home/airflow/.local/lib/python3.12/site-packages/airflow/example_dags/example_skip_dag.py
[2024-07-02T23:57:49.066+0000] {processor.py:830} INFO - Processing file /home/airflow/.local/lib/python3.12/site-packages/airflow/example_dags/example_skip_dag.py for tasks to queue
[2024-07-02T23:57:49.069+0000] {logging_mixin.py:188} INFO - [2024-07-02T23:57:49.068+0000] {dagbag.py:545} INFO - Filling up the DagBag from /home/airflow/.local/lib/python3.12/site-packages/airflow/example_dags/example_skip_dag.py
[2024-07-02T23:57:49.076+0000] {processor.py:840} INFO - DAG(s) 'example_skip_dag' retrieved from /home/airflow/.local/lib/python3.12/site-packages/airflow/example_dags/example_skip_dag.py
[2024-07-02T23:57:49.100+0000] {logging_mixin.py:188} INFO - [2024-07-02T23:57:49.099+0000] {dag.py:3096} INFO - Sync 1 DAGs
[2024-07-02T23:57:49.123+0000] {logging_mixin.py:188} INFO - [2024-07-02T23:57:49.123+0000] {dag.py:3954} INFO - Setting next_dagrun for example_skip_dag to 2024-07-01 00:00:00+00:00, run_after=2024-07-02 00:00:00+00:00
[2024-07-02T23:57:49.143+0000] {processor.py:183} INFO - Processing /home/airflow/.local/lib/python3.12/site-packages/airflow/example_dags/example_skip_dag.py took 0.085 seconds
[2024-07-02T23:58:19.356+0000] {processor.py:161} INFO - Started process (PID=528) to work on /home/airflow/.local/lib/python3.12/site-packages/airflow/example_dags/example_skip_dag.py
[2024-07-02T23:58:19.357+0000] {processor.py:830} INFO - Processing file /home/airflow/.local/lib/python3.12/site-packages/airflow/example_dags/example_skip_dag.py for tasks to queue
[2024-07-02T23:58:19.358+0000] {logging_mixin.py:188} INFO - [2024-07-02T23:58:19.358+0000] {dagbag.py:545} INFO - Filling up the DagBag from /home/airflow/.local/lib/python3.12/site-packages/airflow/example_dags/example_skip_dag.py
[2024-07-02T23:58:19.365+0000] {processor.py:840} INFO - DAG(s) 'example_skip_dag' retrieved from /home/airflow/.local/lib/python3.12/site-packages/airflow/example_dags/example_skip_dag.py
[2024-07-02T23:58:19.390+0000] {logging_mixin.py:188} INFO - [2024-07-02T23:58:19.390+0000] {dag.py:3096} INFO - Sync 1 DAGs
[2024-07-02T23:58:19.415+0000] {logging_mixin.py:188} INFO - [2024-07-02T23:58:19.415+0000] {dag.py:3954} INFO - Setting next_dagrun for example_skip_dag to 2024-07-01 00:00:00+00:00, run_after=2024-07-02 00:00:00+00:00
[2024-07-02T23:58:19.433+0000] {processor.py:183} INFO - Processing /home/airflow/.local/lib/python3.12/site-packages/airflow/example_dags/example_skip_dag.py took 0.083 seconds
[2024-07-02T23:58:55.889+0000] {processor.py:161} INFO - Started process (PID=592) to work on /home/airflow/.local/lib/python3.12/site-packages/airflow/example_dags/example_skip_dag.py
[2024-07-02T23:58:55.890+0000] {processor.py:830} INFO - Processing file /home/airflow/.local/lib/python3.12/site-packages/airflow/example_dags/example_skip_dag.py for tasks to queue
[2024-07-02T23:58:55.892+0000] {logging_mixin.py:188} INFO - [2024-07-02T23:58:55.892+0000] {dagbag.py:545} INFO - Filling up the DagBag from /home/airflow/.local/lib/python3.12/site-packages/airflow/example_dags/example_skip_dag.py
[2024-07-02T23:58:55.901+0000] {processor.py:840} INFO - DAG(s) 'example_skip_dag' retrieved from /home/airflow/.local/lib/python3.12/site-packages/airflow/example_dags/example_skip_dag.py
[2024-07-02T23:58:55.930+0000] {logging_mixin.py:188} INFO - [2024-07-02T23:58:55.930+0000] {dag.py:3096} INFO - Sync 1 DAGs
[2024-07-02T23:58:55.956+0000] {logging_mixin.py:188} INFO - [2024-07-02T23:58:55.956+0000] {dag.py:3954} INFO - Setting next_dagrun for example_skip_dag to 2024-07-01 00:00:00+00:00, run_after=2024-07-02 00:00:00+00:00
[2024-07-02T23:58:55.978+0000] {processor.py:183} INFO - Processing /home/airflow/.local/lib/python3.12/site-packages/airflow/example_dags/example_skip_dag.py took 0.097 seconds
[2024-07-02T23:59:26.264+0000] {processor.py:161} INFO - Started process (PID=650) to work on /home/airflow/.local/lib/python3.12/site-packages/airflow/example_dags/example_skip_dag.py
[2024-07-02T23:59:26.265+0000] {processor.py:830} INFO - Processing file /home/airflow/.local/lib/python3.12/site-packages/airflow/example_dags/example_skip_dag.py for tasks to queue
[2024-07-02T23:59:26.267+0000] {logging_mixin.py:188} INFO - [2024-07-02T23:59:26.267+0000] {dagbag.py:545} INFO - Filling up the DagBag from /home/airflow/.local/lib/python3.12/site-packages/airflow/example_dags/example_skip_dag.py
[2024-07-02T23:59:26.274+0000] {processor.py:840} INFO - DAG(s) 'example_skip_dag' retrieved from /home/airflow/.local/lib/python3.12/site-packages/airflow/example_dags/example_skip_dag.py
[2024-07-02T23:59:26.296+0000] {logging_mixin.py:188} INFO - [2024-07-02T23:59:26.296+0000] {dag.py:3096} INFO - Sync 1 DAGs
[2024-07-02T23:59:26.317+0000] {logging_mixin.py:188} INFO - [2024-07-02T23:59:26.317+0000] {dag.py:3954} INFO - Setting next_dagrun for example_skip_dag to 2024-07-01 00:00:00+00:00, run_after=2024-07-02 00:00:00+00:00
[2024-07-02T23:59:26.334+0000] {processor.py:183} INFO - Processing /home/airflow/.local/lib/python3.12/site-packages/airflow/example_dags/example_skip_dag.py took 0.076 seconds
[2024-07-02T23:59:57.582+0000] {processor.py:161} INFO - Started process (PID=708) to work on /home/airflow/.local/lib/python3.12/site-packages/airflow/example_dags/example_skip_dag.py
[2024-07-02T23:59:57.583+0000] {processor.py:830} INFO - Processing file /home/airflow/.local/lib/python3.12/site-packages/airflow/example_dags/example_skip_dag.py for tasks to queue
[2024-07-02T23:59:57.585+0000] {logging_mixin.py:188} INFO - [2024-07-02T23:59:57.585+0000] {dagbag.py:545} INFO - Filling up the DagBag from /home/airflow/.local/lib/python3.12/site-packages/airflow/example_dags/example_skip_dag.py
[2024-07-02T23:59:57.592+0000] {processor.py:840} INFO - DAG(s) 'example_skip_dag' retrieved from /home/airflow/.local/lib/python3.12/site-packages/airflow/example_dags/example_skip_dag.py
[2024-07-02T23:59:57.619+0000] {logging_mixin.py:188} INFO - [2024-07-02T23:59:57.619+0000] {dag.py:3096} INFO - Sync 1 DAGs
[2024-07-02T23:59:57.685+0000] {logging_mixin.py:188} INFO - [2024-07-02T23:59:57.685+0000] {dag.py:3954} INFO - Setting next_dagrun for example_skip_dag to 2024-07-01 00:00:00+00:00, run_after=2024-07-02 00:00:00+00:00
[2024-07-02T23:59:57.709+0000] {processor.py:183} INFO - Processing /home/airflow/.local/lib/python3.12/site-packages/airflow/example_dags/example_skip_dag.py took 0.133 seconds
