[2024-07-02T23:55:18.102+0000] {processor.py:161} INFO - Started process (PID=186) to work on /home/airflow/.local/lib/python3.12/site-packages/airflow/example_dags/example_trigger_controller_dag.py
[2024-07-02T23:55:18.103+0000] {processor.py:830} INFO - Processing file /home/airflow/.local/lib/python3.12/site-packages/airflow/example_dags/example_trigger_controller_dag.py for tasks to queue
[2024-07-02T23:55:18.105+0000] {logging_mixin.py:188} INFO - [2024-07-02T23:55:18.104+0000] {dagbag.py:545} INFO - Filling up the DagBag from /home/airflow/.local/lib/python3.12/site-packages/airflow/example_dags/example_trigger_controller_dag.py
[2024-07-02T23:55:18.110+0000] {processor.py:840} INFO - DAG(s) 'example_trigger_controller_dag' retrieved from /home/airflow/.local/lib/python3.12/site-packages/airflow/example_dags/example_trigger_controller_dag.py
[2024-07-02T23:55:18.230+0000] {logging_mixin.py:188} INFO - [2024-07-02T23:55:18.230+0000] {override.py:1829} INFO - Created Permission View: can read on DAG:example_trigger_controller_dag
[2024-07-02T23:55:18.240+0000] {logging_mixin.py:188} INFO - [2024-07-02T23:55:18.240+0000] {override.py:1829} INFO - Created Permission View: can delete on DAG:example_trigger_controller_dag
[2024-07-02T23:55:18.245+0000] {logging_mixin.py:188} INFO - [2024-07-02T23:55:18.245+0000] {override.py:1829} INFO - Created Permission View: can edit on DAG:example_trigger_controller_dag
[2024-07-02T23:55:18.246+0000] {logging_mixin.py:188} INFO - [2024-07-02T23:55:18.246+0000] {dag.py:3096} INFO - Sync 1 DAGs
[2024-07-02T23:55:18.273+0000] {logging_mixin.py:188} INFO - [2024-07-02T23:55:18.273+0000] {dag.py:3118} INFO - Creating ORM DAG for example_trigger_controller_dag
[2024-07-02T23:55:18.291+0000] {logging_mixin.py:188} INFO - [2024-07-02T23:55:18.291+0000] {dag.py:3954} INFO - Setting next_dagrun for example_trigger_controller_dag to 2021-01-01 00:00:00+00:00, run_after=2021-01-01 00:00:00+00:00
[2024-07-02T23:55:18.310+0000] {processor.py:183} INFO - Processing /home/airflow/.local/lib/python3.12/site-packages/airflow/example_dags/example_trigger_controller_dag.py took 0.214 seconds
[2024-07-02T23:55:49.232+0000] {processor.py:161} INFO - Started process (PID=244) to work on /home/airflow/.local/lib/python3.12/site-packages/airflow/example_dags/example_trigger_controller_dag.py
[2024-07-02T23:55:49.233+0000] {processor.py:830} INFO - Processing file /home/airflow/.local/lib/python3.12/site-packages/airflow/example_dags/example_trigger_controller_dag.py for tasks to queue
[2024-07-02T23:55:49.235+0000] {logging_mixin.py:188} INFO - [2024-07-02T23:55:49.235+0000] {dagbag.py:545} INFO - Filling up the DagBag from /home/airflow/.local/lib/python3.12/site-packages/airflow/example_dags/example_trigger_controller_dag.py
[2024-07-02T23:55:49.241+0000] {processor.py:840} INFO - DAG(s) 'example_trigger_controller_dag' retrieved from /home/airflow/.local/lib/python3.12/site-packages/airflow/example_dags/example_trigger_controller_dag.py
[2024-07-02T23:55:49.262+0000] {logging_mixin.py:188} INFO - [2024-07-02T23:55:49.262+0000] {dag.py:3096} INFO - Sync 1 DAGs
[2024-07-02T23:55:49.291+0000] {logging_mixin.py:188} INFO - [2024-07-02T23:55:49.290+0000] {dag.py:3954} INFO - Setting next_dagrun for example_trigger_controller_dag to 2021-01-01 00:00:00+00:00, run_after=2021-01-01 00:00:00+00:00
[2024-07-02T23:55:49.313+0000] {processor.py:183} INFO - Processing /home/airflow/.local/lib/python3.12/site-packages/airflow/example_dags/example_trigger_controller_dag.py took 0.087 seconds
[2024-07-02T23:56:19.368+0000] {processor.py:161} INFO - Started process (PID=302) to work on /home/airflow/.local/lib/python3.12/site-packages/airflow/example_dags/example_trigger_controller_dag.py
[2024-07-02T23:56:19.369+0000] {processor.py:830} INFO - Processing file /home/airflow/.local/lib/python3.12/site-packages/airflow/example_dags/example_trigger_controller_dag.py for tasks to queue
[2024-07-02T23:56:19.371+0000] {logging_mixin.py:188} INFO - [2024-07-02T23:56:19.371+0000] {dagbag.py:545} INFO - Filling up the DagBag from /home/airflow/.local/lib/python3.12/site-packages/airflow/example_dags/example_trigger_controller_dag.py
[2024-07-02T23:56:19.378+0000] {processor.py:840} INFO - DAG(s) 'example_trigger_controller_dag' retrieved from /home/airflow/.local/lib/python3.12/site-packages/airflow/example_dags/example_trigger_controller_dag.py
[2024-07-02T23:56:19.402+0000] {logging_mixin.py:188} INFO - [2024-07-02T23:56:19.401+0000] {dag.py:3096} INFO - Sync 1 DAGs
[2024-07-02T23:56:19.422+0000] {logging_mixin.py:188} INFO - [2024-07-02T23:56:19.422+0000] {dag.py:3954} INFO - Setting next_dagrun for example_trigger_controller_dag to 2021-01-01 00:00:00+00:00, run_after=2021-01-01 00:00:00+00:00
[2024-07-02T23:56:19.439+0000] {processor.py:183} INFO - Processing /home/airflow/.local/lib/python3.12/site-packages/airflow/example_dags/example_trigger_controller_dag.py took 0.078 seconds
[2024-07-02T23:56:49.835+0000] {processor.py:161} INFO - Started process (PID=360) to work on /home/airflow/.local/lib/python3.12/site-packages/airflow/example_dags/example_trigger_controller_dag.py
[2024-07-02T23:56:49.836+0000] {processor.py:830} INFO - Processing file /home/airflow/.local/lib/python3.12/site-packages/airflow/example_dags/example_trigger_controller_dag.py for tasks to queue
[2024-07-02T23:56:49.838+0000] {logging_mixin.py:188} INFO - [2024-07-02T23:56:49.837+0000] {dagbag.py:545} INFO - Filling up the DagBag from /home/airflow/.local/lib/python3.12/site-packages/airflow/example_dags/example_trigger_controller_dag.py
[2024-07-02T23:56:49.843+0000] {processor.py:840} INFO - DAG(s) 'example_trigger_controller_dag' retrieved from /home/airflow/.local/lib/python3.12/site-packages/airflow/example_dags/example_trigger_controller_dag.py
[2024-07-02T23:56:49.866+0000] {logging_mixin.py:188} INFO - [2024-07-02T23:56:49.866+0000] {dag.py:3096} INFO - Sync 1 DAGs
[2024-07-02T23:56:49.889+0000] {logging_mixin.py:188} INFO - [2024-07-02T23:56:49.888+0000] {dag.py:3954} INFO - Setting next_dagrun for example_trigger_controller_dag to 2021-01-01 00:00:00+00:00, run_after=2021-01-01 00:00:00+00:00
[2024-07-02T23:56:49.908+0000] {processor.py:183} INFO - Processing /home/airflow/.local/lib/python3.12/site-packages/airflow/example_dags/example_trigger_controller_dag.py took 0.080 seconds
[2024-07-02T23:57:20.421+0000] {processor.py:161} INFO - Started process (PID=418) to work on /home/airflow/.local/lib/python3.12/site-packages/airflow/example_dags/example_trigger_controller_dag.py
[2024-07-02T23:57:20.423+0000] {processor.py:830} INFO - Processing file /home/airflow/.local/lib/python3.12/site-packages/airflow/example_dags/example_trigger_controller_dag.py for tasks to queue
[2024-07-02T23:57:20.424+0000] {logging_mixin.py:188} INFO - [2024-07-02T23:57:20.424+0000] {dagbag.py:545} INFO - Filling up the DagBag from /home/airflow/.local/lib/python3.12/site-packages/airflow/example_dags/example_trigger_controller_dag.py
[2024-07-02T23:57:20.429+0000] {processor.py:840} INFO - DAG(s) 'example_trigger_controller_dag' retrieved from /home/airflow/.local/lib/python3.12/site-packages/airflow/example_dags/example_trigger_controller_dag.py
[2024-07-02T23:57:20.452+0000] {logging_mixin.py:188} INFO - [2024-07-02T23:57:20.452+0000] {dag.py:3096} INFO - Sync 1 DAGs
[2024-07-02T23:57:20.475+0000] {logging_mixin.py:188} INFO - [2024-07-02T23:57:20.474+0000] {dag.py:3954} INFO - Setting next_dagrun for example_trigger_controller_dag to 2021-01-01 00:00:00+00:00, run_after=2021-01-01 00:00:00+00:00
[2024-07-02T23:57:20.494+0000] {processor.py:183} INFO - Processing /home/airflow/.local/lib/python3.12/site-packages/airflow/example_dags/example_trigger_controller_dag.py took 0.079 seconds
[2024-07-02T23:57:50.619+0000] {processor.py:161} INFO - Started process (PID=476) to work on /home/airflow/.local/lib/python3.12/site-packages/airflow/example_dags/example_trigger_controller_dag.py
[2024-07-02T23:57:50.620+0000] {processor.py:830} INFO - Processing file /home/airflow/.local/lib/python3.12/site-packages/airflow/example_dags/example_trigger_controller_dag.py for tasks to queue
[2024-07-02T23:57:50.622+0000] {logging_mixin.py:188} INFO - [2024-07-02T23:57:50.622+0000] {dagbag.py:545} INFO - Filling up the DagBag from /home/airflow/.local/lib/python3.12/site-packages/airflow/example_dags/example_trigger_controller_dag.py
[2024-07-02T23:57:50.627+0000] {processor.py:840} INFO - DAG(s) 'example_trigger_controller_dag' retrieved from /home/airflow/.local/lib/python3.12/site-packages/airflow/example_dags/example_trigger_controller_dag.py
[2024-07-02T23:57:50.651+0000] {logging_mixin.py:188} INFO - [2024-07-02T23:57:50.650+0000] {dag.py:3096} INFO - Sync 1 DAGs
[2024-07-02T23:57:50.673+0000] {logging_mixin.py:188} INFO - [2024-07-02T23:57:50.673+0000] {dag.py:3954} INFO - Setting next_dagrun for example_trigger_controller_dag to 2021-01-01 00:00:00+00:00, run_after=2021-01-01 00:00:00+00:00
[2024-07-02T23:57:50.691+0000] {processor.py:183} INFO - Processing /home/airflow/.local/lib/python3.12/site-packages/airflow/example_dags/example_trigger_controller_dag.py took 0.078 seconds
[2024-07-02T23:58:20.825+0000] {processor.py:161} INFO - Started process (PID=534) to work on /home/airflow/.local/lib/python3.12/site-packages/airflow/example_dags/example_trigger_controller_dag.py
[2024-07-02T23:58:20.826+0000] {processor.py:830} INFO - Processing file /home/airflow/.local/lib/python3.12/site-packages/airflow/example_dags/example_trigger_controller_dag.py for tasks to queue
[2024-07-02T23:58:20.828+0000] {logging_mixin.py:188} INFO - [2024-07-02T23:58:20.827+0000] {dagbag.py:545} INFO - Filling up the DagBag from /home/airflow/.local/lib/python3.12/site-packages/airflow/example_dags/example_trigger_controller_dag.py
[2024-07-02T23:58:20.833+0000] {processor.py:840} INFO - DAG(s) 'example_trigger_controller_dag' retrieved from /home/airflow/.local/lib/python3.12/site-packages/airflow/example_dags/example_trigger_controller_dag.py
[2024-07-02T23:58:20.853+0000] {logging_mixin.py:188} INFO - [2024-07-02T23:58:20.852+0000] {dag.py:3096} INFO - Sync 1 DAGs
[2024-07-02T23:58:20.874+0000] {logging_mixin.py:188} INFO - [2024-07-02T23:58:20.874+0000] {dag.py:3954} INFO - Setting next_dagrun for example_trigger_controller_dag to 2021-01-01 00:00:00+00:00, run_after=2021-01-01 00:00:00+00:00
[2024-07-02T23:58:20.894+0000] {processor.py:183} INFO - Processing /home/airflow/.local/lib/python3.12/site-packages/airflow/example_dags/example_trigger_controller_dag.py took 0.075 seconds
[2024-07-02T23:58:56.309+0000] {processor.py:161} INFO - Started process (PID=598) to work on /home/airflow/.local/lib/python3.12/site-packages/airflow/example_dags/example_trigger_controller_dag.py
[2024-07-02T23:58:56.311+0000] {processor.py:830} INFO - Processing file /home/airflow/.local/lib/python3.12/site-packages/airflow/example_dags/example_trigger_controller_dag.py for tasks to queue
[2024-07-02T23:58:56.313+0000] {logging_mixin.py:188} INFO - [2024-07-02T23:58:56.312+0000] {dagbag.py:545} INFO - Filling up the DagBag from /home/airflow/.local/lib/python3.12/site-packages/airflow/example_dags/example_trigger_controller_dag.py
[2024-07-02T23:58:56.318+0000] {processor.py:840} INFO - DAG(s) 'example_trigger_controller_dag' retrieved from /home/airflow/.local/lib/python3.12/site-packages/airflow/example_dags/example_trigger_controller_dag.py
[2024-07-02T23:58:56.339+0000] {logging_mixin.py:188} INFO - [2024-07-02T23:58:56.338+0000] {dag.py:3096} INFO - Sync 1 DAGs
[2024-07-02T23:58:56.359+0000] {logging_mixin.py:188} INFO - [2024-07-02T23:58:56.359+0000] {dag.py:3954} INFO - Setting next_dagrun for example_trigger_controller_dag to 2021-01-01 00:00:00+00:00, run_after=2021-01-01 00:00:00+00:00
[2024-07-02T23:58:56.380+0000] {processor.py:183} INFO - Processing /home/airflow/.local/lib/python3.12/site-packages/airflow/example_dags/example_trigger_controller_dag.py took 0.077 seconds
[2024-07-02T23:59:27.011+0000] {processor.py:161} INFO - Started process (PID=656) to work on /home/airflow/.local/lib/python3.12/site-packages/airflow/example_dags/example_trigger_controller_dag.py
[2024-07-02T23:59:27.012+0000] {processor.py:830} INFO - Processing file /home/airflow/.local/lib/python3.12/site-packages/airflow/example_dags/example_trigger_controller_dag.py for tasks to queue
[2024-07-02T23:59:27.014+0000] {logging_mixin.py:188} INFO - [2024-07-02T23:59:27.013+0000] {dagbag.py:545} INFO - Filling up the DagBag from /home/airflow/.local/lib/python3.12/site-packages/airflow/example_dags/example_trigger_controller_dag.py
[2024-07-02T23:59:27.019+0000] {processor.py:840} INFO - DAG(s) 'example_trigger_controller_dag' retrieved from /home/airflow/.local/lib/python3.12/site-packages/airflow/example_dags/example_trigger_controller_dag.py
[2024-07-02T23:59:27.045+0000] {logging_mixin.py:188} INFO - [2024-07-02T23:59:27.044+0000] {dag.py:3096} INFO - Sync 1 DAGs
[2024-07-02T23:59:27.068+0000] {logging_mixin.py:188} INFO - [2024-07-02T23:59:27.068+0000] {dag.py:3954} INFO - Setting next_dagrun for example_trigger_controller_dag to 2021-01-01 00:00:00+00:00, run_after=2021-01-01 00:00:00+00:00
[2024-07-02T23:59:27.087+0000] {processor.py:183} INFO - Processing /home/airflow/.local/lib/python3.12/site-packages/airflow/example_dags/example_trigger_controller_dag.py took 0.084 seconds
[2024-07-02T23:59:58.477+0000] {processor.py:161} INFO - Started process (PID=714) to work on /home/airflow/.local/lib/python3.12/site-packages/airflow/example_dags/example_trigger_controller_dag.py
[2024-07-02T23:59:58.478+0000] {processor.py:830} INFO - Processing file /home/airflow/.local/lib/python3.12/site-packages/airflow/example_dags/example_trigger_controller_dag.py for tasks to queue
[2024-07-02T23:59:58.480+0000] {logging_mixin.py:188} INFO - [2024-07-02T23:59:58.480+0000] {dagbag.py:545} INFO - Filling up the DagBag from /home/airflow/.local/lib/python3.12/site-packages/airflow/example_dags/example_trigger_controller_dag.py
[2024-07-02T23:59:58.486+0000] {processor.py:840} INFO - DAG(s) 'example_trigger_controller_dag' retrieved from /home/airflow/.local/lib/python3.12/site-packages/airflow/example_dags/example_trigger_controller_dag.py
[2024-07-02T23:59:58.507+0000] {logging_mixin.py:188} INFO - [2024-07-02T23:59:58.507+0000] {dag.py:3096} INFO - Sync 1 DAGs
[2024-07-02T23:59:58.586+0000] {logging_mixin.py:188} INFO - [2024-07-02T23:59:58.586+0000] {dag.py:3954} INFO - Setting next_dagrun for example_trigger_controller_dag to 2021-01-01 00:00:00+00:00, run_after=2021-01-01 00:00:00+00:00
[2024-07-02T23:59:58.604+0000] {processor.py:183} INFO - Processing /home/airflow/.local/lib/python3.12/site-packages/airflow/example_dags/example_trigger_controller_dag.py took 0.133 seconds
