[2024-07-02T23:55:15.001+0000] {processor.py:161} INFO - Started process (PID=167) to work on /home/airflow/.local/lib/python3.12/site-packages/airflow/example_dags/example_local_kubernetes_executor.py
[2024-07-02T23:55:15.002+0000] {processor.py:830} INFO - Processing file /home/airflow/.local/lib/python3.12/site-packages/airflow/example_dags/example_local_kubernetes_executor.py for tasks to queue
[2024-07-02T23:55:15.006+0000] {logging_mixin.py:188} INFO - [2024-07-02T23:55:15.006+0000] {dagbag.py:545} INFO - Filling up the DagBag from /home/airflow/.local/lib/python3.12/site-packages/airflow/example_dags/example_local_kubernetes_executor.py
[2024-07-02T23:55:15.037+0000] {processor.py:840} INFO - DAG(s) 'example_local_kubernetes_executor' retrieved from /home/airflow/.local/lib/python3.12/site-packages/airflow/example_dags/example_local_kubernetes_executor.py
[2024-07-02T23:55:15.243+0000] {logging_mixin.py:188} INFO - [2024-07-02T23:55:15.242+0000] {override.py:1829} INFO - Created Permission View: can read on DAG:example_local_kubernetes_executor
[2024-07-02T23:55:15.268+0000] {logging_mixin.py:188} INFO - [2024-07-02T23:55:15.268+0000] {override.py:1829} INFO - Created Permission View: can delete on DAG:example_local_kubernetes_executor
[2024-07-02T23:55:15.277+0000] {logging_mixin.py:188} INFO - [2024-07-02T23:55:15.277+0000] {override.py:1829} INFO - Created Permission View: can edit on DAG:example_local_kubernetes_executor
[2024-07-02T23:55:15.278+0000] {logging_mixin.py:188} INFO - [2024-07-02T23:55:15.278+0000] {dag.py:3096} INFO - Sync 1 DAGs
[2024-07-02T23:55:15.295+0000] {logging_mixin.py:188} INFO - [2024-07-02T23:55:15.295+0000] {dag.py:3118} INFO - Creating ORM DAG for example_local_kubernetes_executor
[2024-07-02T23:55:15.296+0000] {logging_mixin.py:188} INFO - [2024-07-02T23:55:15.296+0000] {dag.py:3954} INFO - Setting next_dagrun for example_local_kubernetes_executor to None, run_after=None
[2024-07-02T23:55:15.316+0000] {processor.py:183} INFO - Processing /home/airflow/.local/lib/python3.12/site-packages/airflow/example_dags/example_local_kubernetes_executor.py took 0.329 seconds
[2024-07-02T23:55:45.957+0000] {processor.py:161} INFO - Started process (PID=225) to work on /home/airflow/.local/lib/python3.12/site-packages/airflow/example_dags/example_local_kubernetes_executor.py
[2024-07-02T23:55:45.958+0000] {processor.py:830} INFO - Processing file /home/airflow/.local/lib/python3.12/site-packages/airflow/example_dags/example_local_kubernetes_executor.py for tasks to queue
[2024-07-02T23:55:45.959+0000] {logging_mixin.py:188} INFO - [2024-07-02T23:55:45.959+0000] {dagbag.py:545} INFO - Filling up the DagBag from /home/airflow/.local/lib/python3.12/site-packages/airflow/example_dags/example_local_kubernetes_executor.py
[2024-07-02T23:55:45.967+0000] {processor.py:840} INFO - DAG(s) 'example_local_kubernetes_executor' retrieved from /home/airflow/.local/lib/python3.12/site-packages/airflow/example_dags/example_local_kubernetes_executor.py
[2024-07-02T23:55:46.003+0000] {logging_mixin.py:188} INFO - [2024-07-02T23:55:46.003+0000] {dag.py:3096} INFO - Sync 1 DAGs
[2024-07-02T23:55:46.018+0000] {logging_mixin.py:188} INFO - [2024-07-02T23:55:46.018+0000] {dag.py:3954} INFO - Setting next_dagrun for example_local_kubernetes_executor to None, run_after=None
[2024-07-02T23:55:46.038+0000] {processor.py:183} INFO - Processing /home/airflow/.local/lib/python3.12/site-packages/airflow/example_dags/example_local_kubernetes_executor.py took 0.087 seconds
[2024-07-02T23:56:16.262+0000] {processor.py:161} INFO - Started process (PID=283) to work on /home/airflow/.local/lib/python3.12/site-packages/airflow/example_dags/example_local_kubernetes_executor.py
[2024-07-02T23:56:16.263+0000] {processor.py:830} INFO - Processing file /home/airflow/.local/lib/python3.12/site-packages/airflow/example_dags/example_local_kubernetes_executor.py for tasks to queue
[2024-07-02T23:56:16.265+0000] {logging_mixin.py:188} INFO - [2024-07-02T23:56:16.265+0000] {dagbag.py:545} INFO - Filling up the DagBag from /home/airflow/.local/lib/python3.12/site-packages/airflow/example_dags/example_local_kubernetes_executor.py
[2024-07-02T23:56:16.273+0000] {processor.py:840} INFO - DAG(s) 'example_local_kubernetes_executor' retrieved from /home/airflow/.local/lib/python3.12/site-packages/airflow/example_dags/example_local_kubernetes_executor.py
[2024-07-02T23:56:16.310+0000] {logging_mixin.py:188} INFO - [2024-07-02T23:56:16.310+0000] {dag.py:3096} INFO - Sync 1 DAGs
[2024-07-02T23:56:16.323+0000] {logging_mixin.py:188} INFO - [2024-07-02T23:56:16.322+0000] {dag.py:3954} INFO - Setting next_dagrun for example_local_kubernetes_executor to None, run_after=None
[2024-07-02T23:56:16.339+0000] {processor.py:183} INFO - Processing /home/airflow/.local/lib/python3.12/site-packages/airflow/example_dags/example_local_kubernetes_executor.py took 0.083 seconds
[2024-07-02T23:56:46.479+0000] {processor.py:161} INFO - Started process (PID=341) to work on /home/airflow/.local/lib/python3.12/site-packages/airflow/example_dags/example_local_kubernetes_executor.py
[2024-07-02T23:56:46.480+0000] {processor.py:830} INFO - Processing file /home/airflow/.local/lib/python3.12/site-packages/airflow/example_dags/example_local_kubernetes_executor.py for tasks to queue
[2024-07-02T23:56:46.482+0000] {logging_mixin.py:188} INFO - [2024-07-02T23:56:46.482+0000] {dagbag.py:545} INFO - Filling up the DagBag from /home/airflow/.local/lib/python3.12/site-packages/airflow/example_dags/example_local_kubernetes_executor.py
[2024-07-02T23:56:46.490+0000] {processor.py:840} INFO - DAG(s) 'example_local_kubernetes_executor' retrieved from /home/airflow/.local/lib/python3.12/site-packages/airflow/example_dags/example_local_kubernetes_executor.py
[2024-07-02T23:56:46.528+0000] {logging_mixin.py:188} INFO - [2024-07-02T23:56:46.528+0000] {dag.py:3096} INFO - Sync 1 DAGs
[2024-07-02T23:56:46.541+0000] {logging_mixin.py:188} INFO - [2024-07-02T23:56:46.541+0000] {dag.py:3954} INFO - Setting next_dagrun for example_local_kubernetes_executor to None, run_after=None
[2024-07-02T23:56:46.559+0000] {processor.py:183} INFO - Processing /home/airflow/.local/lib/python3.12/site-packages/airflow/example_dags/example_local_kubernetes_executor.py took 0.087 seconds
[2024-07-02T23:57:16.839+0000] {processor.py:161} INFO - Started process (PID=399) to work on /home/airflow/.local/lib/python3.12/site-packages/airflow/example_dags/example_local_kubernetes_executor.py
[2024-07-02T23:57:16.840+0000] {processor.py:830} INFO - Processing file /home/airflow/.local/lib/python3.12/site-packages/airflow/example_dags/example_local_kubernetes_executor.py for tasks to queue
[2024-07-02T23:57:16.842+0000] {logging_mixin.py:188} INFO - [2024-07-02T23:57:16.842+0000] {dagbag.py:545} INFO - Filling up the DagBag from /home/airflow/.local/lib/python3.12/site-packages/airflow/example_dags/example_local_kubernetes_executor.py
[2024-07-02T23:57:16.849+0000] {processor.py:840} INFO - DAG(s) 'example_local_kubernetes_executor' retrieved from /home/airflow/.local/lib/python3.12/site-packages/airflow/example_dags/example_local_kubernetes_executor.py
[2024-07-02T23:57:16.886+0000] {logging_mixin.py:188} INFO - [2024-07-02T23:57:16.886+0000] {dag.py:3096} INFO - Sync 1 DAGs
[2024-07-02T23:57:16.901+0000] {logging_mixin.py:188} INFO - [2024-07-02T23:57:16.900+0000] {dag.py:3954} INFO - Setting next_dagrun for example_local_kubernetes_executor to None, run_after=None
[2024-07-02T23:57:16.920+0000] {processor.py:183} INFO - Processing /home/airflow/.local/lib/python3.12/site-packages/airflow/example_dags/example_local_kubernetes_executor.py took 0.087 seconds
[2024-07-02T23:57:47.057+0000] {processor.py:161} INFO - Started process (PID=457) to work on /home/airflow/.local/lib/python3.12/site-packages/airflow/example_dags/example_local_kubernetes_executor.py
[2024-07-02T23:57:47.058+0000] {processor.py:830} INFO - Processing file /home/airflow/.local/lib/python3.12/site-packages/airflow/example_dags/example_local_kubernetes_executor.py for tasks to queue
[2024-07-02T23:57:47.060+0000] {logging_mixin.py:188} INFO - [2024-07-02T23:57:47.059+0000] {dagbag.py:545} INFO - Filling up the DagBag from /home/airflow/.local/lib/python3.12/site-packages/airflow/example_dags/example_local_kubernetes_executor.py
[2024-07-02T23:57:47.069+0000] {processor.py:840} INFO - DAG(s) 'example_local_kubernetes_executor' retrieved from /home/airflow/.local/lib/python3.12/site-packages/airflow/example_dags/example_local_kubernetes_executor.py
[2024-07-02T23:57:47.106+0000] {logging_mixin.py:188} INFO - [2024-07-02T23:57:47.106+0000] {dag.py:3096} INFO - Sync 1 DAGs
[2024-07-02T23:57:47.120+0000] {logging_mixin.py:188} INFO - [2024-07-02T23:57:47.120+0000] {dag.py:3954} INFO - Setting next_dagrun for example_local_kubernetes_executor to None, run_after=None
[2024-07-02T23:57:47.139+0000] {processor.py:183} INFO - Processing /home/airflow/.local/lib/python3.12/site-packages/airflow/example_dags/example_local_kubernetes_executor.py took 0.088 seconds
[2024-07-02T23:58:17.434+0000] {processor.py:161} INFO - Started process (PID=515) to work on /home/airflow/.local/lib/python3.12/site-packages/airflow/example_dags/example_local_kubernetes_executor.py
[2024-07-02T23:58:17.435+0000] {processor.py:830} INFO - Processing file /home/airflow/.local/lib/python3.12/site-packages/airflow/example_dags/example_local_kubernetes_executor.py for tasks to queue
[2024-07-02T23:58:17.437+0000] {logging_mixin.py:188} INFO - [2024-07-02T23:58:17.436+0000] {dagbag.py:545} INFO - Filling up the DagBag from /home/airflow/.local/lib/python3.12/site-packages/airflow/example_dags/example_local_kubernetes_executor.py
[2024-07-02T23:58:17.444+0000] {processor.py:840} INFO - DAG(s) 'example_local_kubernetes_executor' retrieved from /home/airflow/.local/lib/python3.12/site-packages/airflow/example_dags/example_local_kubernetes_executor.py
[2024-07-02T23:58:17.492+0000] {logging_mixin.py:188} INFO - [2024-07-02T23:58:17.492+0000] {dag.py:3096} INFO - Sync 1 DAGs
[2024-07-02T23:58:17.510+0000] {logging_mixin.py:188} INFO - [2024-07-02T23:58:17.510+0000] {dag.py:3954} INFO - Setting next_dagrun for example_local_kubernetes_executor to None, run_after=None
[2024-07-02T23:58:17.532+0000] {processor.py:183} INFO - Processing /home/airflow/.local/lib/python3.12/site-packages/airflow/example_dags/example_local_kubernetes_executor.py took 0.106 seconds
[2024-07-02T23:58:54.856+0000] {processor.py:161} INFO - Started process (PID=579) to work on /home/airflow/.local/lib/python3.12/site-packages/airflow/example_dags/example_local_kubernetes_executor.py
[2024-07-02T23:58:54.858+0000] {processor.py:830} INFO - Processing file /home/airflow/.local/lib/python3.12/site-packages/airflow/example_dags/example_local_kubernetes_executor.py for tasks to queue
[2024-07-02T23:58:54.861+0000] {logging_mixin.py:188} INFO - [2024-07-02T23:58:54.861+0000] {dagbag.py:545} INFO - Filling up the DagBag from /home/airflow/.local/lib/python3.12/site-packages/airflow/example_dags/example_local_kubernetes_executor.py
[2024-07-02T23:58:54.873+0000] {processor.py:840} INFO - DAG(s) 'example_local_kubernetes_executor' retrieved from /home/airflow/.local/lib/python3.12/site-packages/airflow/example_dags/example_local_kubernetes_executor.py
[2024-07-02T23:58:54.925+0000] {logging_mixin.py:188} INFO - [2024-07-02T23:58:54.925+0000] {dag.py:3096} INFO - Sync 1 DAGs
[2024-07-02T23:58:54.944+0000] {logging_mixin.py:188} INFO - [2024-07-02T23:58:54.944+0000] {dag.py:3954} INFO - Setting next_dagrun for example_local_kubernetes_executor to None, run_after=None
[2024-07-02T23:58:54.968+0000] {processor.py:183} INFO - Processing /home/airflow/.local/lib/python3.12/site-packages/airflow/example_dags/example_local_kubernetes_executor.py took 0.170 seconds
[2024-07-02T23:59:25.417+0000] {processor.py:161} INFO - Started process (PID=637) to work on /home/airflow/.local/lib/python3.12/site-packages/airflow/example_dags/example_local_kubernetes_executor.py
[2024-07-02T23:59:25.418+0000] {processor.py:830} INFO - Processing file /home/airflow/.local/lib/python3.12/site-packages/airflow/example_dags/example_local_kubernetes_executor.py for tasks to queue
[2024-07-02T23:59:25.420+0000] {logging_mixin.py:188} INFO - [2024-07-02T23:59:25.420+0000] {dagbag.py:545} INFO - Filling up the DagBag from /home/airflow/.local/lib/python3.12/site-packages/airflow/example_dags/example_local_kubernetes_executor.py
[2024-07-02T23:59:25.428+0000] {processor.py:840} INFO - DAG(s) 'example_local_kubernetes_executor' retrieved from /home/airflow/.local/lib/python3.12/site-packages/airflow/example_dags/example_local_kubernetes_executor.py
[2024-07-02T23:59:25.472+0000] {logging_mixin.py:188} INFO - [2024-07-02T23:59:25.472+0000] {dag.py:3096} INFO - Sync 1 DAGs
[2024-07-02T23:59:25.486+0000] {logging_mixin.py:188} INFO - [2024-07-02T23:59:25.486+0000] {dag.py:3954} INFO - Setting next_dagrun for example_local_kubernetes_executor to None, run_after=None
[2024-07-02T23:59:25.506+0000] {processor.py:183} INFO - Processing /home/airflow/.local/lib/python3.12/site-packages/airflow/example_dags/example_local_kubernetes_executor.py took 0.095 seconds
[2024-07-02T23:59:56.353+0000] {processor.py:161} INFO - Started process (PID=695) to work on /home/airflow/.local/lib/python3.12/site-packages/airflow/example_dags/example_local_kubernetes_executor.py
[2024-07-02T23:59:56.355+0000] {processor.py:830} INFO - Processing file /home/airflow/.local/lib/python3.12/site-packages/airflow/example_dags/example_local_kubernetes_executor.py for tasks to queue
[2024-07-02T23:59:56.357+0000] {logging_mixin.py:188} INFO - [2024-07-02T23:59:56.357+0000] {dagbag.py:545} INFO - Filling up the DagBag from /home/airflow/.local/lib/python3.12/site-packages/airflow/example_dags/example_local_kubernetes_executor.py
[2024-07-02T23:59:56.370+0000] {processor.py:840} INFO - DAG(s) 'example_local_kubernetes_executor' retrieved from /home/airflow/.local/lib/python3.12/site-packages/airflow/example_dags/example_local_kubernetes_executor.py
[2024-07-02T23:59:56.419+0000] {logging_mixin.py:188} INFO - [2024-07-02T23:59:56.418+0000] {dag.py:3096} INFO - Sync 1 DAGs
[2024-07-02T23:59:56.435+0000] {logging_mixin.py:188} INFO - [2024-07-02T23:59:56.435+0000] {dag.py:3954} INFO - Setting next_dagrun for example_local_kubernetes_executor to None, run_after=None
[2024-07-02T23:59:56.457+0000] {processor.py:183} INFO - Processing /home/airflow/.local/lib/python3.12/site-packages/airflow/example_dags/example_local_kubernetes_executor.py took 0.110 seconds
