[2024-07-02T23:55:14.428+0000] {processor.py:161} INFO - Started process (PID=164) to work on /home/airflow/.local/lib/python3.12/site-packages/airflow/example_dags/example_kubernetes_executor.py
[2024-07-02T23:55:14.429+0000] {processor.py:830} INFO - Processing file /home/airflow/.local/lib/python3.12/site-packages/airflow/example_dags/example_kubernetes_executor.py for tasks to queue
[2024-07-02T23:55:14.431+0000] {logging_mixin.py:188} INFO - [2024-07-02T23:55:14.430+0000] {dagbag.py:545} INFO - Filling up the DagBag from /home/airflow/.local/lib/python3.12/site-packages/airflow/example_dags/example_kubernetes_executor.py
[2024-07-02T23:55:14.449+0000] {processor.py:840} INFO - DAG(s) 'example_kubernetes_executor' retrieved from /home/airflow/.local/lib/python3.12/site-packages/airflow/example_dags/example_kubernetes_executor.py
[2024-07-02T23:55:14.684+0000] {logging_mixin.py:188} INFO - [2024-07-02T23:55:14.683+0000] {override.py:1829} INFO - Created Permission View: can read on DAG:example_kubernetes_executor
[2024-07-02T23:55:14.699+0000] {logging_mixin.py:188} INFO - [2024-07-02T23:55:14.699+0000] {override.py:1829} INFO - Created Permission View: can delete on DAG:example_kubernetes_executor
[2024-07-02T23:55:14.707+0000] {logging_mixin.py:188} INFO - [2024-07-02T23:55:14.707+0000] {override.py:1829} INFO - Created Permission View: can edit on DAG:example_kubernetes_executor
[2024-07-02T23:55:14.708+0000] {logging_mixin.py:188} INFO - [2024-07-02T23:55:14.708+0000] {dag.py:3096} INFO - Sync 1 DAGs
[2024-07-02T23:55:14.725+0000] {logging_mixin.py:188} INFO - [2024-07-02T23:55:14.725+0000] {dag.py:3118} INFO - Creating ORM DAG for example_kubernetes_executor
[2024-07-02T23:55:14.726+0000] {logging_mixin.py:188} INFO - [2024-07-02T23:55:14.726+0000] {dag.py:3954} INFO - Setting next_dagrun for example_kubernetes_executor to None, run_after=None
[2024-07-02T23:55:14.745+0000] {processor.py:183} INFO - Processing /home/airflow/.local/lib/python3.12/site-packages/airflow/example_dags/example_kubernetes_executor.py took 0.323 seconds
[2024-07-02T23:55:44.839+0000] {processor.py:161} INFO - Started process (PID=222) to work on /home/airflow/.local/lib/python3.12/site-packages/airflow/example_dags/example_kubernetes_executor.py
[2024-07-02T23:55:44.840+0000] {processor.py:830} INFO - Processing file /home/airflow/.local/lib/python3.12/site-packages/airflow/example_dags/example_kubernetes_executor.py for tasks to queue
[2024-07-02T23:55:44.842+0000] {logging_mixin.py:188} INFO - [2024-07-02T23:55:44.842+0000] {dagbag.py:545} INFO - Filling up the DagBag from /home/airflow/.local/lib/python3.12/site-packages/airflow/example_dags/example_kubernetes_executor.py
[2024-07-02T23:55:44.855+0000] {processor.py:840} INFO - DAG(s) 'example_kubernetes_executor' retrieved from /home/airflow/.local/lib/python3.12/site-packages/airflow/example_dags/example_kubernetes_executor.py
[2024-07-02T23:55:44.899+0000] {logging_mixin.py:188} INFO - [2024-07-02T23:55:44.898+0000] {dag.py:3096} INFO - Sync 1 DAGs
[2024-07-02T23:55:44.912+0000] {logging_mixin.py:188} INFO - [2024-07-02T23:55:44.912+0000] {dag.py:3954} INFO - Setting next_dagrun for example_kubernetes_executor to None, run_after=None
[2024-07-02T23:55:44.930+0000] {processor.py:183} INFO - Processing /home/airflow/.local/lib/python3.12/site-packages/airflow/example_dags/example_kubernetes_executor.py took 0.099 seconds
[2024-07-02T23:56:15.057+0000] {processor.py:161} INFO - Started process (PID=280) to work on /home/airflow/.local/lib/python3.12/site-packages/airflow/example_dags/example_kubernetes_executor.py
[2024-07-02T23:56:15.058+0000] {processor.py:830} INFO - Processing file /home/airflow/.local/lib/python3.12/site-packages/airflow/example_dags/example_kubernetes_executor.py for tasks to queue
[2024-07-02T23:56:15.060+0000] {logging_mixin.py:188} INFO - [2024-07-02T23:56:15.060+0000] {dagbag.py:545} INFO - Filling up the DagBag from /home/airflow/.local/lib/python3.12/site-packages/airflow/example_dags/example_kubernetes_executor.py
[2024-07-02T23:56:15.077+0000] {processor.py:840} INFO - DAG(s) 'example_kubernetes_executor' retrieved from /home/airflow/.local/lib/python3.12/site-packages/airflow/example_dags/example_kubernetes_executor.py
[2024-07-02T23:56:15.118+0000] {logging_mixin.py:188} INFO - [2024-07-02T23:56:15.118+0000] {dag.py:3096} INFO - Sync 1 DAGs
[2024-07-02T23:56:15.131+0000] {logging_mixin.py:188} INFO - [2024-07-02T23:56:15.131+0000] {dag.py:3954} INFO - Setting next_dagrun for example_kubernetes_executor to None, run_after=None
[2024-07-02T23:56:15.148+0000] {processor.py:183} INFO - Processing /home/airflow/.local/lib/python3.12/site-packages/airflow/example_dags/example_kubernetes_executor.py took 0.097 seconds
[2024-07-02T23:56:45.286+0000] {processor.py:161} INFO - Started process (PID=338) to work on /home/airflow/.local/lib/python3.12/site-packages/airflow/example_dags/example_kubernetes_executor.py
[2024-07-02T23:56:45.287+0000] {processor.py:830} INFO - Processing file /home/airflow/.local/lib/python3.12/site-packages/airflow/example_dags/example_kubernetes_executor.py for tasks to queue
[2024-07-02T23:56:45.289+0000] {logging_mixin.py:188} INFO - [2024-07-02T23:56:45.289+0000] {dagbag.py:545} INFO - Filling up the DagBag from /home/airflow/.local/lib/python3.12/site-packages/airflow/example_dags/example_kubernetes_executor.py
[2024-07-02T23:56:45.303+0000] {processor.py:840} INFO - DAG(s) 'example_kubernetes_executor' retrieved from /home/airflow/.local/lib/python3.12/site-packages/airflow/example_dags/example_kubernetes_executor.py
[2024-07-02T23:56:45.352+0000] {logging_mixin.py:188} INFO - [2024-07-02T23:56:45.352+0000] {dag.py:3096} INFO - Sync 1 DAGs
[2024-07-02T23:56:45.367+0000] {logging_mixin.py:188} INFO - [2024-07-02T23:56:45.367+0000] {dag.py:3954} INFO - Setting next_dagrun for example_kubernetes_executor to None, run_after=None
[2024-07-02T23:56:45.387+0000] {processor.py:183} INFO - Processing /home/airflow/.local/lib/python3.12/site-packages/airflow/example_dags/example_kubernetes_executor.py took 0.107 seconds
[2024-07-02T23:57:15.577+0000] {processor.py:161} INFO - Started process (PID=396) to work on /home/airflow/.local/lib/python3.12/site-packages/airflow/example_dags/example_kubernetes_executor.py
[2024-07-02T23:57:15.578+0000] {processor.py:830} INFO - Processing file /home/airflow/.local/lib/python3.12/site-packages/airflow/example_dags/example_kubernetes_executor.py for tasks to queue
[2024-07-02T23:57:15.580+0000] {logging_mixin.py:188} INFO - [2024-07-02T23:57:15.579+0000] {dagbag.py:545} INFO - Filling up the DagBag from /home/airflow/.local/lib/python3.12/site-packages/airflow/example_dags/example_kubernetes_executor.py
[2024-07-02T23:57:15.593+0000] {processor.py:840} INFO - DAG(s) 'example_kubernetes_executor' retrieved from /home/airflow/.local/lib/python3.12/site-packages/airflow/example_dags/example_kubernetes_executor.py
[2024-07-02T23:57:15.640+0000] {logging_mixin.py:188} INFO - [2024-07-02T23:57:15.639+0000] {dag.py:3096} INFO - Sync 1 DAGs
[2024-07-02T23:57:15.669+0000] {logging_mixin.py:188} INFO - [2024-07-02T23:57:15.668+0000] {dag.py:3954} INFO - Setting next_dagrun for example_kubernetes_executor to None, run_after=None
[2024-07-02T23:57:15.687+0000] {processor.py:183} INFO - Processing /home/airflow/.local/lib/python3.12/site-packages/airflow/example_dags/example_kubernetes_executor.py took 0.117 seconds
[2024-07-02T23:57:45.801+0000] {processor.py:161} INFO - Started process (PID=453) to work on /home/airflow/.local/lib/python3.12/site-packages/airflow/example_dags/example_kubernetes_executor.py
[2024-07-02T23:57:45.802+0000] {processor.py:830} INFO - Processing file /home/airflow/.local/lib/python3.12/site-packages/airflow/example_dags/example_kubernetes_executor.py for tasks to queue
[2024-07-02T23:57:45.804+0000] {logging_mixin.py:188} INFO - [2024-07-02T23:57:45.803+0000] {dagbag.py:545} INFO - Filling up the DagBag from /home/airflow/.local/lib/python3.12/site-packages/airflow/example_dags/example_kubernetes_executor.py
[2024-07-02T23:57:45.816+0000] {processor.py:840} INFO - DAG(s) 'example_kubernetes_executor' retrieved from /home/airflow/.local/lib/python3.12/site-packages/airflow/example_dags/example_kubernetes_executor.py
[2024-07-02T23:57:45.859+0000] {logging_mixin.py:188} INFO - [2024-07-02T23:57:45.858+0000] {dag.py:3096} INFO - Sync 1 DAGs
[2024-07-02T23:57:45.873+0000] {logging_mixin.py:188} INFO - [2024-07-02T23:57:45.872+0000] {dag.py:3954} INFO - Setting next_dagrun for example_kubernetes_executor to None, run_after=None
[2024-07-02T23:57:45.893+0000] {processor.py:183} INFO - Processing /home/airflow/.local/lib/python3.12/site-packages/airflow/example_dags/example_kubernetes_executor.py took 0.098 seconds
[2024-07-02T23:58:16.141+0000] {processor.py:161} INFO - Started process (PID=511) to work on /home/airflow/.local/lib/python3.12/site-packages/airflow/example_dags/example_kubernetes_executor.py
[2024-07-02T23:58:16.142+0000] {processor.py:830} INFO - Processing file /home/airflow/.local/lib/python3.12/site-packages/airflow/example_dags/example_kubernetes_executor.py for tasks to queue
[2024-07-02T23:58:16.143+0000] {logging_mixin.py:188} INFO - [2024-07-02T23:58:16.143+0000] {dagbag.py:545} INFO - Filling up the DagBag from /home/airflow/.local/lib/python3.12/site-packages/airflow/example_dags/example_kubernetes_executor.py
[2024-07-02T23:58:16.156+0000] {processor.py:840} INFO - DAG(s) 'example_kubernetes_executor' retrieved from /home/airflow/.local/lib/python3.12/site-packages/airflow/example_dags/example_kubernetes_executor.py
[2024-07-02T23:58:16.209+0000] {logging_mixin.py:188} INFO - [2024-07-02T23:58:16.209+0000] {dag.py:3096} INFO - Sync 1 DAGs
[2024-07-02T23:58:16.223+0000] {logging_mixin.py:188} INFO - [2024-07-02T23:58:16.223+0000] {dag.py:3954} INFO - Setting next_dagrun for example_kubernetes_executor to None, run_after=None
[2024-07-02T23:58:16.243+0000] {processor.py:183} INFO - Processing /home/airflow/.local/lib/python3.12/site-packages/airflow/example_dags/example_kubernetes_executor.py took 0.108 seconds
[2024-07-02T23:58:53.192+0000] {processor.py:161} INFO - Started process (PID=570) to work on /home/airflow/.local/lib/python3.12/site-packages/airflow/example_dags/example_kubernetes_executor.py
[2024-07-02T23:58:53.193+0000] {processor.py:830} INFO - Processing file /home/airflow/.local/lib/python3.12/site-packages/airflow/example_dags/example_kubernetes_executor.py for tasks to queue
[2024-07-02T23:58:53.195+0000] {logging_mixin.py:188} INFO - [2024-07-02T23:58:53.195+0000] {dagbag.py:545} INFO - Filling up the DagBag from /home/airflow/.local/lib/python3.12/site-packages/airflow/example_dags/example_kubernetes_executor.py
[2024-07-02T23:58:53.207+0000] {processor.py:840} INFO - DAG(s) 'example_kubernetes_executor' retrieved from /home/airflow/.local/lib/python3.12/site-packages/airflow/example_dags/example_kubernetes_executor.py
[2024-07-02T23:58:53.297+0000] {logging_mixin.py:188} INFO - [2024-07-02T23:58:53.297+0000] {dag.py:3096} INFO - Sync 1 DAGs
[2024-07-02T23:58:53.310+0000] {logging_mixin.py:188} INFO - [2024-07-02T23:58:53.310+0000] {dag.py:3954} INFO - Setting next_dagrun for example_kubernetes_executor to None, run_after=None
[2024-07-02T23:58:53.327+0000] {processor.py:183} INFO - Processing /home/airflow/.local/lib/python3.12/site-packages/airflow/example_dags/example_kubernetes_executor.py took 0.141 seconds
[2024-07-02T23:59:24.082+0000] {processor.py:161} INFO - Started process (PID=628) to work on /home/airflow/.local/lib/python3.12/site-packages/airflow/example_dags/example_kubernetes_executor.py
[2024-07-02T23:59:24.083+0000] {processor.py:830} INFO - Processing file /home/airflow/.local/lib/python3.12/site-packages/airflow/example_dags/example_kubernetes_executor.py for tasks to queue
[2024-07-02T23:59:24.085+0000] {logging_mixin.py:188} INFO - [2024-07-02T23:59:24.084+0000] {dagbag.py:545} INFO - Filling up the DagBag from /home/airflow/.local/lib/python3.12/site-packages/airflow/example_dags/example_kubernetes_executor.py
[2024-07-02T23:59:24.099+0000] {processor.py:840} INFO - DAG(s) 'example_kubernetes_executor' retrieved from /home/airflow/.local/lib/python3.12/site-packages/airflow/example_dags/example_kubernetes_executor.py
[2024-07-02T23:59:24.270+0000] {logging_mixin.py:188} INFO - [2024-07-02T23:59:24.270+0000] {dag.py:3096} INFO - Sync 1 DAGs
[2024-07-02T23:59:24.285+0000] {logging_mixin.py:188} INFO - [2024-07-02T23:59:24.285+0000] {dag.py:3954} INFO - Setting next_dagrun for example_kubernetes_executor to None, run_after=None
[2024-07-02T23:59:24.365+0000] {processor.py:183} INFO - Processing /home/airflow/.local/lib/python3.12/site-packages/airflow/example_dags/example_kubernetes_executor.py took 0.290 seconds
[2024-07-02T23:59:55.007+0000] {processor.py:161} INFO - Started process (PID=692) to work on /home/airflow/.local/lib/python3.12/site-packages/airflow/example_dags/example_kubernetes_executor.py
[2024-07-02T23:59:55.064+0000] {processor.py:830} INFO - Processing file /home/airflow/.local/lib/python3.12/site-packages/airflow/example_dags/example_kubernetes_executor.py for tasks to queue
[2024-07-02T23:59:55.067+0000] {logging_mixin.py:188} INFO - [2024-07-02T23:59:55.066+0000] {dagbag.py:545} INFO - Filling up the DagBag from /home/airflow/.local/lib/python3.12/site-packages/airflow/example_dags/example_kubernetes_executor.py
[2024-07-02T23:59:55.080+0000] {processor.py:840} INFO - DAG(s) 'example_kubernetes_executor' retrieved from /home/airflow/.local/lib/python3.12/site-packages/airflow/example_dags/example_kubernetes_executor.py
[2024-07-02T23:59:55.126+0000] {logging_mixin.py:188} INFO - [2024-07-02T23:59:55.126+0000] {dag.py:3096} INFO - Sync 1 DAGs
[2024-07-02T23:59:55.172+0000] {logging_mixin.py:188} INFO - [2024-07-02T23:59:55.171+0000] {dag.py:3954} INFO - Setting next_dagrun for example_kubernetes_executor to None, run_after=None
[2024-07-02T23:59:55.190+0000] {processor.py:183} INFO - Processing /home/airflow/.local/lib/python3.12/site-packages/airflow/example_dags/example_kubernetes_executor.py took 0.190 seconds
