[2024-07-02T23:55:18.194+0000] {processor.py:161} INFO - Started process (PID=187) to work on /home/airflow/.local/lib/python3.12/site-packages/airflow/example_dags/example_trigger_target_dag.py
[2024-07-02T23:55:18.195+0000] {processor.py:830} INFO - Processing file /home/airflow/.local/lib/python3.12/site-packages/airflow/example_dags/example_trigger_target_dag.py for tasks to queue
[2024-07-02T23:55:18.197+0000] {logging_mixin.py:188} INFO - [2024-07-02T23:55:18.197+0000] {dagbag.py:545} INFO - Filling up the DagBag from /home/airflow/.local/lib/python3.12/site-packages/airflow/example_dags/example_trigger_target_dag.py
[2024-07-02T23:55:18.204+0000] {processor.py:840} INFO - DAG(s) 'example_trigger_target_dag' retrieved from /home/airflow/.local/lib/python3.12/site-packages/airflow/example_dags/example_trigger_target_dag.py
[2024-07-02T23:55:18.344+0000] {logging_mixin.py:188} INFO - [2024-07-02T23:55:18.343+0000] {override.py:1829} INFO - Created Permission View: can read on DAG:example_trigger_target_dag
[2024-07-02T23:55:18.352+0000] {logging_mixin.py:188} INFO - [2024-07-02T23:55:18.352+0000] {override.py:1829} INFO - Created Permission View: can delete on DAG:example_trigger_target_dag
[2024-07-02T23:55:18.357+0000] {logging_mixin.py:188} INFO - [2024-07-02T23:55:18.357+0000] {override.py:1829} INFO - Created Permission View: can edit on DAG:example_trigger_target_dag
[2024-07-02T23:55:18.358+0000] {logging_mixin.py:188} INFO - [2024-07-02T23:55:18.357+0000] {dag.py:3096} INFO - Sync 1 DAGs
[2024-07-02T23:55:18.371+0000] {logging_mixin.py:188} INFO - [2024-07-02T23:55:18.371+0000] {dag.py:3118} INFO - Creating ORM DAG for example_trigger_target_dag
[2024-07-02T23:55:18.372+0000] {logging_mixin.py:188} INFO - [2024-07-02T23:55:18.372+0000] {dag.py:3954} INFO - Setting next_dagrun for example_trigger_target_dag to None, run_after=None
[2024-07-02T23:55:18.393+0000] {processor.py:183} INFO - Processing /home/airflow/.local/lib/python3.12/site-packages/airflow/example_dags/example_trigger_target_dag.py took 0.206 seconds
[2024-07-02T23:55:49.241+0000] {processor.py:161} INFO - Started process (PID=245) to work on /home/airflow/.local/lib/python3.12/site-packages/airflow/example_dags/example_trigger_target_dag.py
[2024-07-02T23:55:49.242+0000] {processor.py:830} INFO - Processing file /home/airflow/.local/lib/python3.12/site-packages/airflow/example_dags/example_trigger_target_dag.py for tasks to queue
[2024-07-02T23:55:49.244+0000] {logging_mixin.py:188} INFO - [2024-07-02T23:55:49.244+0000] {dagbag.py:545} INFO - Filling up the DagBag from /home/airflow/.local/lib/python3.12/site-packages/airflow/example_dags/example_trigger_target_dag.py
[2024-07-02T23:55:49.251+0000] {processor.py:840} INFO - DAG(s) 'example_trigger_target_dag' retrieved from /home/airflow/.local/lib/python3.12/site-packages/airflow/example_dags/example_trigger_target_dag.py
[2024-07-02T23:55:49.271+0000] {logging_mixin.py:188} INFO - [2024-07-02T23:55:49.271+0000] {dag.py:3096} INFO - Sync 1 DAGs
[2024-07-02T23:55:49.289+0000] {logging_mixin.py:188} INFO - [2024-07-02T23:55:49.289+0000] {dag.py:3954} INFO - Setting next_dagrun for example_trigger_target_dag to None, run_after=None
[2024-07-02T23:55:49.317+0000] {processor.py:183} INFO - Processing /home/airflow/.local/lib/python3.12/site-packages/airflow/example_dags/example_trigger_target_dag.py took 0.082 seconds
[2024-07-02T23:56:19.378+0000] {processor.py:161} INFO - Started process (PID=303) to work on /home/airflow/.local/lib/python3.12/site-packages/airflow/example_dags/example_trigger_target_dag.py
[2024-07-02T23:56:19.379+0000] {processor.py:830} INFO - Processing file /home/airflow/.local/lib/python3.12/site-packages/airflow/example_dags/example_trigger_target_dag.py for tasks to queue
[2024-07-02T23:56:19.381+0000] {logging_mixin.py:188} INFO - [2024-07-02T23:56:19.381+0000] {dagbag.py:545} INFO - Filling up the DagBag from /home/airflow/.local/lib/python3.12/site-packages/airflow/example_dags/example_trigger_target_dag.py
[2024-07-02T23:56:19.388+0000] {processor.py:840} INFO - DAG(s) 'example_trigger_target_dag' retrieved from /home/airflow/.local/lib/python3.12/site-packages/airflow/example_dags/example_trigger_target_dag.py
[2024-07-02T23:56:19.408+0000] {logging_mixin.py:188} INFO - [2024-07-02T23:56:19.408+0000] {dag.py:3096} INFO - Sync 1 DAGs
[2024-07-02T23:56:19.421+0000] {logging_mixin.py:188} INFO - [2024-07-02T23:56:19.420+0000] {dag.py:3954} INFO - Setting next_dagrun for example_trigger_target_dag to None, run_after=None
[2024-07-02T23:56:19.437+0000] {processor.py:183} INFO - Processing /home/airflow/.local/lib/python3.12/site-packages/airflow/example_dags/example_trigger_target_dag.py took 0.066 seconds
[2024-07-02T23:56:49.843+0000] {processor.py:161} INFO - Started process (PID=361) to work on /home/airflow/.local/lib/python3.12/site-packages/airflow/example_dags/example_trigger_target_dag.py
[2024-07-02T23:56:49.844+0000] {processor.py:830} INFO - Processing file /home/airflow/.local/lib/python3.12/site-packages/airflow/example_dags/example_trigger_target_dag.py for tasks to queue
[2024-07-02T23:56:49.846+0000] {logging_mixin.py:188} INFO - [2024-07-02T23:56:49.845+0000] {dagbag.py:545} INFO - Filling up the DagBag from /home/airflow/.local/lib/python3.12/site-packages/airflow/example_dags/example_trigger_target_dag.py
[2024-07-02T23:56:49.852+0000] {processor.py:840} INFO - DAG(s) 'example_trigger_target_dag' retrieved from /home/airflow/.local/lib/python3.12/site-packages/airflow/example_dags/example_trigger_target_dag.py
[2024-07-02T23:56:49.875+0000] {logging_mixin.py:188} INFO - [2024-07-02T23:56:49.874+0000] {dag.py:3096} INFO - Sync 1 DAGs
[2024-07-02T23:56:49.888+0000] {logging_mixin.py:188} INFO - [2024-07-02T23:56:49.888+0000] {dag.py:3954} INFO - Setting next_dagrun for example_trigger_target_dag to None, run_after=None
[2024-07-02T23:56:49.908+0000] {processor.py:183} INFO - Processing /home/airflow/.local/lib/python3.12/site-packages/airflow/example_dags/example_trigger_target_dag.py took 0.071 seconds
[2024-07-02T23:57:20.430+0000] {processor.py:161} INFO - Started process (PID=419) to work on /home/airflow/.local/lib/python3.12/site-packages/airflow/example_dags/example_trigger_target_dag.py
[2024-07-02T23:57:20.431+0000] {processor.py:830} INFO - Processing file /home/airflow/.local/lib/python3.12/site-packages/airflow/example_dags/example_trigger_target_dag.py for tasks to queue
[2024-07-02T23:57:20.433+0000] {logging_mixin.py:188} INFO - [2024-07-02T23:57:20.432+0000] {dagbag.py:545} INFO - Filling up the DagBag from /home/airflow/.local/lib/python3.12/site-packages/airflow/example_dags/example_trigger_target_dag.py
[2024-07-02T23:57:20.438+0000] {processor.py:840} INFO - DAG(s) 'example_trigger_target_dag' retrieved from /home/airflow/.local/lib/python3.12/site-packages/airflow/example_dags/example_trigger_target_dag.py
[2024-07-02T23:57:20.460+0000] {logging_mixin.py:188} INFO - [2024-07-02T23:57:20.460+0000] {dag.py:3096} INFO - Sync 1 DAGs
[2024-07-02T23:57:20.473+0000] {logging_mixin.py:188} INFO - [2024-07-02T23:57:20.473+0000] {dag.py:3954} INFO - Setting next_dagrun for example_trigger_target_dag to None, run_after=None
[2024-07-02T23:57:20.494+0000] {processor.py:183} INFO - Processing /home/airflow/.local/lib/python3.12/site-packages/airflow/example_dags/example_trigger_target_dag.py took 0.070 seconds
[2024-07-02T23:57:50.628+0000] {processor.py:161} INFO - Started process (PID=477) to work on /home/airflow/.local/lib/python3.12/site-packages/airflow/example_dags/example_trigger_target_dag.py
[2024-07-02T23:57:50.629+0000] {processor.py:830} INFO - Processing file /home/airflow/.local/lib/python3.12/site-packages/airflow/example_dags/example_trigger_target_dag.py for tasks to queue
[2024-07-02T23:57:50.631+0000] {logging_mixin.py:188} INFO - [2024-07-02T23:57:50.631+0000] {dagbag.py:545} INFO - Filling up the DagBag from /home/airflow/.local/lib/python3.12/site-packages/airflow/example_dags/example_trigger_target_dag.py
[2024-07-02T23:57:50.637+0000] {processor.py:840} INFO - DAG(s) 'example_trigger_target_dag' retrieved from /home/airflow/.local/lib/python3.12/site-packages/airflow/example_dags/example_trigger_target_dag.py
[2024-07-02T23:57:50.667+0000] {logging_mixin.py:188} INFO - [2024-07-02T23:57:50.667+0000] {dag.py:3096} INFO - Sync 1 DAGs
[2024-07-02T23:57:50.681+0000] {logging_mixin.py:188} INFO - [2024-07-02T23:57:50.680+0000] {dag.py:3954} INFO - Setting next_dagrun for example_trigger_target_dag to None, run_after=None
[2024-07-02T23:57:50.699+0000] {processor.py:183} INFO - Processing /home/airflow/.local/lib/python3.12/site-packages/airflow/example_dags/example_trigger_target_dag.py took 0.077 seconds
[2024-07-02T23:58:20.834+0000] {processor.py:161} INFO - Started process (PID=535) to work on /home/airflow/.local/lib/python3.12/site-packages/airflow/example_dags/example_trigger_target_dag.py
[2024-07-02T23:58:20.835+0000] {processor.py:830} INFO - Processing file /home/airflow/.local/lib/python3.12/site-packages/airflow/example_dags/example_trigger_target_dag.py for tasks to queue
[2024-07-02T23:58:20.836+0000] {logging_mixin.py:188} INFO - [2024-07-02T23:58:20.836+0000] {dagbag.py:545} INFO - Filling up the DagBag from /home/airflow/.local/lib/python3.12/site-packages/airflow/example_dags/example_trigger_target_dag.py
[2024-07-02T23:58:20.842+0000] {processor.py:840} INFO - DAG(s) 'example_trigger_target_dag' retrieved from /home/airflow/.local/lib/python3.12/site-packages/airflow/example_dags/example_trigger_target_dag.py
[2024-07-02T23:58:20.862+0000] {logging_mixin.py:188} INFO - [2024-07-02T23:58:20.862+0000] {dag.py:3096} INFO - Sync 1 DAGs
[2024-07-02T23:58:20.877+0000] {logging_mixin.py:188} INFO - [2024-07-02T23:58:20.876+0000] {dag.py:3954} INFO - Setting next_dagrun for example_trigger_target_dag to None, run_after=None
[2024-07-02T23:58:20.896+0000] {processor.py:183} INFO - Processing /home/airflow/.local/lib/python3.12/site-packages/airflow/example_dags/example_trigger_target_dag.py took 0.068 seconds
[2024-07-02T23:58:56.399+0000] {processor.py:161} INFO - Started process (PID=599) to work on /home/airflow/.local/lib/python3.12/site-packages/airflow/example_dags/example_trigger_target_dag.py
[2024-07-02T23:58:56.403+0000] {processor.py:830} INFO - Processing file /home/airflow/.local/lib/python3.12/site-packages/airflow/example_dags/example_trigger_target_dag.py for tasks to queue
[2024-07-02T23:58:56.405+0000] {logging_mixin.py:188} INFO - [2024-07-02T23:58:56.404+0000] {dagbag.py:545} INFO - Filling up the DagBag from /home/airflow/.local/lib/python3.12/site-packages/airflow/example_dags/example_trigger_target_dag.py
[2024-07-02T23:58:56.411+0000] {processor.py:840} INFO - DAG(s) 'example_trigger_target_dag' retrieved from /home/airflow/.local/lib/python3.12/site-packages/airflow/example_dags/example_trigger_target_dag.py
[2024-07-02T23:58:56.432+0000] {logging_mixin.py:188} INFO - [2024-07-02T23:58:56.432+0000] {dag.py:3096} INFO - Sync 1 DAGs
[2024-07-02T23:58:56.446+0000] {logging_mixin.py:188} INFO - [2024-07-02T23:58:56.446+0000] {dag.py:3954} INFO - Setting next_dagrun for example_trigger_target_dag to None, run_after=None
[2024-07-02T23:58:56.464+0000] {processor.py:183} INFO - Processing /home/airflow/.local/lib/python3.12/site-packages/airflow/example_dags/example_trigger_target_dag.py took 0.072 seconds
[2024-07-02T23:59:27.040+0000] {processor.py:161} INFO - Started process (PID=657) to work on /home/airflow/.local/lib/python3.12/site-packages/airflow/example_dags/example_trigger_target_dag.py
[2024-07-02T23:59:27.041+0000] {processor.py:830} INFO - Processing file /home/airflow/.local/lib/python3.12/site-packages/airflow/example_dags/example_trigger_target_dag.py for tasks to queue
[2024-07-02T23:59:27.043+0000] {logging_mixin.py:188} INFO - [2024-07-02T23:59:27.043+0000] {dagbag.py:545} INFO - Filling up the DagBag from /home/airflow/.local/lib/python3.12/site-packages/airflow/example_dags/example_trigger_target_dag.py
[2024-07-02T23:59:27.050+0000] {processor.py:840} INFO - DAG(s) 'example_trigger_target_dag' retrieved from /home/airflow/.local/lib/python3.12/site-packages/airflow/example_dags/example_trigger_target_dag.py
[2024-07-02T23:59:27.071+0000] {logging_mixin.py:188} INFO - [2024-07-02T23:59:27.071+0000] {dag.py:3096} INFO - Sync 1 DAGs
[2024-07-02T23:59:27.085+0000] {logging_mixin.py:188} INFO - [2024-07-02T23:59:27.085+0000] {dag.py:3954} INFO - Setting next_dagrun for example_trigger_target_dag to None, run_after=None
[2024-07-02T23:59:27.108+0000] {processor.py:183} INFO - Processing /home/airflow/.local/lib/python3.12/site-packages/airflow/example_dags/example_trigger_target_dag.py took 0.075 seconds
[2024-07-02T23:59:58.670+0000] {processor.py:161} INFO - Started process (PID=715) to work on /home/airflow/.local/lib/python3.12/site-packages/airflow/example_dags/example_trigger_target_dag.py
[2024-07-02T23:59:58.671+0000] {processor.py:830} INFO - Processing file /home/airflow/.local/lib/python3.12/site-packages/airflow/example_dags/example_trigger_target_dag.py for tasks to queue
[2024-07-02T23:59:58.673+0000] {logging_mixin.py:188} INFO - [2024-07-02T23:59:58.673+0000] {dagbag.py:545} INFO - Filling up the DagBag from /home/airflow/.local/lib/python3.12/site-packages/airflow/example_dags/example_trigger_target_dag.py
[2024-07-02T23:59:58.679+0000] {processor.py:840} INFO - DAG(s) 'example_trigger_target_dag' retrieved from /home/airflow/.local/lib/python3.12/site-packages/airflow/example_dags/example_trigger_target_dag.py
[2024-07-02T23:59:58.701+0000] {logging_mixin.py:188} INFO - [2024-07-02T23:59:58.701+0000] {dag.py:3096} INFO - Sync 1 DAGs
[2024-07-02T23:59:58.766+0000] {logging_mixin.py:188} INFO - [2024-07-02T23:59:58.766+0000] {dag.py:3954} INFO - Setting next_dagrun for example_trigger_target_dag to None, run_after=None
[2024-07-02T23:59:58.786+0000] {processor.py:183} INFO - Processing /home/airflow/.local/lib/python3.12/site-packages/airflow/example_dags/example_trigger_target_dag.py took 0.175 seconds
