[2024-07-02T23:55:17.774+0000] {processor.py:161} INFO - Started process (PID=184) to work on /home/airflow/.local/lib/python3.12/site-packages/airflow/example_dags/example_task_group_decorator.py
[2024-07-02T23:55:17.775+0000] {processor.py:830} INFO - Processing file /home/airflow/.local/lib/python3.12/site-packages/airflow/example_dags/example_task_group_decorator.py for tasks to queue
[2024-07-02T23:55:17.777+0000] {logging_mixin.py:188} INFO - [2024-07-02T23:55:17.777+0000] {dagbag.py:545} INFO - Filling up the DagBag from /home/airflow/.local/lib/python3.12/site-packages/airflow/example_dags/example_task_group_decorator.py
[2024-07-02T23:55:17.797+0000] {processor.py:840} INFO - DAG(s) 'example_task_group_decorator' retrieved from /home/airflow/.local/lib/python3.12/site-packages/airflow/example_dags/example_task_group_decorator.py
[2024-07-02T23:55:17.991+0000] {logging_mixin.py:188} INFO - [2024-07-02T23:55:17.990+0000] {override.py:1829} INFO - Created Permission View: can read on DAG:example_task_group_decorator
[2024-07-02T23:55:18.003+0000] {logging_mixin.py:188} INFO - [2024-07-02T23:55:18.002+0000] {override.py:1829} INFO - Created Permission View: can delete on DAG:example_task_group_decorator
[2024-07-02T23:55:18.010+0000] {logging_mixin.py:188} INFO - [2024-07-02T23:55:18.009+0000] {override.py:1829} INFO - Created Permission View: can edit on DAG:example_task_group_decorator
[2024-07-02T23:55:18.010+0000] {logging_mixin.py:188} INFO - [2024-07-02T23:55:18.010+0000] {dag.py:3096} INFO - Sync 1 DAGs
[2024-07-02T23:55:18.026+0000] {logging_mixin.py:188} INFO - [2024-07-02T23:55:18.026+0000] {dag.py:3118} INFO - Creating ORM DAG for example_task_group_decorator
[2024-07-02T23:55:18.041+0000] {logging_mixin.py:188} INFO - [2024-07-02T23:55:18.040+0000] {dag.py:3954} INFO - Setting next_dagrun for example_task_group_decorator to 2024-07-01 00:00:00+00:00, run_after=2024-07-02 00:00:00+00:00
[2024-07-02T23:55:18.060+0000] {processor.py:183} INFO - Processing /home/airflow/.local/lib/python3.12/site-packages/airflow/example_dags/example_task_group_decorator.py took 0.294 seconds
[2024-07-02T23:55:48.106+0000] {processor.py:161} INFO - Started process (PID=242) to work on /home/airflow/.local/lib/python3.12/site-packages/airflow/example_dags/example_task_group_decorator.py
[2024-07-02T23:55:48.107+0000] {processor.py:830} INFO - Processing file /home/airflow/.local/lib/python3.12/site-packages/airflow/example_dags/example_task_group_decorator.py for tasks to queue
[2024-07-02T23:55:48.109+0000] {logging_mixin.py:188} INFO - [2024-07-02T23:55:48.109+0000] {dagbag.py:545} INFO - Filling up the DagBag from /home/airflow/.local/lib/python3.12/site-packages/airflow/example_dags/example_task_group_decorator.py
[2024-07-02T23:55:48.124+0000] {processor.py:840} INFO - DAG(s) 'example_task_group_decorator' retrieved from /home/airflow/.local/lib/python3.12/site-packages/airflow/example_dags/example_task_group_decorator.py
[2024-07-02T23:55:48.151+0000] {logging_mixin.py:188} INFO - [2024-07-02T23:55:48.150+0000] {dag.py:3096} INFO - Sync 1 DAGs
[2024-07-02T23:55:48.172+0000] {logging_mixin.py:188} INFO - [2024-07-02T23:55:48.172+0000] {dag.py:3954} INFO - Setting next_dagrun for example_task_group_decorator to 2024-07-01 00:00:00+00:00, run_after=2024-07-02 00:00:00+00:00
[2024-07-02T23:55:48.189+0000] {processor.py:183} INFO - Processing /home/airflow/.local/lib/python3.12/site-packages/airflow/example_dags/example_task_group_decorator.py took 0.089 seconds
[2024-07-02T23:56:18.228+0000] {processor.py:161} INFO - Started process (PID=300) to work on /home/airflow/.local/lib/python3.12/site-packages/airflow/example_dags/example_task_group_decorator.py
[2024-07-02T23:56:18.229+0000] {processor.py:830} INFO - Processing file /home/airflow/.local/lib/python3.12/site-packages/airflow/example_dags/example_task_group_decorator.py for tasks to queue
[2024-07-02T23:56:18.231+0000] {logging_mixin.py:188} INFO - [2024-07-02T23:56:18.230+0000] {dagbag.py:545} INFO - Filling up the DagBag from /home/airflow/.local/lib/python3.12/site-packages/airflow/example_dags/example_task_group_decorator.py
[2024-07-02T23:56:18.251+0000] {processor.py:840} INFO - DAG(s) 'example_task_group_decorator' retrieved from /home/airflow/.local/lib/python3.12/site-packages/airflow/example_dags/example_task_group_decorator.py
[2024-07-02T23:56:18.284+0000] {logging_mixin.py:188} INFO - [2024-07-02T23:56:18.283+0000] {dag.py:3096} INFO - Sync 1 DAGs
[2024-07-02T23:56:18.309+0000] {logging_mixin.py:188} INFO - [2024-07-02T23:56:18.309+0000] {dag.py:3954} INFO - Setting next_dagrun for example_task_group_decorator to 2024-07-01 00:00:00+00:00, run_after=2024-07-02 00:00:00+00:00
[2024-07-02T23:56:18.327+0000] {processor.py:183} INFO - Processing /home/airflow/.local/lib/python3.12/site-packages/airflow/example_dags/example_task_group_decorator.py took 0.104 seconds
[2024-07-02T23:56:48.798+0000] {processor.py:161} INFO - Started process (PID=358) to work on /home/airflow/.local/lib/python3.12/site-packages/airflow/example_dags/example_task_group_decorator.py
[2024-07-02T23:56:48.799+0000] {processor.py:830} INFO - Processing file /home/airflow/.local/lib/python3.12/site-packages/airflow/example_dags/example_task_group_decorator.py for tasks to queue
[2024-07-02T23:56:48.801+0000] {logging_mixin.py:188} INFO - [2024-07-02T23:56:48.801+0000] {dagbag.py:545} INFO - Filling up the DagBag from /home/airflow/.local/lib/python3.12/site-packages/airflow/example_dags/example_task_group_decorator.py
[2024-07-02T23:56:48.819+0000] {processor.py:840} INFO - DAG(s) 'example_task_group_decorator' retrieved from /home/airflow/.local/lib/python3.12/site-packages/airflow/example_dags/example_task_group_decorator.py
[2024-07-02T23:56:48.847+0000] {logging_mixin.py:188} INFO - [2024-07-02T23:56:48.847+0000] {dag.py:3096} INFO - Sync 1 DAGs
[2024-07-02T23:56:48.871+0000] {logging_mixin.py:188} INFO - [2024-07-02T23:56:48.871+0000] {dag.py:3954} INFO - Setting next_dagrun for example_task_group_decorator to 2024-07-01 00:00:00+00:00, run_after=2024-07-02 00:00:00+00:00
[2024-07-02T23:56:48.891+0000] {processor.py:183} INFO - Processing /home/airflow/.local/lib/python3.12/site-packages/airflow/example_dags/example_task_group_decorator.py took 0.099 seconds
[2024-07-02T23:57:19.284+0000] {processor.py:161} INFO - Started process (PID=416) to work on /home/airflow/.local/lib/python3.12/site-packages/airflow/example_dags/example_task_group_decorator.py
[2024-07-02T23:57:19.285+0000] {processor.py:830} INFO - Processing file /home/airflow/.local/lib/python3.12/site-packages/airflow/example_dags/example_task_group_decorator.py for tasks to queue
[2024-07-02T23:57:19.287+0000] {logging_mixin.py:188} INFO - [2024-07-02T23:57:19.287+0000] {dagbag.py:545} INFO - Filling up the DagBag from /home/airflow/.local/lib/python3.12/site-packages/airflow/example_dags/example_task_group_decorator.py
[2024-07-02T23:57:19.304+0000] {processor.py:840} INFO - DAG(s) 'example_task_group_decorator' retrieved from /home/airflow/.local/lib/python3.12/site-packages/airflow/example_dags/example_task_group_decorator.py
[2024-07-02T23:57:19.331+0000] {logging_mixin.py:188} INFO - [2024-07-02T23:57:19.331+0000] {dag.py:3096} INFO - Sync 1 DAGs
[2024-07-02T23:57:19.353+0000] {logging_mixin.py:188} INFO - [2024-07-02T23:57:19.353+0000] {dag.py:3954} INFO - Setting next_dagrun for example_task_group_decorator to 2024-07-01 00:00:00+00:00, run_after=2024-07-02 00:00:00+00:00
[2024-07-02T23:57:19.384+0000] {processor.py:183} INFO - Processing /home/airflow/.local/lib/python3.12/site-packages/airflow/example_dags/example_task_group_decorator.py took 0.107 seconds
[2024-07-02T23:57:49.510+0000] {processor.py:161} INFO - Started process (PID=474) to work on /home/airflow/.local/lib/python3.12/site-packages/airflow/example_dags/example_task_group_decorator.py
[2024-07-02T23:57:49.511+0000] {processor.py:830} INFO - Processing file /home/airflow/.local/lib/python3.12/site-packages/airflow/example_dags/example_task_group_decorator.py for tasks to queue
[2024-07-02T23:57:49.513+0000] {logging_mixin.py:188} INFO - [2024-07-02T23:57:49.513+0000] {dagbag.py:545} INFO - Filling up the DagBag from /home/airflow/.local/lib/python3.12/site-packages/airflow/example_dags/example_task_group_decorator.py
[2024-07-02T23:57:49.528+0000] {processor.py:840} INFO - DAG(s) 'example_task_group_decorator' retrieved from /home/airflow/.local/lib/python3.12/site-packages/airflow/example_dags/example_task_group_decorator.py
[2024-07-02T23:57:49.557+0000] {logging_mixin.py:188} INFO - [2024-07-02T23:57:49.556+0000] {dag.py:3096} INFO - Sync 1 DAGs
[2024-07-02T23:57:49.580+0000] {logging_mixin.py:188} INFO - [2024-07-02T23:57:49.580+0000] {dag.py:3954} INFO - Setting next_dagrun for example_task_group_decorator to 2024-07-01 00:00:00+00:00, run_after=2024-07-02 00:00:00+00:00
[2024-07-02T23:57:49.600+0000] {processor.py:183} INFO - Processing /home/airflow/.local/lib/python3.12/site-packages/airflow/example_dags/example_task_group_decorator.py took 0.096 seconds
[2024-07-02T23:58:19.701+0000] {processor.py:161} INFO - Started process (PID=532) to work on /home/airflow/.local/lib/python3.12/site-packages/airflow/example_dags/example_task_group_decorator.py
[2024-07-02T23:58:19.702+0000] {processor.py:830} INFO - Processing file /home/airflow/.local/lib/python3.12/site-packages/airflow/example_dags/example_task_group_decorator.py for tasks to queue
[2024-07-02T23:58:19.704+0000] {logging_mixin.py:188} INFO - [2024-07-02T23:58:19.703+0000] {dagbag.py:545} INFO - Filling up the DagBag from /home/airflow/.local/lib/python3.12/site-packages/airflow/example_dags/example_task_group_decorator.py
[2024-07-02T23:58:19.721+0000] {processor.py:840} INFO - DAG(s) 'example_task_group_decorator' retrieved from /home/airflow/.local/lib/python3.12/site-packages/airflow/example_dags/example_task_group_decorator.py
[2024-07-02T23:58:19.749+0000] {logging_mixin.py:188} INFO - [2024-07-02T23:58:19.749+0000] {dag.py:3096} INFO - Sync 1 DAGs
[2024-07-02T23:58:19.775+0000] {logging_mixin.py:188} INFO - [2024-07-02T23:58:19.774+0000] {dag.py:3954} INFO - Setting next_dagrun for example_task_group_decorator to 2024-07-01 00:00:00+00:00, run_after=2024-07-02 00:00:00+00:00
[2024-07-02T23:58:19.802+0000] {processor.py:183} INFO - Processing /home/airflow/.local/lib/python3.12/site-packages/airflow/example_dags/example_task_group_decorator.py took 0.107 seconds
[2024-07-02T23:58:56.158+0000] {processor.py:161} INFO - Started process (PID=596) to work on /home/airflow/.local/lib/python3.12/site-packages/airflow/example_dags/example_task_group_decorator.py
[2024-07-02T23:58:56.159+0000] {processor.py:830} INFO - Processing file /home/airflow/.local/lib/python3.12/site-packages/airflow/example_dags/example_task_group_decorator.py for tasks to queue
[2024-07-02T23:58:56.161+0000] {logging_mixin.py:188} INFO - [2024-07-02T23:58:56.161+0000] {dagbag.py:545} INFO - Filling up the DagBag from /home/airflow/.local/lib/python3.12/site-packages/airflow/example_dags/example_task_group_decorator.py
[2024-07-02T23:58:56.179+0000] {processor.py:840} INFO - DAG(s) 'example_task_group_decorator' retrieved from /home/airflow/.local/lib/python3.12/site-packages/airflow/example_dags/example_task_group_decorator.py
[2024-07-02T23:58:56.221+0000] {logging_mixin.py:188} INFO - [2024-07-02T23:58:56.220+0000] {dag.py:3096} INFO - Sync 1 DAGs
[2024-07-02T23:58:56.246+0000] {logging_mixin.py:188} INFO - [2024-07-02T23:58:56.246+0000] {dag.py:3954} INFO - Setting next_dagrun for example_task_group_decorator to 2024-07-01 00:00:00+00:00, run_after=2024-07-02 00:00:00+00:00
[2024-07-02T23:58:56.266+0000] {processor.py:183} INFO - Processing /home/airflow/.local/lib/python3.12/site-packages/airflow/example_dags/example_task_group_decorator.py took 0.114 seconds
[2024-07-02T23:59:26.854+0000] {processor.py:161} INFO - Started process (PID=654) to work on /home/airflow/.local/lib/python3.12/site-packages/airflow/example_dags/example_task_group_decorator.py
[2024-07-02T23:59:26.855+0000] {processor.py:830} INFO - Processing file /home/airflow/.local/lib/python3.12/site-packages/airflow/example_dags/example_task_group_decorator.py for tasks to queue
[2024-07-02T23:59:26.865+0000] {logging_mixin.py:188} INFO - [2024-07-02T23:59:26.864+0000] {dagbag.py:545} INFO - Filling up the DagBag from /home/airflow/.local/lib/python3.12/site-packages/airflow/example_dags/example_task_group_decorator.py
[2024-07-02T23:59:26.882+0000] {processor.py:840} INFO - DAG(s) 'example_task_group_decorator' retrieved from /home/airflow/.local/lib/python3.12/site-packages/airflow/example_dags/example_task_group_decorator.py
[2024-07-02T23:59:26.914+0000] {logging_mixin.py:188} INFO - [2024-07-02T23:59:26.914+0000] {dag.py:3096} INFO - Sync 1 DAGs
[2024-07-02T23:59:26.942+0000] {logging_mixin.py:188} INFO - [2024-07-02T23:59:26.942+0000] {dag.py:3954} INFO - Setting next_dagrun for example_task_group_decorator to 2024-07-01 00:00:00+00:00, run_after=2024-07-02 00:00:00+00:00
[2024-07-02T23:59:26.974+0000] {processor.py:183} INFO - Processing /home/airflow/.local/lib/python3.12/site-packages/airflow/example_dags/example_task_group_decorator.py took 0.127 seconds
[2024-07-02T23:59:58.173+0000] {processor.py:161} INFO - Started process (PID=712) to work on /home/airflow/.local/lib/python3.12/site-packages/airflow/example_dags/example_task_group_decorator.py
[2024-07-02T23:59:58.175+0000] {processor.py:830} INFO - Processing file /home/airflow/.local/lib/python3.12/site-packages/airflow/example_dags/example_task_group_decorator.py for tasks to queue
[2024-07-02T23:59:58.176+0000] {logging_mixin.py:188} INFO - [2024-07-02T23:59:58.176+0000] {dagbag.py:545} INFO - Filling up the DagBag from /home/airflow/.local/lib/python3.12/site-packages/airflow/example_dags/example_task_group_decorator.py
[2024-07-02T23:59:58.194+0000] {processor.py:840} INFO - DAG(s) 'example_task_group_decorator' retrieved from /home/airflow/.local/lib/python3.12/site-packages/airflow/example_dags/example_task_group_decorator.py
[2024-07-02T23:59:58.289+0000] {logging_mixin.py:188} INFO - [2024-07-02T23:59:58.289+0000] {dag.py:3096} INFO - Sync 1 DAGs
[2024-07-02T23:59:58.319+0000] {logging_mixin.py:188} INFO - [2024-07-02T23:59:58.318+0000] {dag.py:3954} INFO - Setting next_dagrun for example_task_group_decorator to 2024-07-01 00:00:00+00:00, run_after=2024-07-02 00:00:00+00:00
[2024-07-02T23:59:58.386+0000] {processor.py:183} INFO - Processing /home/airflow/.local/lib/python3.12/site-packages/airflow/example_dags/example_task_group_decorator.py took 0.219 seconds
