[2024-07-02T23:55:11.763+0000] {processor.py:161} INFO - Started process (PID=149) to work on /home/airflow/.local/lib/python3.12/site-packages/airflow/example_dags/example_bash_decorator.py
[2024-07-02T23:55:11.764+0000] {processor.py:830} INFO - Processing file /home/airflow/.local/lib/python3.12/site-packages/airflow/example_dags/example_bash_decorator.py for tasks to queue
[2024-07-02T23:55:11.766+0000] {logging_mixin.py:188} INFO - [2024-07-02T23:55:11.765+0000] {dagbag.py:545} INFO - Filling up the DagBag from /home/airflow/.local/lib/python3.12/site-packages/airflow/example_dags/example_bash_decorator.py
[2024-07-02T23:55:11.795+0000] {processor.py:840} INFO - DAG(s) 'example_bash_decorator' retrieved from /home/airflow/.local/lib/python3.12/site-packages/airflow/example_dags/example_bash_decorator.py
[2024-07-02T23:55:12.066+0000] {logging_mixin.py:188} INFO - [2024-07-02T23:55:12.065+0000] {override.py:1829} INFO - Created Permission View: can read on DAG:example_bash_decorator
[2024-07-02T23:55:12.077+0000] {logging_mixin.py:188} INFO - [2024-07-02T23:55:12.077+0000] {override.py:1829} INFO - Created Permission View: can delete on DAG:example_bash_decorator
[2024-07-02T23:55:12.085+0000] {logging_mixin.py:188} INFO - [2024-07-02T23:55:12.085+0000] {override.py:1829} INFO - Created Permission View: can edit on DAG:example_bash_decorator
[2024-07-02T23:55:12.085+0000] {logging_mixin.py:188} INFO - [2024-07-02T23:55:12.085+0000] {dag.py:3096} INFO - Sync 1 DAGs
[2024-07-02T23:55:12.102+0000] {logging_mixin.py:188} INFO - [2024-07-02T23:55:12.102+0000] {dag.py:3118} INFO - Creating ORM DAG for example_bash_decorator
[2024-07-02T23:55:12.103+0000] {logging_mixin.py:188} INFO - [2024-07-02T23:55:12.103+0000] {dag.py:3954} INFO - Setting next_dagrun for example_bash_decorator to None, run_after=None
[2024-07-02T23:55:12.116+0000] {processor.py:183} INFO - Processing /home/airflow/.local/lib/python3.12/site-packages/airflow/example_dags/example_bash_decorator.py took 0.359 seconds
[2024-07-02T23:55:42.374+0000] {processor.py:161} INFO - Started process (PID=207) to work on /home/airflow/.local/lib/python3.12/site-packages/airflow/example_dags/example_bash_decorator.py
[2024-07-02T23:55:42.376+0000] {processor.py:830} INFO - Processing file /home/airflow/.local/lib/python3.12/site-packages/airflow/example_dags/example_bash_decorator.py for tasks to queue
[2024-07-02T23:55:42.378+0000] {logging_mixin.py:188} INFO - [2024-07-02T23:55:42.377+0000] {dagbag.py:545} INFO - Filling up the DagBag from /home/airflow/.local/lib/python3.12/site-packages/airflow/example_dags/example_bash_decorator.py
[2024-07-02T23:55:42.394+0000] {processor.py:840} INFO - DAG(s) 'example_bash_decorator' retrieved from /home/airflow/.local/lib/python3.12/site-packages/airflow/example_dags/example_bash_decorator.py
[2024-07-02T23:55:42.482+0000] {logging_mixin.py:188} INFO - [2024-07-02T23:55:42.482+0000] {dag.py:3096} INFO - Sync 1 DAGs
[2024-07-02T23:55:42.496+0000] {logging_mixin.py:188} INFO - [2024-07-02T23:55:42.496+0000] {dag.py:3954} INFO - Setting next_dagrun for example_bash_decorator to None, run_after=None
[2024-07-02T23:55:42.515+0000] {processor.py:183} INFO - Processing /home/airflow/.local/lib/python3.12/site-packages/airflow/example_dags/example_bash_decorator.py took 0.149 seconds
[2024-07-02T23:56:12.943+0000] {processor.py:161} INFO - Started process (PID=265) to work on /home/airflow/.local/lib/python3.12/site-packages/airflow/example_dags/example_bash_decorator.py
[2024-07-02T23:56:12.945+0000] {processor.py:830} INFO - Processing file /home/airflow/.local/lib/python3.12/site-packages/airflow/example_dags/example_bash_decorator.py for tasks to queue
[2024-07-02T23:56:12.946+0000] {logging_mixin.py:188} INFO - [2024-07-02T23:56:12.946+0000] {dagbag.py:545} INFO - Filling up the DagBag from /home/airflow/.local/lib/python3.12/site-packages/airflow/example_dags/example_bash_decorator.py
[2024-07-02T23:56:12.960+0000] {processor.py:840} INFO - DAG(s) 'example_bash_decorator' retrieved from /home/airflow/.local/lib/python3.12/site-packages/airflow/example_dags/example_bash_decorator.py
[2024-07-02T23:56:12.990+0000] {logging_mixin.py:188} INFO - [2024-07-02T23:56:12.989+0000] {dag.py:3096} INFO - Sync 1 DAGs
[2024-07-02T23:56:13.003+0000] {logging_mixin.py:188} INFO - [2024-07-02T23:56:13.003+0000] {dag.py:3954} INFO - Setting next_dagrun for example_bash_decorator to None, run_after=None
[2024-07-02T23:56:13.021+0000] {processor.py:183} INFO - Processing /home/airflow/.local/lib/python3.12/site-packages/airflow/example_dags/example_bash_decorator.py took 0.085 seconds
[2024-07-02T23:56:43.227+0000] {processor.py:161} INFO - Started process (PID=323) to work on /home/airflow/.local/lib/python3.12/site-packages/airflow/example_dags/example_bash_decorator.py
[2024-07-02T23:56:43.228+0000] {processor.py:830} INFO - Processing file /home/airflow/.local/lib/python3.12/site-packages/airflow/example_dags/example_bash_decorator.py for tasks to queue
[2024-07-02T23:56:43.230+0000] {logging_mixin.py:188} INFO - [2024-07-02T23:56:43.230+0000] {dagbag.py:545} INFO - Filling up the DagBag from /home/airflow/.local/lib/python3.12/site-packages/airflow/example_dags/example_bash_decorator.py
[2024-07-02T23:56:43.244+0000] {processor.py:840} INFO - DAG(s) 'example_bash_decorator' retrieved from /home/airflow/.local/lib/python3.12/site-packages/airflow/example_dags/example_bash_decorator.py
[2024-07-02T23:56:43.270+0000] {logging_mixin.py:188} INFO - [2024-07-02T23:56:43.270+0000] {dag.py:3096} INFO - Sync 1 DAGs
[2024-07-02T23:56:43.283+0000] {logging_mixin.py:188} INFO - [2024-07-02T23:56:43.283+0000] {dag.py:3954} INFO - Setting next_dagrun for example_bash_decorator to None, run_after=None
[2024-07-02T23:56:43.300+0000] {processor.py:183} INFO - Processing /home/airflow/.local/lib/python3.12/site-packages/airflow/example_dags/example_bash_decorator.py took 0.080 seconds
[2024-07-02T23:57:13.587+0000] {processor.py:161} INFO - Started process (PID=381) to work on /home/airflow/.local/lib/python3.12/site-packages/airflow/example_dags/example_bash_decorator.py
[2024-07-02T23:57:13.589+0000] {processor.py:830} INFO - Processing file /home/airflow/.local/lib/python3.12/site-packages/airflow/example_dags/example_bash_decorator.py for tasks to queue
[2024-07-02T23:57:13.590+0000] {logging_mixin.py:188} INFO - [2024-07-02T23:57:13.590+0000] {dagbag.py:545} INFO - Filling up the DagBag from /home/airflow/.local/lib/python3.12/site-packages/airflow/example_dags/example_bash_decorator.py
[2024-07-02T23:57:13.604+0000] {processor.py:840} INFO - DAG(s) 'example_bash_decorator' retrieved from /home/airflow/.local/lib/python3.12/site-packages/airflow/example_dags/example_bash_decorator.py
[2024-07-02T23:57:13.630+0000] {logging_mixin.py:188} INFO - [2024-07-02T23:57:13.630+0000] {dag.py:3096} INFO - Sync 1 DAGs
[2024-07-02T23:57:13.643+0000] {logging_mixin.py:188} INFO - [2024-07-02T23:57:13.642+0000] {dag.py:3954} INFO - Setting next_dagrun for example_bash_decorator to None, run_after=None
[2024-07-02T23:57:13.660+0000] {processor.py:183} INFO - Processing /home/airflow/.local/lib/python3.12/site-packages/airflow/example_dags/example_bash_decorator.py took 0.078 seconds
[2024-07-02T23:57:43.747+0000] {processor.py:161} INFO - Started process (PID=439) to work on /home/airflow/.local/lib/python3.12/site-packages/airflow/example_dags/example_bash_decorator.py
[2024-07-02T23:57:43.748+0000] {processor.py:830} INFO - Processing file /home/airflow/.local/lib/python3.12/site-packages/airflow/example_dags/example_bash_decorator.py for tasks to queue
[2024-07-02T23:57:43.750+0000] {logging_mixin.py:188} INFO - [2024-07-02T23:57:43.749+0000] {dagbag.py:545} INFO - Filling up the DagBag from /home/airflow/.local/lib/python3.12/site-packages/airflow/example_dags/example_bash_decorator.py
[2024-07-02T23:57:43.765+0000] {processor.py:840} INFO - DAG(s) 'example_bash_decorator' retrieved from /home/airflow/.local/lib/python3.12/site-packages/airflow/example_dags/example_bash_decorator.py
[2024-07-02T23:57:43.798+0000] {logging_mixin.py:188} INFO - [2024-07-02T23:57:43.798+0000] {dag.py:3096} INFO - Sync 1 DAGs
[2024-07-02T23:57:43.815+0000] {logging_mixin.py:188} INFO - [2024-07-02T23:57:43.815+0000] {dag.py:3954} INFO - Setting next_dagrun for example_bash_decorator to None, run_after=None
[2024-07-02T23:57:43.837+0000] {processor.py:183} INFO - Processing /home/airflow/.local/lib/python3.12/site-packages/airflow/example_dags/example_bash_decorator.py took 0.097 seconds
[2024-07-02T23:58:13.900+0000] {processor.py:161} INFO - Started process (PID=497) to work on /home/airflow/.local/lib/python3.12/site-packages/airflow/example_dags/example_bash_decorator.py
[2024-07-02T23:58:13.901+0000] {processor.py:830} INFO - Processing file /home/airflow/.local/lib/python3.12/site-packages/airflow/example_dags/example_bash_decorator.py for tasks to queue
[2024-07-02T23:58:13.903+0000] {logging_mixin.py:188} INFO - [2024-07-02T23:58:13.902+0000] {dagbag.py:545} INFO - Filling up the DagBag from /home/airflow/.local/lib/python3.12/site-packages/airflow/example_dags/example_bash_decorator.py
[2024-07-02T23:58:13.917+0000] {processor.py:840} INFO - DAG(s) 'example_bash_decorator' retrieved from /home/airflow/.local/lib/python3.12/site-packages/airflow/example_dags/example_bash_decorator.py
[2024-07-02T23:58:13.941+0000] {logging_mixin.py:188} INFO - [2024-07-02T23:58:13.941+0000] {dag.py:3096} INFO - Sync 1 DAGs
[2024-07-02T23:58:13.954+0000] {logging_mixin.py:188} INFO - [2024-07-02T23:58:13.954+0000] {dag.py:3954} INFO - Setting next_dagrun for example_bash_decorator to None, run_after=None
[2024-07-02T23:58:13.973+0000] {processor.py:183} INFO - Processing /home/airflow/.local/lib/python3.12/site-packages/airflow/example_dags/example_bash_decorator.py took 0.079 seconds
[2024-07-02T23:58:44.394+0000] {processor.py:161} INFO - Started process (PID=555) to work on /home/airflow/.local/lib/python3.12/site-packages/airflow/example_dags/example_bash_decorator.py
[2024-07-02T23:58:44.395+0000] {processor.py:830} INFO - Processing file /home/airflow/.local/lib/python3.12/site-packages/airflow/example_dags/example_bash_decorator.py for tasks to queue
[2024-07-02T23:58:44.396+0000] {logging_mixin.py:188} INFO - [2024-07-02T23:58:44.396+0000] {dagbag.py:545} INFO - Filling up the DagBag from /home/airflow/.local/lib/python3.12/site-packages/airflow/example_dags/example_bash_decorator.py
[2024-07-02T23:58:44.474+0000] {processor.py:840} INFO - DAG(s) 'example_bash_decorator' retrieved from /home/airflow/.local/lib/python3.12/site-packages/airflow/example_dags/example_bash_decorator.py
[2024-07-02T23:58:45.279+0000] {logging_mixin.py:188} INFO - [2024-07-02T23:58:45.278+0000] {dag.py:3096} INFO - Sync 1 DAGs
[2024-07-02T23:58:45.865+0000] {logging_mixin.py:188} INFO - [2024-07-02T23:58:45.865+0000] {dag.py:3954} INFO - Setting next_dagrun for example_bash_decorator to None, run_after=None
[2024-07-02T23:58:46.368+0000] {processor.py:183} INFO - Processing /home/airflow/.local/lib/python3.12/site-packages/airflow/example_dags/example_bash_decorator.py took 1.980 seconds
[2024-07-02T23:59:16.598+0000] {processor.py:161} INFO - Started process (PID=613) to work on /home/airflow/.local/lib/python3.12/site-packages/airflow/example_dags/example_bash_decorator.py
[2024-07-02T23:59:16.599+0000] {processor.py:830} INFO - Processing file /home/airflow/.local/lib/python3.12/site-packages/airflow/example_dags/example_bash_decorator.py for tasks to queue
[2024-07-02T23:59:16.601+0000] {logging_mixin.py:188} INFO - [2024-07-02T23:59:16.601+0000] {dagbag.py:545} INFO - Filling up the DagBag from /home/airflow/.local/lib/python3.12/site-packages/airflow/example_dags/example_bash_decorator.py
[2024-07-02T23:59:16.617+0000] {processor.py:840} INFO - DAG(s) 'example_bash_decorator' retrieved from /home/airflow/.local/lib/python3.12/site-packages/airflow/example_dags/example_bash_decorator.py
[2024-07-02T23:59:16.641+0000] {logging_mixin.py:188} INFO - [2024-07-02T23:59:16.641+0000] {dag.py:3096} INFO - Sync 1 DAGs
[2024-07-02T23:59:16.653+0000] {logging_mixin.py:188} INFO - [2024-07-02T23:59:16.653+0000] {dag.py:3954} INFO - Setting next_dagrun for example_bash_decorator to None, run_after=None
[2024-07-02T23:59:16.672+0000] {processor.py:183} INFO - Processing /home/airflow/.local/lib/python3.12/site-packages/airflow/example_dags/example_bash_decorator.py took 0.081 seconds
[2024-07-02T23:59:46.875+0000] {processor.py:161} INFO - Started process (PID=671) to work on /home/airflow/.local/lib/python3.12/site-packages/airflow/example_dags/example_bash_decorator.py
[2024-07-02T23:59:46.876+0000] {processor.py:830} INFO - Processing file /home/airflow/.local/lib/python3.12/site-packages/airflow/example_dags/example_bash_decorator.py for tasks to queue
[2024-07-02T23:59:46.878+0000] {logging_mixin.py:188} INFO - [2024-07-02T23:59:46.878+0000] {dagbag.py:545} INFO - Filling up the DagBag from /home/airflow/.local/lib/python3.12/site-packages/airflow/example_dags/example_bash_decorator.py
[2024-07-02T23:59:46.893+0000] {processor.py:840} INFO - DAG(s) 'example_bash_decorator' retrieved from /home/airflow/.local/lib/python3.12/site-packages/airflow/example_dags/example_bash_decorator.py
[2024-07-02T23:59:46.919+0000] {logging_mixin.py:188} INFO - [2024-07-02T23:59:46.919+0000] {dag.py:3096} INFO - Sync 1 DAGs
[2024-07-02T23:59:46.932+0000] {logging_mixin.py:188} INFO - [2024-07-02T23:59:46.931+0000] {dag.py:3954} INFO - Setting next_dagrun for example_bash_decorator to None, run_after=None
[2024-07-02T23:59:46.948+0000] {processor.py:183} INFO - Processing /home/airflow/.local/lib/python3.12/site-packages/airflow/example_dags/example_bash_decorator.py took 0.079 seconds
