[2024-07-02T23:55:16.713+0000] {processor.py:161} INFO - Started process (PID=178) to work on /home/airflow/.local/lib/python3.12/site-packages/airflow/example_dags/example_short_circuit_decorator.py
[2024-07-02T23:55:16.714+0000] {processor.py:830} INFO - Processing file /home/airflow/.local/lib/python3.12/site-packages/airflow/example_dags/example_short_circuit_decorator.py for tasks to queue
[2024-07-02T23:55:16.716+0000] {logging_mixin.py:188} INFO - [2024-07-02T23:55:16.715+0000] {dagbag.py:545} INFO - Filling up the DagBag from /home/airflow/.local/lib/python3.12/site-packages/airflow/example_dags/example_short_circuit_decorator.py
[2024-07-02T23:55:16.730+0000] {processor.py:840} INFO - DAG(s) 'example_short_circuit_decorator' retrieved from /home/airflow/.local/lib/python3.12/site-packages/airflow/example_dags/example_short_circuit_decorator.py
[2024-07-02T23:55:16.943+0000] {logging_mixin.py:188} INFO - [2024-07-02T23:55:16.942+0000] {override.py:1829} INFO - Created Permission View: can read on DAG:example_short_circuit_decorator
[2024-07-02T23:55:16.955+0000] {logging_mixin.py:188} INFO - [2024-07-02T23:55:16.955+0000] {override.py:1829} INFO - Created Permission View: can delete on DAG:example_short_circuit_decorator
[2024-07-02T23:55:16.971+0000] {logging_mixin.py:188} INFO - [2024-07-02T23:55:16.971+0000] {override.py:1829} INFO - Created Permission View: can edit on DAG:example_short_circuit_decorator
[2024-07-02T23:55:16.972+0000] {logging_mixin.py:188} INFO - [2024-07-02T23:55:16.972+0000] {dag.py:3096} INFO - Sync 1 DAGs
[2024-07-02T23:55:16.995+0000] {logging_mixin.py:188} INFO - [2024-07-02T23:55:16.995+0000] {dag.py:3118} INFO - Creating ORM DAG for example_short_circuit_decorator
[2024-07-02T23:55:17.009+0000] {logging_mixin.py:188} INFO - [2024-07-02T23:55:17.009+0000] {dag.py:3954} INFO - Setting next_dagrun for example_short_circuit_decorator to 2024-07-01 00:00:00+00:00, run_after=2024-07-02 00:00:00+00:00
[2024-07-02T23:55:17.029+0000] {processor.py:183} INFO - Processing /home/airflow/.local/lib/python3.12/site-packages/airflow/example_dags/example_short_circuit_decorator.py took 0.322 seconds
[2024-07-02T23:55:47.643+0000] {processor.py:161} INFO - Started process (PID=236) to work on /home/airflow/.local/lib/python3.12/site-packages/airflow/example_dags/example_short_circuit_decorator.py
[2024-07-02T23:55:47.644+0000] {processor.py:830} INFO - Processing file /home/airflow/.local/lib/python3.12/site-packages/airflow/example_dags/example_short_circuit_decorator.py for tasks to queue
[2024-07-02T23:55:47.646+0000] {logging_mixin.py:188} INFO - [2024-07-02T23:55:47.645+0000] {dagbag.py:545} INFO - Filling up the DagBag from /home/airflow/.local/lib/python3.12/site-packages/airflow/example_dags/example_short_circuit_decorator.py
[2024-07-02T23:55:47.668+0000] {processor.py:840} INFO - DAG(s) 'example_short_circuit_decorator' retrieved from /home/airflow/.local/lib/python3.12/site-packages/airflow/example_dags/example_short_circuit_decorator.py
[2024-07-02T23:55:47.698+0000] {logging_mixin.py:188} INFO - [2024-07-02T23:55:47.698+0000] {dag.py:3096} INFO - Sync 1 DAGs
[2024-07-02T23:55:47.721+0000] {logging_mixin.py:188} INFO - [2024-07-02T23:55:47.720+0000] {dag.py:3954} INFO - Setting next_dagrun for example_short_circuit_decorator to 2024-07-01 00:00:00+00:00, run_after=2024-07-02 00:00:00+00:00
[2024-07-02T23:55:47.739+0000] {processor.py:183} INFO - Processing /home/airflow/.local/lib/python3.12/site-packages/airflow/example_dags/example_short_circuit_decorator.py took 0.102 seconds
[2024-07-02T23:56:17.866+0000] {processor.py:161} INFO - Started process (PID=294) to work on /home/airflow/.local/lib/python3.12/site-packages/airflow/example_dags/example_short_circuit_decorator.py
[2024-07-02T23:56:17.867+0000] {processor.py:830} INFO - Processing file /home/airflow/.local/lib/python3.12/site-packages/airflow/example_dags/example_short_circuit_decorator.py for tasks to queue
[2024-07-02T23:56:17.869+0000] {logging_mixin.py:188} INFO - [2024-07-02T23:56:17.869+0000] {dagbag.py:545} INFO - Filling up the DagBag from /home/airflow/.local/lib/python3.12/site-packages/airflow/example_dags/example_short_circuit_decorator.py
[2024-07-02T23:56:17.880+0000] {processor.py:840} INFO - DAG(s) 'example_short_circuit_decorator' retrieved from /home/airflow/.local/lib/python3.12/site-packages/airflow/example_dags/example_short_circuit_decorator.py
[2024-07-02T23:56:17.908+0000] {logging_mixin.py:188} INFO - [2024-07-02T23:56:17.908+0000] {dag.py:3096} INFO - Sync 1 DAGs
[2024-07-02T23:56:17.930+0000] {logging_mixin.py:188} INFO - [2024-07-02T23:56:17.929+0000] {dag.py:3954} INFO - Setting next_dagrun for example_short_circuit_decorator to 2024-07-01 00:00:00+00:00, run_after=2024-07-02 00:00:00+00:00
[2024-07-02T23:56:17.947+0000] {processor.py:183} INFO - Processing /home/airflow/.local/lib/python3.12/site-packages/airflow/example_dags/example_short_circuit_decorator.py took 0.087 seconds
[2024-07-02T23:56:48.276+0000] {processor.py:161} INFO - Started process (PID=352) to work on /home/airflow/.local/lib/python3.12/site-packages/airflow/example_dags/example_short_circuit_decorator.py
[2024-07-02T23:56:48.278+0000] {processor.py:830} INFO - Processing file /home/airflow/.local/lib/python3.12/site-packages/airflow/example_dags/example_short_circuit_decorator.py for tasks to queue
[2024-07-02T23:56:48.281+0000] {logging_mixin.py:188} INFO - [2024-07-02T23:56:48.280+0000] {dagbag.py:545} INFO - Filling up the DagBag from /home/airflow/.local/lib/python3.12/site-packages/airflow/example_dags/example_short_circuit_decorator.py
[2024-07-02T23:56:48.295+0000] {processor.py:840} INFO - DAG(s) 'example_short_circuit_decorator' retrieved from /home/airflow/.local/lib/python3.12/site-packages/airflow/example_dags/example_short_circuit_decorator.py
[2024-07-02T23:56:48.331+0000] {logging_mixin.py:188} INFO - [2024-07-02T23:56:48.330+0000] {dag.py:3096} INFO - Sync 1 DAGs
[2024-07-02T23:56:48.364+0000] {logging_mixin.py:188} INFO - [2024-07-02T23:56:48.364+0000] {dag.py:3954} INFO - Setting next_dagrun for example_short_circuit_decorator to 2024-07-01 00:00:00+00:00, run_after=2024-07-02 00:00:00+00:00
[2024-07-02T23:56:48.390+0000] {processor.py:183} INFO - Processing /home/airflow/.local/lib/python3.12/site-packages/airflow/example_dags/example_short_circuit_decorator.py took 0.120 seconds
[2024-07-02T23:57:18.710+0000] {processor.py:161} INFO - Started process (PID=410) to work on /home/airflow/.local/lib/python3.12/site-packages/airflow/example_dags/example_short_circuit_decorator.py
[2024-07-02T23:57:18.712+0000] {processor.py:830} INFO - Processing file /home/airflow/.local/lib/python3.12/site-packages/airflow/example_dags/example_short_circuit_decorator.py for tasks to queue
[2024-07-02T23:57:18.714+0000] {logging_mixin.py:188} INFO - [2024-07-02T23:57:18.713+0000] {dagbag.py:545} INFO - Filling up the DagBag from /home/airflow/.local/lib/python3.12/site-packages/airflow/example_dags/example_short_circuit_decorator.py
[2024-07-02T23:57:18.723+0000] {processor.py:840} INFO - DAG(s) 'example_short_circuit_decorator' retrieved from /home/airflow/.local/lib/python3.12/site-packages/airflow/example_dags/example_short_circuit_decorator.py
[2024-07-02T23:57:18.750+0000] {logging_mixin.py:188} INFO - [2024-07-02T23:57:18.750+0000] {dag.py:3096} INFO - Sync 1 DAGs
[2024-07-02T23:57:18.787+0000] {logging_mixin.py:188} INFO - [2024-07-02T23:57:18.787+0000] {dag.py:3954} INFO - Setting next_dagrun for example_short_circuit_decorator to 2024-07-01 00:00:00+00:00, run_after=2024-07-02 00:00:00+00:00
[2024-07-02T23:57:18.810+0000] {processor.py:183} INFO - Processing /home/airflow/.local/lib/python3.12/site-packages/airflow/example_dags/example_short_circuit_decorator.py took 0.107 seconds
[2024-07-02T23:57:48.857+0000] {processor.py:161} INFO - Started process (PID=468) to work on /home/airflow/.local/lib/python3.12/site-packages/airflow/example_dags/example_short_circuit_decorator.py
[2024-07-02T23:57:48.858+0000] {processor.py:830} INFO - Processing file /home/airflow/.local/lib/python3.12/site-packages/airflow/example_dags/example_short_circuit_decorator.py for tasks to queue
[2024-07-02T23:57:48.860+0000] {logging_mixin.py:188} INFO - [2024-07-02T23:57:48.860+0000] {dagbag.py:545} INFO - Filling up the DagBag from /home/airflow/.local/lib/python3.12/site-packages/airflow/example_dags/example_short_circuit_decorator.py
[2024-07-02T23:57:48.870+0000] {processor.py:840} INFO - DAG(s) 'example_short_circuit_decorator' retrieved from /home/airflow/.local/lib/python3.12/site-packages/airflow/example_dags/example_short_circuit_decorator.py
[2024-07-02T23:57:48.897+0000] {logging_mixin.py:188} INFO - [2024-07-02T23:57:48.897+0000] {dag.py:3096} INFO - Sync 1 DAGs
[2024-07-02T23:57:48.922+0000] {logging_mixin.py:188} INFO - [2024-07-02T23:57:48.922+0000] {dag.py:3954} INFO - Setting next_dagrun for example_short_circuit_decorator to 2024-07-01 00:00:00+00:00, run_after=2024-07-02 00:00:00+00:00
[2024-07-02T23:57:48.941+0000] {processor.py:183} INFO - Processing /home/airflow/.local/lib/python3.12/site-packages/airflow/example_dags/example_short_circuit_decorator.py took 0.090 seconds
[2024-07-02T23:58:19.239+0000] {processor.py:161} INFO - Started process (PID=526) to work on /home/airflow/.local/lib/python3.12/site-packages/airflow/example_dags/example_short_circuit_decorator.py
[2024-07-02T23:58:19.240+0000] {processor.py:830} INFO - Processing file /home/airflow/.local/lib/python3.12/site-packages/airflow/example_dags/example_short_circuit_decorator.py for tasks to queue
[2024-07-02T23:58:19.241+0000] {logging_mixin.py:188} INFO - [2024-07-02T23:58:19.241+0000] {dagbag.py:545} INFO - Filling up the DagBag from /home/airflow/.local/lib/python3.12/site-packages/airflow/example_dags/example_short_circuit_decorator.py
[2024-07-02T23:58:19.250+0000] {processor.py:840} INFO - DAG(s) 'example_short_circuit_decorator' retrieved from /home/airflow/.local/lib/python3.12/site-packages/airflow/example_dags/example_short_circuit_decorator.py
[2024-07-02T23:58:19.275+0000] {logging_mixin.py:188} INFO - [2024-07-02T23:58:19.275+0000] {dag.py:3096} INFO - Sync 1 DAGs
[2024-07-02T23:58:19.299+0000] {logging_mixin.py:188} INFO - [2024-07-02T23:58:19.299+0000] {dag.py:3954} INFO - Setting next_dagrun for example_short_circuit_decorator to 2024-07-01 00:00:00+00:00, run_after=2024-07-02 00:00:00+00:00
[2024-07-02T23:58:19.317+0000] {processor.py:183} INFO - Processing /home/airflow/.local/lib/python3.12/site-packages/airflow/example_dags/example_short_circuit_decorator.py took 0.084 seconds
[2024-07-02T23:58:55.761+0000] {processor.py:161} INFO - Started process (PID=590) to work on /home/airflow/.local/lib/python3.12/site-packages/airflow/example_dags/example_short_circuit_decorator.py
[2024-07-02T23:58:55.762+0000] {processor.py:830} INFO - Processing file /home/airflow/.local/lib/python3.12/site-packages/airflow/example_dags/example_short_circuit_decorator.py for tasks to queue
[2024-07-02T23:58:55.763+0000] {logging_mixin.py:188} INFO - [2024-07-02T23:58:55.763+0000] {dagbag.py:545} INFO - Filling up the DagBag from /home/airflow/.local/lib/python3.12/site-packages/airflow/example_dags/example_short_circuit_decorator.py
[2024-07-02T23:58:55.774+0000] {processor.py:840} INFO - DAG(s) 'example_short_circuit_decorator' retrieved from /home/airflow/.local/lib/python3.12/site-packages/airflow/example_dags/example_short_circuit_decorator.py
[2024-07-02T23:58:55.810+0000] {logging_mixin.py:188} INFO - [2024-07-02T23:58:55.809+0000] {dag.py:3096} INFO - Sync 1 DAGs
[2024-07-02T23:58:55.837+0000] {logging_mixin.py:188} INFO - [2024-07-02T23:58:55.837+0000] {dag.py:3954} INFO - Setting next_dagrun for example_short_circuit_decorator to 2024-07-01 00:00:00+00:00, run_after=2024-07-02 00:00:00+00:00
[2024-07-02T23:58:55.852+0000] {processor.py:183} INFO - Processing /home/airflow/.local/lib/python3.12/site-packages/airflow/example_dags/example_short_circuit_decorator.py took 0.097 seconds
[2024-07-02T23:59:26.117+0000] {processor.py:161} INFO - Started process (PID=648) to work on /home/airflow/.local/lib/python3.12/site-packages/airflow/example_dags/example_short_circuit_decorator.py
[2024-07-02T23:59:26.118+0000] {processor.py:830} INFO - Processing file /home/airflow/.local/lib/python3.12/site-packages/airflow/example_dags/example_short_circuit_decorator.py for tasks to queue
[2024-07-02T23:59:26.119+0000] {logging_mixin.py:188} INFO - [2024-07-02T23:59:26.119+0000] {dagbag.py:545} INFO - Filling up the DagBag from /home/airflow/.local/lib/python3.12/site-packages/airflow/example_dags/example_short_circuit_decorator.py
[2024-07-02T23:59:26.129+0000] {processor.py:840} INFO - DAG(s) 'example_short_circuit_decorator' retrieved from /home/airflow/.local/lib/python3.12/site-packages/airflow/example_dags/example_short_circuit_decorator.py
[2024-07-02T23:59:26.166+0000] {logging_mixin.py:188} INFO - [2024-07-02T23:59:26.165+0000] {dag.py:3096} INFO - Sync 1 DAGs
[2024-07-02T23:59:26.200+0000] {logging_mixin.py:188} INFO - [2024-07-02T23:59:26.199+0000] {dag.py:3954} INFO - Setting next_dagrun for example_short_circuit_decorator to 2024-07-01 00:00:00+00:00, run_after=2024-07-02 00:00:00+00:00
[2024-07-02T23:59:26.227+0000] {processor.py:183} INFO - Processing /home/airflow/.local/lib/python3.12/site-packages/airflow/example_dags/example_short_circuit_decorator.py took 0.117 seconds
[2024-07-02T23:59:57.372+0000] {processor.py:161} INFO - Started process (PID=706) to work on /home/airflow/.local/lib/python3.12/site-packages/airflow/example_dags/example_short_circuit_decorator.py
[2024-07-02T23:59:57.373+0000] {processor.py:830} INFO - Processing file /home/airflow/.local/lib/python3.12/site-packages/airflow/example_dags/example_short_circuit_decorator.py for tasks to queue
[2024-07-02T23:59:57.375+0000] {logging_mixin.py:188} INFO - [2024-07-02T23:59:57.375+0000] {dagbag.py:545} INFO - Filling up the DagBag from /home/airflow/.local/lib/python3.12/site-packages/airflow/example_dags/example_short_circuit_decorator.py
[2024-07-02T23:59:57.385+0000] {processor.py:840} INFO - DAG(s) 'example_short_circuit_decorator' retrieved from /home/airflow/.local/lib/python3.12/site-packages/airflow/example_dags/example_short_circuit_decorator.py
[2024-07-02T23:59:57.415+0000] {logging_mixin.py:188} INFO - [2024-07-02T23:59:57.415+0000] {dag.py:3096} INFO - Sync 1 DAGs
[2024-07-02T23:59:57.477+0000] {logging_mixin.py:188} INFO - [2024-07-02T23:59:57.477+0000] {dag.py:3954} INFO - Setting next_dagrun for example_short_circuit_decorator to 2024-07-01 00:00:00+00:00, run_after=2024-07-02 00:00:00+00:00
[2024-07-02T23:59:57.500+0000] {processor.py:183} INFO - Processing /home/airflow/.local/lib/python3.12/site-packages/airflow/example_dags/example_short_circuit_decorator.py took 0.134 seconds
