[2024-07-02T23:55:15.351+0000] {processor.py:161} INFO - Started process (PID=169) to work on /home/airflow/.local/lib/python3.12/site-packages/airflow/example_dags/example_params_trigger_ui.py
[2024-07-02T23:55:15.352+0000] {processor.py:830} INFO - Processing file /home/airflow/.local/lib/python3.12/site-packages/airflow/example_dags/example_params_trigger_ui.py for tasks to queue
[2024-07-02T23:55:15.354+0000] {logging_mixin.py:188} INFO - [2024-07-02T23:55:15.353+0000] {dagbag.py:545} INFO - Filling up the DagBag from /home/airflow/.local/lib/python3.12/site-packages/airflow/example_dags/example_params_trigger_ui.py
[2024-07-02T23:55:15.377+0000] {processor.py:840} INFO - DAG(s) 'example_params_trigger_ui' retrieved from /home/airflow/.local/lib/python3.12/site-packages/airflow/example_dags/example_params_trigger_ui.py
[2024-07-02T23:55:15.576+0000] {logging_mixin.py:188} INFO - [2024-07-02T23:55:15.575+0000] {override.py:1829} INFO - Created Permission View: can read on DAG:example_params_trigger_ui
[2024-07-02T23:55:15.591+0000] {logging_mixin.py:188} INFO - [2024-07-02T23:55:15.591+0000] {override.py:1829} INFO - Created Permission View: can delete on DAG:example_params_trigger_ui
[2024-07-02T23:55:15.599+0000] {logging_mixin.py:188} INFO - [2024-07-02T23:55:15.598+0000] {override.py:1829} INFO - Created Permission View: can edit on DAG:example_params_trigger_ui
[2024-07-02T23:55:15.599+0000] {logging_mixin.py:188} INFO - [2024-07-02T23:55:15.599+0000] {dag.py:3096} INFO - Sync 1 DAGs
[2024-07-02T23:55:15.615+0000] {logging_mixin.py:188} INFO - [2024-07-02T23:55:15.615+0000] {dag.py:3118} INFO - Creating ORM DAG for example_params_trigger_ui
[2024-07-02T23:55:15.616+0000] {logging_mixin.py:188} INFO - [2024-07-02T23:55:15.616+0000] {dag.py:3954} INFO - Setting next_dagrun for example_params_trigger_ui to None, run_after=None
[2024-07-02T23:55:15.634+0000] {processor.py:183} INFO - Processing /home/airflow/.local/lib/python3.12/site-packages/airflow/example_dags/example_params_trigger_ui.py took 0.288 seconds
[2024-07-02T23:55:46.079+0000] {processor.py:161} INFO - Started process (PID=227) to work on /home/airflow/.local/lib/python3.12/site-packages/airflow/example_dags/example_params_trigger_ui.py
[2024-07-02T23:55:46.080+0000] {processor.py:830} INFO - Processing file /home/airflow/.local/lib/python3.12/site-packages/airflow/example_dags/example_params_trigger_ui.py for tasks to queue
[2024-07-02T23:55:46.082+0000] {logging_mixin.py:188} INFO - [2024-07-02T23:55:46.082+0000] {dagbag.py:545} INFO - Filling up the DagBag from /home/airflow/.local/lib/python3.12/site-packages/airflow/example_dags/example_params_trigger_ui.py
[2024-07-02T23:55:46.097+0000] {processor.py:840} INFO - DAG(s) 'example_params_trigger_ui' retrieved from /home/airflow/.local/lib/python3.12/site-packages/airflow/example_dags/example_params_trigger_ui.py
[2024-07-02T23:55:46.147+0000] {logging_mixin.py:188} INFO - [2024-07-02T23:55:46.147+0000] {dag.py:3096} INFO - Sync 1 DAGs
[2024-07-02T23:55:46.161+0000] {logging_mixin.py:188} INFO - [2024-07-02T23:55:46.161+0000] {dag.py:3954} INFO - Setting next_dagrun for example_params_trigger_ui to None, run_after=None
[2024-07-02T23:55:46.181+0000] {processor.py:183} INFO - Processing /home/airflow/.local/lib/python3.12/site-packages/airflow/example_dags/example_params_trigger_ui.py took 0.107 seconds
[2024-07-02T23:56:16.381+0000] {processor.py:161} INFO - Started process (PID=285) to work on /home/airflow/.local/lib/python3.12/site-packages/airflow/example_dags/example_params_trigger_ui.py
[2024-07-02T23:56:16.382+0000] {processor.py:830} INFO - Processing file /home/airflow/.local/lib/python3.12/site-packages/airflow/example_dags/example_params_trigger_ui.py for tasks to queue
[2024-07-02T23:56:16.383+0000] {logging_mixin.py:188} INFO - [2024-07-02T23:56:16.383+0000] {dagbag.py:545} INFO - Filling up the DagBag from /home/airflow/.local/lib/python3.12/site-packages/airflow/example_dags/example_params_trigger_ui.py
[2024-07-02T23:56:16.399+0000] {processor.py:840} INFO - DAG(s) 'example_params_trigger_ui' retrieved from /home/airflow/.local/lib/python3.12/site-packages/airflow/example_dags/example_params_trigger_ui.py
[2024-07-02T23:56:16.444+0000] {logging_mixin.py:188} INFO - [2024-07-02T23:56:16.444+0000] {dag.py:3096} INFO - Sync 1 DAGs
[2024-07-02T23:56:16.457+0000] {logging_mixin.py:188} INFO - [2024-07-02T23:56:16.456+0000] {dag.py:3954} INFO - Setting next_dagrun for example_params_trigger_ui to None, run_after=None
[2024-07-02T23:56:16.477+0000] {processor.py:183} INFO - Processing /home/airflow/.local/lib/python3.12/site-packages/airflow/example_dags/example_params_trigger_ui.py took 0.103 seconds
[2024-07-02T23:56:46.602+0000] {processor.py:161} INFO - Started process (PID=343) to work on /home/airflow/.local/lib/python3.12/site-packages/airflow/example_dags/example_params_trigger_ui.py
[2024-07-02T23:56:46.603+0000] {processor.py:830} INFO - Processing file /home/airflow/.local/lib/python3.12/site-packages/airflow/example_dags/example_params_trigger_ui.py for tasks to queue
[2024-07-02T23:56:46.605+0000] {logging_mixin.py:188} INFO - [2024-07-02T23:56:46.605+0000] {dagbag.py:545} INFO - Filling up the DagBag from /home/airflow/.local/lib/python3.12/site-packages/airflow/example_dags/example_params_trigger_ui.py
[2024-07-02T23:56:46.619+0000] {processor.py:840} INFO - DAG(s) 'example_params_trigger_ui' retrieved from /home/airflow/.local/lib/python3.12/site-packages/airflow/example_dags/example_params_trigger_ui.py
[2024-07-02T23:56:46.673+0000] {logging_mixin.py:188} INFO - [2024-07-02T23:56:46.672+0000] {dag.py:3096} INFO - Sync 1 DAGs
[2024-07-02T23:56:46.691+0000] {logging_mixin.py:188} INFO - [2024-07-02T23:56:46.691+0000] {dag.py:3954} INFO - Setting next_dagrun for example_params_trigger_ui to None, run_after=None
[2024-07-02T23:56:46.716+0000] {processor.py:183} INFO - Processing /home/airflow/.local/lib/python3.12/site-packages/airflow/example_dags/example_params_trigger_ui.py took 0.120 seconds
[2024-07-02T23:57:17.079+0000] {processor.py:161} INFO - Started process (PID=401) to work on /home/airflow/.local/lib/python3.12/site-packages/airflow/example_dags/example_params_trigger_ui.py
[2024-07-02T23:57:17.080+0000] {processor.py:830} INFO - Processing file /home/airflow/.local/lib/python3.12/site-packages/airflow/example_dags/example_params_trigger_ui.py for tasks to queue
[2024-07-02T23:57:17.082+0000] {logging_mixin.py:188} INFO - [2024-07-02T23:57:17.082+0000] {dagbag.py:545} INFO - Filling up the DagBag from /home/airflow/.local/lib/python3.12/site-packages/airflow/example_dags/example_params_trigger_ui.py
[2024-07-02T23:57:17.097+0000] {processor.py:840} INFO - DAG(s) 'example_params_trigger_ui' retrieved from /home/airflow/.local/lib/python3.12/site-packages/airflow/example_dags/example_params_trigger_ui.py
[2024-07-02T23:57:17.178+0000] {logging_mixin.py:188} INFO - [2024-07-02T23:57:17.178+0000] {dag.py:3096} INFO - Sync 1 DAGs
[2024-07-02T23:57:17.199+0000] {logging_mixin.py:188} INFO - [2024-07-02T23:57:17.199+0000] {dag.py:3954} INFO - Setting next_dagrun for example_params_trigger_ui to None, run_after=None
[2024-07-02T23:57:17.228+0000] {processor.py:183} INFO - Processing /home/airflow/.local/lib/python3.12/site-packages/airflow/example_dags/example_params_trigger_ui.py took 0.155 seconds
[2024-07-02T23:57:47.299+0000] {processor.py:161} INFO - Started process (PID=459) to work on /home/airflow/.local/lib/python3.12/site-packages/airflow/example_dags/example_params_trigger_ui.py
[2024-07-02T23:57:47.300+0000] {processor.py:830} INFO - Processing file /home/airflow/.local/lib/python3.12/site-packages/airflow/example_dags/example_params_trigger_ui.py for tasks to queue
[2024-07-02T23:57:47.302+0000] {logging_mixin.py:188} INFO - [2024-07-02T23:57:47.302+0000] {dagbag.py:545} INFO - Filling up the DagBag from /home/airflow/.local/lib/python3.12/site-packages/airflow/example_dags/example_params_trigger_ui.py
[2024-07-02T23:57:47.316+0000] {processor.py:840} INFO - DAG(s) 'example_params_trigger_ui' retrieved from /home/airflow/.local/lib/python3.12/site-packages/airflow/example_dags/example_params_trigger_ui.py
[2024-07-02T23:57:47.366+0000] {logging_mixin.py:188} INFO - [2024-07-02T23:57:47.365+0000] {dag.py:3096} INFO - Sync 1 DAGs
[2024-07-02T23:57:47.380+0000] {logging_mixin.py:188} INFO - [2024-07-02T23:57:47.380+0000] {dag.py:3954} INFO - Setting next_dagrun for example_params_trigger_ui to None, run_after=None
[2024-07-02T23:57:47.398+0000] {processor.py:183} INFO - Processing /home/airflow/.local/lib/python3.12/site-packages/airflow/example_dags/example_params_trigger_ui.py took 0.107 seconds
[2024-07-02T23:58:17.588+0000] {processor.py:161} INFO - Started process (PID=517) to work on /home/airflow/.local/lib/python3.12/site-packages/airflow/example_dags/example_params_trigger_ui.py
[2024-07-02T23:58:17.589+0000] {processor.py:830} INFO - Processing file /home/airflow/.local/lib/python3.12/site-packages/airflow/example_dags/example_params_trigger_ui.py for tasks to queue
[2024-07-02T23:58:17.591+0000] {logging_mixin.py:188} INFO - [2024-07-02T23:58:17.591+0000] {dagbag.py:545} INFO - Filling up the DagBag from /home/airflow/.local/lib/python3.12/site-packages/airflow/example_dags/example_params_trigger_ui.py
[2024-07-02T23:58:17.610+0000] {processor.py:840} INFO - DAG(s) 'example_params_trigger_ui' retrieved from /home/airflow/.local/lib/python3.12/site-packages/airflow/example_dags/example_params_trigger_ui.py
[2024-07-02T23:58:17.683+0000] {logging_mixin.py:188} INFO - [2024-07-02T23:58:17.683+0000] {dag.py:3096} INFO - Sync 1 DAGs
[2024-07-02T23:58:17.700+0000] {logging_mixin.py:188} INFO - [2024-07-02T23:58:17.700+0000] {dag.py:3954} INFO - Setting next_dagrun for example_params_trigger_ui to None, run_after=None
[2024-07-02T23:58:17.718+0000] {processor.py:183} INFO - Processing /home/airflow/.local/lib/python3.12/site-packages/airflow/example_dags/example_params_trigger_ui.py took 0.138 seconds
[2024-07-02T23:58:55.026+0000] {processor.py:161} INFO - Started process (PID=581) to work on /home/airflow/.local/lib/python3.12/site-packages/airflow/example_dags/example_params_trigger_ui.py
[2024-07-02T23:58:55.027+0000] {processor.py:830} INFO - Processing file /home/airflow/.local/lib/python3.12/site-packages/airflow/example_dags/example_params_trigger_ui.py for tasks to queue
[2024-07-02T23:58:55.029+0000] {logging_mixin.py:188} INFO - [2024-07-02T23:58:55.028+0000] {dagbag.py:545} INFO - Filling up the DagBag from /home/airflow/.local/lib/python3.12/site-packages/airflow/example_dags/example_params_trigger_ui.py
[2024-07-02T23:58:55.045+0000] {processor.py:840} INFO - DAG(s) 'example_params_trigger_ui' retrieved from /home/airflow/.local/lib/python3.12/site-packages/airflow/example_dags/example_params_trigger_ui.py
[2024-07-02T23:58:55.102+0000] {logging_mixin.py:188} INFO - [2024-07-02T23:58:55.101+0000] {dag.py:3096} INFO - Sync 1 DAGs
[2024-07-02T23:58:55.118+0000] {logging_mixin.py:188} INFO - [2024-07-02T23:58:55.117+0000] {dag.py:3954} INFO - Setting next_dagrun for example_params_trigger_ui to None, run_after=None
[2024-07-02T23:58:55.142+0000] {processor.py:183} INFO - Processing /home/airflow/.local/lib/python3.12/site-packages/airflow/example_dags/example_params_trigger_ui.py took 0.123 seconds
[2024-07-02T23:59:25.540+0000] {processor.py:161} INFO - Started process (PID=639) to work on /home/airflow/.local/lib/python3.12/site-packages/airflow/example_dags/example_params_trigger_ui.py
[2024-07-02T23:59:25.541+0000] {processor.py:830} INFO - Processing file /home/airflow/.local/lib/python3.12/site-packages/airflow/example_dags/example_params_trigger_ui.py for tasks to queue
[2024-07-02T23:59:25.543+0000] {logging_mixin.py:188} INFO - [2024-07-02T23:59:25.543+0000] {dagbag.py:545} INFO - Filling up the DagBag from /home/airflow/.local/lib/python3.12/site-packages/airflow/example_dags/example_params_trigger_ui.py
[2024-07-02T23:59:25.565+0000] {processor.py:840} INFO - DAG(s) 'example_params_trigger_ui' retrieved from /home/airflow/.local/lib/python3.12/site-packages/airflow/example_dags/example_params_trigger_ui.py
[2024-07-02T23:59:25.616+0000] {logging_mixin.py:188} INFO - [2024-07-02T23:59:25.615+0000] {dag.py:3096} INFO - Sync 1 DAGs
[2024-07-02T23:59:25.628+0000] {logging_mixin.py:188} INFO - [2024-07-02T23:59:25.628+0000] {dag.py:3954} INFO - Setting next_dagrun for example_params_trigger_ui to None, run_after=None
[2024-07-02T23:59:25.648+0000] {processor.py:183} INFO - Processing /home/airflow/.local/lib/python3.12/site-packages/airflow/example_dags/example_params_trigger_ui.py took 0.114 seconds
[2024-07-02T23:59:56.494+0000] {processor.py:161} INFO - Started process (PID=697) to work on /home/airflow/.local/lib/python3.12/site-packages/airflow/example_dags/example_params_trigger_ui.py
[2024-07-02T23:59:56.495+0000] {processor.py:830} INFO - Processing file /home/airflow/.local/lib/python3.12/site-packages/airflow/example_dags/example_params_trigger_ui.py for tasks to queue
[2024-07-02T23:59:56.497+0000] {logging_mixin.py:188} INFO - [2024-07-02T23:59:56.496+0000] {dagbag.py:545} INFO - Filling up the DagBag from /home/airflow/.local/lib/python3.12/site-packages/airflow/example_dags/example_params_trigger_ui.py
[2024-07-02T23:59:56.511+0000] {processor.py:840} INFO - DAG(s) 'example_params_trigger_ui' retrieved from /home/airflow/.local/lib/python3.12/site-packages/airflow/example_dags/example_params_trigger_ui.py
[2024-07-02T23:59:56.581+0000] {logging_mixin.py:188} INFO - [2024-07-02T23:59:56.581+0000] {dag.py:3096} INFO - Sync 1 DAGs
[2024-07-02T23:59:56.599+0000] {logging_mixin.py:188} INFO - [2024-07-02T23:59:56.599+0000] {dag.py:3954} INFO - Setting next_dagrun for example_params_trigger_ui to None, run_after=None
[2024-07-02T23:59:56.622+0000] {processor.py:183} INFO - Processing /home/airflow/.local/lib/python3.12/site-packages/airflow/example_dags/example_params_trigger_ui.py took 0.135 seconds
