[2024-07-02T23:55:17.319+0000] {processor.py:161} INFO - Started process (PID=181) to work on /home/airflow/.local/lib/python3.12/site-packages/airflow/example_dags/example_sla_dag.py
[2024-07-02T23:55:17.320+0000] {processor.py:830} INFO - Processing file /home/airflow/.local/lib/python3.12/site-packages/airflow/example_dags/example_sla_dag.py for tasks to queue
[2024-07-02T23:55:17.322+0000] {logging_mixin.py:188} INFO - [2024-07-02T23:55:17.321+0000] {dagbag.py:545} INFO - Filling up the DagBag from /home/airflow/.local/lib/python3.12/site-packages/airflow/example_dags/example_sla_dag.py
[2024-07-02T23:55:17.334+0000] {processor.py:840} INFO - DAG(s) 'example_sla_dag' retrieved from /home/airflow/.local/lib/python3.12/site-packages/airflow/example_dags/example_sla_dag.py
[2024-07-02T23:55:17.494+0000] {logging_mixin.py:188} INFO - [2024-07-02T23:55:17.493+0000] {override.py:1829} INFO - Created Permission View: can read on DAG:example_sla_dag
[2024-07-02T23:55:17.505+0000] {logging_mixin.py:188} INFO - [2024-07-02T23:55:17.505+0000] {override.py:1829} INFO - Created Permission View: can delete on DAG:example_sla_dag
[2024-07-02T23:55:17.512+0000] {logging_mixin.py:188} INFO - [2024-07-02T23:55:17.511+0000] {override.py:1829} INFO - Created Permission View: can edit on DAG:example_sla_dag
[2024-07-02T23:55:17.512+0000] {logging_mixin.py:188} INFO - [2024-07-02T23:55:17.512+0000] {dag.py:3096} INFO - Sync 1 DAGs
[2024-07-02T23:55:17.535+0000] {logging_mixin.py:188} INFO - [2024-07-02T23:55:17.535+0000] {dag.py:3118} INFO - Creating ORM DAG for example_sla_dag
[2024-07-02T23:55:17.556+0000] {logging_mixin.py:188} INFO - [2024-07-02T23:55:17.556+0000] {dag.py:3954} INFO - Setting next_dagrun for example_sla_dag to 2024-07-02 23:52:00+00:00, run_after=2024-07-02 23:54:00+00:00
[2024-07-02T23:55:17.583+0000] {processor.py:183} INFO - Processing /home/airflow/.local/lib/python3.12/site-packages/airflow/example_dags/example_sla_dag.py took 0.271 seconds
[2024-07-02T23:55:47.881+0000] {processor.py:161} INFO - Started process (PID=239) to work on /home/airflow/.local/lib/python3.12/site-packages/airflow/example_dags/example_sla_dag.py
[2024-07-02T23:55:47.882+0000] {processor.py:830} INFO - Processing file /home/airflow/.local/lib/python3.12/site-packages/airflow/example_dags/example_sla_dag.py for tasks to queue
[2024-07-02T23:55:47.883+0000] {logging_mixin.py:188} INFO - [2024-07-02T23:55:47.883+0000] {dagbag.py:545} INFO - Filling up the DagBag from /home/airflow/.local/lib/python3.12/site-packages/airflow/example_dags/example_sla_dag.py
[2024-07-02T23:55:47.893+0000] {processor.py:840} INFO - DAG(s) 'example_sla_dag' retrieved from /home/airflow/.local/lib/python3.12/site-packages/airflow/example_dags/example_sla_dag.py
[2024-07-02T23:55:47.914+0000] {logging_mixin.py:188} INFO - [2024-07-02T23:55:47.913+0000] {dag.py:3096} INFO - Sync 1 DAGs
[2024-07-02T23:55:47.939+0000] {logging_mixin.py:188} INFO - [2024-07-02T23:55:47.939+0000] {dag.py:3954} INFO - Setting next_dagrun for example_sla_dag to 2024-07-02 23:52:00+00:00, run_after=2024-07-02 23:54:00+00:00
[2024-07-02T23:55:47.969+0000] {processor.py:183} INFO - Processing /home/airflow/.local/lib/python3.12/site-packages/airflow/example_dags/example_sla_dag.py took 0.094 seconds
[2024-07-02T23:56:18.074+0000] {processor.py:161} INFO - Started process (PID=297) to work on /home/airflow/.local/lib/python3.12/site-packages/airflow/example_dags/example_sla_dag.py
[2024-07-02T23:56:18.075+0000] {processor.py:830} INFO - Processing file /home/airflow/.local/lib/python3.12/site-packages/airflow/example_dags/example_sla_dag.py for tasks to queue
[2024-07-02T23:56:18.077+0000] {logging_mixin.py:188} INFO - [2024-07-02T23:56:18.077+0000] {dagbag.py:545} INFO - Filling up the DagBag from /home/airflow/.local/lib/python3.12/site-packages/airflow/example_dags/example_sla_dag.py
[2024-07-02T23:56:18.086+0000] {processor.py:840} INFO - DAG(s) 'example_sla_dag' retrieved from /home/airflow/.local/lib/python3.12/site-packages/airflow/example_dags/example_sla_dag.py
[2024-07-02T23:56:18.109+0000] {logging_mixin.py:188} INFO - [2024-07-02T23:56:18.108+0000] {dag.py:3096} INFO - Sync 1 DAGs
[2024-07-02T23:56:18.135+0000] {logging_mixin.py:188} INFO - [2024-07-02T23:56:18.134+0000] {dag.py:3954} INFO - Setting next_dagrun for example_sla_dag to 2024-07-02 23:54:00+00:00, run_after=2024-07-02 23:56:00+00:00
[2024-07-02T23:56:18.153+0000] {processor.py:183} INFO - Processing /home/airflow/.local/lib/python3.12/site-packages/airflow/example_dags/example_sla_dag.py took 0.087 seconds
[2024-07-02T23:56:48.547+0000] {processor.py:161} INFO - Started process (PID=355) to work on /home/airflow/.local/lib/python3.12/site-packages/airflow/example_dags/example_sla_dag.py
[2024-07-02T23:56:48.548+0000] {processor.py:830} INFO - Processing file /home/airflow/.local/lib/python3.12/site-packages/airflow/example_dags/example_sla_dag.py for tasks to queue
[2024-07-02T23:56:48.550+0000] {logging_mixin.py:188} INFO - [2024-07-02T23:56:48.549+0000] {dagbag.py:545} INFO - Filling up the DagBag from /home/airflow/.local/lib/python3.12/site-packages/airflow/example_dags/example_sla_dag.py
[2024-07-02T23:56:48.559+0000] {processor.py:840} INFO - DAG(s) 'example_sla_dag' retrieved from /home/airflow/.local/lib/python3.12/site-packages/airflow/example_dags/example_sla_dag.py
[2024-07-02T23:56:48.581+0000] {logging_mixin.py:188} INFO - [2024-07-02T23:56:48.581+0000] {dag.py:3096} INFO - Sync 1 DAGs
[2024-07-02T23:56:48.611+0000] {logging_mixin.py:188} INFO - [2024-07-02T23:56:48.611+0000] {dag.py:3954} INFO - Setting next_dagrun for example_sla_dag to 2024-07-02 23:54:00+00:00, run_after=2024-07-02 23:56:00+00:00
[2024-07-02T23:56:48.637+0000] {processor.py:183} INFO - Processing /home/airflow/.local/lib/python3.12/site-packages/airflow/example_dags/example_sla_dag.py took 0.096 seconds
[2024-07-02T23:57:18.945+0000] {processor.py:161} INFO - Started process (PID=413) to work on /home/airflow/.local/lib/python3.12/site-packages/airflow/example_dags/example_sla_dag.py
[2024-07-02T23:57:18.946+0000] {processor.py:830} INFO - Processing file /home/airflow/.local/lib/python3.12/site-packages/airflow/example_dags/example_sla_dag.py for tasks to queue
[2024-07-02T23:57:18.948+0000] {logging_mixin.py:188} INFO - [2024-07-02T23:57:18.947+0000] {dagbag.py:545} INFO - Filling up the DagBag from /home/airflow/.local/lib/python3.12/site-packages/airflow/example_dags/example_sla_dag.py
[2024-07-02T23:57:18.965+0000] {processor.py:840} INFO - DAG(s) 'example_sla_dag' retrieved from /home/airflow/.local/lib/python3.12/site-packages/airflow/example_dags/example_sla_dag.py
[2024-07-02T23:57:18.993+0000] {logging_mixin.py:188} INFO - [2024-07-02T23:57:18.993+0000] {dag.py:3096} INFO - Sync 1 DAGs
[2024-07-02T23:57:19.080+0000] {logging_mixin.py:188} INFO - [2024-07-02T23:57:19.080+0000] {dag.py:3954} INFO - Setting next_dagrun for example_sla_dag to 2024-07-02 23:54:00+00:00, run_after=2024-07-02 23:56:00+00:00
[2024-07-02T23:57:19.107+0000] {processor.py:183} INFO - Processing /home/airflow/.local/lib/python3.12/site-packages/airflow/example_dags/example_sla_dag.py took 0.168 seconds
[2024-07-02T23:57:49.177+0000] {processor.py:161} INFO - Started process (PID=471) to work on /home/airflow/.local/lib/python3.12/site-packages/airflow/example_dags/example_sla_dag.py
[2024-07-02T23:57:49.178+0000] {processor.py:830} INFO - Processing file /home/airflow/.local/lib/python3.12/site-packages/airflow/example_dags/example_sla_dag.py for tasks to queue
[2024-07-02T23:57:49.180+0000] {logging_mixin.py:188} INFO - [2024-07-02T23:57:49.179+0000] {dagbag.py:545} INFO - Filling up the DagBag from /home/airflow/.local/lib/python3.12/site-packages/airflow/example_dags/example_sla_dag.py
[2024-07-02T23:57:49.188+0000] {processor.py:840} INFO - DAG(s) 'example_sla_dag' retrieved from /home/airflow/.local/lib/python3.12/site-packages/airflow/example_dags/example_sla_dag.py
[2024-07-02T23:57:49.208+0000] {logging_mixin.py:188} INFO - [2024-07-02T23:57:49.208+0000] {dag.py:3096} INFO - Sync 1 DAGs
[2024-07-02T23:57:49.232+0000] {logging_mixin.py:188} INFO - [2024-07-02T23:57:49.232+0000] {dag.py:3954} INFO - Setting next_dagrun for example_sla_dag to 2024-07-02 23:54:00+00:00, run_after=2024-07-02 23:56:00+00:00
[2024-07-02T23:57:49.249+0000] {processor.py:183} INFO - Processing /home/airflow/.local/lib/python3.12/site-packages/airflow/example_dags/example_sla_dag.py took 0.079 seconds
[2024-07-02T23:58:19.459+0000] {processor.py:161} INFO - Started process (PID=529) to work on /home/airflow/.local/lib/python3.12/site-packages/airflow/example_dags/example_sla_dag.py
[2024-07-02T23:58:19.460+0000] {processor.py:830} INFO - Processing file /home/airflow/.local/lib/python3.12/site-packages/airflow/example_dags/example_sla_dag.py for tasks to queue
[2024-07-02T23:58:19.462+0000] {logging_mixin.py:188} INFO - [2024-07-02T23:58:19.462+0000] {dagbag.py:545} INFO - Filling up the DagBag from /home/airflow/.local/lib/python3.12/site-packages/airflow/example_dags/example_sla_dag.py
[2024-07-02T23:58:19.471+0000] {processor.py:840} INFO - DAG(s) 'example_sla_dag' retrieved from /home/airflow/.local/lib/python3.12/site-packages/airflow/example_dags/example_sla_dag.py
[2024-07-02T23:58:19.498+0000] {logging_mixin.py:188} INFO - [2024-07-02T23:58:19.498+0000] {dag.py:3096} INFO - Sync 1 DAGs
[2024-07-02T23:58:19.524+0000] {logging_mixin.py:188} INFO - [2024-07-02T23:58:19.524+0000] {dag.py:3954} INFO - Setting next_dagrun for example_sla_dag to 2024-07-02 23:56:00+00:00, run_after=2024-07-02 23:58:00+00:00
[2024-07-02T23:58:19.541+0000] {processor.py:183} INFO - Processing /home/airflow/.local/lib/python3.12/site-packages/airflow/example_dags/example_sla_dag.py took 0.087 seconds
[2024-07-02T23:58:55.913+0000] {processor.py:161} INFO - Started process (PID=593) to work on /home/airflow/.local/lib/python3.12/site-packages/airflow/example_dags/example_sla_dag.py
[2024-07-02T23:58:55.915+0000] {processor.py:830} INFO - Processing file /home/airflow/.local/lib/python3.12/site-packages/airflow/example_dags/example_sla_dag.py for tasks to queue
[2024-07-02T23:58:55.917+0000] {logging_mixin.py:188} INFO - [2024-07-02T23:58:55.917+0000] {dagbag.py:545} INFO - Filling up the DagBag from /home/airflow/.local/lib/python3.12/site-packages/airflow/example_dags/example_sla_dag.py
[2024-07-02T23:58:55.928+0000] {processor.py:840} INFO - DAG(s) 'example_sla_dag' retrieved from /home/airflow/.local/lib/python3.12/site-packages/airflow/example_dags/example_sla_dag.py
[2024-07-02T23:58:55.952+0000] {logging_mixin.py:188} INFO - [2024-07-02T23:58:55.951+0000] {dag.py:3096} INFO - Sync 1 DAGs
[2024-07-02T23:58:55.983+0000] {logging_mixin.py:188} INFO - [2024-07-02T23:58:55.983+0000] {dag.py:3954} INFO - Setting next_dagrun for example_sla_dag to 2024-07-02 23:56:00+00:00, run_after=2024-07-02 23:58:00+00:00
[2024-07-02T23:58:56.006+0000] {processor.py:183} INFO - Processing /home/airflow/.local/lib/python3.12/site-packages/airflow/example_dags/example_sla_dag.py took 0.100 seconds
[2024-07-02T23:59:26.359+0000] {processor.py:161} INFO - Started process (PID=651) to work on /home/airflow/.local/lib/python3.12/site-packages/airflow/example_dags/example_sla_dag.py
[2024-07-02T23:59:26.365+0000] {processor.py:830} INFO - Processing file /home/airflow/.local/lib/python3.12/site-packages/airflow/example_dags/example_sla_dag.py for tasks to queue
[2024-07-02T23:59:26.367+0000] {logging_mixin.py:188} INFO - [2024-07-02T23:59:26.366+0000] {dagbag.py:545} INFO - Filling up the DagBag from /home/airflow/.local/lib/python3.12/site-packages/airflow/example_dags/example_sla_dag.py
[2024-07-02T23:59:26.377+0000] {processor.py:840} INFO - DAG(s) 'example_sla_dag' retrieved from /home/airflow/.local/lib/python3.12/site-packages/airflow/example_dags/example_sla_dag.py
[2024-07-02T23:59:26.399+0000] {logging_mixin.py:188} INFO - [2024-07-02T23:59:26.399+0000] {dag.py:3096} INFO - Sync 1 DAGs
[2024-07-02T23:59:26.425+0000] {logging_mixin.py:188} INFO - [2024-07-02T23:59:26.425+0000] {dag.py:3954} INFO - Setting next_dagrun for example_sla_dag to 2024-07-02 23:56:00+00:00, run_after=2024-07-02 23:58:00+00:00
[2024-07-02T23:59:26.443+0000] {processor.py:183} INFO - Processing /home/airflow/.local/lib/python3.12/site-packages/airflow/example_dags/example_sla_dag.py took 0.090 seconds
[2024-07-02T23:59:57.603+0000] {processor.py:161} INFO - Started process (PID=709) to work on /home/airflow/.local/lib/python3.12/site-packages/airflow/example_dags/example_sla_dag.py
[2024-07-02T23:59:57.605+0000] {processor.py:830} INFO - Processing file /home/airflow/.local/lib/python3.12/site-packages/airflow/example_dags/example_sla_dag.py for tasks to queue
[2024-07-02T23:59:57.606+0000] {logging_mixin.py:188} INFO - [2024-07-02T23:59:57.606+0000] {dagbag.py:545} INFO - Filling up the DagBag from /home/airflow/.local/lib/python3.12/site-packages/airflow/example_dags/example_sla_dag.py
[2024-07-02T23:59:57.615+0000] {processor.py:840} INFO - DAG(s) 'example_sla_dag' retrieved from /home/airflow/.local/lib/python3.12/site-packages/airflow/example_dags/example_sla_dag.py
[2024-07-02T23:59:57.677+0000] {logging_mixin.py:188} INFO - [2024-07-02T23:59:57.677+0000] {dag.py:3096} INFO - Sync 1 DAGs
[2024-07-02T23:59:57.706+0000] {logging_mixin.py:188} INFO - [2024-07-02T23:59:57.705+0000] {dag.py:3954} INFO - Setting next_dagrun for example_sla_dag to 2024-07-02 23:56:00+00:00, run_after=2024-07-02 23:58:00+00:00
[2024-07-02T23:59:57.765+0000] {processor.py:183} INFO - Processing /home/airflow/.local/lib/python3.12/site-packages/airflow/example_dags/example_sla_dag.py took 0.168 seconds
