[2024-07-02T23:55:13.071+0000] {processor.py:161} INFO - Started process (PID=157) to work on /home/airflow/.local/lib/python3.12/site-packages/airflow/example_dags/example_complex.py
[2024-07-02T23:55:13.071+0000] {processor.py:830} INFO - Processing file /home/airflow/.local/lib/python3.12/site-packages/airflow/example_dags/example_complex.py for tasks to queue
[2024-07-02T23:55:13.073+0000] {logging_mixin.py:188} INFO - [2024-07-02T23:55:13.073+0000] {dagbag.py:545} INFO - Filling up the DagBag from /home/airflow/.local/lib/python3.12/site-packages/airflow/example_dags/example_complex.py
[2024-07-02T23:55:13.087+0000] {processor.py:840} INFO - DAG(s) 'example_complex' retrieved from /home/airflow/.local/lib/python3.12/site-packages/airflow/example_dags/example_complex.py
[2024-07-02T23:55:13.237+0000] {logging_mixin.py:188} INFO - [2024-07-02T23:55:13.236+0000] {override.py:1829} INFO - Created Permission View: can read on DAG:example_complex
[2024-07-02T23:55:13.275+0000] {logging_mixin.py:188} INFO - [2024-07-02T23:55:13.275+0000] {override.py:1829} INFO - Created Permission View: can delete on DAG:example_complex
[2024-07-02T23:55:13.284+0000] {logging_mixin.py:188} INFO - [2024-07-02T23:55:13.283+0000] {override.py:1829} INFO - Created Permission View: can edit on DAG:example_complex
[2024-07-02T23:55:13.284+0000] {logging_mixin.py:188} INFO - [2024-07-02T23:55:13.284+0000] {dag.py:3096} INFO - Sync 1 DAGs
[2024-07-02T23:55:13.297+0000] {logging_mixin.py:188} INFO - [2024-07-02T23:55:13.296+0000] {dag.py:3118} INFO - Creating ORM DAG for example_complex
[2024-07-02T23:55:13.297+0000] {logging_mixin.py:188} INFO - [2024-07-02T23:55:13.297+0000] {dag.py:3954} INFO - Setting next_dagrun for example_complex to None, run_after=None
[2024-07-02T23:55:13.315+0000] {processor.py:183} INFO - Processing /home/airflow/.local/lib/python3.12/site-packages/airflow/example_dags/example_complex.py took 0.255 seconds
[2024-07-02T23:55:44.214+0000] {processor.py:161} INFO - Started process (PID=215) to work on /home/airflow/.local/lib/python3.12/site-packages/airflow/example_dags/example_complex.py
[2024-07-02T23:55:44.215+0000] {processor.py:830} INFO - Processing file /home/airflow/.local/lib/python3.12/site-packages/airflow/example_dags/example_complex.py for tasks to queue
[2024-07-02T23:55:44.217+0000] {logging_mixin.py:188} INFO - [2024-07-02T23:55:44.217+0000] {dagbag.py:545} INFO - Filling up the DagBag from /home/airflow/.local/lib/python3.12/site-packages/airflow/example_dags/example_complex.py
[2024-07-02T23:55:44.229+0000] {processor.py:840} INFO - DAG(s) 'example_complex' retrieved from /home/airflow/.local/lib/python3.12/site-packages/airflow/example_dags/example_complex.py
[2024-07-02T23:55:44.262+0000] {logging_mixin.py:188} INFO - [2024-07-02T23:55:44.262+0000] {dag.py:3096} INFO - Sync 1 DAGs
[2024-07-02T23:55:44.275+0000] {logging_mixin.py:188} INFO - [2024-07-02T23:55:44.275+0000] {dag.py:3954} INFO - Setting next_dagrun for example_complex to None, run_after=None
[2024-07-02T23:55:44.292+0000] {processor.py:183} INFO - Processing /home/airflow/.local/lib/python3.12/site-packages/airflow/example_dags/example_complex.py took 0.084 seconds
[2024-07-02T23:56:14.422+0000] {processor.py:161} INFO - Started process (PID=273) to work on /home/airflow/.local/lib/python3.12/site-packages/airflow/example_dags/example_complex.py
[2024-07-02T23:56:14.423+0000] {processor.py:830} INFO - Processing file /home/airflow/.local/lib/python3.12/site-packages/airflow/example_dags/example_complex.py for tasks to queue
[2024-07-02T23:56:14.424+0000] {logging_mixin.py:188} INFO - [2024-07-02T23:56:14.424+0000] {dagbag.py:545} INFO - Filling up the DagBag from /home/airflow/.local/lib/python3.12/site-packages/airflow/example_dags/example_complex.py
[2024-07-02T23:56:14.435+0000] {processor.py:840} INFO - DAG(s) 'example_complex' retrieved from /home/airflow/.local/lib/python3.12/site-packages/airflow/example_dags/example_complex.py
[2024-07-02T23:56:14.471+0000] {logging_mixin.py:188} INFO - [2024-07-02T23:56:14.470+0000] {dag.py:3096} INFO - Sync 1 DAGs
[2024-07-02T23:56:14.490+0000] {logging_mixin.py:188} INFO - [2024-07-02T23:56:14.489+0000] {dag.py:3954} INFO - Setting next_dagrun for example_complex to None, run_after=None
[2024-07-02T23:56:14.506+0000] {processor.py:183} INFO - Processing /home/airflow/.local/lib/python3.12/site-packages/airflow/example_dags/example_complex.py took 0.090 seconds
[2024-07-02T23:56:44.716+0000] {processor.py:161} INFO - Started process (PID=331) to work on /home/airflow/.local/lib/python3.12/site-packages/airflow/example_dags/example_complex.py
[2024-07-02T23:56:44.717+0000] {processor.py:830} INFO - Processing file /home/airflow/.local/lib/python3.12/site-packages/airflow/example_dags/example_complex.py for tasks to queue
[2024-07-02T23:56:44.719+0000] {logging_mixin.py:188} INFO - [2024-07-02T23:56:44.719+0000] {dagbag.py:545} INFO - Filling up the DagBag from /home/airflow/.local/lib/python3.12/site-packages/airflow/example_dags/example_complex.py
[2024-07-02T23:56:44.729+0000] {processor.py:840} INFO - DAG(s) 'example_complex' retrieved from /home/airflow/.local/lib/python3.12/site-packages/airflow/example_dags/example_complex.py
[2024-07-02T23:56:44.770+0000] {logging_mixin.py:188} INFO - [2024-07-02T23:56:44.770+0000] {dag.py:3096} INFO - Sync 1 DAGs
[2024-07-02T23:56:44.785+0000] {logging_mixin.py:188} INFO - [2024-07-02T23:56:44.785+0000] {dag.py:3954} INFO - Setting next_dagrun for example_complex to None, run_after=None
[2024-07-02T23:56:44.804+0000] {processor.py:183} INFO - Processing /home/airflow/.local/lib/python3.12/site-packages/airflow/example_dags/example_complex.py took 0.094 seconds
[2024-07-02T23:57:15.122+0000] {processor.py:161} INFO - Started process (PID=389) to work on /home/airflow/.local/lib/python3.12/site-packages/airflow/example_dags/example_complex.py
[2024-07-02T23:57:15.123+0000] {processor.py:830} INFO - Processing file /home/airflow/.local/lib/python3.12/site-packages/airflow/example_dags/example_complex.py for tasks to queue
[2024-07-02T23:57:15.125+0000] {logging_mixin.py:188} INFO - [2024-07-02T23:57:15.125+0000] {dagbag.py:545} INFO - Filling up the DagBag from /home/airflow/.local/lib/python3.12/site-packages/airflow/example_dags/example_complex.py
[2024-07-02T23:57:15.137+0000] {processor.py:840} INFO - DAG(s) 'example_complex' retrieved from /home/airflow/.local/lib/python3.12/site-packages/airflow/example_dags/example_complex.py
[2024-07-02T23:57:15.174+0000] {logging_mixin.py:188} INFO - [2024-07-02T23:57:15.174+0000] {dag.py:3096} INFO - Sync 1 DAGs
[2024-07-02T23:57:15.187+0000] {logging_mixin.py:188} INFO - [2024-07-02T23:57:15.187+0000] {dag.py:3954} INFO - Setting next_dagrun for example_complex to None, run_after=None
[2024-07-02T23:57:15.212+0000] {processor.py:183} INFO - Processing /home/airflow/.local/lib/python3.12/site-packages/airflow/example_dags/example_complex.py took 0.096 seconds
[2024-07-02T23:57:45.344+0000] {processor.py:161} INFO - Started process (PID=447) to work on /home/airflow/.local/lib/python3.12/site-packages/airflow/example_dags/example_complex.py
[2024-07-02T23:57:45.345+0000] {processor.py:830} INFO - Processing file /home/airflow/.local/lib/python3.12/site-packages/airflow/example_dags/example_complex.py for tasks to queue
[2024-07-02T23:57:45.347+0000] {logging_mixin.py:188} INFO - [2024-07-02T23:57:45.347+0000] {dagbag.py:545} INFO - Filling up the DagBag from /home/airflow/.local/lib/python3.12/site-packages/airflow/example_dags/example_complex.py
[2024-07-02T23:57:45.358+0000] {processor.py:840} INFO - DAG(s) 'example_complex' retrieved from /home/airflow/.local/lib/python3.12/site-packages/airflow/example_dags/example_complex.py
[2024-07-02T23:57:45.398+0000] {logging_mixin.py:188} INFO - [2024-07-02T23:57:45.398+0000] {dag.py:3096} INFO - Sync 1 DAGs
[2024-07-02T23:57:45.420+0000] {logging_mixin.py:188} INFO - [2024-07-02T23:57:45.420+0000] {dag.py:3954} INFO - Setting next_dagrun for example_complex to None, run_after=None
[2024-07-02T23:57:45.446+0000] {processor.py:183} INFO - Processing /home/airflow/.local/lib/python3.12/site-packages/airflow/example_dags/example_complex.py took 0.109 seconds
[2024-07-02T23:58:15.557+0000] {processor.py:161} INFO - Started process (PID=505) to work on /home/airflow/.local/lib/python3.12/site-packages/airflow/example_dags/example_complex.py
[2024-07-02T23:58:15.558+0000] {processor.py:830} INFO - Processing file /home/airflow/.local/lib/python3.12/site-packages/airflow/example_dags/example_complex.py for tasks to queue
[2024-07-02T23:58:15.560+0000] {logging_mixin.py:188} INFO - [2024-07-02T23:58:15.559+0000] {dagbag.py:545} INFO - Filling up the DagBag from /home/airflow/.local/lib/python3.12/site-packages/airflow/example_dags/example_complex.py
[2024-07-02T23:58:15.573+0000] {processor.py:840} INFO - DAG(s) 'example_complex' retrieved from /home/airflow/.local/lib/python3.12/site-packages/airflow/example_dags/example_complex.py
[2024-07-02T23:58:15.611+0000] {logging_mixin.py:188} INFO - [2024-07-02T23:58:15.610+0000] {dag.py:3096} INFO - Sync 1 DAGs
[2024-07-02T23:58:15.623+0000] {logging_mixin.py:188} INFO - [2024-07-02T23:58:15.623+0000] {dag.py:3954} INFO - Setting next_dagrun for example_complex to None, run_after=None
[2024-07-02T23:58:15.641+0000] {processor.py:183} INFO - Processing /home/airflow/.local/lib/python3.12/site-packages/airflow/example_dags/example_complex.py took 0.090 seconds
[2024-07-02T23:58:49.089+0000] {processor.py:161} INFO - Started process (PID=563) to work on /home/airflow/.local/lib/python3.12/site-packages/airflow/example_dags/example_complex.py
[2024-07-02T23:58:49.090+0000] {processor.py:830} INFO - Processing file /home/airflow/.local/lib/python3.12/site-packages/airflow/example_dags/example_complex.py for tasks to queue
[2024-07-02T23:58:49.092+0000] {logging_mixin.py:188} INFO - [2024-07-02T23:58:49.091+0000] {dagbag.py:545} INFO - Filling up the DagBag from /home/airflow/.local/lib/python3.12/site-packages/airflow/example_dags/example_complex.py
[2024-07-02T23:58:49.191+0000] {processor.py:840} INFO - DAG(s) 'example_complex' retrieved from /home/airflow/.local/lib/python3.12/site-packages/airflow/example_dags/example_complex.py
[2024-07-02T23:58:49.787+0000] {logging_mixin.py:188} INFO - [2024-07-02T23:58:49.787+0000] {dag.py:3096} INFO - Sync 1 DAGs
[2024-07-02T23:58:49.802+0000] {logging_mixin.py:188} INFO - [2024-07-02T23:58:49.802+0000] {dag.py:3954} INFO - Setting next_dagrun for example_complex to None, run_after=None
[2024-07-02T23:58:49.885+0000] {processor.py:183} INFO - Processing /home/airflow/.local/lib/python3.12/site-packages/airflow/example_dags/example_complex.py took 0.803 seconds
[2024-07-02T23:59:20.185+0000] {processor.py:161} INFO - Started process (PID=621) to work on /home/airflow/.local/lib/python3.12/site-packages/airflow/example_dags/example_complex.py
[2024-07-02T23:59:20.186+0000] {processor.py:830} INFO - Processing file /home/airflow/.local/lib/python3.12/site-packages/airflow/example_dags/example_complex.py for tasks to queue
[2024-07-02T23:59:20.188+0000] {logging_mixin.py:188} INFO - [2024-07-02T23:59:20.187+0000] {dagbag.py:545} INFO - Filling up the DagBag from /home/airflow/.local/lib/python3.12/site-packages/airflow/example_dags/example_complex.py
[2024-07-02T23:59:20.200+0000] {processor.py:840} INFO - DAG(s) 'example_complex' retrieved from /home/airflow/.local/lib/python3.12/site-packages/airflow/example_dags/example_complex.py
[2024-07-02T23:59:20.232+0000] {logging_mixin.py:188} INFO - [2024-07-02T23:59:20.232+0000] {dag.py:3096} INFO - Sync 1 DAGs
[2024-07-02T23:59:20.244+0000] {logging_mixin.py:188} INFO - [2024-07-02T23:59:20.244+0000] {dag.py:3954} INFO - Setting next_dagrun for example_complex to None, run_after=None
[2024-07-02T23:59:20.270+0000] {processor.py:183} INFO - Processing /home/airflow/.local/lib/python3.12/site-packages/airflow/example_dags/example_complex.py took 0.092 seconds
[2024-07-02T23:59:50.353+0000] {processor.py:161} INFO - Started process (PID=679) to work on /home/airflow/.local/lib/python3.12/site-packages/airflow/example_dags/example_complex.py
[2024-07-02T23:59:50.354+0000] {processor.py:830} INFO - Processing file /home/airflow/.local/lib/python3.12/site-packages/airflow/example_dags/example_complex.py for tasks to queue
[2024-07-02T23:59:50.356+0000] {logging_mixin.py:188} INFO - [2024-07-02T23:59:50.355+0000] {dagbag.py:545} INFO - Filling up the DagBag from /home/airflow/.local/lib/python3.12/site-packages/airflow/example_dags/example_complex.py
[2024-07-02T23:59:50.366+0000] {processor.py:840} INFO - DAG(s) 'example_complex' retrieved from /home/airflow/.local/lib/python3.12/site-packages/airflow/example_dags/example_complex.py
[2024-07-02T23:59:50.402+0000] {logging_mixin.py:188} INFO - [2024-07-02T23:59:50.401+0000] {dag.py:3096} INFO - Sync 1 DAGs
[2024-07-02T23:59:50.415+0000] {logging_mixin.py:188} INFO - [2024-07-02T23:59:50.415+0000] {dag.py:3954} INFO - Setting next_dagrun for example_complex to None, run_after=None
[2024-07-02T23:59:50.432+0000] {processor.py:183} INFO - Processing /home/airflow/.local/lib/python3.12/site-packages/airflow/example_dags/example_complex.py took 0.086 seconds
