[2024-07-02T23:55:14.357+0000] {processor.py:161} INFO - Started process (PID=163) to work on /home/airflow/.local/lib/python3.12/site-packages/airflow/example_dags/example_external_task_marker_dag.py
[2024-07-02T23:55:14.364+0000] {processor.py:830} INFO - Processing file /home/airflow/.local/lib/python3.12/site-packages/airflow/example_dags/example_external_task_marker_dag.py for tasks to queue
[2024-07-02T23:55:14.369+0000] {logging_mixin.py:188} INFO - [2024-07-02T23:55:14.369+0000] {dagbag.py:545} INFO - Filling up the DagBag from /home/airflow/.local/lib/python3.12/site-packages/airflow/example_dags/example_external_task_marker_dag.py
[2024-07-02T23:55:14.387+0000] {processor.py:840} INFO - DAG(s) 'example_external_task_marker_parent', 'example_external_task_marker_child' retrieved from /home/airflow/.local/lib/python3.12/site-packages/airflow/example_dags/example_external_task_marker_dag.py
[2024-07-02T23:55:14.521+0000] {logging_mixin.py:188} INFO - [2024-07-02T23:55:14.520+0000] {override.py:1829} INFO - Created Permission View: can read on DAG:example_external_task_marker_parent
[2024-07-02T23:55:14.530+0000] {logging_mixin.py:188} INFO - [2024-07-02T23:55:14.530+0000] {override.py:1829} INFO - Created Permission View: can delete on DAG:example_external_task_marker_parent
[2024-07-02T23:55:14.535+0000] {logging_mixin.py:188} INFO - [2024-07-02T23:55:14.535+0000] {override.py:1829} INFO - Created Permission View: can edit on DAG:example_external_task_marker_parent
[2024-07-02T23:55:14.565+0000] {logging_mixin.py:188} INFO - [2024-07-02T23:55:14.565+0000] {override.py:1829} INFO - Created Permission View: can read on DAG:example_external_task_marker_child
[2024-07-02T23:55:14.574+0000] {logging_mixin.py:188} INFO - [2024-07-02T23:55:14.573+0000] {override.py:1829} INFO - Created Permission View: can delete on DAG:example_external_task_marker_child
[2024-07-02T23:55:14.580+0000] {logging_mixin.py:188} INFO - [2024-07-02T23:55:14.580+0000] {override.py:1829} INFO - Created Permission View: can edit on DAG:example_external_task_marker_child
[2024-07-02T23:55:14.581+0000] {logging_mixin.py:188} INFO - [2024-07-02T23:55:14.580+0000] {dag.py:3096} INFO - Sync 2 DAGs
[2024-07-02T23:55:14.598+0000] {logging_mixin.py:188} INFO - [2024-07-02T23:55:14.598+0000] {dag.py:3118} INFO - Creating ORM DAG for example_external_task_marker_child
[2024-07-02T23:55:14.599+0000] {logging_mixin.py:188} INFO - [2024-07-02T23:55:14.599+0000] {dag.py:3118} INFO - Creating ORM DAG for example_external_task_marker_parent
[2024-07-02T23:55:14.601+0000] {logging_mixin.py:188} INFO - [2024-07-02T23:55:14.600+0000] {dag.py:3954} INFO - Setting next_dagrun for example_external_task_marker_child to None, run_after=None
[2024-07-02T23:55:14.602+0000] {logging_mixin.py:188} INFO - [2024-07-02T23:55:14.602+0000] {dag.py:3954} INFO - Setting next_dagrun for example_external_task_marker_parent to None, run_after=None
[2024-07-02T23:55:14.622+0000] {processor.py:183} INFO - Processing /home/airflow/.local/lib/python3.12/site-packages/airflow/example_dags/example_external_task_marker_dag.py took 0.277 seconds
[2024-07-02T23:55:44.715+0000] {processor.py:161} INFO - Started process (PID=221) to work on /home/airflow/.local/lib/python3.12/site-packages/airflow/example_dags/example_external_task_marker_dag.py
[2024-07-02T23:55:44.716+0000] {processor.py:830} INFO - Processing file /home/airflow/.local/lib/python3.12/site-packages/airflow/example_dags/example_external_task_marker_dag.py for tasks to queue
[2024-07-02T23:55:44.718+0000] {logging_mixin.py:188} INFO - [2024-07-02T23:55:44.718+0000] {dagbag.py:545} INFO - Filling up the DagBag from /home/airflow/.local/lib/python3.12/site-packages/airflow/example_dags/example_external_task_marker_dag.py
[2024-07-02T23:55:44.725+0000] {processor.py:840} INFO - DAG(s) 'example_external_task_marker_child', 'example_external_task_marker_parent' retrieved from /home/airflow/.local/lib/python3.12/site-packages/airflow/example_dags/example_external_task_marker_dag.py
[2024-07-02T23:55:44.751+0000] {logging_mixin.py:188} INFO - [2024-07-02T23:55:44.751+0000] {dag.py:3096} INFO - Sync 2 DAGs
[2024-07-02T23:55:44.778+0000] {logging_mixin.py:188} INFO - [2024-07-02T23:55:44.778+0000] {dag.py:3954} INFO - Setting next_dagrun for example_external_task_marker_child to None, run_after=None
[2024-07-02T23:55:44.783+0000] {logging_mixin.py:188} INFO - [2024-07-02T23:55:44.783+0000] {dag.py:3954} INFO - Setting next_dagrun for example_external_task_marker_parent to None, run_after=None
[2024-07-02T23:55:44.802+0000] {processor.py:183} INFO - Processing /home/airflow/.local/lib/python3.12/site-packages/airflow/example_dags/example_external_task_marker_dag.py took 0.093 seconds
[2024-07-02T23:56:15.031+0000] {processor.py:161} INFO - Started process (PID=279) to work on /home/airflow/.local/lib/python3.12/site-packages/airflow/example_dags/example_external_task_marker_dag.py
[2024-07-02T23:56:15.032+0000] {processor.py:830} INFO - Processing file /home/airflow/.local/lib/python3.12/site-packages/airflow/example_dags/example_external_task_marker_dag.py for tasks to queue
[2024-07-02T23:56:15.034+0000] {logging_mixin.py:188} INFO - [2024-07-02T23:56:15.034+0000] {dagbag.py:545} INFO - Filling up the DagBag from /home/airflow/.local/lib/python3.12/site-packages/airflow/example_dags/example_external_task_marker_dag.py
[2024-07-02T23:56:15.042+0000] {processor.py:840} INFO - DAG(s) 'example_external_task_marker_parent', 'example_external_task_marker_child' retrieved from /home/airflow/.local/lib/python3.12/site-packages/airflow/example_dags/example_external_task_marker_dag.py
[2024-07-02T23:56:15.069+0000] {logging_mixin.py:188} INFO - [2024-07-02T23:56:15.069+0000] {dag.py:3096} INFO - Sync 2 DAGs
[2024-07-02T23:56:15.088+0000] {logging_mixin.py:188} INFO - [2024-07-02T23:56:15.087+0000] {dag.py:3954} INFO - Setting next_dagrun for example_external_task_marker_child to None, run_after=None
[2024-07-02T23:56:15.093+0000] {logging_mixin.py:188} INFO - [2024-07-02T23:56:15.092+0000] {dag.py:3954} INFO - Setting next_dagrun for example_external_task_marker_parent to None, run_after=None
[2024-07-02T23:56:15.110+0000] {processor.py:183} INFO - Processing /home/airflow/.local/lib/python3.12/site-packages/airflow/example_dags/example_external_task_marker_dag.py took 0.085 seconds
[2024-07-02T23:56:45.184+0000] {processor.py:161} INFO - Started process (PID=337) to work on /home/airflow/.local/lib/python3.12/site-packages/airflow/example_dags/example_external_task_marker_dag.py
[2024-07-02T23:56:45.185+0000] {processor.py:830} INFO - Processing file /home/airflow/.local/lib/python3.12/site-packages/airflow/example_dags/example_external_task_marker_dag.py for tasks to queue
[2024-07-02T23:56:45.187+0000] {logging_mixin.py:188} INFO - [2024-07-02T23:56:45.186+0000] {dagbag.py:545} INFO - Filling up the DagBag from /home/airflow/.local/lib/python3.12/site-packages/airflow/example_dags/example_external_task_marker_dag.py
[2024-07-02T23:56:45.193+0000] {processor.py:840} INFO - DAG(s) 'example_external_task_marker_child', 'example_external_task_marker_parent' retrieved from /home/airflow/.local/lib/python3.12/site-packages/airflow/example_dags/example_external_task_marker_dag.py
[2024-07-02T23:56:45.218+0000] {logging_mixin.py:188} INFO - [2024-07-02T23:56:45.218+0000] {dag.py:3096} INFO - Sync 2 DAGs
[2024-07-02T23:56:45.232+0000] {logging_mixin.py:188} INFO - [2024-07-02T23:56:45.231+0000] {dag.py:3954} INFO - Setting next_dagrun for example_external_task_marker_child to None, run_after=None
[2024-07-02T23:56:45.236+0000] {logging_mixin.py:188} INFO - [2024-07-02T23:56:45.236+0000] {dag.py:3954} INFO - Setting next_dagrun for example_external_task_marker_parent to None, run_after=None
[2024-07-02T23:56:45.252+0000] {processor.py:183} INFO - Processing /home/airflow/.local/lib/python3.12/site-packages/airflow/example_dags/example_external_task_marker_dag.py took 0.074 seconds
[2024-07-02T23:57:15.465+0000] {processor.py:161} INFO - Started process (PID=394) to work on /home/airflow/.local/lib/python3.12/site-packages/airflow/example_dags/example_external_task_marker_dag.py
[2024-07-02T23:57:15.467+0000] {processor.py:830} INFO - Processing file /home/airflow/.local/lib/python3.12/site-packages/airflow/example_dags/example_external_task_marker_dag.py for tasks to queue
[2024-07-02T23:57:15.468+0000] {logging_mixin.py:188} INFO - [2024-07-02T23:57:15.468+0000] {dagbag.py:545} INFO - Filling up the DagBag from /home/airflow/.local/lib/python3.12/site-packages/airflow/example_dags/example_external_task_marker_dag.py
[2024-07-02T23:57:15.475+0000] {processor.py:840} INFO - DAG(s) 'example_external_task_marker_child', 'example_external_task_marker_parent' retrieved from /home/airflow/.local/lib/python3.12/site-packages/airflow/example_dags/example_external_task_marker_dag.py
[2024-07-02T23:57:15.501+0000] {logging_mixin.py:188} INFO - [2024-07-02T23:57:15.500+0000] {dag.py:3096} INFO - Sync 2 DAGs
[2024-07-02T23:57:15.516+0000] {logging_mixin.py:188} INFO - [2024-07-02T23:57:15.516+0000] {dag.py:3954} INFO - Setting next_dagrun for example_external_task_marker_child to None, run_after=None
[2024-07-02T23:57:15.520+0000] {logging_mixin.py:188} INFO - [2024-07-02T23:57:15.519+0000] {dag.py:3954} INFO - Setting next_dagrun for example_external_task_marker_parent to None, run_after=None
[2024-07-02T23:57:15.537+0000] {processor.py:183} INFO - Processing /home/airflow/.local/lib/python3.12/site-packages/airflow/example_dags/example_external_task_marker_dag.py took 0.077 seconds
[2024-07-02T23:57:45.702+0000] {processor.py:161} INFO - Started process (PID=452) to work on /home/airflow/.local/lib/python3.12/site-packages/airflow/example_dags/example_external_task_marker_dag.py
[2024-07-02T23:57:45.703+0000] {processor.py:830} INFO - Processing file /home/airflow/.local/lib/python3.12/site-packages/airflow/example_dags/example_external_task_marker_dag.py for tasks to queue
[2024-07-02T23:57:45.705+0000] {logging_mixin.py:188} INFO - [2024-07-02T23:57:45.705+0000] {dagbag.py:545} INFO - Filling up the DagBag from /home/airflow/.local/lib/python3.12/site-packages/airflow/example_dags/example_external_task_marker_dag.py
[2024-07-02T23:57:45.712+0000] {processor.py:840} INFO - DAG(s) 'example_external_task_marker_child', 'example_external_task_marker_parent' retrieved from /home/airflow/.local/lib/python3.12/site-packages/airflow/example_dags/example_external_task_marker_dag.py
[2024-07-02T23:57:45.740+0000] {logging_mixin.py:188} INFO - [2024-07-02T23:57:45.739+0000] {dag.py:3096} INFO - Sync 2 DAGs
[2024-07-02T23:57:45.755+0000] {logging_mixin.py:188} INFO - [2024-07-02T23:57:45.755+0000] {dag.py:3954} INFO - Setting next_dagrun for example_external_task_marker_child to None, run_after=None
[2024-07-02T23:57:45.759+0000] {logging_mixin.py:188} INFO - [2024-07-02T23:57:45.759+0000] {dag.py:3954} INFO - Setting next_dagrun for example_external_task_marker_parent to None, run_after=None
[2024-07-02T23:57:45.776+0000] {processor.py:183} INFO - Processing /home/airflow/.local/lib/python3.12/site-packages/airflow/example_dags/example_external_task_marker_dag.py took 0.080 seconds
[2024-07-02T23:58:16.025+0000] {processor.py:161} INFO - Started process (PID=510) to work on /home/airflow/.local/lib/python3.12/site-packages/airflow/example_dags/example_external_task_marker_dag.py
[2024-07-02T23:58:16.026+0000] {processor.py:830} INFO - Processing file /home/airflow/.local/lib/python3.12/site-packages/airflow/example_dags/example_external_task_marker_dag.py for tasks to queue
[2024-07-02T23:58:16.028+0000] {logging_mixin.py:188} INFO - [2024-07-02T23:58:16.027+0000] {dagbag.py:545} INFO - Filling up the DagBag from /home/airflow/.local/lib/python3.12/site-packages/airflow/example_dags/example_external_task_marker_dag.py
[2024-07-02T23:58:16.035+0000] {processor.py:840} INFO - DAG(s) 'example_external_task_marker_parent', 'example_external_task_marker_child' retrieved from /home/airflow/.local/lib/python3.12/site-packages/airflow/example_dags/example_external_task_marker_dag.py
[2024-07-02T23:58:16.063+0000] {logging_mixin.py:188} INFO - [2024-07-02T23:58:16.062+0000] {dag.py:3096} INFO - Sync 2 DAGs
[2024-07-02T23:58:16.082+0000] {logging_mixin.py:188} INFO - [2024-07-02T23:58:16.082+0000] {dag.py:3954} INFO - Setting next_dagrun for example_external_task_marker_child to None, run_after=None
[2024-07-02T23:58:16.087+0000] {logging_mixin.py:188} INFO - [2024-07-02T23:58:16.087+0000] {dag.py:3954} INFO - Setting next_dagrun for example_external_task_marker_parent to None, run_after=None
[2024-07-02T23:58:16.106+0000] {processor.py:183} INFO - Processing /home/airflow/.local/lib/python3.12/site-packages/airflow/example_dags/example_external_task_marker_dag.py took 0.088 seconds
[2024-07-02T23:58:52.787+0000] {processor.py:161} INFO - Started process (PID=569) to work on /home/airflow/.local/lib/python3.12/site-packages/airflow/example_dags/example_external_task_marker_dag.py
[2024-07-02T23:58:52.788+0000] {processor.py:830} INFO - Processing file /home/airflow/.local/lib/python3.12/site-packages/airflow/example_dags/example_external_task_marker_dag.py for tasks to queue
[2024-07-02T23:58:52.790+0000] {logging_mixin.py:188} INFO - [2024-07-02T23:58:52.790+0000] {dagbag.py:545} INFO - Filling up the DagBag from /home/airflow/.local/lib/python3.12/site-packages/airflow/example_dags/example_external_task_marker_dag.py
[2024-07-02T23:58:52.798+0000] {processor.py:840} INFO - DAG(s) 'example_external_task_marker_child', 'example_external_task_marker_parent' retrieved from /home/airflow/.local/lib/python3.12/site-packages/airflow/example_dags/example_external_task_marker_dag.py
[2024-07-02T23:58:52.897+0000] {logging_mixin.py:188} INFO - [2024-07-02T23:58:52.897+0000] {dag.py:3096} INFO - Sync 2 DAGs
[2024-07-02T23:58:52.977+0000] {logging_mixin.py:188} INFO - [2024-07-02T23:58:52.977+0000] {dag.py:3954} INFO - Setting next_dagrun for example_external_task_marker_child to None, run_after=None
[2024-07-02T23:58:52.983+0000] {logging_mixin.py:188} INFO - [2024-07-02T23:58:52.983+0000] {dag.py:3954} INFO - Setting next_dagrun for example_external_task_marker_parent to None, run_after=None
[2024-07-02T23:58:53.098+0000] {processor.py:183} INFO - Processing /home/airflow/.local/lib/python3.12/site-packages/airflow/example_dags/example_external_task_marker_dag.py took 0.319 seconds
[2024-07-02T23:59:23.965+0000] {processor.py:161} INFO - Started process (PID=627) to work on /home/airflow/.local/lib/python3.12/site-packages/airflow/example_dags/example_external_task_marker_dag.py
[2024-07-02T23:59:23.966+0000] {processor.py:830} INFO - Processing file /home/airflow/.local/lib/python3.12/site-packages/airflow/example_dags/example_external_task_marker_dag.py for tasks to queue
[2024-07-02T23:59:23.969+0000] {logging_mixin.py:188} INFO - [2024-07-02T23:59:23.968+0000] {dagbag.py:545} INFO - Filling up the DagBag from /home/airflow/.local/lib/python3.12/site-packages/airflow/example_dags/example_external_task_marker_dag.py
[2024-07-02T23:59:23.977+0000] {processor.py:840} INFO - DAG(s) 'example_external_task_marker_parent', 'example_external_task_marker_child' retrieved from /home/airflow/.local/lib/python3.12/site-packages/airflow/example_dags/example_external_task_marker_dag.py
[2024-07-02T23:59:24.088+0000] {logging_mixin.py:188} INFO - [2024-07-02T23:59:24.088+0000] {dag.py:3096} INFO - Sync 2 DAGs
[2024-07-02T23:59:24.173+0000] {logging_mixin.py:188} INFO - [2024-07-02T23:59:24.172+0000] {dag.py:3954} INFO - Setting next_dagrun for example_external_task_marker_child to None, run_after=None
[2024-07-02T23:59:24.177+0000] {logging_mixin.py:188} INFO - [2024-07-02T23:59:24.177+0000] {dag.py:3954} INFO - Setting next_dagrun for example_external_task_marker_parent to None, run_after=None
[2024-07-02T23:59:24.195+0000] {processor.py:183} INFO - Processing /home/airflow/.local/lib/python3.12/site-packages/airflow/example_dags/example_external_task_marker_dag.py took 0.289 seconds
[2024-07-02T23:59:54.850+0000] {processor.py:161} INFO - Started process (PID=685) to work on /home/airflow/.local/lib/python3.12/site-packages/airflow/example_dags/example_external_task_marker_dag.py
[2024-07-02T23:59:54.851+0000] {processor.py:830} INFO - Processing file /home/airflow/.local/lib/python3.12/site-packages/airflow/example_dags/example_external_task_marker_dag.py for tasks to queue
[2024-07-02T23:59:54.853+0000] {logging_mixin.py:188} INFO - [2024-07-02T23:59:54.853+0000] {dagbag.py:545} INFO - Filling up the DagBag from /home/airflow/.local/lib/python3.12/site-packages/airflow/example_dags/example_external_task_marker_dag.py
[2024-07-02T23:59:54.859+0000] {processor.py:840} INFO - DAG(s) 'example_external_task_marker_child', 'example_external_task_marker_parent' retrieved from /home/airflow/.local/lib/python3.12/site-packages/airflow/example_dags/example_external_task_marker_dag.py
[2024-07-02T23:59:54.888+0000] {logging_mixin.py:188} INFO - [2024-07-02T23:59:54.887+0000] {dag.py:3096} INFO - Sync 2 DAGs
[2024-07-02T23:59:54.903+0000] {logging_mixin.py:188} INFO - [2024-07-02T23:59:54.902+0000] {dag.py:3954} INFO - Setting next_dagrun for example_external_task_marker_child to None, run_after=None
[2024-07-02T23:59:54.907+0000] {logging_mixin.py:188} INFO - [2024-07-02T23:59:54.907+0000] {dag.py:3954} INFO - Setting next_dagrun for example_external_task_marker_parent to None, run_after=None
[2024-07-02T23:59:54.966+0000] {processor.py:183} INFO - Processing /home/airflow/.local/lib/python3.12/site-packages/airflow/example_dags/example_external_task_marker_dag.py took 0.122 seconds
