[2024-07-02T23:55:12.550+0000] {processor.py:161} INFO - Started process (PID=153) to work on /home/airflow/.local/lib/python3.12/site-packages/airflow/example_dags/example_branch_labels.py
[2024-07-02T23:55:12.551+0000] {processor.py:830} INFO - Processing file /home/airflow/.local/lib/python3.12/site-packages/airflow/example_dags/example_branch_labels.py for tasks to queue
[2024-07-02T23:55:12.553+0000] {logging_mixin.py:188} INFO - [2024-07-02T23:55:12.552+0000] {dagbag.py:545} INFO - Filling up the DagBag from /home/airflow/.local/lib/python3.12/site-packages/airflow/example_dags/example_branch_labels.py
[2024-07-02T23:55:12.569+0000] {processor.py:840} INFO - DAG(s) 'example_branch_labels' retrieved from /home/airflow/.local/lib/python3.12/site-packages/airflow/example_dags/example_branch_labels.py
[2024-07-02T23:55:12.714+0000] {logging_mixin.py:188} INFO - [2024-07-02T23:55:12.713+0000] {override.py:1829} INFO - Created Permission View: can read on DAG:example_branch_labels
[2024-07-02T23:55:12.723+0000] {logging_mixin.py:188} INFO - [2024-07-02T23:55:12.722+0000] {override.py:1829} INFO - Created Permission View: can delete on DAG:example_branch_labels
[2024-07-02T23:55:12.727+0000] {logging_mixin.py:188} INFO - [2024-07-02T23:55:12.727+0000] {override.py:1829} INFO - Created Permission View: can edit on DAG:example_branch_labels
[2024-07-02T23:55:12.728+0000] {logging_mixin.py:188} INFO - [2024-07-02T23:55:12.728+0000] {dag.py:3096} INFO - Sync 1 DAGs
[2024-07-02T23:55:12.739+0000] {logging_mixin.py:188} INFO - [2024-07-02T23:55:12.739+0000] {dag.py:3118} INFO - Creating ORM DAG for example_branch_labels
[2024-07-02T23:55:12.749+0000] {logging_mixin.py:188} INFO - [2024-07-02T23:55:12.749+0000] {dag.py:3954} INFO - Setting next_dagrun for example_branch_labels to 2024-07-01 00:00:00+00:00, run_after=2024-07-02 00:00:00+00:00
[2024-07-02T23:55:12.769+0000] {processor.py:183} INFO - Processing /home/airflow/.local/lib/python3.12/site-packages/airflow/example_dags/example_branch_labels.py took 0.224 seconds
[2024-07-02T23:55:42.809+0000] {processor.py:161} INFO - Started process (PID=211) to work on /home/airflow/.local/lib/python3.12/site-packages/airflow/example_dags/example_branch_labels.py
[2024-07-02T23:55:42.810+0000] {processor.py:830} INFO - Processing file /home/airflow/.local/lib/python3.12/site-packages/airflow/example_dags/example_branch_labels.py for tasks to queue
[2024-07-02T23:55:42.812+0000] {logging_mixin.py:188} INFO - [2024-07-02T23:55:42.811+0000] {dagbag.py:545} INFO - Filling up the DagBag from /home/airflow/.local/lib/python3.12/site-packages/airflow/example_dags/example_branch_labels.py
[2024-07-02T23:55:42.820+0000] {processor.py:840} INFO - DAG(s) 'example_branch_labels' retrieved from /home/airflow/.local/lib/python3.12/site-packages/airflow/example_dags/example_branch_labels.py
[2024-07-02T23:55:42.843+0000] {logging_mixin.py:188} INFO - [2024-07-02T23:55:42.843+0000] {dag.py:3096} INFO - Sync 1 DAGs
[2024-07-02T23:55:42.868+0000] {logging_mixin.py:188} INFO - [2024-07-02T23:55:42.867+0000] {dag.py:3954} INFO - Setting next_dagrun for example_branch_labels to 2024-07-01 00:00:00+00:00, run_after=2024-07-02 00:00:00+00:00
[2024-07-02T23:55:42.888+0000] {processor.py:183} INFO - Processing /home/airflow/.local/lib/python3.12/site-packages/airflow/example_dags/example_branch_labels.py took 0.086 seconds
[2024-07-02T23:56:13.174+0000] {processor.py:161} INFO - Started process (PID=269) to work on /home/airflow/.local/lib/python3.12/site-packages/airflow/example_dags/example_branch_labels.py
[2024-07-02T23:56:13.175+0000] {processor.py:830} INFO - Processing file /home/airflow/.local/lib/python3.12/site-packages/airflow/example_dags/example_branch_labels.py for tasks to queue
[2024-07-02T23:56:13.177+0000] {logging_mixin.py:188} INFO - [2024-07-02T23:56:13.177+0000] {dagbag.py:545} INFO - Filling up the DagBag from /home/airflow/.local/lib/python3.12/site-packages/airflow/example_dags/example_branch_labels.py
[2024-07-02T23:56:13.186+0000] {processor.py:840} INFO - DAG(s) 'example_branch_labels' retrieved from /home/airflow/.local/lib/python3.12/site-packages/airflow/example_dags/example_branch_labels.py
[2024-07-02T23:56:13.208+0000] {logging_mixin.py:188} INFO - [2024-07-02T23:56:13.208+0000] {dag.py:3096} INFO - Sync 1 DAGs
[2024-07-02T23:56:13.229+0000] {logging_mixin.py:188} INFO - [2024-07-02T23:56:13.229+0000] {dag.py:3954} INFO - Setting next_dagrun for example_branch_labels to 2024-07-01 00:00:00+00:00, run_after=2024-07-02 00:00:00+00:00
[2024-07-02T23:56:13.245+0000] {processor.py:183} INFO - Processing /home/airflow/.local/lib/python3.12/site-packages/airflow/example_dags/example_branch_labels.py took 0.080 seconds
[2024-07-02T23:56:43.453+0000] {processor.py:161} INFO - Started process (PID=327) to work on /home/airflow/.local/lib/python3.12/site-packages/airflow/example_dags/example_branch_labels.py
[2024-07-02T23:56:43.454+0000] {processor.py:830} INFO - Processing file /home/airflow/.local/lib/python3.12/site-packages/airflow/example_dags/example_branch_labels.py for tasks to queue
[2024-07-02T23:56:43.456+0000] {logging_mixin.py:188} INFO - [2024-07-02T23:56:43.455+0000] {dagbag.py:545} INFO - Filling up the DagBag from /home/airflow/.local/lib/python3.12/site-packages/airflow/example_dags/example_branch_labels.py
[2024-07-02T23:56:43.463+0000] {processor.py:840} INFO - DAG(s) 'example_branch_labels' retrieved from /home/airflow/.local/lib/python3.12/site-packages/airflow/example_dags/example_branch_labels.py
[2024-07-02T23:56:43.488+0000] {logging_mixin.py:188} INFO - [2024-07-02T23:56:43.488+0000] {dag.py:3096} INFO - Sync 1 DAGs
[2024-07-02T23:56:43.512+0000] {logging_mixin.py:188} INFO - [2024-07-02T23:56:43.512+0000] {dag.py:3954} INFO - Setting next_dagrun for example_branch_labels to 2024-07-01 00:00:00+00:00, run_after=2024-07-02 00:00:00+00:00
[2024-07-02T23:56:43.529+0000] {processor.py:183} INFO - Processing /home/airflow/.local/lib/python3.12/site-packages/airflow/example_dags/example_branch_labels.py took 0.082 seconds
[2024-07-02T23:57:13.818+0000] {processor.py:161} INFO - Started process (PID=385) to work on /home/airflow/.local/lib/python3.12/site-packages/airflow/example_dags/example_branch_labels.py
[2024-07-02T23:57:13.819+0000] {processor.py:830} INFO - Processing file /home/airflow/.local/lib/python3.12/site-packages/airflow/example_dags/example_branch_labels.py for tasks to queue
[2024-07-02T23:57:13.821+0000] {logging_mixin.py:188} INFO - [2024-07-02T23:57:13.820+0000] {dagbag.py:545} INFO - Filling up the DagBag from /home/airflow/.local/lib/python3.12/site-packages/airflow/example_dags/example_branch_labels.py
[2024-07-02T23:57:13.828+0000] {processor.py:840} INFO - DAG(s) 'example_branch_labels' retrieved from /home/airflow/.local/lib/python3.12/site-packages/airflow/example_dags/example_branch_labels.py
[2024-07-02T23:57:13.850+0000] {logging_mixin.py:188} INFO - [2024-07-02T23:57:13.849+0000] {dag.py:3096} INFO - Sync 1 DAGs
[2024-07-02T23:57:13.873+0000] {logging_mixin.py:188} INFO - [2024-07-02T23:57:13.873+0000] {dag.py:3954} INFO - Setting next_dagrun for example_branch_labels to 2024-07-01 00:00:00+00:00, run_after=2024-07-02 00:00:00+00:00
[2024-07-02T23:57:13.891+0000] {processor.py:183} INFO - Processing /home/airflow/.local/lib/python3.12/site-packages/airflow/example_dags/example_branch_labels.py took 0.078 seconds
[2024-07-02T23:57:44.031+0000] {processor.py:161} INFO - Started process (PID=443) to work on /home/airflow/.local/lib/python3.12/site-packages/airflow/example_dags/example_branch_labels.py
[2024-07-02T23:57:44.033+0000] {processor.py:830} INFO - Processing file /home/airflow/.local/lib/python3.12/site-packages/airflow/example_dags/example_branch_labels.py for tasks to queue
[2024-07-02T23:57:44.035+0000] {logging_mixin.py:188} INFO - [2024-07-02T23:57:44.034+0000] {dagbag.py:545} INFO - Filling up the DagBag from /home/airflow/.local/lib/python3.12/site-packages/airflow/example_dags/example_branch_labels.py
[2024-07-02T23:57:44.043+0000] {processor.py:840} INFO - DAG(s) 'example_branch_labels' retrieved from /home/airflow/.local/lib/python3.12/site-packages/airflow/example_dags/example_branch_labels.py
[2024-07-02T23:57:44.067+0000] {logging_mixin.py:188} INFO - [2024-07-02T23:57:44.067+0000] {dag.py:3096} INFO - Sync 1 DAGs
[2024-07-02T23:57:44.105+0000] {logging_mixin.py:188} INFO - [2024-07-02T23:57:44.104+0000] {dag.py:3954} INFO - Setting next_dagrun for example_branch_labels to 2024-07-01 00:00:00+00:00, run_after=2024-07-02 00:00:00+00:00
[2024-07-02T23:57:44.125+0000] {processor.py:183} INFO - Processing /home/airflow/.local/lib/python3.12/site-packages/airflow/example_dags/example_branch_labels.py took 0.102 seconds
[2024-07-02T23:58:14.256+0000] {processor.py:161} INFO - Started process (PID=501) to work on /home/airflow/.local/lib/python3.12/site-packages/airflow/example_dags/example_branch_labels.py
[2024-07-02T23:58:14.257+0000] {processor.py:830} INFO - Processing file /home/airflow/.local/lib/python3.12/site-packages/airflow/example_dags/example_branch_labels.py for tasks to queue
[2024-07-02T23:58:14.258+0000] {logging_mixin.py:188} INFO - [2024-07-02T23:58:14.258+0000] {dagbag.py:545} INFO - Filling up the DagBag from /home/airflow/.local/lib/python3.12/site-packages/airflow/example_dags/example_branch_labels.py
[2024-07-02T23:58:14.266+0000] {processor.py:840} INFO - DAG(s) 'example_branch_labels' retrieved from /home/airflow/.local/lib/python3.12/site-packages/airflow/example_dags/example_branch_labels.py
[2024-07-02T23:58:14.291+0000] {logging_mixin.py:188} INFO - [2024-07-02T23:58:14.291+0000] {dag.py:3096} INFO - Sync 1 DAGs
[2024-07-02T23:58:14.317+0000] {logging_mixin.py:188} INFO - [2024-07-02T23:58:14.317+0000] {dag.py:3954} INFO - Setting next_dagrun for example_branch_labels to 2024-07-01 00:00:00+00:00, run_after=2024-07-02 00:00:00+00:00
[2024-07-02T23:58:14.335+0000] {processor.py:183} INFO - Processing /home/airflow/.local/lib/python3.12/site-packages/airflow/example_dags/example_branch_labels.py took 0.085 seconds
[2024-07-02T23:58:47.173+0000] {processor.py:161} INFO - Started process (PID=559) to work on /home/airflow/.local/lib/python3.12/site-packages/airflow/example_dags/example_branch_labels.py
[2024-07-02T23:58:47.175+0000] {processor.py:830} INFO - Processing file /home/airflow/.local/lib/python3.12/site-packages/airflow/example_dags/example_branch_labels.py for tasks to queue
[2024-07-02T23:58:47.176+0000] {logging_mixin.py:188} INFO - [2024-07-02T23:58:47.176+0000] {dagbag.py:545} INFO - Filling up the DagBag from /home/airflow/.local/lib/python3.12/site-packages/airflow/example_dags/example_branch_labels.py
[2024-07-02T23:58:47.186+0000] {processor.py:840} INFO - DAG(s) 'example_branch_labels' retrieved from /home/airflow/.local/lib/python3.12/site-packages/airflow/example_dags/example_branch_labels.py
[2024-07-02T23:58:47.215+0000] {logging_mixin.py:188} INFO - [2024-07-02T23:58:47.214+0000] {dag.py:3096} INFO - Sync 1 DAGs
[2024-07-02T23:58:47.279+0000] {logging_mixin.py:188} INFO - [2024-07-02T23:58:47.279+0000] {dag.py:3954} INFO - Setting next_dagrun for example_branch_labels to 2024-07-01 00:00:00+00:00, run_after=2024-07-02 00:00:00+00:00
[2024-07-02T23:58:47.378+0000] {processor.py:183} INFO - Processing /home/airflow/.local/lib/python3.12/site-packages/airflow/example_dags/example_branch_labels.py took 0.211 seconds
[2024-07-02T23:59:17.849+0000] {processor.py:161} INFO - Started process (PID=617) to work on /home/airflow/.local/lib/python3.12/site-packages/airflow/example_dags/example_branch_labels.py
[2024-07-02T23:59:17.864+0000] {processor.py:830} INFO - Processing file /home/airflow/.local/lib/python3.12/site-packages/airflow/example_dags/example_branch_labels.py for tasks to queue
[2024-07-02T23:59:17.866+0000] {logging_mixin.py:188} INFO - [2024-07-02T23:59:17.865+0000] {dagbag.py:545} INFO - Filling up the DagBag from /home/airflow/.local/lib/python3.12/site-packages/airflow/example_dags/example_branch_labels.py
[2024-07-02T23:59:17.874+0000] {processor.py:840} INFO - DAG(s) 'example_branch_labels' retrieved from /home/airflow/.local/lib/python3.12/site-packages/airflow/example_dags/example_branch_labels.py
[2024-07-02T23:59:17.906+0000] {logging_mixin.py:188} INFO - [2024-07-02T23:59:17.906+0000] {dag.py:3096} INFO - Sync 1 DAGs
[2024-07-02T23:59:17.935+0000] {logging_mixin.py:188} INFO - [2024-07-02T23:59:17.935+0000] {dag.py:3954} INFO - Setting next_dagrun for example_branch_labels to 2024-07-01 00:00:00+00:00, run_after=2024-07-02 00:00:00+00:00
[2024-07-02T23:59:17.951+0000] {processor.py:183} INFO - Processing /home/airflow/.local/lib/python3.12/site-packages/airflow/example_dags/example_branch_labels.py took 0.107 seconds
[2024-07-02T23:59:48.096+0000] {processor.py:161} INFO - Started process (PID=675) to work on /home/airflow/.local/lib/python3.12/site-packages/airflow/example_dags/example_branch_labels.py
[2024-07-02T23:59:48.097+0000] {processor.py:830} INFO - Processing file /home/airflow/.local/lib/python3.12/site-packages/airflow/example_dags/example_branch_labels.py for tasks to queue
[2024-07-02T23:59:48.098+0000] {logging_mixin.py:188} INFO - [2024-07-02T23:59:48.098+0000] {dagbag.py:545} INFO - Filling up the DagBag from /home/airflow/.local/lib/python3.12/site-packages/airflow/example_dags/example_branch_labels.py
[2024-07-02T23:59:48.106+0000] {processor.py:840} INFO - DAG(s) 'example_branch_labels' retrieved from /home/airflow/.local/lib/python3.12/site-packages/airflow/example_dags/example_branch_labels.py
[2024-07-02T23:59:48.128+0000] {logging_mixin.py:188} INFO - [2024-07-02T23:59:48.128+0000] {dag.py:3096} INFO - Sync 1 DAGs
[2024-07-02T23:59:48.155+0000] {logging_mixin.py:188} INFO - [2024-07-02T23:59:48.155+0000] {dag.py:3954} INFO - Setting next_dagrun for example_branch_labels to 2024-07-01 00:00:00+00:00, run_after=2024-07-02 00:00:00+00:00
[2024-07-02T23:59:48.174+0000] {processor.py:183} INFO - Processing /home/airflow/.local/lib/python3.12/site-packages/airflow/example_dags/example_branch_labels.py took 0.084 seconds
