[2024-07-02T23:55:16.093+0000] {processor.py:161} INFO - Started process (PID=174) to work on /home/airflow/.local/lib/python3.12/site-packages/airflow/example_dags/example_sensor_decorator.py
[2024-07-02T23:55:16.094+0000] {processor.py:830} INFO - Processing file /home/airflow/.local/lib/python3.12/site-packages/airflow/example_dags/example_sensor_decorator.py for tasks to queue
[2024-07-02T23:55:16.096+0000] {logging_mixin.py:188} INFO - [2024-07-02T23:55:16.095+0000] {dagbag.py:545} INFO - Filling up the DagBag from /home/airflow/.local/lib/python3.12/site-packages/airflow/example_dags/example_sensor_decorator.py
[2024-07-02T23:55:16.105+0000] {processor.py:840} INFO - DAG(s) 'example_sensor_decorator' retrieved from /home/airflow/.local/lib/python3.12/site-packages/airflow/example_dags/example_sensor_decorator.py
[2024-07-02T23:55:16.277+0000] {logging_mixin.py:188} INFO - [2024-07-02T23:55:16.277+0000] {override.py:1829} INFO - Created Permission View: can read on DAG:example_sensor_decorator
[2024-07-02T23:55:16.289+0000] {logging_mixin.py:188} INFO - [2024-07-02T23:55:16.289+0000] {override.py:1829} INFO - Created Permission View: can delete on DAG:example_sensor_decorator
[2024-07-02T23:55:16.297+0000] {logging_mixin.py:188} INFO - [2024-07-02T23:55:16.297+0000] {override.py:1829} INFO - Created Permission View: can edit on DAG:example_sensor_decorator
[2024-07-02T23:55:16.298+0000] {logging_mixin.py:188} INFO - [2024-07-02T23:55:16.297+0000] {dag.py:3096} INFO - Sync 1 DAGs
[2024-07-02T23:55:16.312+0000] {logging_mixin.py:188} INFO - [2024-07-02T23:55:16.312+0000] {dag.py:3118} INFO - Creating ORM DAG for example_sensor_decorator
[2024-07-02T23:55:16.313+0000] {logging_mixin.py:188} INFO - [2024-07-02T23:55:16.313+0000] {dag.py:3954} INFO - Setting next_dagrun for example_sensor_decorator to None, run_after=None
[2024-07-02T23:55:16.328+0000] {processor.py:183} INFO - Processing /home/airflow/.local/lib/python3.12/site-packages/airflow/example_dags/example_sensor_decorator.py took 0.242 seconds
[2024-07-02T23:55:46.469+0000] {processor.py:161} INFO - Started process (PID=232) to work on /home/airflow/.local/lib/python3.12/site-packages/airflow/example_dags/example_sensor_decorator.py
[2024-07-02T23:55:46.470+0000] {processor.py:830} INFO - Processing file /home/airflow/.local/lib/python3.12/site-packages/airflow/example_dags/example_sensor_decorator.py for tasks to queue
[2024-07-02T23:55:46.472+0000] {logging_mixin.py:188} INFO - [2024-07-02T23:55:46.471+0000] {dagbag.py:545} INFO - Filling up the DagBag from /home/airflow/.local/lib/python3.12/site-packages/airflow/example_dags/example_sensor_decorator.py
[2024-07-02T23:55:46.479+0000] {processor.py:840} INFO - DAG(s) 'example_sensor_decorator' retrieved from /home/airflow/.local/lib/python3.12/site-packages/airflow/example_dags/example_sensor_decorator.py
[2024-07-02T23:55:46.500+0000] {logging_mixin.py:188} INFO - [2024-07-02T23:55:46.500+0000] {dag.py:3096} INFO - Sync 1 DAGs
[2024-07-02T23:55:46.515+0000] {logging_mixin.py:188} INFO - [2024-07-02T23:55:46.514+0000] {dag.py:3954} INFO - Setting next_dagrun for example_sensor_decorator to None, run_after=None
[2024-07-02T23:55:46.535+0000] {processor.py:183} INFO - Processing /home/airflow/.local/lib/python3.12/site-packages/airflow/example_dags/example_sensor_decorator.py took 0.086 seconds
[2024-07-02T23:56:16.722+0000] {processor.py:161} INFO - Started process (PID=290) to work on /home/airflow/.local/lib/python3.12/site-packages/airflow/example_dags/example_sensor_decorator.py
[2024-07-02T23:56:16.724+0000] {processor.py:830} INFO - Processing file /home/airflow/.local/lib/python3.12/site-packages/airflow/example_dags/example_sensor_decorator.py for tasks to queue
[2024-07-02T23:56:16.725+0000] {logging_mixin.py:188} INFO - [2024-07-02T23:56:16.725+0000] {dagbag.py:545} INFO - Filling up the DagBag from /home/airflow/.local/lib/python3.12/site-packages/airflow/example_dags/example_sensor_decorator.py
[2024-07-02T23:56:16.731+0000] {processor.py:840} INFO - DAG(s) 'example_sensor_decorator' retrieved from /home/airflow/.local/lib/python3.12/site-packages/airflow/example_dags/example_sensor_decorator.py
[2024-07-02T23:56:16.751+0000] {logging_mixin.py:188} INFO - [2024-07-02T23:56:16.750+0000] {dag.py:3096} INFO - Sync 1 DAGs
[2024-07-02T23:56:16.763+0000] {logging_mixin.py:188} INFO - [2024-07-02T23:56:16.763+0000] {dag.py:3954} INFO - Setting next_dagrun for example_sensor_decorator to None, run_after=None
[2024-07-02T23:56:16.783+0000] {processor.py:183} INFO - Processing /home/airflow/.local/lib/python3.12/site-packages/airflow/example_dags/example_sensor_decorator.py took 0.066 seconds
[2024-07-02T23:56:46.989+0000] {processor.py:161} INFO - Started process (PID=348) to work on /home/airflow/.local/lib/python3.12/site-packages/airflow/example_dags/example_sensor_decorator.py
[2024-07-02T23:56:46.990+0000] {processor.py:830} INFO - Processing file /home/airflow/.local/lib/python3.12/site-packages/airflow/example_dags/example_sensor_decorator.py for tasks to queue
[2024-07-02T23:56:46.993+0000] {logging_mixin.py:188} INFO - [2024-07-02T23:56:46.992+0000] {dagbag.py:545} INFO - Filling up the DagBag from /home/airflow/.local/lib/python3.12/site-packages/airflow/example_dags/example_sensor_decorator.py
[2024-07-02T23:56:47.000+0000] {processor.py:840} INFO - DAG(s) 'example_sensor_decorator' retrieved from /home/airflow/.local/lib/python3.12/site-packages/airflow/example_dags/example_sensor_decorator.py
[2024-07-02T23:56:47.023+0000] {logging_mixin.py:188} INFO - [2024-07-02T23:56:47.023+0000] {dag.py:3096} INFO - Sync 1 DAGs
[2024-07-02T23:56:47.037+0000] {logging_mixin.py:188} INFO - [2024-07-02T23:56:47.037+0000] {dag.py:3954} INFO - Setting next_dagrun for example_sensor_decorator to None, run_after=None
[2024-07-02T23:56:47.056+0000] {processor.py:183} INFO - Processing /home/airflow/.local/lib/python3.12/site-packages/airflow/example_dags/example_sensor_decorator.py took 0.074 seconds
[2024-07-02T23:57:17.432+0000] {processor.py:161} INFO - Started process (PID=406) to work on /home/airflow/.local/lib/python3.12/site-packages/airflow/example_dags/example_sensor_decorator.py
[2024-07-02T23:57:17.434+0000] {processor.py:830} INFO - Processing file /home/airflow/.local/lib/python3.12/site-packages/airflow/example_dags/example_sensor_decorator.py for tasks to queue
[2024-07-02T23:57:17.436+0000] {logging_mixin.py:188} INFO - [2024-07-02T23:57:17.435+0000] {dagbag.py:545} INFO - Filling up the DagBag from /home/airflow/.local/lib/python3.12/site-packages/airflow/example_dags/example_sensor_decorator.py
[2024-07-02T23:57:17.444+0000] {processor.py:840} INFO - DAG(s) 'example_sensor_decorator' retrieved from /home/airflow/.local/lib/python3.12/site-packages/airflow/example_dags/example_sensor_decorator.py
[2024-07-02T23:57:17.481+0000] {logging_mixin.py:188} INFO - [2024-07-02T23:57:17.481+0000] {dag.py:3096} INFO - Sync 1 DAGs
[2024-07-02T23:57:17.499+0000] {logging_mixin.py:188} INFO - [2024-07-02T23:57:17.499+0000] {dag.py:3954} INFO - Setting next_dagrun for example_sensor_decorator to None, run_after=None
[2024-07-02T23:57:17.524+0000] {processor.py:183} INFO - Processing /home/airflow/.local/lib/python3.12/site-packages/airflow/example_dags/example_sensor_decorator.py took 0.098 seconds
[2024-07-02T23:57:47.649+0000] {processor.py:161} INFO - Started process (PID=464) to work on /home/airflow/.local/lib/python3.12/site-packages/airflow/example_dags/example_sensor_decorator.py
[2024-07-02T23:57:47.650+0000] {processor.py:830} INFO - Processing file /home/airflow/.local/lib/python3.12/site-packages/airflow/example_dags/example_sensor_decorator.py for tasks to queue
[2024-07-02T23:57:47.651+0000] {logging_mixin.py:188} INFO - [2024-07-02T23:57:47.651+0000] {dagbag.py:545} INFO - Filling up the DagBag from /home/airflow/.local/lib/python3.12/site-packages/airflow/example_dags/example_sensor_decorator.py
[2024-07-02T23:57:47.658+0000] {processor.py:840} INFO - DAG(s) 'example_sensor_decorator' retrieved from /home/airflow/.local/lib/python3.12/site-packages/airflow/example_dags/example_sensor_decorator.py
[2024-07-02T23:57:47.679+0000] {logging_mixin.py:188} INFO - [2024-07-02T23:57:47.678+0000] {dag.py:3096} INFO - Sync 1 DAGs
[2024-07-02T23:57:47.691+0000] {logging_mixin.py:188} INFO - [2024-07-02T23:57:47.691+0000] {dag.py:3954} INFO - Setting next_dagrun for example_sensor_decorator to None, run_after=None
[2024-07-02T23:57:47.708+0000] {processor.py:183} INFO - Processing /home/airflow/.local/lib/python3.12/site-packages/airflow/example_dags/example_sensor_decorator.py took 0.066 seconds
[2024-07-02T23:58:18.002+0000] {processor.py:161} INFO - Started process (PID=522) to work on /home/airflow/.local/lib/python3.12/site-packages/airflow/example_dags/example_sensor_decorator.py
[2024-07-02T23:58:18.003+0000] {processor.py:830} INFO - Processing file /home/airflow/.local/lib/python3.12/site-packages/airflow/example_dags/example_sensor_decorator.py for tasks to queue
[2024-07-02T23:58:18.005+0000] {logging_mixin.py:188} INFO - [2024-07-02T23:58:18.005+0000] {dagbag.py:545} INFO - Filling up the DagBag from /home/airflow/.local/lib/python3.12/site-packages/airflow/example_dags/example_sensor_decorator.py
[2024-07-02T23:58:18.013+0000] {processor.py:840} INFO - DAG(s) 'example_sensor_decorator' retrieved from /home/airflow/.local/lib/python3.12/site-packages/airflow/example_dags/example_sensor_decorator.py
[2024-07-02T23:58:18.035+0000] {logging_mixin.py:188} INFO - [2024-07-02T23:58:18.034+0000] {dag.py:3096} INFO - Sync 1 DAGs
[2024-07-02T23:58:18.049+0000] {logging_mixin.py:188} INFO - [2024-07-02T23:58:18.049+0000] {dag.py:3954} INFO - Setting next_dagrun for example_sensor_decorator to None, run_after=None
[2024-07-02T23:58:18.071+0000] {processor.py:183} INFO - Processing /home/airflow/.local/lib/python3.12/site-packages/airflow/example_dags/example_sensor_decorator.py took 0.075 seconds
[2024-07-02T23:58:55.423+0000] {processor.py:161} INFO - Started process (PID=586) to work on /home/airflow/.local/lib/python3.12/site-packages/airflow/example_dags/example_sensor_decorator.py
[2024-07-02T23:58:55.424+0000] {processor.py:830} INFO - Processing file /home/airflow/.local/lib/python3.12/site-packages/airflow/example_dags/example_sensor_decorator.py for tasks to queue
[2024-07-02T23:58:55.426+0000] {logging_mixin.py:188} INFO - [2024-07-02T23:58:55.426+0000] {dagbag.py:545} INFO - Filling up the DagBag from /home/airflow/.local/lib/python3.12/site-packages/airflow/example_dags/example_sensor_decorator.py
[2024-07-02T23:58:55.434+0000] {processor.py:840} INFO - DAG(s) 'example_sensor_decorator' retrieved from /home/airflow/.local/lib/python3.12/site-packages/airflow/example_dags/example_sensor_decorator.py
[2024-07-02T23:58:55.454+0000] {logging_mixin.py:188} INFO - [2024-07-02T23:58:55.454+0000] {dag.py:3096} INFO - Sync 1 DAGs
[2024-07-02T23:58:55.467+0000] {logging_mixin.py:188} INFO - [2024-07-02T23:58:55.467+0000] {dag.py:3954} INFO - Setting next_dagrun for example_sensor_decorator to None, run_after=None
[2024-07-02T23:58:55.492+0000] {processor.py:183} INFO - Processing /home/airflow/.local/lib/python3.12/site-packages/airflow/example_dags/example_sensor_decorator.py took 0.076 seconds
[2024-07-02T23:59:25.846+0000] {processor.py:161} INFO - Started process (PID=644) to work on /home/airflow/.local/lib/python3.12/site-packages/airflow/example_dags/example_sensor_decorator.py
[2024-07-02T23:59:25.847+0000] {processor.py:830} INFO - Processing file /home/airflow/.local/lib/python3.12/site-packages/airflow/example_dags/example_sensor_decorator.py for tasks to queue
[2024-07-02T23:59:25.849+0000] {logging_mixin.py:188} INFO - [2024-07-02T23:59:25.849+0000] {dagbag.py:545} INFO - Filling up the DagBag from /home/airflow/.local/lib/python3.12/site-packages/airflow/example_dags/example_sensor_decorator.py
[2024-07-02T23:59:25.855+0000] {processor.py:840} INFO - DAG(s) 'example_sensor_decorator' retrieved from /home/airflow/.local/lib/python3.12/site-packages/airflow/example_dags/example_sensor_decorator.py
[2024-07-02T23:59:25.886+0000] {logging_mixin.py:188} INFO - [2024-07-02T23:59:25.886+0000] {dag.py:3096} INFO - Sync 1 DAGs
[2024-07-02T23:59:25.902+0000] {logging_mixin.py:188} INFO - [2024-07-02T23:59:25.902+0000] {dag.py:3954} INFO - Setting next_dagrun for example_sensor_decorator to None, run_after=None
[2024-07-02T23:59:25.923+0000] {processor.py:183} INFO - Processing /home/airflow/.local/lib/python3.12/site-packages/airflow/example_dags/example_sensor_decorator.py took 0.084 seconds
[2024-07-02T23:59:56.941+0000] {processor.py:161} INFO - Started process (PID=702) to work on /home/airflow/.local/lib/python3.12/site-packages/airflow/example_dags/example_sensor_decorator.py
[2024-07-02T23:59:56.942+0000] {processor.py:830} INFO - Processing file /home/airflow/.local/lib/python3.12/site-packages/airflow/example_dags/example_sensor_decorator.py for tasks to queue
[2024-07-02T23:59:56.944+0000] {logging_mixin.py:188} INFO - [2024-07-02T23:59:56.943+0000] {dagbag.py:545} INFO - Filling up the DagBag from /home/airflow/.local/lib/python3.12/site-packages/airflow/example_dags/example_sensor_decorator.py
[2024-07-02T23:59:56.950+0000] {processor.py:840} INFO - DAG(s) 'example_sensor_decorator' retrieved from /home/airflow/.local/lib/python3.12/site-packages/airflow/example_dags/example_sensor_decorator.py
[2024-07-02T23:59:56.972+0000] {logging_mixin.py:188} INFO - [2024-07-02T23:59:56.971+0000] {dag.py:3096} INFO - Sync 1 DAGs
[2024-07-02T23:59:56.985+0000] {logging_mixin.py:188} INFO - [2024-07-02T23:59:56.985+0000] {dag.py:3954} INFO - Setting next_dagrun for example_sensor_decorator to None, run_after=None
[2024-07-02T23:59:57.007+0000] {processor.py:183} INFO - Processing /home/airflow/.local/lib/python3.12/site-packages/airflow/example_dags/example_sensor_decorator.py took 0.073 seconds
