[2024-07-02T23:55:17.623+0000] {processor.py:161} INFO - Started process (PID=183) to work on /home/airflow/.local/lib/python3.12/site-packages/airflow/example_dags/example_task_group.py
[2024-07-02T23:55:17.625+0000] {processor.py:830} INFO - Processing file /home/airflow/.local/lib/python3.12/site-packages/airflow/example_dags/example_task_group.py for tasks to queue
[2024-07-02T23:55:17.629+0000] {logging_mixin.py:188} INFO - [2024-07-02T23:55:17.628+0000] {dagbag.py:545} INFO - Filling up the DagBag from /home/airflow/.local/lib/python3.12/site-packages/airflow/example_dags/example_task_group.py
[2024-07-02T23:55:17.642+0000] {processor.py:840} INFO - DAG(s) 'example_task_group' retrieved from /home/airflow/.local/lib/python3.12/site-packages/airflow/example_dags/example_task_group.py
[2024-07-02T23:55:17.832+0000] {logging_mixin.py:188} INFO - [2024-07-02T23:55:17.832+0000] {override.py:1829} INFO - Created Permission View: can read on DAG:example_task_group
[2024-07-02T23:55:17.840+0000] {logging_mixin.py:188} INFO - [2024-07-02T23:55:17.840+0000] {override.py:1829} INFO - Created Permission View: can delete on DAG:example_task_group
[2024-07-02T23:55:17.845+0000] {logging_mixin.py:188} INFO - [2024-07-02T23:55:17.845+0000] {override.py:1829} INFO - Created Permission View: can edit on DAG:example_task_group
[2024-07-02T23:55:17.845+0000] {logging_mixin.py:188} INFO - [2024-07-02T23:55:17.845+0000] {dag.py:3096} INFO - Sync 1 DAGs
[2024-07-02T23:55:17.858+0000] {logging_mixin.py:188} INFO - [2024-07-02T23:55:17.858+0000] {dag.py:3118} INFO - Creating ORM DAG for example_task_group
[2024-07-02T23:55:17.874+0000] {logging_mixin.py:188} INFO - [2024-07-02T23:55:17.874+0000] {dag.py:3954} INFO - Setting next_dagrun for example_task_group to 2024-07-01 00:00:00+00:00, run_after=2024-07-02 00:00:00+00:00
[2024-07-02T23:55:17.903+0000] {processor.py:183} INFO - Processing /home/airflow/.local/lib/python3.12/site-packages/airflow/example_dags/example_task_group.py took 0.286 seconds
[2024-07-02T23:55:48.002+0000] {processor.py:161} INFO - Started process (PID=241) to work on /home/airflow/.local/lib/python3.12/site-packages/airflow/example_dags/example_task_group.py
[2024-07-02T23:55:48.003+0000] {processor.py:830} INFO - Processing file /home/airflow/.local/lib/python3.12/site-packages/airflow/example_dags/example_task_group.py for tasks to queue
[2024-07-02T23:55:48.005+0000] {logging_mixin.py:188} INFO - [2024-07-02T23:55:48.005+0000] {dagbag.py:545} INFO - Filling up the DagBag from /home/airflow/.local/lib/python3.12/site-packages/airflow/example_dags/example_task_group.py
[2024-07-02T23:55:48.013+0000] {processor.py:840} INFO - DAG(s) 'example_task_group' retrieved from /home/airflow/.local/lib/python3.12/site-packages/airflow/example_dags/example_task_group.py
[2024-07-02T23:55:48.036+0000] {logging_mixin.py:188} INFO - [2024-07-02T23:55:48.036+0000] {dag.py:3096} INFO - Sync 1 DAGs
[2024-07-02T23:55:48.058+0000] {logging_mixin.py:188} INFO - [2024-07-02T23:55:48.058+0000] {dag.py:3954} INFO - Setting next_dagrun for example_task_group to 2024-07-01 00:00:00+00:00, run_after=2024-07-02 00:00:00+00:00
[2024-07-02T23:55:48.075+0000] {processor.py:183} INFO - Processing /home/airflow/.local/lib/python3.12/site-packages/airflow/example_dags/example_task_group.py took 0.079 seconds
[2024-07-02T23:56:18.186+0000] {processor.py:161} INFO - Started process (PID=299) to work on /home/airflow/.local/lib/python3.12/site-packages/airflow/example_dags/example_task_group.py
[2024-07-02T23:56:18.187+0000] {processor.py:830} INFO - Processing file /home/airflow/.local/lib/python3.12/site-packages/airflow/example_dags/example_task_group.py for tasks to queue
[2024-07-02T23:56:18.189+0000] {logging_mixin.py:188} INFO - [2024-07-02T23:56:18.189+0000] {dagbag.py:545} INFO - Filling up the DagBag from /home/airflow/.local/lib/python3.12/site-packages/airflow/example_dags/example_task_group.py
[2024-07-02T23:56:18.197+0000] {processor.py:840} INFO - DAG(s) 'example_task_group' retrieved from /home/airflow/.local/lib/python3.12/site-packages/airflow/example_dags/example_task_group.py
[2024-07-02T23:56:18.220+0000] {logging_mixin.py:188} INFO - [2024-07-02T23:56:18.220+0000] {dag.py:3096} INFO - Sync 1 DAGs
[2024-07-02T23:56:18.246+0000] {logging_mixin.py:188} INFO - [2024-07-02T23:56:18.246+0000] {dag.py:3954} INFO - Setting next_dagrun for example_task_group to 2024-07-01 00:00:00+00:00, run_after=2024-07-02 00:00:00+00:00
[2024-07-02T23:56:18.265+0000] {processor.py:183} INFO - Processing /home/airflow/.local/lib/python3.12/site-packages/airflow/example_dags/example_task_group.py took 0.085 seconds
[2024-07-02T23:56:48.682+0000] {processor.py:161} INFO - Started process (PID=357) to work on /home/airflow/.local/lib/python3.12/site-packages/airflow/example_dags/example_task_group.py
[2024-07-02T23:56:48.683+0000] {processor.py:830} INFO - Processing file /home/airflow/.local/lib/python3.12/site-packages/airflow/example_dags/example_task_group.py for tasks to queue
[2024-07-02T23:56:48.685+0000] {logging_mixin.py:188} INFO - [2024-07-02T23:56:48.685+0000] {dagbag.py:545} INFO - Filling up the DagBag from /home/airflow/.local/lib/python3.12/site-packages/airflow/example_dags/example_task_group.py
[2024-07-02T23:56:48.694+0000] {processor.py:840} INFO - DAG(s) 'example_task_group' retrieved from /home/airflow/.local/lib/python3.12/site-packages/airflow/example_dags/example_task_group.py
[2024-07-02T23:56:48.720+0000] {logging_mixin.py:188} INFO - [2024-07-02T23:56:48.719+0000] {dag.py:3096} INFO - Sync 1 DAGs
[2024-07-02T23:56:48.746+0000] {logging_mixin.py:188} INFO - [2024-07-02T23:56:48.746+0000] {dag.py:3954} INFO - Setting next_dagrun for example_task_group to 2024-07-01 00:00:00+00:00, run_after=2024-07-02 00:00:00+00:00
[2024-07-02T23:56:48.765+0000] {processor.py:183} INFO - Processing /home/airflow/.local/lib/python3.12/site-packages/airflow/example_dags/example_task_group.py took 0.090 seconds
[2024-07-02T23:57:19.185+0000] {processor.py:161} INFO - Started process (PID=415) to work on /home/airflow/.local/lib/python3.12/site-packages/airflow/example_dags/example_task_group.py
[2024-07-02T23:57:19.188+0000] {processor.py:830} INFO - Processing file /home/airflow/.local/lib/python3.12/site-packages/airflow/example_dags/example_task_group.py for tasks to queue
[2024-07-02T23:57:19.190+0000] {logging_mixin.py:188} INFO - [2024-07-02T23:57:19.190+0000] {dagbag.py:545} INFO - Filling up the DagBag from /home/airflow/.local/lib/python3.12/site-packages/airflow/example_dags/example_task_group.py
[2024-07-02T23:57:19.199+0000] {processor.py:840} INFO - DAG(s) 'example_task_group' retrieved from /home/airflow/.local/lib/python3.12/site-packages/airflow/example_dags/example_task_group.py
[2024-07-02T23:57:19.223+0000] {logging_mixin.py:188} INFO - [2024-07-02T23:57:19.222+0000] {dag.py:3096} INFO - Sync 1 DAGs
[2024-07-02T23:57:19.265+0000] {logging_mixin.py:188} INFO - [2024-07-02T23:57:19.265+0000] {dag.py:3954} INFO - Setting next_dagrun for example_task_group to 2024-07-01 00:00:00+00:00, run_after=2024-07-02 00:00:00+00:00
[2024-07-02T23:57:19.286+0000] {processor.py:183} INFO - Processing /home/airflow/.local/lib/python3.12/site-packages/airflow/example_dags/example_task_group.py took 0.107 seconds
[2024-07-02T23:57:49.406+0000] {processor.py:161} INFO - Started process (PID=473) to work on /home/airflow/.local/lib/python3.12/site-packages/airflow/example_dags/example_task_group.py
[2024-07-02T23:57:49.407+0000] {processor.py:830} INFO - Processing file /home/airflow/.local/lib/python3.12/site-packages/airflow/example_dags/example_task_group.py for tasks to queue
[2024-07-02T23:57:49.409+0000] {logging_mixin.py:188} INFO - [2024-07-02T23:57:49.409+0000] {dagbag.py:545} INFO - Filling up the DagBag from /home/airflow/.local/lib/python3.12/site-packages/airflow/example_dags/example_task_group.py
[2024-07-02T23:57:49.417+0000] {processor.py:840} INFO - DAG(s) 'example_task_group' retrieved from /home/airflow/.local/lib/python3.12/site-packages/airflow/example_dags/example_task_group.py
[2024-07-02T23:57:49.439+0000] {logging_mixin.py:188} INFO - [2024-07-02T23:57:49.439+0000] {dag.py:3096} INFO - Sync 1 DAGs
[2024-07-02T23:57:49.460+0000] {logging_mixin.py:188} INFO - [2024-07-02T23:57:49.460+0000] {dag.py:3954} INFO - Setting next_dagrun for example_task_group to 2024-07-01 00:00:00+00:00, run_after=2024-07-02 00:00:00+00:00
[2024-07-02T23:57:49.478+0000] {processor.py:183} INFO - Processing /home/airflow/.local/lib/python3.12/site-packages/airflow/example_dags/example_task_group.py took 0.077 seconds
[2024-07-02T23:58:19.590+0000] {processor.py:161} INFO - Started process (PID=531) to work on /home/airflow/.local/lib/python3.12/site-packages/airflow/example_dags/example_task_group.py
[2024-07-02T23:58:19.591+0000] {processor.py:830} INFO - Processing file /home/airflow/.local/lib/python3.12/site-packages/airflow/example_dags/example_task_group.py for tasks to queue
[2024-07-02T23:58:19.593+0000] {logging_mixin.py:188} INFO - [2024-07-02T23:58:19.592+0000] {dagbag.py:545} INFO - Filling up the DagBag from /home/airflow/.local/lib/python3.12/site-packages/airflow/example_dags/example_task_group.py
[2024-07-02T23:58:19.600+0000] {processor.py:840} INFO - DAG(s) 'example_task_group' retrieved from /home/airflow/.local/lib/python3.12/site-packages/airflow/example_dags/example_task_group.py
[2024-07-02T23:58:19.624+0000] {logging_mixin.py:188} INFO - [2024-07-02T23:58:19.624+0000] {dag.py:3096} INFO - Sync 1 DAGs
[2024-07-02T23:58:19.647+0000] {logging_mixin.py:188} INFO - [2024-07-02T23:58:19.647+0000] {dag.py:3954} INFO - Setting next_dagrun for example_task_group to 2024-07-01 00:00:00+00:00, run_after=2024-07-02 00:00:00+00:00
[2024-07-02T23:58:19.665+0000] {processor.py:183} INFO - Processing /home/airflow/.local/lib/python3.12/site-packages/airflow/example_dags/example_task_group.py took 0.082 seconds
[2024-07-02T23:58:56.044+0000] {processor.py:161} INFO - Started process (PID=595) to work on /home/airflow/.local/lib/python3.12/site-packages/airflow/example_dags/example_task_group.py
[2024-07-02T23:58:56.045+0000] {processor.py:830} INFO - Processing file /home/airflow/.local/lib/python3.12/site-packages/airflow/example_dags/example_task_group.py for tasks to queue
[2024-07-02T23:58:56.047+0000] {logging_mixin.py:188} INFO - [2024-07-02T23:58:56.047+0000] {dagbag.py:545} INFO - Filling up the DagBag from /home/airflow/.local/lib/python3.12/site-packages/airflow/example_dags/example_task_group.py
[2024-07-02T23:58:56.056+0000] {processor.py:840} INFO - DAG(s) 'example_task_group' retrieved from /home/airflow/.local/lib/python3.12/site-packages/airflow/example_dags/example_task_group.py
[2024-07-02T23:58:56.089+0000] {logging_mixin.py:188} INFO - [2024-07-02T23:58:56.089+0000] {dag.py:3096} INFO - Sync 1 DAGs
[2024-07-02T23:58:56.121+0000] {logging_mixin.py:188} INFO - [2024-07-02T23:58:56.121+0000] {dag.py:3954} INFO - Setting next_dagrun for example_task_group to 2024-07-01 00:00:00+00:00, run_after=2024-07-02 00:00:00+00:00
[2024-07-02T23:58:56.140+0000] {processor.py:183} INFO - Processing /home/airflow/.local/lib/python3.12/site-packages/airflow/example_dags/example_task_group.py took 0.103 seconds
[2024-07-02T23:59:26.493+0000] {processor.py:161} INFO - Started process (PID=653) to work on /home/airflow/.local/lib/python3.12/site-packages/airflow/example_dags/example_task_group.py
[2024-07-02T23:59:26.494+0000] {processor.py:830} INFO - Processing file /home/airflow/.local/lib/python3.12/site-packages/airflow/example_dags/example_task_group.py for tasks to queue
[2024-07-02T23:59:26.496+0000] {logging_mixin.py:188} INFO - [2024-07-02T23:59:26.495+0000] {dagbag.py:545} INFO - Filling up the DagBag from /home/airflow/.local/lib/python3.12/site-packages/airflow/example_dags/example_task_group.py
[2024-07-02T23:59:26.503+0000] {processor.py:840} INFO - DAG(s) 'example_task_group' retrieved from /home/airflow/.local/lib/python3.12/site-packages/airflow/example_dags/example_task_group.py
[2024-07-02T23:59:26.527+0000] {logging_mixin.py:188} INFO - [2024-07-02T23:59:26.527+0000] {dag.py:3096} INFO - Sync 1 DAGs
[2024-07-02T23:59:26.696+0000] {logging_mixin.py:188} INFO - [2024-07-02T23:59:26.696+0000] {dag.py:3954} INFO - Setting next_dagrun for example_task_group to 2024-07-01 00:00:00+00:00, run_after=2024-07-02 00:00:00+00:00
[2024-07-02T23:59:26.805+0000] {processor.py:183} INFO - Processing /home/airflow/.local/lib/python3.12/site-packages/airflow/example_dags/example_task_group.py took 0.318 seconds
[2024-07-02T23:59:57.808+0000] {processor.py:161} INFO - Started process (PID=711) to work on /home/airflow/.local/lib/python3.12/site-packages/airflow/example_dags/example_task_group.py
[2024-07-02T23:59:57.864+0000] {processor.py:830} INFO - Processing file /home/airflow/.local/lib/python3.12/site-packages/airflow/example_dags/example_task_group.py for tasks to queue
[2024-07-02T23:59:57.867+0000] {logging_mixin.py:188} INFO - [2024-07-02T23:59:57.866+0000] {dagbag.py:545} INFO - Filling up the DagBag from /home/airflow/.local/lib/python3.12/site-packages/airflow/example_dags/example_task_group.py
[2024-07-02T23:59:57.877+0000] {processor.py:840} INFO - DAG(s) 'example_task_group' retrieved from /home/airflow/.local/lib/python3.12/site-packages/airflow/example_dags/example_task_group.py
[2024-07-02T23:59:57.970+0000] {logging_mixin.py:188} INFO - [2024-07-02T23:59:57.969+0000] {dag.py:3096} INFO - Sync 1 DAGs
[2024-07-02T23:59:58.002+0000] {logging_mixin.py:188} INFO - [2024-07-02T23:59:58.001+0000] {dag.py:3954} INFO - Setting next_dagrun for example_task_group to 2024-07-01 00:00:00+00:00, run_after=2024-07-02 00:00:00+00:00
[2024-07-02T23:59:58.087+0000] {processor.py:183} INFO - Processing /home/airflow/.local/lib/python3.12/site-packages/airflow/example_dags/example_task_group.py took 0.287 seconds
