[2024-07-02T23:55:13.805+0000] {processor.py:161} INFO - Started process (PID=160) to work on /home/airflow/.local/lib/python3.12/site-packages/airflow/example_dags/example_display_name.py
[2024-07-02T23:55:13.805+0000] {processor.py:830} INFO - Processing file /home/airflow/.local/lib/python3.12/site-packages/airflow/example_dags/example_display_name.py for tasks to queue
[2024-07-02T23:55:13.807+0000] {logging_mixin.py:188} INFO - [2024-07-02T23:55:13.807+0000] {dagbag.py:545} INFO - Filling up the DagBag from /home/airflow/.local/lib/python3.12/site-packages/airflow/example_dags/example_display_name.py
[2024-07-02T23:55:13.816+0000] {processor.py:840} INFO - DAG(s) 'example_display_name' retrieved from /home/airflow/.local/lib/python3.12/site-packages/airflow/example_dags/example_display_name.py
[2024-07-02T23:55:13.974+0000] {logging_mixin.py:188} INFO - [2024-07-02T23:55:13.973+0000] {override.py:1829} INFO - Created Permission View: can read on DAG:example_display_name
[2024-07-02T23:55:13.988+0000] {logging_mixin.py:188} INFO - [2024-07-02T23:55:13.987+0000] {override.py:1829} INFO - Created Permission View: can delete on DAG:example_display_name
[2024-07-02T23:55:13.995+0000] {logging_mixin.py:188} INFO - [2024-07-02T23:55:13.995+0000] {override.py:1829} INFO - Created Permission View: can edit on DAG:example_display_name
[2024-07-02T23:55:13.997+0000] {logging_mixin.py:188} INFO - [2024-07-02T23:55:13.996+0000] {dag.py:3096} INFO - Sync 1 DAGs
[2024-07-02T23:55:14.012+0000] {logging_mixin.py:188} INFO - [2024-07-02T23:55:14.012+0000] {dag.py:3118} INFO - Creating ORM DAG for example_display_name
[2024-07-02T23:55:14.013+0000] {logging_mixin.py:188} INFO - [2024-07-02T23:55:14.013+0000] {dag.py:3954} INFO - Setting next_dagrun for example_display_name to None, run_after=None
[2024-07-02T23:55:14.070+0000] {processor.py:183} INFO - Processing /home/airflow/.local/lib/python3.12/site-packages/airflow/example_dags/example_display_name.py took 0.272 seconds
[2024-07-02T23:55:44.517+0000] {processor.py:161} INFO - Started process (PID=218) to work on /home/airflow/.local/lib/python3.12/site-packages/airflow/example_dags/example_display_name.py
[2024-07-02T23:55:44.519+0000] {processor.py:830} INFO - Processing file /home/airflow/.local/lib/python3.12/site-packages/airflow/example_dags/example_display_name.py for tasks to queue
[2024-07-02T23:55:44.520+0000] {logging_mixin.py:188} INFO - [2024-07-02T23:55:44.520+0000] {dagbag.py:545} INFO - Filling up the DagBag from /home/airflow/.local/lib/python3.12/site-packages/airflow/example_dags/example_display_name.py
[2024-07-02T23:55:44.526+0000] {processor.py:840} INFO - DAG(s) 'example_display_name' retrieved from /home/airflow/.local/lib/python3.12/site-packages/airflow/example_dags/example_display_name.py
[2024-07-02T23:55:44.548+0000] {logging_mixin.py:188} INFO - [2024-07-02T23:55:44.547+0000] {dag.py:3096} INFO - Sync 1 DAGs
[2024-07-02T23:55:44.574+0000] {logging_mixin.py:188} INFO - [2024-07-02T23:55:44.573+0000] {dag.py:3954} INFO - Setting next_dagrun for example_display_name to None, run_after=None
[2024-07-02T23:55:44.592+0000] {processor.py:183} INFO - Processing /home/airflow/.local/lib/python3.12/site-packages/airflow/example_dags/example_display_name.py took 0.080 seconds
[2024-07-02T23:56:14.715+0000] {processor.py:161} INFO - Started process (PID=276) to work on /home/airflow/.local/lib/python3.12/site-packages/airflow/example_dags/example_display_name.py
[2024-07-02T23:56:14.716+0000] {processor.py:830} INFO - Processing file /home/airflow/.local/lib/python3.12/site-packages/airflow/example_dags/example_display_name.py for tasks to queue
[2024-07-02T23:56:14.718+0000] {logging_mixin.py:188} INFO - [2024-07-02T23:56:14.718+0000] {dagbag.py:545} INFO - Filling up the DagBag from /home/airflow/.local/lib/python3.12/site-packages/airflow/example_dags/example_display_name.py
[2024-07-02T23:56:14.723+0000] {processor.py:840} INFO - DAG(s) 'example_display_name' retrieved from /home/airflow/.local/lib/python3.12/site-packages/airflow/example_dags/example_display_name.py
[2024-07-02T23:56:14.743+0000] {logging_mixin.py:188} INFO - [2024-07-02T23:56:14.743+0000] {dag.py:3096} INFO - Sync 1 DAGs
[2024-07-02T23:56:14.756+0000] {logging_mixin.py:188} INFO - [2024-07-02T23:56:14.756+0000] {dag.py:3954} INFO - Setting next_dagrun for example_display_name to None, run_after=None
[2024-07-02T23:56:14.780+0000] {processor.py:183} INFO - Processing /home/airflow/.local/lib/python3.12/site-packages/airflow/example_dags/example_display_name.py took 0.072 seconds
[2024-07-02T23:56:44.841+0000] {processor.py:161} INFO - Started process (PID=333) to work on /home/airflow/.local/lib/python3.12/site-packages/airflow/example_dags/example_display_name.py
[2024-07-02T23:56:44.842+0000] {processor.py:830} INFO - Processing file /home/airflow/.local/lib/python3.12/site-packages/airflow/example_dags/example_display_name.py for tasks to queue
[2024-07-02T23:56:44.844+0000] {logging_mixin.py:188} INFO - [2024-07-02T23:56:44.843+0000] {dagbag.py:545} INFO - Filling up the DagBag from /home/airflow/.local/lib/python3.12/site-packages/airflow/example_dags/example_display_name.py
[2024-07-02T23:56:44.850+0000] {processor.py:840} INFO - DAG(s) 'example_display_name' retrieved from /home/airflow/.local/lib/python3.12/site-packages/airflow/example_dags/example_display_name.py
[2024-07-02T23:56:44.880+0000] {logging_mixin.py:188} INFO - [2024-07-02T23:56:44.879+0000] {dag.py:3096} INFO - Sync 1 DAGs
[2024-07-02T23:56:44.899+0000] {logging_mixin.py:188} INFO - [2024-07-02T23:56:44.898+0000] {dag.py:3954} INFO - Setting next_dagrun for example_display_name to None, run_after=None
[2024-07-02T23:56:44.922+0000] {processor.py:183} INFO - Processing /home/airflow/.local/lib/python3.12/site-packages/airflow/example_dags/example_display_name.py took 0.087 seconds
[2024-07-02T23:57:15.244+0000] {processor.py:161} INFO - Started process (PID=391) to work on /home/airflow/.local/lib/python3.12/site-packages/airflow/example_dags/example_display_name.py
[2024-07-02T23:57:15.245+0000] {processor.py:830} INFO - Processing file /home/airflow/.local/lib/python3.12/site-packages/airflow/example_dags/example_display_name.py for tasks to queue
[2024-07-02T23:57:15.247+0000] {logging_mixin.py:188} INFO - [2024-07-02T23:57:15.247+0000] {dagbag.py:545} INFO - Filling up the DagBag from /home/airflow/.local/lib/python3.12/site-packages/airflow/example_dags/example_display_name.py
[2024-07-02T23:57:15.253+0000] {processor.py:840} INFO - DAG(s) 'example_display_name' retrieved from /home/airflow/.local/lib/python3.12/site-packages/airflow/example_dags/example_display_name.py
[2024-07-02T23:57:15.285+0000] {logging_mixin.py:188} INFO - [2024-07-02T23:57:15.285+0000] {dag.py:3096} INFO - Sync 1 DAGs
[2024-07-02T23:57:15.301+0000] {logging_mixin.py:188} INFO - [2024-07-02T23:57:15.301+0000] {dag.py:3954} INFO - Setting next_dagrun for example_display_name to None, run_after=None
[2024-07-02T23:57:15.322+0000] {processor.py:183} INFO - Processing /home/airflow/.local/lib/python3.12/site-packages/airflow/example_dags/example_display_name.py took 0.083 seconds
[2024-07-02T23:57:45.479+0000] {processor.py:161} INFO - Started process (PID=449) to work on /home/airflow/.local/lib/python3.12/site-packages/airflow/example_dags/example_display_name.py
[2024-07-02T23:57:45.480+0000] {processor.py:830} INFO - Processing file /home/airflow/.local/lib/python3.12/site-packages/airflow/example_dags/example_display_name.py for tasks to queue
[2024-07-02T23:57:45.482+0000] {logging_mixin.py:188} INFO - [2024-07-02T23:57:45.481+0000] {dagbag.py:545} INFO - Filling up the DagBag from /home/airflow/.local/lib/python3.12/site-packages/airflow/example_dags/example_display_name.py
[2024-07-02T23:57:45.488+0000] {processor.py:840} INFO - DAG(s) 'example_display_name' retrieved from /home/airflow/.local/lib/python3.12/site-packages/airflow/example_dags/example_display_name.py
[2024-07-02T23:57:45.515+0000] {logging_mixin.py:188} INFO - [2024-07-02T23:57:45.515+0000] {dag.py:3096} INFO - Sync 1 DAGs
[2024-07-02T23:57:45.533+0000] {logging_mixin.py:188} INFO - [2024-07-02T23:57:45.532+0000] {dag.py:3954} INFO - Setting next_dagrun for example_display_name to None, run_after=None
[2024-07-02T23:57:45.554+0000] {processor.py:183} INFO - Processing /home/airflow/.local/lib/python3.12/site-packages/airflow/example_dags/example_display_name.py took 0.081 seconds
[2024-07-02T23:58:15.687+0000] {processor.py:161} INFO - Started process (PID=507) to work on /home/airflow/.local/lib/python3.12/site-packages/airflow/example_dags/example_display_name.py
[2024-07-02T23:58:15.688+0000] {processor.py:830} INFO - Processing file /home/airflow/.local/lib/python3.12/site-packages/airflow/example_dags/example_display_name.py for tasks to queue
[2024-07-02T23:58:15.691+0000] {logging_mixin.py:188} INFO - [2024-07-02T23:58:15.690+0000] {dagbag.py:545} INFO - Filling up the DagBag from /home/airflow/.local/lib/python3.12/site-packages/airflow/example_dags/example_display_name.py
[2024-07-02T23:58:15.697+0000] {processor.py:840} INFO - DAG(s) 'example_display_name' retrieved from /home/airflow/.local/lib/python3.12/site-packages/airflow/example_dags/example_display_name.py
[2024-07-02T23:58:15.723+0000] {logging_mixin.py:188} INFO - [2024-07-02T23:58:15.722+0000] {dag.py:3096} INFO - Sync 1 DAGs
[2024-07-02T23:58:15.740+0000] {logging_mixin.py:188} INFO - [2024-07-02T23:58:15.739+0000] {dag.py:3954} INFO - Setting next_dagrun for example_display_name to None, run_after=None
[2024-07-02T23:58:15.760+0000] {processor.py:183} INFO - Processing /home/airflow/.local/lib/python3.12/site-packages/airflow/example_dags/example_display_name.py took 0.081 seconds
[2024-07-02T23:58:52.091+0000] {processor.py:161} INFO - Started process (PID=566) to work on /home/airflow/.local/lib/python3.12/site-packages/airflow/example_dags/example_display_name.py
[2024-07-02T23:58:52.092+0000] {processor.py:830} INFO - Processing file /home/airflow/.local/lib/python3.12/site-packages/airflow/example_dags/example_display_name.py for tasks to queue
[2024-07-02T23:58:52.094+0000] {logging_mixin.py:188} INFO - [2024-07-02T23:58:52.094+0000] {dagbag.py:545} INFO - Filling up the DagBag from /home/airflow/.local/lib/python3.12/site-packages/airflow/example_dags/example_display_name.py
[2024-07-02T23:58:52.101+0000] {processor.py:840} INFO - DAG(s) 'example_display_name' retrieved from /home/airflow/.local/lib/python3.12/site-packages/airflow/example_dags/example_display_name.py
[2024-07-02T23:58:52.186+0000] {logging_mixin.py:188} INFO - [2024-07-02T23:58:52.185+0000] {dag.py:3096} INFO - Sync 1 DAGs
[2024-07-02T23:58:52.302+0000] {logging_mixin.py:188} INFO - [2024-07-02T23:58:52.302+0000] {dag.py:3954} INFO - Setting next_dagrun for example_display_name to None, run_after=None
[2024-07-02T23:58:52.481+0000] {processor.py:183} INFO - Processing /home/airflow/.local/lib/python3.12/site-packages/airflow/example_dags/example_display_name.py took 0.398 seconds
[2024-07-02T23:59:23.322+0000] {processor.py:161} INFO - Started process (PID=624) to work on /home/airflow/.local/lib/python3.12/site-packages/airflow/example_dags/example_display_name.py
[2024-07-02T23:59:23.323+0000] {processor.py:830} INFO - Processing file /home/airflow/.local/lib/python3.12/site-packages/airflow/example_dags/example_display_name.py for tasks to queue
[2024-07-02T23:59:23.325+0000] {logging_mixin.py:188} INFO - [2024-07-02T23:59:23.324+0000] {dagbag.py:545} INFO - Filling up the DagBag from /home/airflow/.local/lib/python3.12/site-packages/airflow/example_dags/example_display_name.py
[2024-07-02T23:59:23.331+0000] {processor.py:840} INFO - DAG(s) 'example_display_name' retrieved from /home/airflow/.local/lib/python3.12/site-packages/airflow/example_dags/example_display_name.py
[2024-07-02T23:59:23.379+0000] {logging_mixin.py:188} INFO - [2024-07-02T23:59:23.379+0000] {dag.py:3096} INFO - Sync 1 DAGs
[2024-07-02T23:59:23.393+0000] {logging_mixin.py:188} INFO - [2024-07-02T23:59:23.393+0000] {dag.py:3954} INFO - Setting next_dagrun for example_display_name to None, run_after=None
[2024-07-02T23:59:23.412+0000] {processor.py:183} INFO - Processing /home/airflow/.local/lib/python3.12/site-packages/airflow/example_dags/example_display_name.py took 0.097 seconds
[2024-07-02T23:59:53.634+0000] {processor.py:161} INFO - Started process (PID=681) to work on /home/airflow/.local/lib/python3.12/site-packages/airflow/example_dags/example_display_name.py
[2024-07-02T23:59:53.635+0000] {processor.py:830} INFO - Processing file /home/airflow/.local/lib/python3.12/site-packages/airflow/example_dags/example_display_name.py for tasks to queue
[2024-07-02T23:59:53.637+0000] {logging_mixin.py:188} INFO - [2024-07-02T23:59:53.637+0000] {dagbag.py:545} INFO - Filling up the DagBag from /home/airflow/.local/lib/python3.12/site-packages/airflow/example_dags/example_display_name.py
[2024-07-02T23:59:53.643+0000] {processor.py:840} INFO - DAG(s) 'example_display_name' retrieved from /home/airflow/.local/lib/python3.12/site-packages/airflow/example_dags/example_display_name.py
[2024-07-02T23:59:53.661+0000] {logging_mixin.py:188} INFO - [2024-07-02T23:59:53.661+0000] {dag.py:3096} INFO - Sync 1 DAGs
[2024-07-02T23:59:53.675+0000] {logging_mixin.py:188} INFO - [2024-07-02T23:59:53.675+0000] {dag.py:3954} INFO - Setting next_dagrun for example_display_name to None, run_after=None
[2024-07-02T23:59:53.695+0000] {processor.py:183} INFO - Processing /home/airflow/.local/lib/python3.12/site-packages/airflow/example_dags/example_display_name.py took 0.066 seconds
