[2024-07-02T23:55:18.431+0000] {processor.py:161} INFO - Started process (PID=189) to work on /home/airflow/.local/lib/python3.12/site-packages/airflow/example_dags/example_xcomargs.py
[2024-07-02T23:55:18.432+0000] {processor.py:830} INFO - Processing file /home/airflow/.local/lib/python3.12/site-packages/airflow/example_dags/example_xcomargs.py for tasks to queue
[2024-07-02T23:55:18.434+0000] {logging_mixin.py:188} INFO - [2024-07-02T23:55:18.434+0000] {dagbag.py:545} INFO - Filling up the DagBag from /home/airflow/.local/lib/python3.12/site-packages/airflow/example_dags/example_xcomargs.py
[2024-07-02T23:55:18.444+0000] {processor.py:840} INFO - DAG(s) 'example_xcom_args', 'example_xcom_args_with_operators' retrieved from /home/airflow/.local/lib/python3.12/site-packages/airflow/example_dags/example_xcomargs.py
[2024-07-02T23:55:18.583+0000] {logging_mixin.py:188} INFO - [2024-07-02T23:55:18.582+0000] {override.py:1829} INFO - Created Permission View: can read on DAG:example_xcom_args
[2024-07-02T23:55:18.595+0000] {logging_mixin.py:188} INFO - [2024-07-02T23:55:18.595+0000] {override.py:1829} INFO - Created Permission View: can delete on DAG:example_xcom_args
[2024-07-02T23:55:18.602+0000] {logging_mixin.py:188} INFO - [2024-07-02T23:55:18.602+0000] {override.py:1829} INFO - Created Permission View: can edit on DAG:example_xcom_args
[2024-07-02T23:55:18.617+0000] {logging_mixin.py:188} INFO - [2024-07-02T23:55:18.617+0000] {override.py:1829} INFO - Created Permission View: can read on DAG:example_xcom_args_with_operators
[2024-07-02T23:55:18.622+0000] {logging_mixin.py:188} INFO - [2024-07-02T23:55:18.622+0000] {override.py:1829} INFO - Created Permission View: can delete on DAG:example_xcom_args_with_operators
[2024-07-02T23:55:18.627+0000] {logging_mixin.py:188} INFO - [2024-07-02T23:55:18.627+0000] {override.py:1829} INFO - Created Permission View: can edit on DAG:example_xcom_args_with_operators
[2024-07-02T23:55:18.627+0000] {logging_mixin.py:188} INFO - [2024-07-02T23:55:18.627+0000] {dag.py:3096} INFO - Sync 2 DAGs
[2024-07-02T23:55:18.638+0000] {logging_mixin.py:188} INFO - [2024-07-02T23:55:18.638+0000] {dag.py:3118} INFO - Creating ORM DAG for example_xcom_args
[2024-07-02T23:55:18.638+0000] {logging_mixin.py:188} INFO - [2024-07-02T23:55:18.638+0000] {dag.py:3118} INFO - Creating ORM DAG for example_xcom_args_with_operators
[2024-07-02T23:55:18.639+0000] {logging_mixin.py:188} INFO - [2024-07-02T23:55:18.639+0000] {dag.py:3954} INFO - Setting next_dagrun for example_xcom_args to None, run_after=None
[2024-07-02T23:55:18.640+0000] {logging_mixin.py:188} INFO - [2024-07-02T23:55:18.639+0000] {dag.py:3954} INFO - Setting next_dagrun for example_xcom_args_with_operators to None, run_after=None
[2024-07-02T23:55:18.656+0000] {processor.py:183} INFO - Processing /home/airflow/.local/lib/python3.12/site-packages/airflow/example_dags/example_xcomargs.py took 0.231 seconds
[2024-07-02T23:55:49.446+0000] {processor.py:161} INFO - Started process (PID=247) to work on /home/airflow/.local/lib/python3.12/site-packages/airflow/example_dags/example_xcomargs.py
[2024-07-02T23:55:49.447+0000] {processor.py:830} INFO - Processing file /home/airflow/.local/lib/python3.12/site-packages/airflow/example_dags/example_xcomargs.py for tasks to queue
[2024-07-02T23:55:49.448+0000] {logging_mixin.py:188} INFO - [2024-07-02T23:55:49.448+0000] {dagbag.py:545} INFO - Filling up the DagBag from /home/airflow/.local/lib/python3.12/site-packages/airflow/example_dags/example_xcomargs.py
[2024-07-02T23:55:49.456+0000] {processor.py:840} INFO - DAG(s) 'example_xcom_args_with_operators', 'example_xcom_args' retrieved from /home/airflow/.local/lib/python3.12/site-packages/airflow/example_dags/example_xcomargs.py
[2024-07-02T23:55:49.479+0000] {logging_mixin.py:188} INFO - [2024-07-02T23:55:49.479+0000] {dag.py:3096} INFO - Sync 2 DAGs
[2024-07-02T23:55:49.491+0000] {logging_mixin.py:188} INFO - [2024-07-02T23:55:49.491+0000] {dag.py:3954} INFO - Setting next_dagrun for example_xcom_args to None, run_after=None
[2024-07-02T23:55:49.494+0000] {logging_mixin.py:188} INFO - [2024-07-02T23:55:49.494+0000] {dag.py:3954} INFO - Setting next_dagrun for example_xcom_args_with_operators to None, run_after=None
[2024-07-02T23:55:49.510+0000] {processor.py:183} INFO - Processing /home/airflow/.local/lib/python3.12/site-packages/airflow/example_dags/example_xcomargs.py took 0.070 seconds
[2024-07-02T23:56:19.578+0000] {processor.py:161} INFO - Started process (PID=305) to work on /home/airflow/.local/lib/python3.12/site-packages/airflow/example_dags/example_xcomargs.py
[2024-07-02T23:56:19.579+0000] {processor.py:830} INFO - Processing file /home/airflow/.local/lib/python3.12/site-packages/airflow/example_dags/example_xcomargs.py for tasks to queue
[2024-07-02T23:56:19.581+0000] {logging_mixin.py:188} INFO - [2024-07-02T23:56:19.581+0000] {dagbag.py:545} INFO - Filling up the DagBag from /home/airflow/.local/lib/python3.12/site-packages/airflow/example_dags/example_xcomargs.py
[2024-07-02T23:56:19.590+0000] {processor.py:840} INFO - DAG(s) 'example_xcom_args', 'example_xcom_args_with_operators' retrieved from /home/airflow/.local/lib/python3.12/site-packages/airflow/example_dags/example_xcomargs.py
[2024-07-02T23:56:19.612+0000] {logging_mixin.py:188} INFO - [2024-07-02T23:56:19.612+0000] {dag.py:3096} INFO - Sync 2 DAGs
[2024-07-02T23:56:19.624+0000] {logging_mixin.py:188} INFO - [2024-07-02T23:56:19.624+0000] {dag.py:3954} INFO - Setting next_dagrun for example_xcom_args to None, run_after=None
[2024-07-02T23:56:19.627+0000] {logging_mixin.py:188} INFO - [2024-07-02T23:56:19.627+0000] {dag.py:3954} INFO - Setting next_dagrun for example_xcom_args_with_operators to None, run_after=None
[2024-07-02T23:56:19.641+0000] {processor.py:183} INFO - Processing /home/airflow/.local/lib/python3.12/site-packages/airflow/example_dags/example_xcomargs.py took 0.070 seconds
[2024-07-02T23:56:50.055+0000] {processor.py:161} INFO - Started process (PID=363) to work on /home/airflow/.local/lib/python3.12/site-packages/airflow/example_dags/example_xcomargs.py
[2024-07-02T23:56:50.056+0000] {processor.py:830} INFO - Processing file /home/airflow/.local/lib/python3.12/site-packages/airflow/example_dags/example_xcomargs.py for tasks to queue
[2024-07-02T23:56:50.058+0000] {logging_mixin.py:188} INFO - [2024-07-02T23:56:50.057+0000] {dagbag.py:545} INFO - Filling up the DagBag from /home/airflow/.local/lib/python3.12/site-packages/airflow/example_dags/example_xcomargs.py
[2024-07-02T23:56:50.066+0000] {processor.py:840} INFO - DAG(s) 'example_xcom_args', 'example_xcom_args_with_operators' retrieved from /home/airflow/.local/lib/python3.12/site-packages/airflow/example_dags/example_xcomargs.py
[2024-07-02T23:56:50.094+0000] {logging_mixin.py:188} INFO - [2024-07-02T23:56:50.094+0000] {dag.py:3096} INFO - Sync 2 DAGs
[2024-07-02T23:56:50.109+0000] {logging_mixin.py:188} INFO - [2024-07-02T23:56:50.109+0000] {dag.py:3954} INFO - Setting next_dagrun for example_xcom_args to None, run_after=None
[2024-07-02T23:56:50.114+0000] {logging_mixin.py:188} INFO - [2024-07-02T23:56:50.114+0000] {dag.py:3954} INFO - Setting next_dagrun for example_xcom_args_with_operators to None, run_after=None
[2024-07-02T23:56:50.131+0000] {processor.py:183} INFO - Processing /home/airflow/.local/lib/python3.12/site-packages/airflow/example_dags/example_xcomargs.py took 0.082 seconds
[2024-07-02T23:57:20.633+0000] {processor.py:161} INFO - Started process (PID=421) to work on /home/airflow/.local/lib/python3.12/site-packages/airflow/example_dags/example_xcomargs.py
[2024-07-02T23:57:20.634+0000] {processor.py:830} INFO - Processing file /home/airflow/.local/lib/python3.12/site-packages/airflow/example_dags/example_xcomargs.py for tasks to queue
[2024-07-02T23:57:20.636+0000] {logging_mixin.py:188} INFO - [2024-07-02T23:57:20.635+0000] {dagbag.py:545} INFO - Filling up the DagBag from /home/airflow/.local/lib/python3.12/site-packages/airflow/example_dags/example_xcomargs.py
[2024-07-02T23:57:20.646+0000] {processor.py:840} INFO - DAG(s) 'example_xcom_args_with_operators', 'example_xcom_args' retrieved from /home/airflow/.local/lib/python3.12/site-packages/airflow/example_dags/example_xcomargs.py
[2024-07-02T23:57:20.675+0000] {logging_mixin.py:188} INFO - [2024-07-02T23:57:20.674+0000] {dag.py:3096} INFO - Sync 2 DAGs
[2024-07-02T23:57:20.690+0000] {logging_mixin.py:188} INFO - [2024-07-02T23:57:20.689+0000] {dag.py:3954} INFO - Setting next_dagrun for example_xcom_args to None, run_after=None
[2024-07-02T23:57:20.694+0000] {logging_mixin.py:188} INFO - [2024-07-02T23:57:20.693+0000] {dag.py:3954} INFO - Setting next_dagrun for example_xcom_args_with_operators to None, run_after=None
[2024-07-02T23:57:20.712+0000] {processor.py:183} INFO - Processing /home/airflow/.local/lib/python3.12/site-packages/airflow/example_dags/example_xcomargs.py took 0.085 seconds
[2024-07-02T23:57:50.834+0000] {processor.py:161} INFO - Started process (PID=479) to work on /home/airflow/.local/lib/python3.12/site-packages/airflow/example_dags/example_xcomargs.py
[2024-07-02T23:57:50.835+0000] {processor.py:830} INFO - Processing file /home/airflow/.local/lib/python3.12/site-packages/airflow/example_dags/example_xcomargs.py for tasks to queue
[2024-07-02T23:57:50.837+0000] {logging_mixin.py:188} INFO - [2024-07-02T23:57:50.836+0000] {dagbag.py:545} INFO - Filling up the DagBag from /home/airflow/.local/lib/python3.12/site-packages/airflow/example_dags/example_xcomargs.py
[2024-07-02T23:57:50.846+0000] {processor.py:840} INFO - DAG(s) 'example_xcom_args_with_operators', 'example_xcom_args' retrieved from /home/airflow/.local/lib/python3.12/site-packages/airflow/example_dags/example_xcomargs.py
[2024-07-02T23:57:50.871+0000] {logging_mixin.py:188} INFO - [2024-07-02T23:57:50.871+0000] {dag.py:3096} INFO - Sync 2 DAGs
[2024-07-02T23:57:50.887+0000] {logging_mixin.py:188} INFO - [2024-07-02T23:57:50.887+0000] {dag.py:3954} INFO - Setting next_dagrun for example_xcom_args to None, run_after=None
[2024-07-02T23:57:50.891+0000] {logging_mixin.py:188} INFO - [2024-07-02T23:57:50.891+0000] {dag.py:3954} INFO - Setting next_dagrun for example_xcom_args_with_operators to None, run_after=None
[2024-07-02T23:57:50.909+0000] {processor.py:183} INFO - Processing /home/airflow/.local/lib/python3.12/site-packages/airflow/example_dags/example_xcomargs.py took 0.081 seconds
[2024-07-02T23:58:21.034+0000] {processor.py:161} INFO - Started process (PID=537) to work on /home/airflow/.local/lib/python3.12/site-packages/airflow/example_dags/example_xcomargs.py
[2024-07-02T23:58:21.035+0000] {processor.py:830} INFO - Processing file /home/airflow/.local/lib/python3.12/site-packages/airflow/example_dags/example_xcomargs.py for tasks to queue
[2024-07-02T23:58:21.037+0000] {logging_mixin.py:188} INFO - [2024-07-02T23:58:21.037+0000] {dagbag.py:545} INFO - Filling up the DagBag from /home/airflow/.local/lib/python3.12/site-packages/airflow/example_dags/example_xcomargs.py
[2024-07-02T23:58:21.045+0000] {processor.py:840} INFO - DAG(s) 'example_xcom_args', 'example_xcom_args_with_operators' retrieved from /home/airflow/.local/lib/python3.12/site-packages/airflow/example_dags/example_xcomargs.py
[2024-07-02T23:58:21.073+0000] {logging_mixin.py:188} INFO - [2024-07-02T23:58:21.073+0000] {dag.py:3096} INFO - Sync 2 DAGs
[2024-07-02T23:58:21.095+0000] {logging_mixin.py:188} INFO - [2024-07-02T23:58:21.094+0000] {dag.py:3954} INFO - Setting next_dagrun for example_xcom_args to None, run_after=None
[2024-07-02T23:58:21.100+0000] {logging_mixin.py:188} INFO - [2024-07-02T23:58:21.100+0000] {dag.py:3954} INFO - Setting next_dagrun for example_xcom_args_with_operators to None, run_after=None
[2024-07-02T23:58:21.120+0000] {processor.py:183} INFO - Processing /home/airflow/.local/lib/python3.12/site-packages/airflow/example_dags/example_xcomargs.py took 0.092 seconds
[2024-07-02T23:58:56.502+0000] {processor.py:161} INFO - Started process (PID=601) to work on /home/airflow/.local/lib/python3.12/site-packages/airflow/example_dags/example_xcomargs.py
[2024-07-02T23:58:56.503+0000] {processor.py:830} INFO - Processing file /home/airflow/.local/lib/python3.12/site-packages/airflow/example_dags/example_xcomargs.py for tasks to queue
[2024-07-02T23:58:56.505+0000] {logging_mixin.py:188} INFO - [2024-07-02T23:58:56.505+0000] {dagbag.py:545} INFO - Filling up the DagBag from /home/airflow/.local/lib/python3.12/site-packages/airflow/example_dags/example_xcomargs.py
[2024-07-02T23:58:56.514+0000] {processor.py:840} INFO - DAG(s) 'example_xcom_args', 'example_xcom_args_with_operators' retrieved from /home/airflow/.local/lib/python3.12/site-packages/airflow/example_dags/example_xcomargs.py
[2024-07-02T23:58:56.540+0000] {logging_mixin.py:188} INFO - [2024-07-02T23:58:56.540+0000] {dag.py:3096} INFO - Sync 2 DAGs
[2024-07-02T23:58:56.553+0000] {logging_mixin.py:188} INFO - [2024-07-02T23:58:56.553+0000] {dag.py:3954} INFO - Setting next_dagrun for example_xcom_args to None, run_after=None
[2024-07-02T23:58:56.557+0000] {logging_mixin.py:188} INFO - [2024-07-02T23:58:56.557+0000] {dag.py:3954} INFO - Setting next_dagrun for example_xcom_args_with_operators to None, run_after=None
[2024-07-02T23:58:56.572+0000] {processor.py:183} INFO - Processing /home/airflow/.local/lib/python3.12/site-packages/airflow/example_dags/example_xcomargs.py took 0.077 seconds
[2024-07-02T23:59:27.150+0000] {processor.py:161} INFO - Started process (PID=659) to work on /home/airflow/.local/lib/python3.12/site-packages/airflow/example_dags/example_xcomargs.py
[2024-07-02T23:59:27.151+0000] {processor.py:830} INFO - Processing file /home/airflow/.local/lib/python3.12/site-packages/airflow/example_dags/example_xcomargs.py for tasks to queue
[2024-07-02T23:59:27.154+0000] {logging_mixin.py:188} INFO - [2024-07-02T23:59:27.153+0000] {dagbag.py:545} INFO - Filling up the DagBag from /home/airflow/.local/lib/python3.12/site-packages/airflow/example_dags/example_xcomargs.py
[2024-07-02T23:59:27.163+0000] {processor.py:840} INFO - DAG(s) 'example_xcom_args', 'example_xcom_args_with_operators' retrieved from /home/airflow/.local/lib/python3.12/site-packages/airflow/example_dags/example_xcomargs.py
[2024-07-02T23:59:27.192+0000] {logging_mixin.py:188} INFO - [2024-07-02T23:59:27.192+0000] {dag.py:3096} INFO - Sync 2 DAGs
[2024-07-02T23:59:27.212+0000] {logging_mixin.py:188} INFO - [2024-07-02T23:59:27.212+0000] {dag.py:3954} INFO - Setting next_dagrun for example_xcom_args to None, run_after=None
[2024-07-02T23:59:27.218+0000] {logging_mixin.py:188} INFO - [2024-07-02T23:59:27.217+0000] {dag.py:3954} INFO - Setting next_dagrun for example_xcom_args_with_operators to None, run_after=None
[2024-07-02T23:59:27.239+0000] {processor.py:183} INFO - Processing /home/airflow/.local/lib/python3.12/site-packages/airflow/example_dags/example_xcomargs.py took 0.096 seconds
[2024-07-02T23:59:58.873+0000] {processor.py:161} INFO - Started process (PID=717) to work on /home/airflow/.local/lib/python3.12/site-packages/airflow/example_dags/example_xcomargs.py
[2024-07-02T23:59:58.874+0000] {processor.py:830} INFO - Processing file /home/airflow/.local/lib/python3.12/site-packages/airflow/example_dags/example_xcomargs.py for tasks to queue
[2024-07-02T23:59:58.876+0000] {logging_mixin.py:188} INFO - [2024-07-02T23:59:58.876+0000] {dagbag.py:545} INFO - Filling up the DagBag from /home/airflow/.local/lib/python3.12/site-packages/airflow/example_dags/example_xcomargs.py
[2024-07-02T23:59:58.885+0000] {processor.py:840} INFO - DAG(s) 'example_xcom_args_with_operators', 'example_xcom_args' retrieved from /home/airflow/.local/lib/python3.12/site-packages/airflow/example_dags/example_xcomargs.py
[2024-07-02T23:59:58.977+0000] {logging_mixin.py:188} INFO - [2024-07-02T23:59:58.976+0000] {dag.py:3096} INFO - Sync 2 DAGs
[2024-07-02T23:59:59.066+0000] {logging_mixin.py:188} INFO - [2024-07-02T23:59:59.065+0000] {dag.py:3954} INFO - Setting next_dagrun for example_xcom_args to None, run_after=None
[2024-07-02T23:59:59.072+0000] {logging_mixin.py:188} INFO - [2024-07-02T23:59:59.071+0000] {dag.py:3954} INFO - Setting next_dagrun for example_xcom_args_with_operators to None, run_after=None
[2024-07-02T23:59:59.093+0000] {processor.py:183} INFO - Processing /home/airflow/.local/lib/python3.12/site-packages/airflow/example_dags/example_xcomargs.py took 0.227 seconds
