[2024-07-02T23:55:12.148+0000] {processor.py:161} INFO - Started process (PID=151) to work on /home/airflow/.local/lib/python3.12/site-packages/airflow/example_dags/example_branch_datetime_operator.py
[2024-07-02T23:55:12.149+0000] {processor.py:830} INFO - Processing file /home/airflow/.local/lib/python3.12/site-packages/airflow/example_dags/example_branch_datetime_operator.py for tasks to queue
[2024-07-02T23:55:12.151+0000] {logging_mixin.py:188} INFO - [2024-07-02T23:55:12.150+0000] {dagbag.py:545} INFO - Filling up the DagBag from /home/airflow/.local/lib/python3.12/site-packages/airflow/example_dags/example_branch_datetime_operator.py
[2024-07-02T23:55:12.169+0000] {processor.py:840} INFO - DAG(s) 'example_branch_datetime_operator', 'example_branch_datetime_operator_2', 'example_branch_datetime_operator_3' retrieved from /home/airflow/.local/lib/python3.12/site-packages/airflow/example_dags/example_branch_datetime_operator.py
[2024-07-02T23:55:12.385+0000] {logging_mixin.py:188} INFO - [2024-07-02T23:55:12.384+0000] {override.py:1829} INFO - Created Permission View: can read on DAG:example_branch_datetime_operator
[2024-07-02T23:55:12.464+0000] {logging_mixin.py:188} INFO - [2024-07-02T23:55:12.464+0000] {override.py:1829} INFO - Created Permission View: can delete on DAG:example_branch_datetime_operator
[2024-07-02T23:55:12.473+0000] {logging_mixin.py:188} INFO - [2024-07-02T23:55:12.473+0000] {override.py:1829} INFO - Created Permission View: can edit on DAG:example_branch_datetime_operator
[2024-07-02T23:55:12.490+0000] {logging_mixin.py:188} INFO - [2024-07-02T23:55:12.490+0000] {override.py:1829} INFO - Created Permission View: can read on DAG:example_branch_datetime_operator_2
[2024-07-02T23:55:12.499+0000] {logging_mixin.py:188} INFO - [2024-07-02T23:55:12.498+0000] {override.py:1829} INFO - Created Permission View: can delete on DAG:example_branch_datetime_operator_2
[2024-07-02T23:55:12.504+0000] {logging_mixin.py:188} INFO - [2024-07-02T23:55:12.503+0000] {override.py:1829} INFO - Created Permission View: can edit on DAG:example_branch_datetime_operator_2
[2024-07-02T23:55:12.513+0000] {logging_mixin.py:188} INFO - [2024-07-02T23:55:12.513+0000] {override.py:1829} INFO - Created Permission View: can read on DAG:example_branch_datetime_operator_3
[2024-07-02T23:55:12.519+0000] {logging_mixin.py:188} INFO - [2024-07-02T23:55:12.518+0000] {override.py:1829} INFO - Created Permission View: can delete on DAG:example_branch_datetime_operator_3
[2024-07-02T23:55:12.524+0000] {logging_mixin.py:188} INFO - [2024-07-02T23:55:12.524+0000] {override.py:1829} INFO - Created Permission View: can edit on DAG:example_branch_datetime_operator_3
[2024-07-02T23:55:12.524+0000] {logging_mixin.py:188} INFO - [2024-07-02T23:55:12.524+0000] {dag.py:3096} INFO - Sync 3 DAGs
[2024-07-02T23:55:12.535+0000] {logging_mixin.py:188} INFO - [2024-07-02T23:55:12.535+0000] {dag.py:3118} INFO - Creating ORM DAG for example_branch_datetime_operator_3
[2024-07-02T23:55:12.535+0000] {logging_mixin.py:188} INFO - [2024-07-02T23:55:12.535+0000] {dag.py:3118} INFO - Creating ORM DAG for example_branch_datetime_operator_2
[2024-07-02T23:55:12.536+0000] {logging_mixin.py:188} INFO - [2024-07-02T23:55:12.536+0000] {dag.py:3118} INFO - Creating ORM DAG for example_branch_datetime_operator
[2024-07-02T23:55:12.547+0000] {logging_mixin.py:188} INFO - [2024-07-02T23:55:12.546+0000] {dag.py:3954} INFO - Setting next_dagrun for example_branch_datetime_operator to 2024-07-01 00:00:00+00:00, run_after=2024-07-02 00:00:00+00:00
[2024-07-02T23:55:12.548+0000] {logging_mixin.py:188} INFO - [2024-07-02T23:55:12.548+0000] {dag.py:3954} INFO - Setting next_dagrun for example_branch_datetime_operator_2 to 2024-07-01 00:00:00+00:00, run_after=2024-07-02 00:00:00+00:00
[2024-07-02T23:55:12.550+0000] {logging_mixin.py:188} INFO - [2024-07-02T23:55:12.549+0000] {dag.py:3954} INFO - Setting next_dagrun for example_branch_datetime_operator_3 to 2024-07-01 00:00:00+00:00, run_after=2024-07-02 00:00:00+00:00
[2024-07-02T23:55:12.566+0000] {processor.py:183} INFO - Processing /home/airflow/.local/lib/python3.12/site-packages/airflow/example_dags/example_branch_datetime_operator.py took 0.424 seconds
[2024-07-02T23:55:42.673+0000] {processor.py:161} INFO - Started process (PID=210) to work on /home/airflow/.local/lib/python3.12/site-packages/airflow/example_dags/example_branch_datetime_operator.py
[2024-07-02T23:55:42.674+0000] {processor.py:830} INFO - Processing file /home/airflow/.local/lib/python3.12/site-packages/airflow/example_dags/example_branch_datetime_operator.py for tasks to queue
[2024-07-02T23:55:42.676+0000] {logging_mixin.py:188} INFO - [2024-07-02T23:55:42.676+0000] {dagbag.py:545} INFO - Filling up the DagBag from /home/airflow/.local/lib/python3.12/site-packages/airflow/example_dags/example_branch_datetime_operator.py
[2024-07-02T23:55:42.688+0000] {processor.py:840} INFO - DAG(s) 'example_branch_datetime_operator_3', 'example_branch_datetime_operator_2', 'example_branch_datetime_operator' retrieved from /home/airflow/.local/lib/python3.12/site-packages/airflow/example_dags/example_branch_datetime_operator.py
[2024-07-02T23:55:42.720+0000] {logging_mixin.py:188} INFO - [2024-07-02T23:55:42.720+0000] {dag.py:3096} INFO - Sync 3 DAGs
[2024-07-02T23:55:42.745+0000] {logging_mixin.py:188} INFO - [2024-07-02T23:55:42.745+0000] {dag.py:3954} INFO - Setting next_dagrun for example_branch_datetime_operator to 2024-07-01 00:00:00+00:00, run_after=2024-07-02 00:00:00+00:00
[2024-07-02T23:55:42.750+0000] {logging_mixin.py:188} INFO - [2024-07-02T23:55:42.750+0000] {dag.py:3954} INFO - Setting next_dagrun for example_branch_datetime_operator_2 to 2024-07-01 00:00:00+00:00, run_after=2024-07-02 00:00:00+00:00
[2024-07-02T23:55:42.753+0000] {logging_mixin.py:188} INFO - [2024-07-02T23:55:42.753+0000] {dag.py:3954} INFO - Setting next_dagrun for example_branch_datetime_operator_3 to 2024-07-01 00:00:00+00:00, run_after=2024-07-02 00:00:00+00:00
[2024-07-02T23:55:42.771+0000] {processor.py:183} INFO - Processing /home/airflow/.local/lib/python3.12/site-packages/airflow/example_dags/example_branch_datetime_operator.py took 0.105 seconds
[2024-07-02T23:56:13.053+0000] {processor.py:161} INFO - Started process (PID=267) to work on /home/airflow/.local/lib/python3.12/site-packages/airflow/example_dags/example_branch_datetime_operator.py
[2024-07-02T23:56:13.054+0000] {processor.py:830} INFO - Processing file /home/airflow/.local/lib/python3.12/site-packages/airflow/example_dags/example_branch_datetime_operator.py for tasks to queue
[2024-07-02T23:56:13.056+0000] {logging_mixin.py:188} INFO - [2024-07-02T23:56:13.055+0000] {dagbag.py:545} INFO - Filling up the DagBag from /home/airflow/.local/lib/python3.12/site-packages/airflow/example_dags/example_branch_datetime_operator.py
[2024-07-02T23:56:13.066+0000] {processor.py:840} INFO - DAG(s) 'example_branch_datetime_operator_3', 'example_branch_datetime_operator', 'example_branch_datetime_operator_2' retrieved from /home/airflow/.local/lib/python3.12/site-packages/airflow/example_dags/example_branch_datetime_operator.py
[2024-07-02T23:56:13.095+0000] {logging_mixin.py:188} INFO - [2024-07-02T23:56:13.095+0000] {dag.py:3096} INFO - Sync 3 DAGs
[2024-07-02T23:56:13.119+0000] {logging_mixin.py:188} INFO - [2024-07-02T23:56:13.119+0000] {dag.py:3954} INFO - Setting next_dagrun for example_branch_datetime_operator to 2024-07-01 00:00:00+00:00, run_after=2024-07-02 00:00:00+00:00
[2024-07-02T23:56:13.124+0000] {logging_mixin.py:188} INFO - [2024-07-02T23:56:13.124+0000] {dag.py:3954} INFO - Setting next_dagrun for example_branch_datetime_operator_2 to 2024-07-01 00:00:00+00:00, run_after=2024-07-02 00:00:00+00:00
[2024-07-02T23:56:13.126+0000] {logging_mixin.py:188} INFO - [2024-07-02T23:56:13.126+0000] {dag.py:3954} INFO - Setting next_dagrun for example_branch_datetime_operator_3 to 2024-07-01 00:00:00+00:00, run_after=2024-07-02 00:00:00+00:00
[2024-07-02T23:56:13.141+0000] {processor.py:183} INFO - Processing /home/airflow/.local/lib/python3.12/site-packages/airflow/example_dags/example_branch_datetime_operator.py took 0.093 seconds
[2024-07-02T23:56:43.333+0000] {processor.py:161} INFO - Started process (PID=325) to work on /home/airflow/.local/lib/python3.12/site-packages/airflow/example_dags/example_branch_datetime_operator.py
[2024-07-02T23:56:43.334+0000] {processor.py:830} INFO - Processing file /home/airflow/.local/lib/python3.12/site-packages/airflow/example_dags/example_branch_datetime_operator.py for tasks to queue
[2024-07-02T23:56:43.336+0000] {logging_mixin.py:188} INFO - [2024-07-02T23:56:43.335+0000] {dagbag.py:545} INFO - Filling up the DagBag from /home/airflow/.local/lib/python3.12/site-packages/airflow/example_dags/example_branch_datetime_operator.py
[2024-07-02T23:56:43.346+0000] {processor.py:840} INFO - DAG(s) 'example_branch_datetime_operator', 'example_branch_datetime_operator_2', 'example_branch_datetime_operator_3' retrieved from /home/airflow/.local/lib/python3.12/site-packages/airflow/example_dags/example_branch_datetime_operator.py
[2024-07-02T23:56:43.373+0000] {logging_mixin.py:188} INFO - [2024-07-02T23:56:43.373+0000] {dag.py:3096} INFO - Sync 3 DAGs
[2024-07-02T23:56:43.397+0000] {logging_mixin.py:188} INFO - [2024-07-02T23:56:43.397+0000] {dag.py:3954} INFO - Setting next_dagrun for example_branch_datetime_operator to 2024-07-01 00:00:00+00:00, run_after=2024-07-02 00:00:00+00:00
[2024-07-02T23:56:43.402+0000] {logging_mixin.py:188} INFO - [2024-07-02T23:56:43.402+0000] {dag.py:3954} INFO - Setting next_dagrun for example_branch_datetime_operator_2 to 2024-07-01 00:00:00+00:00, run_after=2024-07-02 00:00:00+00:00
[2024-07-02T23:56:43.404+0000] {logging_mixin.py:188} INFO - [2024-07-02T23:56:43.404+0000] {dag.py:3954} INFO - Setting next_dagrun for example_branch_datetime_operator_3 to 2024-07-01 00:00:00+00:00, run_after=2024-07-02 00:00:00+00:00
[2024-07-02T23:56:43.420+0000] {processor.py:183} INFO - Processing /home/airflow/.local/lib/python3.12/site-packages/airflow/example_dags/example_branch_datetime_operator.py took 0.094 seconds
[2024-07-02T23:57:13.691+0000] {processor.py:161} INFO - Started process (PID=383) to work on /home/airflow/.local/lib/python3.12/site-packages/airflow/example_dags/example_branch_datetime_operator.py
[2024-07-02T23:57:13.692+0000] {processor.py:830} INFO - Processing file /home/airflow/.local/lib/python3.12/site-packages/airflow/example_dags/example_branch_datetime_operator.py for tasks to queue
[2024-07-02T23:57:13.694+0000] {logging_mixin.py:188} INFO - [2024-07-02T23:57:13.693+0000] {dagbag.py:545} INFO - Filling up the DagBag from /home/airflow/.local/lib/python3.12/site-packages/airflow/example_dags/example_branch_datetime_operator.py
[2024-07-02T23:57:13.704+0000] {processor.py:840} INFO - DAG(s) 'example_branch_datetime_operator_2', 'example_branch_datetime_operator_3', 'example_branch_datetime_operator' retrieved from /home/airflow/.local/lib/python3.12/site-packages/airflow/example_dags/example_branch_datetime_operator.py
[2024-07-02T23:57:13.738+0000] {logging_mixin.py:188} INFO - [2024-07-02T23:57:13.738+0000] {dag.py:3096} INFO - Sync 3 DAGs
[2024-07-02T23:57:13.766+0000] {logging_mixin.py:188} INFO - [2024-07-02T23:57:13.766+0000] {dag.py:3954} INFO - Setting next_dagrun for example_branch_datetime_operator to 2024-07-01 00:00:00+00:00, run_after=2024-07-02 00:00:00+00:00
[2024-07-02T23:57:13.770+0000] {logging_mixin.py:188} INFO - [2024-07-02T23:57:13.770+0000] {dag.py:3954} INFO - Setting next_dagrun for example_branch_datetime_operator_2 to 2024-07-01 00:00:00+00:00, run_after=2024-07-02 00:00:00+00:00
[2024-07-02T23:57:13.773+0000] {logging_mixin.py:188} INFO - [2024-07-02T23:57:13.772+0000] {dag.py:3954} INFO - Setting next_dagrun for example_branch_datetime_operator_3 to 2024-07-01 00:00:00+00:00, run_after=2024-07-02 00:00:00+00:00
[2024-07-02T23:57:13.788+0000] {processor.py:183} INFO - Processing /home/airflow/.local/lib/python3.12/site-packages/airflow/example_dags/example_branch_datetime_operator.py took 0.103 seconds
[2024-07-02T23:57:43.877+0000] {processor.py:161} INFO - Started process (PID=441) to work on /home/airflow/.local/lib/python3.12/site-packages/airflow/example_dags/example_branch_datetime_operator.py
[2024-07-02T23:57:43.879+0000] {processor.py:830} INFO - Processing file /home/airflow/.local/lib/python3.12/site-packages/airflow/example_dags/example_branch_datetime_operator.py for tasks to queue
[2024-07-02T23:57:43.881+0000] {logging_mixin.py:188} INFO - [2024-07-02T23:57:43.881+0000] {dagbag.py:545} INFO - Filling up the DagBag from /home/airflow/.local/lib/python3.12/site-packages/airflow/example_dags/example_branch_datetime_operator.py
[2024-07-02T23:57:43.898+0000] {processor.py:840} INFO - DAG(s) 'example_branch_datetime_operator', 'example_branch_datetime_operator_2', 'example_branch_datetime_operator_3' retrieved from /home/airflow/.local/lib/python3.12/site-packages/airflow/example_dags/example_branch_datetime_operator.py
[2024-07-02T23:57:43.936+0000] {logging_mixin.py:188} INFO - [2024-07-02T23:57:43.936+0000] {dag.py:3096} INFO - Sync 3 DAGs
[2024-07-02T23:57:43.959+0000] {logging_mixin.py:188} INFO - [2024-07-02T23:57:43.959+0000] {dag.py:3954} INFO - Setting next_dagrun for example_branch_datetime_operator to 2024-07-01 00:00:00+00:00, run_after=2024-07-02 00:00:00+00:00
[2024-07-02T23:57:43.964+0000] {logging_mixin.py:188} INFO - [2024-07-02T23:57:43.963+0000] {dag.py:3954} INFO - Setting next_dagrun for example_branch_datetime_operator_2 to 2024-07-01 00:00:00+00:00, run_after=2024-07-02 00:00:00+00:00
[2024-07-02T23:57:43.967+0000] {logging_mixin.py:188} INFO - [2024-07-02T23:57:43.967+0000] {dag.py:3954} INFO - Setting next_dagrun for example_branch_datetime_operator_3 to 2024-07-01 00:00:00+00:00, run_after=2024-07-02 00:00:00+00:00
[2024-07-02T23:57:43.991+0000] {processor.py:183} INFO - Processing /home/airflow/.local/lib/python3.12/site-packages/airflow/example_dags/example_branch_datetime_operator.py took 0.122 seconds
[2024-07-02T23:58:14.137+0000] {processor.py:161} INFO - Started process (PID=499) to work on /home/airflow/.local/lib/python3.12/site-packages/airflow/example_dags/example_branch_datetime_operator.py
[2024-07-02T23:58:14.138+0000] {processor.py:830} INFO - Processing file /home/airflow/.local/lib/python3.12/site-packages/airflow/example_dags/example_branch_datetime_operator.py for tasks to queue
[2024-07-02T23:58:14.140+0000] {logging_mixin.py:188} INFO - [2024-07-02T23:58:14.140+0000] {dagbag.py:545} INFO - Filling up the DagBag from /home/airflow/.local/lib/python3.12/site-packages/airflow/example_dags/example_branch_datetime_operator.py
[2024-07-02T23:58:14.151+0000] {processor.py:840} INFO - DAG(s) 'example_branch_datetime_operator', 'example_branch_datetime_operator_2', 'example_branch_datetime_operator_3' retrieved from /home/airflow/.local/lib/python3.12/site-packages/airflow/example_dags/example_branch_datetime_operator.py
[2024-07-02T23:58:14.190+0000] {logging_mixin.py:188} INFO - [2024-07-02T23:58:14.189+0000] {dag.py:3096} INFO - Sync 3 DAGs
[2024-07-02T23:58:14.219+0000] {logging_mixin.py:188} INFO - [2024-07-02T23:58:14.219+0000] {dag.py:3954} INFO - Setting next_dagrun for example_branch_datetime_operator to 2024-07-01 00:00:00+00:00, run_after=2024-07-02 00:00:00+00:00
[2024-07-02T23:58:14.224+0000] {logging_mixin.py:188} INFO - [2024-07-02T23:58:14.224+0000] {dag.py:3954} INFO - Setting next_dagrun for example_branch_datetime_operator_2 to 2024-07-01 00:00:00+00:00, run_after=2024-07-02 00:00:00+00:00
[2024-07-02T23:58:14.226+0000] {logging_mixin.py:188} INFO - [2024-07-02T23:58:14.226+0000] {dag.py:3954} INFO - Setting next_dagrun for example_branch_datetime_operator_3 to 2024-07-01 00:00:00+00:00, run_after=2024-07-02 00:00:00+00:00
[2024-07-02T23:58:14.242+0000] {processor.py:183} INFO - Processing /home/airflow/.local/lib/python3.12/site-packages/airflow/example_dags/example_branch_datetime_operator.py took 0.111 seconds
[2024-07-02T23:58:46.571+0000] {processor.py:161} INFO - Started process (PID=557) to work on /home/airflow/.local/lib/python3.12/site-packages/airflow/example_dags/example_branch_datetime_operator.py
[2024-07-02T23:58:46.573+0000] {processor.py:830} INFO - Processing file /home/airflow/.local/lib/python3.12/site-packages/airflow/example_dags/example_branch_datetime_operator.py for tasks to queue
[2024-07-02T23:58:46.575+0000] {logging_mixin.py:188} INFO - [2024-07-02T23:58:46.575+0000] {dagbag.py:545} INFO - Filling up the DagBag from /home/airflow/.local/lib/python3.12/site-packages/airflow/example_dags/example_branch_datetime_operator.py
[2024-07-02T23:58:46.674+0000] {processor.py:840} INFO - DAG(s) 'example_branch_datetime_operator_3', 'example_branch_datetime_operator', 'example_branch_datetime_operator_2' retrieved from /home/airflow/.local/lib/python3.12/site-packages/airflow/example_dags/example_branch_datetime_operator.py
[2024-07-02T23:58:46.783+0000] {logging_mixin.py:188} INFO - [2024-07-02T23:58:46.782+0000] {dag.py:3096} INFO - Sync 3 DAGs
[2024-07-02T23:58:46.874+0000] {logging_mixin.py:188} INFO - [2024-07-02T23:58:46.874+0000] {dag.py:3954} INFO - Setting next_dagrun for example_branch_datetime_operator to 2024-07-01 00:00:00+00:00, run_after=2024-07-02 00:00:00+00:00
[2024-07-02T23:58:46.882+0000] {logging_mixin.py:188} INFO - [2024-07-02T23:58:46.882+0000] {dag.py:3954} INFO - Setting next_dagrun for example_branch_datetime_operator_2 to 2024-07-01 00:00:00+00:00, run_after=2024-07-02 00:00:00+00:00
[2024-07-02T23:58:46.885+0000] {logging_mixin.py:188} INFO - [2024-07-02T23:58:46.885+0000] {dag.py:3954} INFO - Setting next_dagrun for example_branch_datetime_operator_3 to 2024-07-01 00:00:00+00:00, run_after=2024-07-02 00:00:00+00:00
[2024-07-02T23:58:47.087+0000] {processor.py:183} INFO - Processing /home/airflow/.local/lib/python3.12/site-packages/airflow/example_dags/example_branch_datetime_operator.py took 0.600 seconds
[2024-07-02T23:59:17.719+0000] {processor.py:161} INFO - Started process (PID=615) to work on /home/airflow/.local/lib/python3.12/site-packages/airflow/example_dags/example_branch_datetime_operator.py
[2024-07-02T23:59:17.720+0000] {processor.py:830} INFO - Processing file /home/airflow/.local/lib/python3.12/site-packages/airflow/example_dags/example_branch_datetime_operator.py for tasks to queue
[2024-07-02T23:59:17.722+0000] {logging_mixin.py:188} INFO - [2024-07-02T23:59:17.722+0000] {dagbag.py:545} INFO - Filling up the DagBag from /home/airflow/.local/lib/python3.12/site-packages/airflow/example_dags/example_branch_datetime_operator.py
[2024-07-02T23:59:17.733+0000] {processor.py:840} INFO - DAG(s) 'example_branch_datetime_operator_2', 'example_branch_datetime_operator', 'example_branch_datetime_operator_3' retrieved from /home/airflow/.local/lib/python3.12/site-packages/airflow/example_dags/example_branch_datetime_operator.py
[2024-07-02T23:59:17.759+0000] {logging_mixin.py:188} INFO - [2024-07-02T23:59:17.759+0000] {dag.py:3096} INFO - Sync 3 DAGs
[2024-07-02T23:59:17.791+0000] {logging_mixin.py:188} INFO - [2024-07-02T23:59:17.791+0000] {dag.py:3954} INFO - Setting next_dagrun for example_branch_datetime_operator to 2024-07-01 00:00:00+00:00, run_after=2024-07-02 00:00:00+00:00
[2024-07-02T23:59:17.799+0000] {logging_mixin.py:188} INFO - [2024-07-02T23:59:17.798+0000] {dag.py:3954} INFO - Setting next_dagrun for example_branch_datetime_operator_2 to 2024-07-01 00:00:00+00:00, run_after=2024-07-02 00:00:00+00:00
[2024-07-02T23:59:17.802+0000] {logging_mixin.py:188} INFO - [2024-07-02T23:59:17.801+0000] {dag.py:3954} INFO - Setting next_dagrun for example_branch_datetime_operator_3 to 2024-07-01 00:00:00+00:00, run_after=2024-07-02 00:00:00+00:00
[2024-07-02T23:59:17.821+0000] {processor.py:183} INFO - Processing /home/airflow/.local/lib/python3.12/site-packages/airflow/example_dags/example_branch_datetime_operator.py took 0.108 seconds
[2024-07-02T23:59:47.986+0000] {processor.py:161} INFO - Started process (PID=673) to work on /home/airflow/.local/lib/python3.12/site-packages/airflow/example_dags/example_branch_datetime_operator.py
[2024-07-02T23:59:47.987+0000] {processor.py:830} INFO - Processing file /home/airflow/.local/lib/python3.12/site-packages/airflow/example_dags/example_branch_datetime_operator.py for tasks to queue
[2024-07-02T23:59:47.989+0000] {logging_mixin.py:188} INFO - [2024-07-02T23:59:47.989+0000] {dagbag.py:545} INFO - Filling up the DagBag from /home/airflow/.local/lib/python3.12/site-packages/airflow/example_dags/example_branch_datetime_operator.py
[2024-07-02T23:59:48.000+0000] {processor.py:840} INFO - DAG(s) 'example_branch_datetime_operator', 'example_branch_datetime_operator_2', 'example_branch_datetime_operator_3' retrieved from /home/airflow/.local/lib/python3.12/site-packages/airflow/example_dags/example_branch_datetime_operator.py
[2024-07-02T23:59:48.030+0000] {logging_mixin.py:188} INFO - [2024-07-02T23:59:48.030+0000] {dag.py:3096} INFO - Sync 3 DAGs
[2024-07-02T23:59:48.054+0000] {logging_mixin.py:188} INFO - [2024-07-02T23:59:48.054+0000] {dag.py:3954} INFO - Setting next_dagrun for example_branch_datetime_operator to 2024-07-01 00:00:00+00:00, run_after=2024-07-02 00:00:00+00:00
[2024-07-02T23:59:48.059+0000] {logging_mixin.py:188} INFO - [2024-07-02T23:59:48.059+0000] {dag.py:3954} INFO - Setting next_dagrun for example_branch_datetime_operator_2 to 2024-07-01 00:00:00+00:00, run_after=2024-07-02 00:00:00+00:00
[2024-07-02T23:59:48.061+0000] {logging_mixin.py:188} INFO - [2024-07-02T23:59:48.061+0000] {dag.py:3954} INFO - Setting next_dagrun for example_branch_datetime_operator_3 to 2024-07-01 00:00:00+00:00, run_after=2024-07-02 00:00:00+00:00
[2024-07-02T23:59:48.076+0000] {processor.py:183} INFO - Processing /home/airflow/.local/lib/python3.12/site-packages/airflow/example_dags/example_branch_datetime_operator.py took 0.097 seconds
