[2024-07-02T23:55:16.309+0000] {processor.py:161} INFO - Started process (PID=175) to work on /home/airflow/.local/lib/python3.12/site-packages/airflow/example_dags/example_sensors.py
[2024-07-02T23:55:16.309+0000] {processor.py:830} INFO - Processing file /home/airflow/.local/lib/python3.12/site-packages/airflow/example_dags/example_sensors.py for tasks to queue
[2024-07-02T23:55:16.311+0000] {logging_mixin.py:188} INFO - [2024-07-02T23:55:16.311+0000] {dagbag.py:545} INFO - Filling up the DagBag from /home/airflow/.local/lib/python3.12/site-packages/airflow/example_dags/example_sensors.py
[2024-07-02T23:55:16.324+0000] {processor.py:840} INFO - DAG(s) 'example_sensors' retrieved from /home/airflow/.local/lib/python3.12/site-packages/airflow/example_dags/example_sensors.py
[2024-07-02T23:55:16.514+0000] {logging_mixin.py:188} INFO - [2024-07-02T23:55:16.513+0000] {override.py:1829} INFO - Created Permission View: can read on DAG:example_sensors
[2024-07-02T23:55:16.524+0000] {logging_mixin.py:188} INFO - [2024-07-02T23:55:16.524+0000] {override.py:1829} INFO - Created Permission View: can delete on DAG:example_sensors
[2024-07-02T23:55:16.530+0000] {logging_mixin.py:188} INFO - [2024-07-02T23:55:16.530+0000] {override.py:1829} INFO - Created Permission View: can edit on DAG:example_sensors
[2024-07-02T23:55:16.530+0000] {logging_mixin.py:188} INFO - [2024-07-02T23:55:16.530+0000] {dag.py:3096} INFO - Sync 1 DAGs
[2024-07-02T23:55:16.542+0000] {logging_mixin.py:188} INFO - [2024-07-02T23:55:16.542+0000] {dag.py:3118} INFO - Creating ORM DAG for example_sensors
[2024-07-02T23:55:16.543+0000] {logging_mixin.py:188} INFO - [2024-07-02T23:55:16.543+0000] {dag.py:3954} INFO - Setting next_dagrun for example_sensors to None, run_after=None
[2024-07-02T23:55:16.583+0000] {processor.py:183} INFO - Processing /home/airflow/.local/lib/python3.12/site-packages/airflow/example_dags/example_sensors.py took 0.280 seconds
[2024-07-02T23:55:47.467+0000] {processor.py:161} INFO - Started process (PID=233) to work on /home/airflow/.local/lib/python3.12/site-packages/airflow/example_dags/example_sensors.py
[2024-07-02T23:55:47.469+0000] {processor.py:830} INFO - Processing file /home/airflow/.local/lib/python3.12/site-packages/airflow/example_dags/example_sensors.py for tasks to queue
[2024-07-02T23:55:47.470+0000] {logging_mixin.py:188} INFO - [2024-07-02T23:55:47.470+0000] {dagbag.py:545} INFO - Filling up the DagBag from /home/airflow/.local/lib/python3.12/site-packages/airflow/example_dags/example_sensors.py
[2024-07-02T23:55:47.480+0000] {processor.py:840} INFO - DAG(s) 'example_sensors' retrieved from /home/airflow/.local/lib/python3.12/site-packages/airflow/example_dags/example_sensors.py
[2024-07-02T23:55:47.530+0000] {logging_mixin.py:188} INFO - [2024-07-02T23:55:47.529+0000] {dag.py:3096} INFO - Sync 1 DAGs
[2024-07-02T23:55:47.553+0000] {logging_mixin.py:188} INFO - [2024-07-02T23:55:47.552+0000] {dag.py:3954} INFO - Setting next_dagrun for example_sensors to None, run_after=None
[2024-07-02T23:55:47.584+0000] {processor.py:183} INFO - Processing /home/airflow/.local/lib/python3.12/site-packages/airflow/example_dags/example_sensors.py took 0.123 seconds
[2024-07-02T23:56:17.746+0000] {processor.py:161} INFO - Started process (PID=291) to work on /home/airflow/.local/lib/python3.12/site-packages/airflow/example_dags/example_sensors.py
[2024-07-02T23:56:17.747+0000] {processor.py:830} INFO - Processing file /home/airflow/.local/lib/python3.12/site-packages/airflow/example_dags/example_sensors.py for tasks to queue
[2024-07-02T23:56:17.749+0000] {logging_mixin.py:188} INFO - [2024-07-02T23:56:17.749+0000] {dagbag.py:545} INFO - Filling up the DagBag from /home/airflow/.local/lib/python3.12/site-packages/airflow/example_dags/example_sensors.py
[2024-07-02T23:56:17.758+0000] {processor.py:840} INFO - DAG(s) 'example_sensors' retrieved from /home/airflow/.local/lib/python3.12/site-packages/airflow/example_dags/example_sensors.py
[2024-07-02T23:56:17.787+0000] {logging_mixin.py:188} INFO - [2024-07-02T23:56:17.787+0000] {dag.py:3096} INFO - Sync 1 DAGs
[2024-07-02T23:56:17.800+0000] {logging_mixin.py:188} INFO - [2024-07-02T23:56:17.800+0000] {dag.py:3954} INFO - Setting next_dagrun for example_sensors to None, run_after=None
[2024-07-02T23:56:17.818+0000] {processor.py:183} INFO - Processing /home/airflow/.local/lib/python3.12/site-packages/airflow/example_dags/example_sensors.py took 0.078 seconds
[2024-07-02T23:56:48.033+0000] {processor.py:161} INFO - Started process (PID=349) to work on /home/airflow/.local/lib/python3.12/site-packages/airflow/example_dags/example_sensors.py
[2024-07-02T23:56:48.034+0000] {processor.py:830} INFO - Processing file /home/airflow/.local/lib/python3.12/site-packages/airflow/example_dags/example_sensors.py for tasks to queue
[2024-07-02T23:56:48.037+0000] {logging_mixin.py:188} INFO - [2024-07-02T23:56:48.036+0000] {dagbag.py:545} INFO - Filling up the DagBag from /home/airflow/.local/lib/python3.12/site-packages/airflow/example_dags/example_sensors.py
[2024-07-02T23:56:48.050+0000] {processor.py:840} INFO - DAG(s) 'example_sensors' retrieved from /home/airflow/.local/lib/python3.12/site-packages/airflow/example_dags/example_sensors.py
[2024-07-02T23:56:48.082+0000] {logging_mixin.py:188} INFO - [2024-07-02T23:56:48.081+0000] {dag.py:3096} INFO - Sync 1 DAGs
[2024-07-02T23:56:48.096+0000] {logging_mixin.py:188} INFO - [2024-07-02T23:56:48.096+0000] {dag.py:3954} INFO - Setting next_dagrun for example_sensors to None, run_after=None
[2024-07-02T23:56:48.117+0000] {processor.py:183} INFO - Processing /home/airflow/.local/lib/python3.12/site-packages/airflow/example_dags/example_sensors.py took 0.091 seconds
[2024-07-02T23:57:18.550+0000] {processor.py:161} INFO - Started process (PID=407) to work on /home/airflow/.local/lib/python3.12/site-packages/airflow/example_dags/example_sensors.py
[2024-07-02T23:57:18.551+0000] {processor.py:830} INFO - Processing file /home/airflow/.local/lib/python3.12/site-packages/airflow/example_dags/example_sensors.py for tasks to queue
[2024-07-02T23:57:18.553+0000] {logging_mixin.py:188} INFO - [2024-07-02T23:57:18.553+0000] {dagbag.py:545} INFO - Filling up the DagBag from /home/airflow/.local/lib/python3.12/site-packages/airflow/example_dags/example_sensors.py
[2024-07-02T23:57:18.565+0000] {processor.py:840} INFO - DAG(s) 'example_sensors' retrieved from /home/airflow/.local/lib/python3.12/site-packages/airflow/example_dags/example_sensors.py
[2024-07-02T23:57:18.594+0000] {logging_mixin.py:188} INFO - [2024-07-02T23:57:18.594+0000] {dag.py:3096} INFO - Sync 1 DAGs
[2024-07-02T23:57:18.608+0000] {logging_mixin.py:188} INFO - [2024-07-02T23:57:18.608+0000] {dag.py:3954} INFO - Setting next_dagrun for example_sensors to None, run_after=None
[2024-07-02T23:57:18.629+0000] {processor.py:183} INFO - Processing /home/airflow/.local/lib/python3.12/site-packages/airflow/example_dags/example_sensors.py took 0.085 seconds
[2024-07-02T23:57:48.661+0000] {processor.py:161} INFO - Started process (PID=465) to work on /home/airflow/.local/lib/python3.12/site-packages/airflow/example_dags/example_sensors.py
[2024-07-02T23:57:48.662+0000] {processor.py:830} INFO - Processing file /home/airflow/.local/lib/python3.12/site-packages/airflow/example_dags/example_sensors.py for tasks to queue
[2024-07-02T23:57:48.664+0000] {logging_mixin.py:188} INFO - [2024-07-02T23:57:48.664+0000] {dagbag.py:545} INFO - Filling up the DagBag from /home/airflow/.local/lib/python3.12/site-packages/airflow/example_dags/example_sensors.py
[2024-07-02T23:57:48.675+0000] {processor.py:840} INFO - DAG(s) 'example_sensors' retrieved from /home/airflow/.local/lib/python3.12/site-packages/airflow/example_dags/example_sensors.py
[2024-07-02T23:57:48.715+0000] {logging_mixin.py:188} INFO - [2024-07-02T23:57:48.715+0000] {dag.py:3096} INFO - Sync 1 DAGs
[2024-07-02T23:57:48.730+0000] {logging_mixin.py:188} INFO - [2024-07-02T23:57:48.729+0000] {dag.py:3954} INFO - Setting next_dagrun for example_sensors to None, run_after=None
[2024-07-02T23:57:48.747+0000] {processor.py:183} INFO - Processing /home/airflow/.local/lib/python3.12/site-packages/airflow/example_dags/example_sensors.py took 0.092 seconds
[2024-07-02T23:58:19.014+0000] {processor.py:161} INFO - Started process (PID=523) to work on /home/airflow/.local/lib/python3.12/site-packages/airflow/example_dags/example_sensors.py
[2024-07-02T23:58:19.016+0000] {processor.py:830} INFO - Processing file /home/airflow/.local/lib/python3.12/site-packages/airflow/example_dags/example_sensors.py for tasks to queue
[2024-07-02T23:58:19.017+0000] {logging_mixin.py:188} INFO - [2024-07-02T23:58:19.017+0000] {dagbag.py:545} INFO - Filling up the DagBag from /home/airflow/.local/lib/python3.12/site-packages/airflow/example_dags/example_sensors.py
[2024-07-02T23:58:19.029+0000] {processor.py:840} INFO - DAG(s) 'example_sensors' retrieved from /home/airflow/.local/lib/python3.12/site-packages/airflow/example_dags/example_sensors.py
[2024-07-02T23:58:19.060+0000] {logging_mixin.py:188} INFO - [2024-07-02T23:58:19.060+0000] {dag.py:3096} INFO - Sync 1 DAGs
[2024-07-02T23:58:19.078+0000] {logging_mixin.py:188} INFO - [2024-07-02T23:58:19.077+0000] {dag.py:3954} INFO - Setting next_dagrun for example_sensors to None, run_after=None
[2024-07-02T23:58:19.102+0000] {processor.py:183} INFO - Processing /home/airflow/.local/lib/python3.12/site-packages/airflow/example_dags/example_sensors.py took 0.094 seconds
[2024-07-02T23:58:55.529+0000] {processor.py:161} INFO - Started process (PID=587) to work on /home/airflow/.local/lib/python3.12/site-packages/airflow/example_dags/example_sensors.py
[2024-07-02T23:58:55.530+0000] {processor.py:830} INFO - Processing file /home/airflow/.local/lib/python3.12/site-packages/airflow/example_dags/example_sensors.py for tasks to queue
[2024-07-02T23:58:55.532+0000] {logging_mixin.py:188} INFO - [2024-07-02T23:58:55.532+0000] {dagbag.py:545} INFO - Filling up the DagBag from /home/airflow/.local/lib/python3.12/site-packages/airflow/example_dags/example_sensors.py
[2024-07-02T23:58:55.541+0000] {processor.py:840} INFO - DAG(s) 'example_sensors' retrieved from /home/airflow/.local/lib/python3.12/site-packages/airflow/example_dags/example_sensors.py
[2024-07-02T23:58:55.570+0000] {logging_mixin.py:188} INFO - [2024-07-02T23:58:55.570+0000] {dag.py:3096} INFO - Sync 1 DAGs
[2024-07-02T23:58:55.586+0000] {logging_mixin.py:188} INFO - [2024-07-02T23:58:55.586+0000] {dag.py:3954} INFO - Setting next_dagrun for example_sensors to None, run_after=None
[2024-07-02T23:58:55.608+0000] {processor.py:183} INFO - Processing /home/airflow/.local/lib/python3.12/site-packages/airflow/example_dags/example_sensors.py took 0.085 seconds
[2024-07-02T23:59:25.934+0000] {processor.py:161} INFO - Started process (PID=645) to work on /home/airflow/.local/lib/python3.12/site-packages/airflow/example_dags/example_sensors.py
[2024-07-02T23:59:25.935+0000] {processor.py:830} INFO - Processing file /home/airflow/.local/lib/python3.12/site-packages/airflow/example_dags/example_sensors.py for tasks to queue
[2024-07-02T23:59:25.937+0000] {logging_mixin.py:188} INFO - [2024-07-02T23:59:25.937+0000] {dagbag.py:545} INFO - Filling up the DagBag from /home/airflow/.local/lib/python3.12/site-packages/airflow/example_dags/example_sensors.py
[2024-07-02T23:59:25.949+0000] {processor.py:840} INFO - DAG(s) 'example_sensors' retrieved from /home/airflow/.local/lib/python3.12/site-packages/airflow/example_dags/example_sensors.py
[2024-07-02T23:59:26.000+0000] {logging_mixin.py:188} INFO - [2024-07-02T23:59:25.999+0000] {dag.py:3096} INFO - Sync 1 DAGs
[2024-07-02T23:59:26.019+0000] {logging_mixin.py:188} INFO - [2024-07-02T23:59:26.019+0000] {dag.py:3954} INFO - Setting next_dagrun for example_sensors to None, run_after=None
[2024-07-02T23:59:26.041+0000] {processor.py:183} INFO - Processing /home/airflow/.local/lib/python3.12/site-packages/airflow/example_dags/example_sensors.py took 0.113 seconds
[2024-07-02T23:59:57.041+0000] {processor.py:161} INFO - Started process (PID=703) to work on /home/airflow/.local/lib/python3.12/site-packages/airflow/example_dags/example_sensors.py
[2024-07-02T23:59:57.043+0000] {processor.py:830} INFO - Processing file /home/airflow/.local/lib/python3.12/site-packages/airflow/example_dags/example_sensors.py for tasks to queue
[2024-07-02T23:59:57.044+0000] {logging_mixin.py:188} INFO - [2024-07-02T23:59:57.044+0000] {dagbag.py:545} INFO - Filling up the DagBag from /home/airflow/.local/lib/python3.12/site-packages/airflow/example_dags/example_sensors.py
[2024-07-02T23:59:57.067+0000] {processor.py:840} INFO - DAG(s) 'example_sensors' retrieved from /home/airflow/.local/lib/python3.12/site-packages/airflow/example_dags/example_sensors.py
[2024-07-02T23:59:57.095+0000] {logging_mixin.py:188} INFO - [2024-07-02T23:59:57.095+0000] {dag.py:3096} INFO - Sync 1 DAGs
[2024-07-02T23:59:57.109+0000] {logging_mixin.py:188} INFO - [2024-07-02T23:59:57.109+0000] {dag.py:3954} INFO - Setting next_dagrun for example_sensors to None, run_after=None
[2024-07-02T23:59:57.125+0000] {processor.py:183} INFO - Processing /home/airflow/.local/lib/python3.12/site-packages/airflow/example_dags/example_sensors.py took 0.091 seconds
