[2024-07-02T23:55:11.773+0000] {processor.py:161} INFO - Started process (PID=150) to work on /home/airflow/.local/lib/python3.12/site-packages/airflow/example_dags/example_bash_operator.py
[2024-07-02T23:55:11.773+0000] {processor.py:830} INFO - Processing file /home/airflow/.local/lib/python3.12/site-packages/airflow/example_dags/example_bash_operator.py for tasks to queue
[2024-07-02T23:55:11.775+0000] {logging_mixin.py:188} INFO - [2024-07-02T23:55:11.775+0000] {dagbag.py:545} INFO - Filling up the DagBag from /home/airflow/.local/lib/python3.12/site-packages/airflow/example_dags/example_bash_operator.py
[2024-07-02T23:55:11.795+0000] {processor.py:840} INFO - DAG(s) 'example_bash_operator' retrieved from /home/airflow/.local/lib/python3.12/site-packages/airflow/example_dags/example_bash_operator.py
[2024-07-02T23:55:12.070+0000] {logging_mixin.py:188} INFO - [2024-07-02T23:55:12.069+0000] {override.py:1829} INFO - Created Permission View: can read on DAG:example_bash_operator
[2024-07-02T23:55:12.082+0000] {logging_mixin.py:188} INFO - [2024-07-02T23:55:12.082+0000] {override.py:1829} INFO - Created Permission View: can delete on DAG:example_bash_operator
[2024-07-02T23:55:12.090+0000] {logging_mixin.py:188} INFO - [2024-07-02T23:55:12.089+0000] {override.py:1829} INFO - Created Permission View: can edit on DAG:example_bash_operator
[2024-07-02T23:55:12.090+0000] {logging_mixin.py:188} INFO - [2024-07-02T23:55:12.090+0000] {dag.py:3096} INFO - Sync 1 DAGs
[2024-07-02T23:55:12.105+0000] {logging_mixin.py:188} INFO - [2024-07-02T23:55:12.105+0000] {dag.py:3118} INFO - Creating ORM DAG for example_bash_operator
[2024-07-02T23:55:12.115+0000] {logging_mixin.py:188} INFO - [2024-07-02T23:55:12.115+0000] {dag.py:3954} INFO - Setting next_dagrun for example_bash_operator to 2024-07-01 00:00:00+00:00, run_after=2024-07-02 00:00:00+00:00
[2024-07-02T23:55:12.132+0000] {processor.py:183} INFO - Processing /home/airflow/.local/lib/python3.12/site-packages/airflow/example_dags/example_bash_operator.py took 0.366 seconds
[2024-07-02T23:55:42.380+0000] {processor.py:161} INFO - Started process (PID=208) to work on /home/airflow/.local/lib/python3.12/site-packages/airflow/example_dags/example_bash_operator.py
[2024-07-02T23:55:42.381+0000] {processor.py:830} INFO - Processing file /home/airflow/.local/lib/python3.12/site-packages/airflow/example_dags/example_bash_operator.py for tasks to queue
[2024-07-02T23:55:42.383+0000] {logging_mixin.py:188} INFO - [2024-07-02T23:55:42.383+0000] {dagbag.py:545} INFO - Filling up the DagBag from /home/airflow/.local/lib/python3.12/site-packages/airflow/example_dags/example_bash_operator.py
[2024-07-02T23:55:42.396+0000] {processor.py:840} INFO - DAG(s) 'example_bash_operator' retrieved from /home/airflow/.local/lib/python3.12/site-packages/airflow/example_dags/example_bash_operator.py
[2024-07-02T23:55:42.490+0000] {logging_mixin.py:188} INFO - [2024-07-02T23:55:42.490+0000] {dag.py:3096} INFO - Sync 1 DAGs
[2024-07-02T23:55:42.516+0000] {logging_mixin.py:188} INFO - [2024-07-02T23:55:42.515+0000] {dag.py:3954} INFO - Setting next_dagrun for example_bash_operator to 2024-07-01 00:00:00+00:00, run_after=2024-07-02 00:00:00+00:00
[2024-07-02T23:55:42.534+0000] {processor.py:183} INFO - Processing /home/airflow/.local/lib/python3.12/site-packages/airflow/example_dags/example_bash_operator.py took 0.161 seconds
[2024-07-02T23:56:12.952+0000] {processor.py:161} INFO - Started process (PID=266) to work on /home/airflow/.local/lib/python3.12/site-packages/airflow/example_dags/example_bash_operator.py
[2024-07-02T23:56:12.953+0000] {processor.py:830} INFO - Processing file /home/airflow/.local/lib/python3.12/site-packages/airflow/example_dags/example_bash_operator.py for tasks to queue
[2024-07-02T23:56:12.955+0000] {logging_mixin.py:188} INFO - [2024-07-02T23:56:12.954+0000] {dagbag.py:545} INFO - Filling up the DagBag from /home/airflow/.local/lib/python3.12/site-packages/airflow/example_dags/example_bash_operator.py
[2024-07-02T23:56:12.968+0000] {processor.py:840} INFO - DAG(s) 'example_bash_operator' retrieved from /home/airflow/.local/lib/python3.12/site-packages/airflow/example_dags/example_bash_operator.py
[2024-07-02T23:56:13.002+0000] {logging_mixin.py:188} INFO - [2024-07-02T23:56:13.002+0000] {dag.py:3096} INFO - Sync 1 DAGs
[2024-07-02T23:56:13.025+0000] {logging_mixin.py:188} INFO - [2024-07-02T23:56:13.024+0000] {dag.py:3954} INFO - Setting next_dagrun for example_bash_operator to 2024-07-01 00:00:00+00:00, run_after=2024-07-02 00:00:00+00:00
[2024-07-02T23:56:13.042+0000] {processor.py:183} INFO - Processing /home/airflow/.local/lib/python3.12/site-packages/airflow/example_dags/example_bash_operator.py took 0.096 seconds
[2024-07-02T23:56:43.235+0000] {processor.py:161} INFO - Started process (PID=324) to work on /home/airflow/.local/lib/python3.12/site-packages/airflow/example_dags/example_bash_operator.py
[2024-07-02T23:56:43.236+0000] {processor.py:830} INFO - Processing file /home/airflow/.local/lib/python3.12/site-packages/airflow/example_dags/example_bash_operator.py for tasks to queue
[2024-07-02T23:56:43.238+0000] {logging_mixin.py:188} INFO - [2024-07-02T23:56:43.238+0000] {dagbag.py:545} INFO - Filling up the DagBag from /home/airflow/.local/lib/python3.12/site-packages/airflow/example_dags/example_bash_operator.py
[2024-07-02T23:56:43.249+0000] {processor.py:840} INFO - DAG(s) 'example_bash_operator' retrieved from /home/airflow/.local/lib/python3.12/site-packages/airflow/example_dags/example_bash_operator.py
[2024-07-02T23:56:43.279+0000] {logging_mixin.py:188} INFO - [2024-07-02T23:56:43.279+0000] {dag.py:3096} INFO - Sync 1 DAGs
[2024-07-02T23:56:43.302+0000] {logging_mixin.py:188} INFO - [2024-07-02T23:56:43.302+0000] {dag.py:3954} INFO - Setting next_dagrun for example_bash_operator to 2024-07-01 00:00:00+00:00, run_after=2024-07-02 00:00:00+00:00
[2024-07-02T23:56:43.319+0000] {processor.py:183} INFO - Processing /home/airflow/.local/lib/python3.12/site-packages/airflow/example_dags/example_bash_operator.py took 0.089 seconds
[2024-07-02T23:57:13.596+0000] {processor.py:161} INFO - Started process (PID=382) to work on /home/airflow/.local/lib/python3.12/site-packages/airflow/example_dags/example_bash_operator.py
[2024-07-02T23:57:13.597+0000] {processor.py:830} INFO - Processing file /home/airflow/.local/lib/python3.12/site-packages/airflow/example_dags/example_bash_operator.py for tasks to queue
[2024-07-02T23:57:13.599+0000] {logging_mixin.py:188} INFO - [2024-07-02T23:57:13.598+0000] {dagbag.py:545} INFO - Filling up the DagBag from /home/airflow/.local/lib/python3.12/site-packages/airflow/example_dags/example_bash_operator.py
[2024-07-02T23:57:13.610+0000] {processor.py:840} INFO - DAG(s) 'example_bash_operator' retrieved from /home/airflow/.local/lib/python3.12/site-packages/airflow/example_dags/example_bash_operator.py
[2024-07-02T23:57:13.638+0000] {logging_mixin.py:188} INFO - [2024-07-02T23:57:13.638+0000] {dag.py:3096} INFO - Sync 1 DAGs
[2024-07-02T23:57:13.659+0000] {logging_mixin.py:188} INFO - [2024-07-02T23:57:13.659+0000] {dag.py:3954} INFO - Setting next_dagrun for example_bash_operator to 2024-07-01 00:00:00+00:00, run_after=2024-07-02 00:00:00+00:00
[2024-07-02T23:57:13.677+0000] {processor.py:183} INFO - Processing /home/airflow/.local/lib/python3.12/site-packages/airflow/example_dags/example_bash_operator.py took 0.087 seconds
[2024-07-02T23:57:43.757+0000] {processor.py:161} INFO - Started process (PID=440) to work on /home/airflow/.local/lib/python3.12/site-packages/airflow/example_dags/example_bash_operator.py
[2024-07-02T23:57:43.758+0000] {processor.py:830} INFO - Processing file /home/airflow/.local/lib/python3.12/site-packages/airflow/example_dags/example_bash_operator.py for tasks to queue
[2024-07-02T23:57:43.760+0000] {logging_mixin.py:188} INFO - [2024-07-02T23:57:43.760+0000] {dagbag.py:545} INFO - Filling up the DagBag from /home/airflow/.local/lib/python3.12/site-packages/airflow/example_dags/example_bash_operator.py
[2024-07-02T23:57:43.773+0000] {processor.py:840} INFO - DAG(s) 'example_bash_operator' retrieved from /home/airflow/.local/lib/python3.12/site-packages/airflow/example_dags/example_bash_operator.py
[2024-07-02T23:57:43.817+0000] {logging_mixin.py:188} INFO - [2024-07-02T23:57:43.817+0000] {dag.py:3096} INFO - Sync 1 DAGs
[2024-07-02T23:57:43.853+0000] {logging_mixin.py:188} INFO - [2024-07-02T23:57:43.852+0000] {dag.py:3954} INFO - Setting next_dagrun for example_bash_operator to 2024-07-01 00:00:00+00:00, run_after=2024-07-02 00:00:00+00:00
[2024-07-02T23:57:43.874+0000] {processor.py:183} INFO - Processing /home/airflow/.local/lib/python3.12/site-packages/airflow/example_dags/example_bash_operator.py took 0.124 seconds
[2024-07-02T23:58:14.010+0000] {processor.py:161} INFO - Started process (PID=498) to work on /home/airflow/.local/lib/python3.12/site-packages/airflow/example_dags/example_bash_operator.py
[2024-07-02T23:58:14.011+0000] {processor.py:830} INFO - Processing file /home/airflow/.local/lib/python3.12/site-packages/airflow/example_dags/example_bash_operator.py for tasks to queue
[2024-07-02T23:58:14.013+0000] {logging_mixin.py:188} INFO - [2024-07-02T23:58:14.013+0000] {dagbag.py:545} INFO - Filling up the DagBag from /home/airflow/.local/lib/python3.12/site-packages/airflow/example_dags/example_bash_operator.py
[2024-07-02T23:58:14.024+0000] {processor.py:840} INFO - DAG(s) 'example_bash_operator' retrieved from /home/airflow/.local/lib/python3.12/site-packages/airflow/example_dags/example_bash_operator.py
[2024-07-02T23:58:14.053+0000] {logging_mixin.py:188} INFO - [2024-07-02T23:58:14.052+0000] {dag.py:3096} INFO - Sync 1 DAGs
[2024-07-02T23:58:14.083+0000] {logging_mixin.py:188} INFO - [2024-07-02T23:58:14.083+0000] {dag.py:3954} INFO - Setting next_dagrun for example_bash_operator to 2024-07-01 00:00:00+00:00, run_after=2024-07-02 00:00:00+00:00
[2024-07-02T23:58:14.105+0000] {processor.py:183} INFO - Processing /home/airflow/.local/lib/python3.12/site-packages/airflow/example_dags/example_bash_operator.py took 0.102 seconds
[2024-07-02T23:58:44.401+0000] {processor.py:161} INFO - Started process (PID=556) to work on /home/airflow/.local/lib/python3.12/site-packages/airflow/example_dags/example_bash_operator.py
[2024-07-02T23:58:44.464+0000] {processor.py:830} INFO - Processing file /home/airflow/.local/lib/python3.12/site-packages/airflow/example_dags/example_bash_operator.py for tasks to queue
[2024-07-02T23:58:44.466+0000] {logging_mixin.py:188} INFO - [2024-07-02T23:58:44.466+0000] {dagbag.py:545} INFO - Filling up the DagBag from /home/airflow/.local/lib/python3.12/site-packages/airflow/example_dags/example_bash_operator.py
[2024-07-02T23:58:44.477+0000] {processor.py:840} INFO - DAG(s) 'example_bash_operator' retrieved from /home/airflow/.local/lib/python3.12/site-packages/airflow/example_dags/example_bash_operator.py
[2024-07-02T23:58:45.375+0000] {logging_mixin.py:188} INFO - [2024-07-02T23:58:45.375+0000] {dag.py:3096} INFO - Sync 1 DAGs
[2024-07-02T23:58:45.985+0000] {logging_mixin.py:188} INFO - [2024-07-02T23:58:45.984+0000] {dag.py:3954} INFO - Setting next_dagrun for example_bash_operator to 2024-07-01 00:00:00+00:00, run_after=2024-07-02 00:00:00+00:00
[2024-07-02T23:58:46.298+0000] {processor.py:183} INFO - Processing /home/airflow/.local/lib/python3.12/site-packages/airflow/example_dags/example_bash_operator.py took 1.903 seconds
[2024-07-02T23:59:16.611+0000] {processor.py:161} INFO - Started process (PID=614) to work on /home/airflow/.local/lib/python3.12/site-packages/airflow/example_dags/example_bash_operator.py
[2024-07-02T23:59:16.612+0000] {processor.py:830} INFO - Processing file /home/airflow/.local/lib/python3.12/site-packages/airflow/example_dags/example_bash_operator.py for tasks to queue
[2024-07-02T23:59:16.614+0000] {logging_mixin.py:188} INFO - [2024-07-02T23:59:16.614+0000] {dagbag.py:545} INFO - Filling up the DagBag from /home/airflow/.local/lib/python3.12/site-packages/airflow/example_dags/example_bash_operator.py
[2024-07-02T23:59:16.626+0000] {processor.py:840} INFO - DAG(s) 'example_bash_operator' retrieved from /home/airflow/.local/lib/python3.12/site-packages/airflow/example_dags/example_bash_operator.py
[2024-07-02T23:59:16.654+0000] {logging_mixin.py:188} INFO - [2024-07-02T23:59:16.654+0000] {dag.py:3096} INFO - Sync 1 DAGs
[2024-07-02T23:59:16.681+0000] {logging_mixin.py:188} INFO - [2024-07-02T23:59:16.680+0000] {dag.py:3954} INFO - Setting next_dagrun for example_bash_operator to 2024-07-01 00:00:00+00:00, run_after=2024-07-02 00:00:00+00:00
[2024-07-02T23:59:16.703+0000] {processor.py:183} INFO - Processing /home/airflow/.local/lib/python3.12/site-packages/airflow/example_dags/example_bash_operator.py took 0.099 seconds
[2024-07-02T23:59:46.888+0000] {processor.py:161} INFO - Started process (PID=672) to work on /home/airflow/.local/lib/python3.12/site-packages/airflow/example_dags/example_bash_operator.py
[2024-07-02T23:59:46.889+0000] {processor.py:830} INFO - Processing file /home/airflow/.local/lib/python3.12/site-packages/airflow/example_dags/example_bash_operator.py for tasks to queue
[2024-07-02T23:59:46.891+0000] {logging_mixin.py:188} INFO - [2024-07-02T23:59:46.891+0000] {dagbag.py:545} INFO - Filling up the DagBag from /home/airflow/.local/lib/python3.12/site-packages/airflow/example_dags/example_bash_operator.py
[2024-07-02T23:59:46.904+0000] {processor.py:840} INFO - DAG(s) 'example_bash_operator' retrieved from /home/airflow/.local/lib/python3.12/site-packages/airflow/example_dags/example_bash_operator.py
[2024-07-02T23:59:46.933+0000] {logging_mixin.py:188} INFO - [2024-07-02T23:59:46.933+0000] {dag.py:3096} INFO - Sync 1 DAGs
[2024-07-02T23:59:46.955+0000] {logging_mixin.py:188} INFO - [2024-07-02T23:59:46.955+0000] {dag.py:3954} INFO - Setting next_dagrun for example_bash_operator to 2024-07-01 00:00:00+00:00, run_after=2024-07-02 00:00:00+00:00
[2024-07-02T23:59:46.975+0000] {processor.py:183} INFO - Processing /home/airflow/.local/lib/python3.12/site-packages/airflow/example_dags/example_bash_operator.py took 0.094 seconds
