[2024-07-02T23:55:13.370+0000] {processor.py:161} INFO - Started process (PID=159) to work on /home/airflow/.local/lib/python3.12/site-packages/airflow/example_dags/example_datasets.py
[2024-07-02T23:55:13.371+0000] {processor.py:830} INFO - Processing file /home/airflow/.local/lib/python3.12/site-packages/airflow/example_dags/example_datasets.py for tasks to queue
[2024-07-02T23:55:13.373+0000] {logging_mixin.py:188} INFO - [2024-07-02T23:55:13.372+0000] {dagbag.py:545} INFO - Filling up the DagBag from /home/airflow/.local/lib/python3.12/site-packages/airflow/example_dags/example_datasets.py
[2024-07-02T23:55:13.396+0000] {processor.py:840} INFO - DAG(s) 'consume_1_and_2_with_dataset_expressions', 'dataset_consumes_1', 'dataset_consumes_1_and_2', 'dataset_produces_1', 'conditional_dataset_and_time_based_timetable', 'dataset_produces_2', 'consume_1_or_2_with_dataset_expressions', 'dataset_consumes_unknown_never_scheduled', 'dataset_consumes_1_never_scheduled', 'consume_1_or_both_2_and_3_with_dataset_expressions' retrieved from /home/airflow/.local/lib/python3.12/site-packages/airflow/example_dags/example_datasets.py
[2024-07-02T23:55:13.547+0000] {logging_mixin.py:188} INFO - [2024-07-02T23:55:13.547+0000] {override.py:1829} INFO - Created Permission View: can read on DAG:consume_1_and_2_with_dataset_expressions
[2024-07-02T23:55:13.567+0000] {logging_mixin.py:188} INFO - [2024-07-02T23:55:13.566+0000] {override.py:1829} INFO - Created Permission View: can delete on DAG:consume_1_and_2_with_dataset_expressions
[2024-07-02T23:55:13.574+0000] {logging_mixin.py:188} INFO - [2024-07-02T23:55:13.574+0000] {override.py:1829} INFO - Created Permission View: can edit on DAG:consume_1_and_2_with_dataset_expressions
[2024-07-02T23:55:13.588+0000] {logging_mixin.py:188} INFO - [2024-07-02T23:55:13.588+0000] {override.py:1829} INFO - Created Permission View: can read on DAG:dataset_consumes_1
[2024-07-02T23:55:13.597+0000] {logging_mixin.py:188} INFO - [2024-07-02T23:55:13.596+0000] {override.py:1829} INFO - Created Permission View: can delete on DAG:dataset_consumes_1
[2024-07-02T23:55:13.604+0000] {logging_mixin.py:188} INFO - [2024-07-02T23:55:13.604+0000] {override.py:1829} INFO - Created Permission View: can edit on DAG:dataset_consumes_1
[2024-07-02T23:55:13.618+0000] {logging_mixin.py:188} INFO - [2024-07-02T23:55:13.617+0000] {override.py:1829} INFO - Created Permission View: can read on DAG:dataset_consumes_1_and_2
[2024-07-02T23:55:13.623+0000] {logging_mixin.py:188} INFO - [2024-07-02T23:55:13.623+0000] {override.py:1829} INFO - Created Permission View: can delete on DAG:dataset_consumes_1_and_2
[2024-07-02T23:55:13.628+0000] {logging_mixin.py:188} INFO - [2024-07-02T23:55:13.628+0000] {override.py:1829} INFO - Created Permission View: can edit on DAG:dataset_consumes_1_and_2
[2024-07-02T23:55:13.638+0000] {logging_mixin.py:188} INFO - [2024-07-02T23:55:13.638+0000] {override.py:1829} INFO - Created Permission View: can read on DAG:dataset_produces_1
[2024-07-02T23:55:13.644+0000] {logging_mixin.py:188} INFO - [2024-07-02T23:55:13.644+0000] {override.py:1829} INFO - Created Permission View: can delete on DAG:dataset_produces_1
[2024-07-02T23:55:13.668+0000] {logging_mixin.py:188} INFO - [2024-07-02T23:55:13.667+0000] {override.py:1829} INFO - Created Permission View: can edit on DAG:dataset_produces_1
[2024-07-02T23:55:13.686+0000] {logging_mixin.py:188} INFO - [2024-07-02T23:55:13.686+0000] {override.py:1829} INFO - Created Permission View: can read on DAG:conditional_dataset_and_time_based_timetable
[2024-07-02T23:55:13.694+0000] {logging_mixin.py:188} INFO - [2024-07-02T23:55:13.694+0000] {override.py:1829} INFO - Created Permission View: can delete on DAG:conditional_dataset_and_time_based_timetable
[2024-07-02T23:55:13.702+0000] {logging_mixin.py:188} INFO - [2024-07-02T23:55:13.702+0000] {override.py:1829} INFO - Created Permission View: can edit on DAG:conditional_dataset_and_time_based_timetable
[2024-07-02T23:55:13.713+0000] {logging_mixin.py:188} INFO - [2024-07-02T23:55:13.712+0000] {override.py:1829} INFO - Created Permission View: can read on DAG:dataset_produces_2
[2024-07-02T23:55:13.718+0000] {logging_mixin.py:188} INFO - [2024-07-02T23:55:13.718+0000] {override.py:1829} INFO - Created Permission View: can delete on DAG:dataset_produces_2
[2024-07-02T23:55:13.724+0000] {logging_mixin.py:188} INFO - [2024-07-02T23:55:13.723+0000] {override.py:1829} INFO - Created Permission View: can edit on DAG:dataset_produces_2
[2024-07-02T23:55:13.734+0000] {logging_mixin.py:188} INFO - [2024-07-02T23:55:13.734+0000] {override.py:1829} INFO - Created Permission View: can read on DAG:consume_1_or_2_with_dataset_expressions
[2024-07-02T23:55:13.740+0000] {logging_mixin.py:188} INFO - [2024-07-02T23:55:13.739+0000] {override.py:1829} INFO - Created Permission View: can delete on DAG:consume_1_or_2_with_dataset_expressions
[2024-07-02T23:55:13.745+0000] {logging_mixin.py:188} INFO - [2024-07-02T23:55:13.745+0000] {override.py:1829} INFO - Created Permission View: can edit on DAG:consume_1_or_2_with_dataset_expressions
[2024-07-02T23:55:13.757+0000] {logging_mixin.py:188} INFO - [2024-07-02T23:55:13.757+0000] {override.py:1829} INFO - Created Permission View: can read on DAG:dataset_consumes_unknown_never_scheduled
[2024-07-02T23:55:13.765+0000] {logging_mixin.py:188} INFO - [2024-07-02T23:55:13.765+0000] {override.py:1829} INFO - Created Permission View: can delete on DAG:dataset_consumes_unknown_never_scheduled
[2024-07-02T23:55:13.772+0000] {logging_mixin.py:188} INFO - [2024-07-02T23:55:13.772+0000] {override.py:1829} INFO - Created Permission View: can edit on DAG:dataset_consumes_unknown_never_scheduled
[2024-07-02T23:55:13.788+0000] {logging_mixin.py:188} INFO - [2024-07-02T23:55:13.787+0000] {override.py:1829} INFO - Created Permission View: can read on DAG:dataset_consumes_1_never_scheduled
[2024-07-02T23:55:13.795+0000] {logging_mixin.py:188} INFO - [2024-07-02T23:55:13.795+0000] {override.py:1829} INFO - Created Permission View: can delete on DAG:dataset_consumes_1_never_scheduled
[2024-07-02T23:55:13.803+0000] {logging_mixin.py:188} INFO - [2024-07-02T23:55:13.803+0000] {override.py:1829} INFO - Created Permission View: can edit on DAG:dataset_consumes_1_never_scheduled
[2024-07-02T23:55:13.819+0000] {logging_mixin.py:188} INFO - [2024-07-02T23:55:13.819+0000] {override.py:1829} INFO - Created Permission View: can read on DAG:consume_1_or_both_2_and_3_with_dataset_expressions
[2024-07-02T23:55:13.825+0000] {logging_mixin.py:188} INFO - [2024-07-02T23:55:13.824+0000] {override.py:1829} INFO - Created Permission View: can delete on DAG:consume_1_or_both_2_and_3_with_dataset_expressions
[2024-07-02T23:55:13.831+0000] {logging_mixin.py:188} INFO - [2024-07-02T23:55:13.830+0000] {override.py:1829} INFO - Created Permission View: can edit on DAG:consume_1_or_both_2_and_3_with_dataset_expressions
[2024-07-02T23:55:13.831+0000] {logging_mixin.py:188} INFO - [2024-07-02T23:55:13.831+0000] {dag.py:3096} INFO - Sync 10 DAGs
[2024-07-02T23:55:13.842+0000] {logging_mixin.py:188} INFO - [2024-07-02T23:55:13.842+0000] {dag.py:3118} INFO - Creating ORM DAG for conditional_dataset_and_time_based_timetable
[2024-07-02T23:55:13.843+0000] {logging_mixin.py:188} INFO - [2024-07-02T23:55:13.842+0000] {dag.py:3118} INFO - Creating ORM DAG for dataset_consumes_unknown_never_scheduled
[2024-07-02T23:55:13.843+0000] {logging_mixin.py:188} INFO - [2024-07-02T23:55:13.843+0000] {dag.py:3118} INFO - Creating ORM DAG for consume_1_and_2_with_dataset_expressions
[2024-07-02T23:55:13.844+0000] {logging_mixin.py:188} INFO - [2024-07-02T23:55:13.843+0000] {dag.py:3118} INFO - Creating ORM DAG for dataset_consumes_1_never_scheduled
[2024-07-02T23:55:13.844+0000] {logging_mixin.py:188} INFO - [2024-07-02T23:55:13.844+0000] {dag.py:3118} INFO - Creating ORM DAG for consume_1_or_both_2_and_3_with_dataset_expressions
[2024-07-02T23:55:13.845+0000] {logging_mixin.py:188} INFO - [2024-07-02T23:55:13.844+0000] {dag.py:3118} INFO - Creating ORM DAG for dataset_consumes_1_and_2
[2024-07-02T23:55:13.845+0000] {logging_mixin.py:188} INFO - [2024-07-02T23:55:13.845+0000] {dag.py:3118} INFO - Creating ORM DAG for consume_1_or_2_with_dataset_expressions
[2024-07-02T23:55:13.845+0000] {logging_mixin.py:188} INFO - [2024-07-02T23:55:13.845+0000] {dag.py:3118} INFO - Creating ORM DAG for dataset_consumes_1
[2024-07-02T23:55:13.846+0000] {logging_mixin.py:188} INFO - [2024-07-02T23:55:13.846+0000] {dag.py:3118} INFO - Creating ORM DAG for dataset_produces_1
[2024-07-02T23:55:13.846+0000] {logging_mixin.py:188} INFO - [2024-07-02T23:55:13.846+0000] {dag.py:3118} INFO - Creating ORM DAG for dataset_produces_2
[2024-07-02T23:55:13.856+0000] {logging_mixin.py:188} INFO - [2024-07-02T23:55:13.856+0000] {dag.py:3954} INFO - Setting next_dagrun for conditional_dataset_and_time_based_timetable to 2024-06-26 01:00:00+00:00, run_after=2024-06-26 01:00:00+00:00
[2024-07-02T23:55:13.857+0000] {logging_mixin.py:188} INFO - [2024-07-02T23:55:13.857+0000] {dag.py:3954} INFO - Setting next_dagrun for consume_1_and_2_with_dataset_expressions to None, run_after=None
[2024-07-02T23:55:13.857+0000] {logging_mixin.py:188} INFO - [2024-07-02T23:55:13.857+0000] {dag.py:3954} INFO - Setting next_dagrun for consume_1_or_2_with_dataset_expressions to None, run_after=None
[2024-07-02T23:55:13.857+0000] {logging_mixin.py:188} INFO - [2024-07-02T23:55:13.857+0000] {dag.py:3954} INFO - Setting next_dagrun for consume_1_or_both_2_and_3_with_dataset_expressions to None, run_after=None
[2024-07-02T23:55:13.858+0000] {logging_mixin.py:188} INFO - [2024-07-02T23:55:13.858+0000] {dag.py:3954} INFO - Setting next_dagrun for dataset_consumes_1 to None, run_after=None
[2024-07-02T23:55:13.858+0000] {logging_mixin.py:188} INFO - [2024-07-02T23:55:13.858+0000] {dag.py:3954} INFO - Setting next_dagrun for dataset_consumes_1_and_2 to None, run_after=None
[2024-07-02T23:55:13.859+0000] {logging_mixin.py:188} INFO - [2024-07-02T23:55:13.859+0000] {dag.py:3954} INFO - Setting next_dagrun for dataset_consumes_1_never_scheduled to None, run_after=None
[2024-07-02T23:55:13.859+0000] {logging_mixin.py:188} INFO - [2024-07-02T23:55:13.859+0000] {dag.py:3954} INFO - Setting next_dagrun for dataset_consumes_unknown_never_scheduled to None, run_after=None
[2024-07-02T23:55:13.861+0000] {logging_mixin.py:188} INFO - [2024-07-02T23:55:13.860+0000] {dag.py:3954} INFO - Setting next_dagrun for dataset_produces_1 to 2024-07-01 00:00:00+00:00, run_after=2024-07-02 00:00:00+00:00
[2024-07-02T23:55:13.861+0000] {logging_mixin.py:188} INFO - [2024-07-02T23:55:13.861+0000] {dag.py:3954} INFO - Setting next_dagrun for dataset_produces_2 to None, run_after=None
[2024-07-02T23:55:13.923+0000] {processor.py:183} INFO - Processing /home/airflow/.local/lib/python3.12/site-packages/airflow/example_dags/example_datasets.py took 0.559 seconds
[2024-07-02T23:55:44.328+0000] {processor.py:161} INFO - Started process (PID=217) to work on /home/airflow/.local/lib/python3.12/site-packages/airflow/example_dags/example_datasets.py
[2024-07-02T23:55:44.329+0000] {processor.py:830} INFO - Processing file /home/airflow/.local/lib/python3.12/site-packages/airflow/example_dags/example_datasets.py for tasks to queue
[2024-07-02T23:55:44.331+0000] {logging_mixin.py:188} INFO - [2024-07-02T23:55:44.330+0000] {dagbag.py:545} INFO - Filling up the DagBag from /home/airflow/.local/lib/python3.12/site-packages/airflow/example_dags/example_datasets.py
[2024-07-02T23:55:44.348+0000] {processor.py:840} INFO - DAG(s) 'dataset_consumes_1', 'dataset_produces_2', 'dataset_produces_1', 'dataset_consumes_1_and_2', 'conditional_dataset_and_time_based_timetable', 'consume_1_or_both_2_and_3_with_dataset_expressions', 'dataset_consumes_unknown_never_scheduled', 'dataset_consumes_1_never_scheduled', 'consume_1_and_2_with_dataset_expressions', 'consume_1_or_2_with_dataset_expressions' retrieved from /home/airflow/.local/lib/python3.12/site-packages/airflow/example_dags/example_datasets.py
[2024-07-02T23:55:44.400+0000] {logging_mixin.py:188} INFO - [2024-07-02T23:55:44.399+0000] {dag.py:3096} INFO - Sync 10 DAGs
[2024-07-02T23:55:44.432+0000] {logging_mixin.py:188} INFO - [2024-07-02T23:55:44.432+0000] {dag.py:3954} INFO - Setting next_dagrun for conditional_dataset_and_time_based_timetable to 2024-06-26 01:00:00+00:00, run_after=2024-06-26 01:00:00+00:00
[2024-07-02T23:55:44.438+0000] {logging_mixin.py:188} INFO - [2024-07-02T23:55:44.438+0000] {dag.py:3954} INFO - Setting next_dagrun for consume_1_and_2_with_dataset_expressions to None, run_after=None
[2024-07-02T23:55:44.439+0000] {logging_mixin.py:188} INFO - [2024-07-02T23:55:44.439+0000] {dag.py:3954} INFO - Setting next_dagrun for consume_1_or_2_with_dataset_expressions to None, run_after=None
[2024-07-02T23:55:44.440+0000] {logging_mixin.py:188} INFO - [2024-07-02T23:55:44.440+0000] {dag.py:3954} INFO - Setting next_dagrun for consume_1_or_both_2_and_3_with_dataset_expressions to None, run_after=None
[2024-07-02T23:55:44.441+0000] {logging_mixin.py:188} INFO - [2024-07-02T23:55:44.441+0000] {dag.py:3954} INFO - Setting next_dagrun for dataset_consumes_1 to None, run_after=None
[2024-07-02T23:55:44.442+0000] {logging_mixin.py:188} INFO - [2024-07-02T23:55:44.442+0000] {dag.py:3954} INFO - Setting next_dagrun for dataset_consumes_1_and_2 to None, run_after=None
[2024-07-02T23:55:44.443+0000] {logging_mixin.py:188} INFO - [2024-07-02T23:55:44.443+0000] {dag.py:3954} INFO - Setting next_dagrun for dataset_consumes_1_never_scheduled to None, run_after=None
[2024-07-02T23:55:44.444+0000] {logging_mixin.py:188} INFO - [2024-07-02T23:55:44.444+0000] {dag.py:3954} INFO - Setting next_dagrun for dataset_consumes_unknown_never_scheduled to None, run_after=None
[2024-07-02T23:55:44.447+0000] {logging_mixin.py:188} INFO - [2024-07-02T23:55:44.447+0000] {dag.py:3954} INFO - Setting next_dagrun for dataset_produces_1 to 2024-07-01 00:00:00+00:00, run_after=2024-07-02 00:00:00+00:00
[2024-07-02T23:55:44.448+0000] {logging_mixin.py:188} INFO - [2024-07-02T23:55:44.448+0000] {dag.py:3954} INFO - Setting next_dagrun for dataset_produces_2 to None, run_after=None
[2024-07-02T23:55:44.485+0000] {processor.py:183} INFO - Processing /home/airflow/.local/lib/python3.12/site-packages/airflow/example_dags/example_datasets.py took 0.164 seconds
[2024-07-02T23:56:14.526+0000] {processor.py:161} INFO - Started process (PID=274) to work on /home/airflow/.local/lib/python3.12/site-packages/airflow/example_dags/example_datasets.py
[2024-07-02T23:56:14.528+0000] {processor.py:830} INFO - Processing file /home/airflow/.local/lib/python3.12/site-packages/airflow/example_dags/example_datasets.py for tasks to queue
[2024-07-02T23:56:14.529+0000] {logging_mixin.py:188} INFO - [2024-07-02T23:56:14.529+0000] {dagbag.py:545} INFO - Filling up the DagBag from /home/airflow/.local/lib/python3.12/site-packages/airflow/example_dags/example_datasets.py
[2024-07-02T23:56:14.544+0000] {processor.py:840} INFO - DAG(s) 'dataset_produces_2', 'dataset_consumes_unknown_never_scheduled', 'dataset_produces_1', 'dataset_consumes_1', 'consume_1_or_both_2_and_3_with_dataset_expressions', 'dataset_consumes_1_and_2', 'dataset_consumes_1_never_scheduled', 'consume_1_or_2_with_dataset_expressions', 'consume_1_and_2_with_dataset_expressions', 'conditional_dataset_and_time_based_timetable' retrieved from /home/airflow/.local/lib/python3.12/site-packages/airflow/example_dags/example_datasets.py
[2024-07-02T23:56:14.602+0000] {logging_mixin.py:188} INFO - [2024-07-02T23:56:14.601+0000] {dag.py:3096} INFO - Sync 10 DAGs
[2024-07-02T23:56:14.625+0000] {logging_mixin.py:188} INFO - [2024-07-02T23:56:14.625+0000] {dag.py:3954} INFO - Setting next_dagrun for conditional_dataset_and_time_based_timetable to 2024-06-26 01:00:00+00:00, run_after=2024-06-26 01:00:00+00:00
[2024-07-02T23:56:14.628+0000] {logging_mixin.py:188} INFO - [2024-07-02T23:56:14.628+0000] {dag.py:3954} INFO - Setting next_dagrun for consume_1_and_2_with_dataset_expressions to None, run_after=None
[2024-07-02T23:56:14.629+0000] {logging_mixin.py:188} INFO - [2024-07-02T23:56:14.629+0000] {dag.py:3954} INFO - Setting next_dagrun for consume_1_or_2_with_dataset_expressions to None, run_after=None
[2024-07-02T23:56:14.630+0000] {logging_mixin.py:188} INFO - [2024-07-02T23:56:14.630+0000] {dag.py:3954} INFO - Setting next_dagrun for consume_1_or_both_2_and_3_with_dataset_expressions to None, run_after=None
[2024-07-02T23:56:14.631+0000] {logging_mixin.py:188} INFO - [2024-07-02T23:56:14.631+0000] {dag.py:3954} INFO - Setting next_dagrun for dataset_consumes_1 to None, run_after=None
[2024-07-02T23:56:14.632+0000] {logging_mixin.py:188} INFO - [2024-07-02T23:56:14.632+0000] {dag.py:3954} INFO - Setting next_dagrun for dataset_consumes_1_and_2 to None, run_after=None
[2024-07-02T23:56:14.633+0000] {logging_mixin.py:188} INFO - [2024-07-02T23:56:14.633+0000] {dag.py:3954} INFO - Setting next_dagrun for dataset_consumes_1_never_scheduled to None, run_after=None
[2024-07-02T23:56:14.634+0000] {logging_mixin.py:188} INFO - [2024-07-02T23:56:14.634+0000] {dag.py:3954} INFO - Setting next_dagrun for dataset_consumes_unknown_never_scheduled to None, run_after=None
[2024-07-02T23:56:14.636+0000] {logging_mixin.py:188} INFO - [2024-07-02T23:56:14.636+0000] {dag.py:3954} INFO - Setting next_dagrun for dataset_produces_1 to 2024-07-01 00:00:00+00:00, run_after=2024-07-02 00:00:00+00:00
[2024-07-02T23:56:14.637+0000] {logging_mixin.py:188} INFO - [2024-07-02T23:56:14.637+0000] {dag.py:3954} INFO - Setting next_dagrun for dataset_produces_2 to None, run_after=None
[2024-07-02T23:56:14.670+0000] {processor.py:183} INFO - Processing /home/airflow/.local/lib/python3.12/site-packages/airflow/example_dags/example_datasets.py took 0.149 seconds
[2024-07-02T23:56:44.728+0000] {processor.py:161} INFO - Started process (PID=332) to work on /home/airflow/.local/lib/python3.12/site-packages/airflow/example_dags/example_datasets.py
[2024-07-02T23:56:44.729+0000] {processor.py:830} INFO - Processing file /home/airflow/.local/lib/python3.12/site-packages/airflow/example_dags/example_datasets.py for tasks to queue
[2024-07-02T23:56:44.730+0000] {logging_mixin.py:188} INFO - [2024-07-02T23:56:44.730+0000] {dagbag.py:545} INFO - Filling up the DagBag from /home/airflow/.local/lib/python3.12/site-packages/airflow/example_dags/example_datasets.py
[2024-07-02T23:56:44.747+0000] {processor.py:840} INFO - DAG(s) 'consume_1_or_both_2_and_3_with_dataset_expressions', 'conditional_dataset_and_time_based_timetable', 'dataset_consumes_1_never_scheduled', 'consume_1_and_2_with_dataset_expressions', 'consume_1_or_2_with_dataset_expressions', 'dataset_consumes_unknown_never_scheduled', 'dataset_produces_2', 'dataset_consumes_1_and_2', 'dataset_consumes_1', 'dataset_produces_1' retrieved from /home/airflow/.local/lib/python3.12/site-packages/airflow/example_dags/example_datasets.py
[2024-07-02T23:56:44.804+0000] {logging_mixin.py:188} INFO - [2024-07-02T23:56:44.804+0000] {dag.py:3096} INFO - Sync 10 DAGs
[2024-07-02T23:56:44.830+0000] {logging_mixin.py:188} INFO - [2024-07-02T23:56:44.830+0000] {dag.py:3954} INFO - Setting next_dagrun for conditional_dataset_and_time_based_timetable to 2024-06-26 01:00:00+00:00, run_after=2024-06-26 01:00:00+00:00
[2024-07-02T23:56:44.833+0000] {logging_mixin.py:188} INFO - [2024-07-02T23:56:44.833+0000] {dag.py:3954} INFO - Setting next_dagrun for consume_1_and_2_with_dataset_expressions to None, run_after=None
[2024-07-02T23:56:44.835+0000] {logging_mixin.py:188} INFO - [2024-07-02T23:56:44.834+0000] {dag.py:3954} INFO - Setting next_dagrun for consume_1_or_2_with_dataset_expressions to None, run_after=None
[2024-07-02T23:56:44.836+0000] {logging_mixin.py:188} INFO - [2024-07-02T23:56:44.836+0000] {dag.py:3954} INFO - Setting next_dagrun for consume_1_or_both_2_and_3_with_dataset_expressions to None, run_after=None
[2024-07-02T23:56:44.837+0000] {logging_mixin.py:188} INFO - [2024-07-02T23:56:44.837+0000] {dag.py:3954} INFO - Setting next_dagrun for dataset_consumes_1 to None, run_after=None
[2024-07-02T23:56:44.838+0000] {logging_mixin.py:188} INFO - [2024-07-02T23:56:44.838+0000] {dag.py:3954} INFO - Setting next_dagrun for dataset_consumes_1_and_2 to None, run_after=None
[2024-07-02T23:56:44.839+0000] {logging_mixin.py:188} INFO - [2024-07-02T23:56:44.839+0000] {dag.py:3954} INFO - Setting next_dagrun for dataset_consumes_1_never_scheduled to None, run_after=None
[2024-07-02T23:56:44.841+0000] {logging_mixin.py:188} INFO - [2024-07-02T23:56:44.840+0000] {dag.py:3954} INFO - Setting next_dagrun for dataset_consumes_unknown_never_scheduled to None, run_after=None
[2024-07-02T23:56:44.843+0000] {logging_mixin.py:188} INFO - [2024-07-02T23:56:44.843+0000] {dag.py:3954} INFO - Setting next_dagrun for dataset_produces_1 to 2024-07-01 00:00:00+00:00, run_after=2024-07-02 00:00:00+00:00
[2024-07-02T23:56:44.844+0000] {logging_mixin.py:188} INFO - [2024-07-02T23:56:44.844+0000] {dag.py:3954} INFO - Setting next_dagrun for dataset_produces_2 to None, run_after=None
[2024-07-02T23:56:44.882+0000] {processor.py:183} INFO - Processing /home/airflow/.local/lib/python3.12/site-packages/airflow/example_dags/example_datasets.py took 0.161 seconds
[2024-07-02T23:57:15.134+0000] {processor.py:161} INFO - Started process (PID=390) to work on /home/airflow/.local/lib/python3.12/site-packages/airflow/example_dags/example_datasets.py
[2024-07-02T23:57:15.135+0000] {processor.py:830} INFO - Processing file /home/airflow/.local/lib/python3.12/site-packages/airflow/example_dags/example_datasets.py for tasks to queue
[2024-07-02T23:57:15.136+0000] {logging_mixin.py:188} INFO - [2024-07-02T23:57:15.136+0000] {dagbag.py:545} INFO - Filling up the DagBag from /home/airflow/.local/lib/python3.12/site-packages/airflow/example_dags/example_datasets.py
[2024-07-02T23:57:15.151+0000] {processor.py:840} INFO - DAG(s) 'consume_1_and_2_with_dataset_expressions', 'dataset_consumes_1_and_2', 'consume_1_or_both_2_and_3_with_dataset_expressions', 'dataset_consumes_1', 'dataset_consumes_unknown_never_scheduled', 'dataset_produces_1', 'dataset_produces_2', 'consume_1_or_2_with_dataset_expressions', 'conditional_dataset_and_time_based_timetable', 'dataset_consumes_1_never_scheduled' retrieved from /home/airflow/.local/lib/python3.12/site-packages/airflow/example_dags/example_datasets.py
[2024-07-02T23:57:15.203+0000] {logging_mixin.py:188} INFO - [2024-07-02T23:57:15.203+0000] {dag.py:3096} INFO - Sync 10 DAGs
[2024-07-02T23:57:15.233+0000] {logging_mixin.py:188} INFO - [2024-07-02T23:57:15.233+0000] {dag.py:3954} INFO - Setting next_dagrun for conditional_dataset_and_time_based_timetable to 2024-06-26 01:00:00+00:00, run_after=2024-06-26 01:00:00+00:00
[2024-07-02T23:57:15.238+0000] {logging_mixin.py:188} INFO - [2024-07-02T23:57:15.238+0000] {dag.py:3954} INFO - Setting next_dagrun for consume_1_and_2_with_dataset_expressions to None, run_after=None
[2024-07-02T23:57:15.239+0000] {logging_mixin.py:188} INFO - [2024-07-02T23:57:15.239+0000] {dag.py:3954} INFO - Setting next_dagrun for consume_1_or_2_with_dataset_expressions to None, run_after=None
[2024-07-02T23:57:15.240+0000] {logging_mixin.py:188} INFO - [2024-07-02T23:57:15.240+0000] {dag.py:3954} INFO - Setting next_dagrun for consume_1_or_both_2_and_3_with_dataset_expressions to None, run_after=None
[2024-07-02T23:57:15.242+0000] {logging_mixin.py:188} INFO - [2024-07-02T23:57:15.241+0000] {dag.py:3954} INFO - Setting next_dagrun for dataset_consumes_1 to None, run_after=None
[2024-07-02T23:57:15.243+0000] {logging_mixin.py:188} INFO - [2024-07-02T23:57:15.242+0000] {dag.py:3954} INFO - Setting next_dagrun for dataset_consumes_1_and_2 to None, run_after=None
[2024-07-02T23:57:15.244+0000] {logging_mixin.py:188} INFO - [2024-07-02T23:57:15.244+0000] {dag.py:3954} INFO - Setting next_dagrun for dataset_consumes_1_never_scheduled to None, run_after=None
[2024-07-02T23:57:15.245+0000] {logging_mixin.py:188} INFO - [2024-07-02T23:57:15.245+0000] {dag.py:3954} INFO - Setting next_dagrun for dataset_consumes_unknown_never_scheduled to None, run_after=None
[2024-07-02T23:57:15.247+0000] {logging_mixin.py:188} INFO - [2024-07-02T23:57:15.247+0000] {dag.py:3954} INFO - Setting next_dagrun for dataset_produces_1 to 2024-07-01 00:00:00+00:00, run_after=2024-07-02 00:00:00+00:00
[2024-07-02T23:57:15.248+0000] {logging_mixin.py:188} INFO - [2024-07-02T23:57:15.248+0000] {dag.py:3954} INFO - Setting next_dagrun for dataset_produces_2 to None, run_after=None
[2024-07-02T23:57:15.295+0000] {processor.py:183} INFO - Processing /home/airflow/.local/lib/python3.12/site-packages/airflow/example_dags/example_datasets.py took 0.167 seconds
[2024-07-02T23:57:45.354+0000] {processor.py:161} INFO - Started process (PID=448) to work on /home/airflow/.local/lib/python3.12/site-packages/airflow/example_dags/example_datasets.py
[2024-07-02T23:57:45.355+0000] {processor.py:830} INFO - Processing file /home/airflow/.local/lib/python3.12/site-packages/airflow/example_dags/example_datasets.py for tasks to queue
[2024-07-02T23:57:45.357+0000] {logging_mixin.py:188} INFO - [2024-07-02T23:57:45.357+0000] {dagbag.py:545} INFO - Filling up the DagBag from /home/airflow/.local/lib/python3.12/site-packages/airflow/example_dags/example_datasets.py
[2024-07-02T23:57:45.374+0000] {processor.py:840} INFO - DAG(s) 'dataset_produces_2', 'consume_1_or_2_with_dataset_expressions', 'dataset_consumes_1_never_scheduled', 'consume_1_or_both_2_and_3_with_dataset_expressions', 'consume_1_and_2_with_dataset_expressions', 'dataset_consumes_1_and_2', 'dataset_consumes_unknown_never_scheduled', 'conditional_dataset_and_time_based_timetable', 'dataset_produces_1', 'dataset_consumes_1' retrieved from /home/airflow/.local/lib/python3.12/site-packages/airflow/example_dags/example_datasets.py
[2024-07-02T23:57:45.449+0000] {logging_mixin.py:188} INFO - [2024-07-02T23:57:45.448+0000] {dag.py:3096} INFO - Sync 10 DAGs
[2024-07-02T23:57:45.487+0000] {logging_mixin.py:188} INFO - [2024-07-02T23:57:45.487+0000] {dag.py:3954} INFO - Setting next_dagrun for conditional_dataset_and_time_based_timetable to 2024-06-26 01:00:00+00:00, run_after=2024-06-26 01:00:00+00:00
[2024-07-02T23:57:45.494+0000] {logging_mixin.py:188} INFO - [2024-07-02T23:57:45.494+0000] {dag.py:3954} INFO - Setting next_dagrun for consume_1_and_2_with_dataset_expressions to None, run_after=None
[2024-07-02T23:57:45.497+0000] {logging_mixin.py:188} INFO - [2024-07-02T23:57:45.496+0000] {dag.py:3954} INFO - Setting next_dagrun for consume_1_or_2_with_dataset_expressions to None, run_after=None
[2024-07-02T23:57:45.498+0000] {logging_mixin.py:188} INFO - [2024-07-02T23:57:45.498+0000] {dag.py:3954} INFO - Setting next_dagrun for consume_1_or_both_2_and_3_with_dataset_expressions to None, run_after=None
[2024-07-02T23:57:45.500+0000] {logging_mixin.py:188} INFO - [2024-07-02T23:57:45.500+0000] {dag.py:3954} INFO - Setting next_dagrun for dataset_consumes_1 to None, run_after=None
[2024-07-02T23:57:45.501+0000] {logging_mixin.py:188} INFO - [2024-07-02T23:57:45.501+0000] {dag.py:3954} INFO - Setting next_dagrun for dataset_consumes_1_and_2 to None, run_after=None
[2024-07-02T23:57:45.503+0000] {logging_mixin.py:188} INFO - [2024-07-02T23:57:45.503+0000] {dag.py:3954} INFO - Setting next_dagrun for dataset_consumes_1_never_scheduled to None, run_after=None
[2024-07-02T23:57:45.504+0000] {logging_mixin.py:188} INFO - [2024-07-02T23:57:45.504+0000] {dag.py:3954} INFO - Setting next_dagrun for dataset_consumes_unknown_never_scheduled to None, run_after=None
[2024-07-02T23:57:45.507+0000] {logging_mixin.py:188} INFO - [2024-07-02T23:57:45.507+0000] {dag.py:3954} INFO - Setting next_dagrun for dataset_produces_1 to 2024-07-01 00:00:00+00:00, run_after=2024-07-02 00:00:00+00:00
[2024-07-02T23:57:45.508+0000] {logging_mixin.py:188} INFO - [2024-07-02T23:57:45.508+0000] {dag.py:3954} INFO - Setting next_dagrun for dataset_produces_2 to None, run_after=None
[2024-07-02T23:57:45.550+0000] {processor.py:183} INFO - Processing /home/airflow/.local/lib/python3.12/site-packages/airflow/example_dags/example_datasets.py took 0.201 seconds
[2024-07-02T23:58:15.676+0000] {processor.py:161} INFO - Started process (PID=506) to work on /home/airflow/.local/lib/python3.12/site-packages/airflow/example_dags/example_datasets.py
[2024-07-02T23:58:15.677+0000] {processor.py:830} INFO - Processing file /home/airflow/.local/lib/python3.12/site-packages/airflow/example_dags/example_datasets.py for tasks to queue
[2024-07-02T23:58:15.680+0000] {logging_mixin.py:188} INFO - [2024-07-02T23:58:15.679+0000] {dagbag.py:545} INFO - Filling up the DagBag from /home/airflow/.local/lib/python3.12/site-packages/airflow/example_dags/example_datasets.py
[2024-07-02T23:58:15.698+0000] {processor.py:840} INFO - DAG(s) 'consume_1_or_2_with_dataset_expressions', 'consume_1_or_both_2_and_3_with_dataset_expressions', 'dataset_consumes_unknown_never_scheduled', 'dataset_consumes_1_and_2', 'dataset_produces_2', 'dataset_produces_1', 'dataset_consumes_1_never_scheduled', 'dataset_consumes_1', 'consume_1_and_2_with_dataset_expressions', 'conditional_dataset_and_time_based_timetable' retrieved from /home/airflow/.local/lib/python3.12/site-packages/airflow/example_dags/example_datasets.py
[2024-07-02T23:58:15.765+0000] {logging_mixin.py:188} INFO - [2024-07-02T23:58:15.765+0000] {dag.py:3096} INFO - Sync 10 DAGs
[2024-07-02T23:58:15.805+0000] {logging_mixin.py:188} INFO - [2024-07-02T23:58:15.805+0000] {dag.py:3954} INFO - Setting next_dagrun for conditional_dataset_and_time_based_timetable to 2024-06-26 01:00:00+00:00, run_after=2024-06-26 01:00:00+00:00
[2024-07-02T23:58:15.809+0000] {logging_mixin.py:188} INFO - [2024-07-02T23:58:15.809+0000] {dag.py:3954} INFO - Setting next_dagrun for consume_1_and_2_with_dataset_expressions to None, run_after=None
[2024-07-02T23:58:15.811+0000] {logging_mixin.py:188} INFO - [2024-07-02T23:58:15.810+0000] {dag.py:3954} INFO - Setting next_dagrun for consume_1_or_2_with_dataset_expressions to None, run_after=None
[2024-07-02T23:58:15.812+0000] {logging_mixin.py:188} INFO - [2024-07-02T23:58:15.812+0000] {dag.py:3954} INFO - Setting next_dagrun for consume_1_or_both_2_and_3_with_dataset_expressions to None, run_after=None
[2024-07-02T23:58:15.813+0000] {logging_mixin.py:188} INFO - [2024-07-02T23:58:15.813+0000] {dag.py:3954} INFO - Setting next_dagrun for dataset_consumes_1 to None, run_after=None
[2024-07-02T23:58:15.815+0000] {logging_mixin.py:188} INFO - [2024-07-02T23:58:15.815+0000] {dag.py:3954} INFO - Setting next_dagrun for dataset_consumes_1_and_2 to None, run_after=None
[2024-07-02T23:58:15.816+0000] {logging_mixin.py:188} INFO - [2024-07-02T23:58:15.816+0000] {dag.py:3954} INFO - Setting next_dagrun for dataset_consumes_1_never_scheduled to None, run_after=None
[2024-07-02T23:58:15.818+0000] {logging_mixin.py:188} INFO - [2024-07-02T23:58:15.818+0000] {dag.py:3954} INFO - Setting next_dagrun for dataset_consumes_unknown_never_scheduled to None, run_after=None
[2024-07-02T23:58:15.821+0000] {logging_mixin.py:188} INFO - [2024-07-02T23:58:15.821+0000] {dag.py:3954} INFO - Setting next_dagrun for dataset_produces_1 to 2024-07-01 00:00:00+00:00, run_after=2024-07-02 00:00:00+00:00
[2024-07-02T23:58:15.822+0000] {logging_mixin.py:188} INFO - [2024-07-02T23:58:15.822+0000] {dag.py:3954} INFO - Setting next_dagrun for dataset_produces_2 to None, run_after=None
[2024-07-02T23:58:15.869+0000] {processor.py:183} INFO - Processing /home/airflow/.local/lib/python3.12/site-packages/airflow/example_dags/example_datasets.py took 0.201 seconds
[2024-07-02T23:58:49.981+0000] {processor.py:161} INFO - Started process (PID=565) to work on /home/airflow/.local/lib/python3.12/site-packages/airflow/example_dags/example_datasets.py
[2024-07-02T23:58:49.982+0000] {processor.py:830} INFO - Processing file /home/airflow/.local/lib/python3.12/site-packages/airflow/example_dags/example_datasets.py for tasks to queue
[2024-07-02T23:58:49.984+0000] {logging_mixin.py:188} INFO - [2024-07-02T23:58:49.983+0000] {dagbag.py:545} INFO - Filling up the DagBag from /home/airflow/.local/lib/python3.12/site-packages/airflow/example_dags/example_datasets.py
[2024-07-02T23:58:50.001+0000] {processor.py:840} INFO - DAG(s) 'dataset_produces_1', 'consume_1_or_both_2_and_3_with_dataset_expressions', 'dataset_consumes_unknown_never_scheduled', 'dataset_consumes_1_never_scheduled', 'dataset_consumes_1', 'consume_1_and_2_with_dataset_expressions', 'conditional_dataset_and_time_based_timetable', 'consume_1_or_2_with_dataset_expressions', 'dataset_consumes_1_and_2', 'dataset_produces_2' retrieved from /home/airflow/.local/lib/python3.12/site-packages/airflow/example_dags/example_datasets.py
[2024-07-02T23:58:50.865+0000] {logging_mixin.py:188} INFO - [2024-07-02T23:58:50.864+0000] {dag.py:3096} INFO - Sync 10 DAGs
[2024-07-02T23:58:51.470+0000] {logging_mixin.py:188} INFO - [2024-07-02T23:58:51.470+0000] {dag.py:3954} INFO - Setting next_dagrun for conditional_dataset_and_time_based_timetable to 2024-06-26 01:00:00+00:00, run_after=2024-06-26 01:00:00+00:00
[2024-07-02T23:58:51.481+0000] {logging_mixin.py:188} INFO - [2024-07-02T23:58:51.481+0000] {dag.py:3954} INFO - Setting next_dagrun for consume_1_and_2_with_dataset_expressions to None, run_after=None
[2024-07-02T23:58:51.484+0000] {logging_mixin.py:188} INFO - [2024-07-02T23:58:51.483+0000] {dag.py:3954} INFO - Setting next_dagrun for consume_1_or_2_with_dataset_expressions to None, run_after=None
[2024-07-02T23:58:51.485+0000] {logging_mixin.py:188} INFO - [2024-07-02T23:58:51.485+0000] {dag.py:3954} INFO - Setting next_dagrun for consume_1_or_both_2_and_3_with_dataset_expressions to None, run_after=None
[2024-07-02T23:58:51.487+0000] {logging_mixin.py:188} INFO - [2024-07-02T23:58:51.487+0000] {dag.py:3954} INFO - Setting next_dagrun for dataset_consumes_1 to None, run_after=None
[2024-07-02T23:58:51.489+0000] {logging_mixin.py:188} INFO - [2024-07-02T23:58:51.488+0000] {dag.py:3954} INFO - Setting next_dagrun for dataset_consumes_1_and_2 to None, run_after=None
[2024-07-02T23:58:51.490+0000] {logging_mixin.py:188} INFO - [2024-07-02T23:58:51.490+0000] {dag.py:3954} INFO - Setting next_dagrun for dataset_consumes_1_never_scheduled to None, run_after=None
[2024-07-02T23:58:51.492+0000] {logging_mixin.py:188} INFO - [2024-07-02T23:58:51.491+0000] {dag.py:3954} INFO - Setting next_dagrun for dataset_consumes_unknown_never_scheduled to None, run_after=None
[2024-07-02T23:58:51.495+0000] {logging_mixin.py:188} INFO - [2024-07-02T23:58:51.495+0000] {dag.py:3954} INFO - Setting next_dagrun for dataset_produces_1 to 2024-07-01 00:00:00+00:00, run_after=2024-07-02 00:00:00+00:00
[2024-07-02T23:58:51.502+0000] {logging_mixin.py:188} INFO - [2024-07-02T23:58:51.502+0000] {dag.py:3954} INFO - Setting next_dagrun for dataset_produces_2 to None, run_after=None
[2024-07-02T23:58:51.981+0000] {processor.py:183} INFO - Processing /home/airflow/.local/lib/python3.12/site-packages/airflow/example_dags/example_datasets.py took 2.006 seconds
[2024-07-02T23:59:22.295+0000] {processor.py:161} INFO - Started process (PID=622) to work on /home/airflow/.local/lib/python3.12/site-packages/airflow/example_dags/example_datasets.py
[2024-07-02T23:59:22.297+0000] {processor.py:830} INFO - Processing file /home/airflow/.local/lib/python3.12/site-packages/airflow/example_dags/example_datasets.py for tasks to queue
[2024-07-02T23:59:22.298+0000] {logging_mixin.py:188} INFO - [2024-07-02T23:59:22.298+0000] {dagbag.py:545} INFO - Filling up the DagBag from /home/airflow/.local/lib/python3.12/site-packages/airflow/example_dags/example_datasets.py
[2024-07-02T23:59:22.316+0000] {processor.py:840} INFO - DAG(s) 'consume_1_or_2_with_dataset_expressions', 'dataset_produces_1', 'consume_1_or_both_2_and_3_with_dataset_expressions', 'dataset_produces_2', 'dataset_consumes_unknown_never_scheduled', 'consume_1_and_2_with_dataset_expressions', 'dataset_consumes_1_never_scheduled', 'dataset_consumes_1', 'dataset_consumes_1_and_2', 'conditional_dataset_and_time_based_timetable' retrieved from /home/airflow/.local/lib/python3.12/site-packages/airflow/example_dags/example_datasets.py
[2024-07-02T23:59:22.363+0000] {logging_mixin.py:188} INFO - [2024-07-02T23:59:22.363+0000] {dag.py:3096} INFO - Sync 10 DAGs
[2024-07-02T23:59:22.389+0000] {logging_mixin.py:188} INFO - [2024-07-02T23:59:22.389+0000] {dag.py:3954} INFO - Setting next_dagrun for conditional_dataset_and_time_based_timetable to 2024-06-26 01:00:00+00:00, run_after=2024-06-26 01:00:00+00:00
[2024-07-02T23:59:22.393+0000] {logging_mixin.py:188} INFO - [2024-07-02T23:59:22.393+0000] {dag.py:3954} INFO - Setting next_dagrun for consume_1_and_2_with_dataset_expressions to None, run_after=None
[2024-07-02T23:59:22.394+0000] {logging_mixin.py:188} INFO - [2024-07-02T23:59:22.394+0000] {dag.py:3954} INFO - Setting next_dagrun for consume_1_or_2_with_dataset_expressions to None, run_after=None
[2024-07-02T23:59:22.395+0000] {logging_mixin.py:188} INFO - [2024-07-02T23:59:22.395+0000] {dag.py:3954} INFO - Setting next_dagrun for consume_1_or_both_2_and_3_with_dataset_expressions to None, run_after=None
[2024-07-02T23:59:22.396+0000] {logging_mixin.py:188} INFO - [2024-07-02T23:59:22.396+0000] {dag.py:3954} INFO - Setting next_dagrun for dataset_consumes_1 to None, run_after=None
[2024-07-02T23:59:22.397+0000] {logging_mixin.py:188} INFO - [2024-07-02T23:59:22.397+0000] {dag.py:3954} INFO - Setting next_dagrun for dataset_consumes_1_and_2 to None, run_after=None
[2024-07-02T23:59:22.398+0000] {logging_mixin.py:188} INFO - [2024-07-02T23:59:22.398+0000] {dag.py:3954} INFO - Setting next_dagrun for dataset_consumes_1_never_scheduled to None, run_after=None
[2024-07-02T23:59:22.399+0000] {logging_mixin.py:188} INFO - [2024-07-02T23:59:22.399+0000] {dag.py:3954} INFO - Setting next_dagrun for dataset_consumes_unknown_never_scheduled to None, run_after=None
[2024-07-02T23:59:22.401+0000] {logging_mixin.py:188} INFO - [2024-07-02T23:59:22.401+0000] {dag.py:3954} INFO - Setting next_dagrun for dataset_produces_1 to 2024-07-01 00:00:00+00:00, run_after=2024-07-02 00:00:00+00:00
[2024-07-02T23:59:22.402+0000] {logging_mixin.py:188} INFO - [2024-07-02T23:59:22.402+0000] {dag.py:3954} INFO - Setting next_dagrun for dataset_produces_2 to None, run_after=None
[2024-07-02T23:59:22.434+0000] {processor.py:183} INFO - Processing /home/airflow/.local/lib/python3.12/site-packages/airflow/example_dags/example_datasets.py took 0.144 seconds
[2024-07-02T23:59:52.462+0000] {processor.py:161} INFO - Started process (PID=680) to work on /home/airflow/.local/lib/python3.12/site-packages/airflow/example_dags/example_datasets.py
[2024-07-02T23:59:52.463+0000] {processor.py:830} INFO - Processing file /home/airflow/.local/lib/python3.12/site-packages/airflow/example_dags/example_datasets.py for tasks to queue
[2024-07-02T23:59:52.465+0000] {logging_mixin.py:188} INFO - [2024-07-02T23:59:52.464+0000] {dagbag.py:545} INFO - Filling up the DagBag from /home/airflow/.local/lib/python3.12/site-packages/airflow/example_dags/example_datasets.py
[2024-07-02T23:59:52.481+0000] {processor.py:840} INFO - DAG(s) 'dataset_consumes_1_and_2', 'consume_1_and_2_with_dataset_expressions', 'dataset_produces_1', 'dataset_consumes_1', 'consume_1_or_2_with_dataset_expressions', 'consume_1_or_both_2_and_3_with_dataset_expressions', 'dataset_produces_2', 'conditional_dataset_and_time_based_timetable', 'dataset_consumes_unknown_never_scheduled', 'dataset_consumes_1_never_scheduled' retrieved from /home/airflow/.local/lib/python3.12/site-packages/airflow/example_dags/example_datasets.py
[2024-07-02T23:59:52.529+0000] {logging_mixin.py:188} INFO - [2024-07-02T23:59:52.529+0000] {dag.py:3096} INFO - Sync 10 DAGs
[2024-07-02T23:59:52.554+0000] {logging_mixin.py:188} INFO - [2024-07-02T23:59:52.554+0000] {dag.py:3954} INFO - Setting next_dagrun for conditional_dataset_and_time_based_timetable to 2024-06-26 01:00:00+00:00, run_after=2024-06-26 01:00:00+00:00
[2024-07-02T23:59:52.557+0000] {logging_mixin.py:188} INFO - [2024-07-02T23:59:52.557+0000] {dag.py:3954} INFO - Setting next_dagrun for consume_1_and_2_with_dataset_expressions to None, run_after=None
[2024-07-02T23:59:52.558+0000] {logging_mixin.py:188} INFO - [2024-07-02T23:59:52.558+0000] {dag.py:3954} INFO - Setting next_dagrun for consume_1_or_2_with_dataset_expressions to None, run_after=None
[2024-07-02T23:59:52.559+0000] {logging_mixin.py:188} INFO - [2024-07-02T23:59:52.559+0000] {dag.py:3954} INFO - Setting next_dagrun for consume_1_or_both_2_and_3_with_dataset_expressions to None, run_after=None
[2024-07-02T23:59:52.560+0000] {logging_mixin.py:188} INFO - [2024-07-02T23:59:52.560+0000] {dag.py:3954} INFO - Setting next_dagrun for dataset_consumes_1 to None, run_after=None
[2024-07-02T23:59:52.561+0000] {logging_mixin.py:188} INFO - [2024-07-02T23:59:52.561+0000] {dag.py:3954} INFO - Setting next_dagrun for dataset_consumes_1_and_2 to None, run_after=None
[2024-07-02T23:59:52.562+0000] {logging_mixin.py:188} INFO - [2024-07-02T23:59:52.562+0000] {dag.py:3954} INFO - Setting next_dagrun for dataset_consumes_1_never_scheduled to None, run_after=None
[2024-07-02T23:59:52.563+0000] {logging_mixin.py:188} INFO - [2024-07-02T23:59:52.563+0000] {dag.py:3954} INFO - Setting next_dagrun for dataset_consumes_unknown_never_scheduled to None, run_after=None
[2024-07-02T23:59:52.566+0000] {logging_mixin.py:188} INFO - [2024-07-02T23:59:52.565+0000] {dag.py:3954} INFO - Setting next_dagrun for dataset_produces_1 to 2024-07-01 00:00:00+00:00, run_after=2024-07-02 00:00:00+00:00
[2024-07-02T23:59:52.567+0000] {logging_mixin.py:188} INFO - [2024-07-02T23:59:52.566+0000] {dag.py:3954} INFO - Setting next_dagrun for dataset_produces_2 to None, run_after=None
[2024-07-02T23:59:52.601+0000] {processor.py:183} INFO - Processing /home/airflow/.local/lib/python3.12/site-packages/airflow/example_dags/example_datasets.py took 0.145 seconds
