[2024-07-02T23:55:15.091+0000] {processor.py:161} INFO - Started process (PID=168) to work on /home/airflow/.local/lib/python3.12/site-packages/airflow/example_dags/example_nested_branch_dag.py
[2024-07-02T23:55:15.092+0000] {processor.py:830} INFO - Processing file /home/airflow/.local/lib/python3.12/site-packages/airflow/example_dags/example_nested_branch_dag.py for tasks to queue
[2024-07-02T23:55:15.094+0000] {logging_mixin.py:188} INFO - [2024-07-02T23:55:15.093+0000] {dagbag.py:545} INFO - Filling up the DagBag from /home/airflow/.local/lib/python3.12/site-packages/airflow/example_dags/example_nested_branch_dag.py
[2024-07-02T23:55:15.110+0000] {processor.py:840} INFO - DAG(s) 'example_nested_branch_dag' retrieved from /home/airflow/.local/lib/python3.12/site-packages/airflow/example_dags/example_nested_branch_dag.py
[2024-07-02T23:55:15.327+0000] {logging_mixin.py:188} INFO - [2024-07-02T23:55:15.326+0000] {override.py:1829} INFO - Created Permission View: can read on DAG:example_nested_branch_dag
[2024-07-02T23:55:15.335+0000] {logging_mixin.py:188} INFO - [2024-07-02T23:55:15.335+0000] {override.py:1829} INFO - Created Permission View: can delete on DAG:example_nested_branch_dag
[2024-07-02T23:55:15.340+0000] {logging_mixin.py:188} INFO - [2024-07-02T23:55:15.340+0000] {override.py:1829} INFO - Created Permission View: can edit on DAG:example_nested_branch_dag
[2024-07-02T23:55:15.340+0000] {logging_mixin.py:188} INFO - [2024-07-02T23:55:15.340+0000] {dag.py:3096} INFO - Sync 1 DAGs
[2024-07-02T23:55:15.350+0000] {logging_mixin.py:188} INFO - [2024-07-02T23:55:15.350+0000] {dag.py:3118} INFO - Creating ORM DAG for example_nested_branch_dag
[2024-07-02T23:55:15.359+0000] {logging_mixin.py:188} INFO - [2024-07-02T23:55:15.359+0000] {dag.py:3954} INFO - Setting next_dagrun for example_nested_branch_dag to 2024-07-01 00:00:00+00:00, run_after=2024-07-02 00:00:00+00:00
[2024-07-02T23:55:15.385+0000] {processor.py:183} INFO - Processing /home/airflow/.local/lib/python3.12/site-packages/airflow/example_dags/example_nested_branch_dag.py took 0.302 seconds
[2024-07-02T23:55:46.069+0000] {processor.py:161} INFO - Started process (PID=226) to work on /home/airflow/.local/lib/python3.12/site-packages/airflow/example_dags/example_nested_branch_dag.py
[2024-07-02T23:55:46.070+0000] {processor.py:830} INFO - Processing file /home/airflow/.local/lib/python3.12/site-packages/airflow/example_dags/example_nested_branch_dag.py for tasks to queue
[2024-07-02T23:55:46.072+0000] {logging_mixin.py:188} INFO - [2024-07-02T23:55:46.072+0000] {dagbag.py:545} INFO - Filling up the DagBag from /home/airflow/.local/lib/python3.12/site-packages/airflow/example_dags/example_nested_branch_dag.py
[2024-07-02T23:55:46.082+0000] {processor.py:840} INFO - DAG(s) 'example_nested_branch_dag' retrieved from /home/airflow/.local/lib/python3.12/site-packages/airflow/example_dags/example_nested_branch_dag.py
[2024-07-02T23:55:46.107+0000] {logging_mixin.py:188} INFO - [2024-07-02T23:55:46.107+0000] {dag.py:3096} INFO - Sync 1 DAGs
[2024-07-02T23:55:46.132+0000] {logging_mixin.py:188} INFO - [2024-07-02T23:55:46.132+0000] {dag.py:3954} INFO - Setting next_dagrun for example_nested_branch_dag to 2024-07-01 00:00:00+00:00, run_after=2024-07-02 00:00:00+00:00
[2024-07-02T23:55:46.151+0000] {processor.py:183} INFO - Processing /home/airflow/.local/lib/python3.12/site-packages/airflow/example_dags/example_nested_branch_dag.py took 0.087 seconds
[2024-07-02T23:56:16.369+0000] {processor.py:161} INFO - Started process (PID=284) to work on /home/airflow/.local/lib/python3.12/site-packages/airflow/example_dags/example_nested_branch_dag.py
[2024-07-02T23:56:16.370+0000] {processor.py:830} INFO - Processing file /home/airflow/.local/lib/python3.12/site-packages/airflow/example_dags/example_nested_branch_dag.py for tasks to queue
[2024-07-02T23:56:16.372+0000] {logging_mixin.py:188} INFO - [2024-07-02T23:56:16.372+0000] {dagbag.py:545} INFO - Filling up the DagBag from /home/airflow/.local/lib/python3.12/site-packages/airflow/example_dags/example_nested_branch_dag.py
[2024-07-02T23:56:16.383+0000] {processor.py:840} INFO - DAG(s) 'example_nested_branch_dag' retrieved from /home/airflow/.local/lib/python3.12/site-packages/airflow/example_dags/example_nested_branch_dag.py
[2024-07-02T23:56:16.406+0000] {logging_mixin.py:188} INFO - [2024-07-02T23:56:16.406+0000] {dag.py:3096} INFO - Sync 1 DAGs
[2024-07-02T23:56:16.428+0000] {logging_mixin.py:188} INFO - [2024-07-02T23:56:16.428+0000] {dag.py:3954} INFO - Setting next_dagrun for example_nested_branch_dag to 2024-07-01 00:00:00+00:00, run_after=2024-07-02 00:00:00+00:00
[2024-07-02T23:56:16.446+0000] {processor.py:183} INFO - Processing /home/airflow/.local/lib/python3.12/site-packages/airflow/example_dags/example_nested_branch_dag.py took 0.082 seconds
[2024-07-02T23:56:46.592+0000] {processor.py:161} INFO - Started process (PID=342) to work on /home/airflow/.local/lib/python3.12/site-packages/airflow/example_dags/example_nested_branch_dag.py
[2024-07-02T23:56:46.593+0000] {processor.py:830} INFO - Processing file /home/airflow/.local/lib/python3.12/site-packages/airflow/example_dags/example_nested_branch_dag.py for tasks to queue
[2024-07-02T23:56:46.595+0000] {logging_mixin.py:188} INFO - [2024-07-02T23:56:46.595+0000] {dagbag.py:545} INFO - Filling up the DagBag from /home/airflow/.local/lib/python3.12/site-packages/airflow/example_dags/example_nested_branch_dag.py
[2024-07-02T23:56:46.606+0000] {processor.py:840} INFO - DAG(s) 'example_nested_branch_dag' retrieved from /home/airflow/.local/lib/python3.12/site-packages/airflow/example_dags/example_nested_branch_dag.py
[2024-07-02T23:56:46.632+0000] {logging_mixin.py:188} INFO - [2024-07-02T23:56:46.631+0000] {dag.py:3096} INFO - Sync 1 DAGs
[2024-07-02T23:56:46.660+0000] {logging_mixin.py:188} INFO - [2024-07-02T23:56:46.660+0000] {dag.py:3954} INFO - Setting next_dagrun for example_nested_branch_dag to 2024-07-01 00:00:00+00:00, run_after=2024-07-02 00:00:00+00:00
[2024-07-02T23:56:46.683+0000] {processor.py:183} INFO - Processing /home/airflow/.local/lib/python3.12/site-packages/airflow/example_dags/example_nested_branch_dag.py took 0.097 seconds
[2024-07-02T23:57:16.953+0000] {processor.py:161} INFO - Started process (PID=400) to work on /home/airflow/.local/lib/python3.12/site-packages/airflow/example_dags/example_nested_branch_dag.py
[2024-07-02T23:57:16.954+0000] {processor.py:830} INFO - Processing file /home/airflow/.local/lib/python3.12/site-packages/airflow/example_dags/example_nested_branch_dag.py for tasks to queue
[2024-07-02T23:57:16.956+0000] {logging_mixin.py:188} INFO - [2024-07-02T23:57:16.956+0000] {dagbag.py:545} INFO - Filling up the DagBag from /home/airflow/.local/lib/python3.12/site-packages/airflow/example_dags/example_nested_branch_dag.py
[2024-07-02T23:57:16.968+0000] {processor.py:840} INFO - DAG(s) 'example_nested_branch_dag' retrieved from /home/airflow/.local/lib/python3.12/site-packages/airflow/example_dags/example_nested_branch_dag.py
[2024-07-02T23:57:16.994+0000] {logging_mixin.py:188} INFO - [2024-07-02T23:57:16.994+0000] {dag.py:3096} INFO - Sync 1 DAGs
[2024-07-02T23:57:17.022+0000] {logging_mixin.py:188} INFO - [2024-07-02T23:57:17.022+0000] {dag.py:3954} INFO - Setting next_dagrun for example_nested_branch_dag to 2024-07-01 00:00:00+00:00, run_after=2024-07-02 00:00:00+00:00
[2024-07-02T23:57:17.046+0000] {processor.py:183} INFO - Processing /home/airflow/.local/lib/python3.12/site-packages/airflow/example_dags/example_nested_branch_dag.py took 0.099 seconds
[2024-07-02T23:57:47.172+0000] {processor.py:161} INFO - Started process (PID=458) to work on /home/airflow/.local/lib/python3.12/site-packages/airflow/example_dags/example_nested_branch_dag.py
[2024-07-02T23:57:47.173+0000] {processor.py:830} INFO - Processing file /home/airflow/.local/lib/python3.12/site-packages/airflow/example_dags/example_nested_branch_dag.py for tasks to queue
[2024-07-02T23:57:47.175+0000] {logging_mixin.py:188} INFO - [2024-07-02T23:57:47.175+0000] {dagbag.py:545} INFO - Filling up the DagBag from /home/airflow/.local/lib/python3.12/site-packages/airflow/example_dags/example_nested_branch_dag.py
[2024-07-02T23:57:47.187+0000] {processor.py:840} INFO - DAG(s) 'example_nested_branch_dag' retrieved from /home/airflow/.local/lib/python3.12/site-packages/airflow/example_dags/example_nested_branch_dag.py
[2024-07-02T23:57:47.216+0000] {logging_mixin.py:188} INFO - [2024-07-02T23:57:47.216+0000] {dag.py:3096} INFO - Sync 1 DAGs
[2024-07-02T23:57:47.242+0000] {logging_mixin.py:188} INFO - [2024-07-02T23:57:47.242+0000] {dag.py:3954} INFO - Setting next_dagrun for example_nested_branch_dag to 2024-07-01 00:00:00+00:00, run_after=2024-07-02 00:00:00+00:00
[2024-07-02T23:57:47.261+0000] {processor.py:183} INFO - Processing /home/airflow/.local/lib/python3.12/site-packages/airflow/example_dags/example_nested_branch_dag.py took 0.096 seconds
[2024-07-02T23:58:17.572+0000] {processor.py:161} INFO - Started process (PID=516) to work on /home/airflow/.local/lib/python3.12/site-packages/airflow/example_dags/example_nested_branch_dag.py
[2024-07-02T23:58:17.573+0000] {processor.py:830} INFO - Processing file /home/airflow/.local/lib/python3.12/site-packages/airflow/example_dags/example_nested_branch_dag.py for tasks to queue
[2024-07-02T23:58:17.576+0000] {logging_mixin.py:188} INFO - [2024-07-02T23:58:17.575+0000] {dagbag.py:545} INFO - Filling up the DagBag from /home/airflow/.local/lib/python3.12/site-packages/airflow/example_dags/example_nested_branch_dag.py
[2024-07-02T23:58:17.588+0000] {processor.py:840} INFO - DAG(s) 'example_nested_branch_dag' retrieved from /home/airflow/.local/lib/python3.12/site-packages/airflow/example_dags/example_nested_branch_dag.py
[2024-07-02T23:58:17.616+0000] {logging_mixin.py:188} INFO - [2024-07-02T23:58:17.616+0000] {dag.py:3096} INFO - Sync 1 DAGs
[2024-07-02T23:58:17.640+0000] {logging_mixin.py:188} INFO - [2024-07-02T23:58:17.640+0000] {dag.py:3954} INFO - Setting next_dagrun for example_nested_branch_dag to 2024-07-01 00:00:00+00:00, run_after=2024-07-02 00:00:00+00:00
[2024-07-02T23:58:17.657+0000] {processor.py:183} INFO - Processing /home/airflow/.local/lib/python3.12/site-packages/airflow/example_dags/example_nested_branch_dag.py took 0.092 seconds
[2024-07-02T23:58:55.011+0000] {processor.py:161} INFO - Started process (PID=580) to work on /home/airflow/.local/lib/python3.12/site-packages/airflow/example_dags/example_nested_branch_dag.py
[2024-07-02T23:58:55.012+0000] {processor.py:830} INFO - Processing file /home/airflow/.local/lib/python3.12/site-packages/airflow/example_dags/example_nested_branch_dag.py for tasks to queue
[2024-07-02T23:58:55.014+0000] {logging_mixin.py:188} INFO - [2024-07-02T23:58:55.014+0000] {dagbag.py:545} INFO - Filling up the DagBag from /home/airflow/.local/lib/python3.12/site-packages/airflow/example_dags/example_nested_branch_dag.py
[2024-07-02T23:58:55.025+0000] {processor.py:840} INFO - DAG(s) 'example_nested_branch_dag' retrieved from /home/airflow/.local/lib/python3.12/site-packages/airflow/example_dags/example_nested_branch_dag.py
[2024-07-02T23:58:55.050+0000] {logging_mixin.py:188} INFO - [2024-07-02T23:58:55.050+0000] {dag.py:3096} INFO - Sync 1 DAGs
[2024-07-02T23:58:55.076+0000] {logging_mixin.py:188} INFO - [2024-07-02T23:58:55.076+0000] {dag.py:3954} INFO - Setting next_dagrun for example_nested_branch_dag to 2024-07-01 00:00:00+00:00, run_after=2024-07-02 00:00:00+00:00
[2024-07-02T23:58:55.097+0000] {processor.py:183} INFO - Processing /home/airflow/.local/lib/python3.12/site-packages/airflow/example_dags/example_nested_branch_dag.py took 0.093 seconds
[2024-07-02T23:59:25.427+0000] {processor.py:161} INFO - Started process (PID=638) to work on /home/airflow/.local/lib/python3.12/site-packages/airflow/example_dags/example_nested_branch_dag.py
[2024-07-02T23:59:25.428+0000] {processor.py:830} INFO - Processing file /home/airflow/.local/lib/python3.12/site-packages/airflow/example_dags/example_nested_branch_dag.py for tasks to queue
[2024-07-02T23:59:25.430+0000] {logging_mixin.py:188} INFO - [2024-07-02T23:59:25.430+0000] {dagbag.py:545} INFO - Filling up the DagBag from /home/airflow/.local/lib/python3.12/site-packages/airflow/example_dags/example_nested_branch_dag.py
[2024-07-02T23:59:25.440+0000] {processor.py:840} INFO - DAG(s) 'example_nested_branch_dag' retrieved from /home/airflow/.local/lib/python3.12/site-packages/airflow/example_dags/example_nested_branch_dag.py
[2024-07-02T23:59:25.471+0000] {logging_mixin.py:188} INFO - [2024-07-02T23:59:25.471+0000] {dag.py:3096} INFO - Sync 1 DAGs
[2024-07-02T23:59:25.504+0000] {logging_mixin.py:188} INFO - [2024-07-02T23:59:25.504+0000] {dag.py:3954} INFO - Setting next_dagrun for example_nested_branch_dag to 2024-07-01 00:00:00+00:00, run_after=2024-07-02 00:00:00+00:00
[2024-07-02T23:59:25.527+0000] {processor.py:183} INFO - Processing /home/airflow/.local/lib/python3.12/site-packages/airflow/example_dags/example_nested_branch_dag.py took 0.107 seconds
[2024-07-02T23:59:56.372+0000] {processor.py:161} INFO - Started process (PID=696) to work on /home/airflow/.local/lib/python3.12/site-packages/airflow/example_dags/example_nested_branch_dag.py
[2024-07-02T23:59:56.373+0000] {processor.py:830} INFO - Processing file /home/airflow/.local/lib/python3.12/site-packages/airflow/example_dags/example_nested_branch_dag.py for tasks to queue
[2024-07-02T23:59:56.375+0000] {logging_mixin.py:188} INFO - [2024-07-02T23:59:56.375+0000] {dagbag.py:545} INFO - Filling up the DagBag from /home/airflow/.local/lib/python3.12/site-packages/airflow/example_dags/example_nested_branch_dag.py
[2024-07-02T23:59:56.389+0000] {processor.py:840} INFO - DAG(s) 'example_nested_branch_dag' retrieved from /home/airflow/.local/lib/python3.12/site-packages/airflow/example_dags/example_nested_branch_dag.py
[2024-07-02T23:59:56.416+0000] {logging_mixin.py:188} INFO - [2024-07-02T23:59:56.416+0000] {dag.py:3096} INFO - Sync 1 DAGs
[2024-07-02T23:59:56.442+0000] {logging_mixin.py:188} INFO - [2024-07-02T23:59:56.442+0000] {dag.py:3954} INFO - Setting next_dagrun for example_nested_branch_dag to 2024-07-01 00:00:00+00:00, run_after=2024-07-02 00:00:00+00:00
[2024-07-02T23:59:56.461+0000] {processor.py:183} INFO - Processing /home/airflow/.local/lib/python3.12/site-packages/airflow/example_dags/example_nested_branch_dag.py took 0.104 seconds
