[2024-07-02T23:55:16.018+0000] {processor.py:161} INFO - Started process (PID=173) to work on /home/airflow/.local/lib/python3.12/site-packages/airflow/example_dags/example_python_operator.py
[2024-07-02T23:55:16.019+0000] {processor.py:830} INFO - Processing file /home/airflow/.local/lib/python3.12/site-packages/airflow/example_dags/example_python_operator.py for tasks to queue
[2024-07-02T23:55:16.021+0000] {logging_mixin.py:188} INFO - [2024-07-02T23:55:16.020+0000] {dagbag.py:545} INFO - Filling up the DagBag from /home/airflow/.local/lib/python3.12/site-packages/airflow/example_dags/example_python_operator.py
[2024-07-02T23:55:16.036+0000] {processor.py:840} INFO - DAG(s) 'example_python_operator' retrieved from /home/airflow/.local/lib/python3.12/site-packages/airflow/example_dags/example_python_operator.py
[2024-07-02T23:55:16.197+0000] {logging_mixin.py:188} INFO - [2024-07-02T23:55:16.197+0000] {override.py:1829} INFO - Created Permission View: can read on DAG:example_python_operator
[2024-07-02T23:55:16.207+0000] {logging_mixin.py:188} INFO - [2024-07-02T23:55:16.207+0000] {override.py:1829} INFO - Created Permission View: can delete on DAG:example_python_operator
[2024-07-02T23:55:16.213+0000] {logging_mixin.py:188} INFO - [2024-07-02T23:55:16.213+0000] {override.py:1829} INFO - Created Permission View: can edit on DAG:example_python_operator
[2024-07-02T23:55:16.214+0000] {logging_mixin.py:188} INFO - [2024-07-02T23:55:16.214+0000] {dag.py:3096} INFO - Sync 1 DAGs
[2024-07-02T23:55:16.227+0000] {logging_mixin.py:188} INFO - [2024-07-02T23:55:16.227+0000] {dag.py:3118} INFO - Creating ORM DAG for example_python_operator
[2024-07-02T23:55:16.228+0000] {logging_mixin.py:188} INFO - [2024-07-02T23:55:16.228+0000] {dag.py:3954} INFO - Setting next_dagrun for example_python_operator to None, run_after=None
[2024-07-02T23:55:16.257+0000] {processor.py:183} INFO - Processing /home/airflow/.local/lib/python3.12/site-packages/airflow/example_dags/example_python_operator.py took 0.246 seconds
[2024-07-02T23:55:46.447+0000] {processor.py:161} INFO - Started process (PID=231) to work on /home/airflow/.local/lib/python3.12/site-packages/airflow/example_dags/example_python_operator.py
[2024-07-02T23:55:46.448+0000] {processor.py:830} INFO - Processing file /home/airflow/.local/lib/python3.12/site-packages/airflow/example_dags/example_python_operator.py for tasks to queue
[2024-07-02T23:55:46.449+0000] {logging_mixin.py:188} INFO - [2024-07-02T23:55:46.449+0000] {dagbag.py:545} INFO - Filling up the DagBag from /home/airflow/.local/lib/python3.12/site-packages/airflow/example_dags/example_python_operator.py
[2024-07-02T23:55:46.474+0000] {processor.py:840} INFO - DAG(s) 'example_python_operator' retrieved from /home/airflow/.local/lib/python3.12/site-packages/airflow/example_dags/example_python_operator.py
[2024-07-02T23:55:46.500+0000] {logging_mixin.py:188} INFO - [2024-07-02T23:55:46.500+0000] {dag.py:3096} INFO - Sync 1 DAGs
[2024-07-02T23:55:46.517+0000] {logging_mixin.py:188} INFO - [2024-07-02T23:55:46.516+0000] {dag.py:3954} INFO - Setting next_dagrun for example_python_operator to None, run_after=None
[2024-07-02T23:55:46.535+0000] {processor.py:183} INFO - Processing /home/airflow/.local/lib/python3.12/site-packages/airflow/example_dags/example_python_operator.py took 0.094 seconds
[2024-07-02T23:56:16.637+0000] {processor.py:161} INFO - Started process (PID=289) to work on /home/airflow/.local/lib/python3.12/site-packages/airflow/example_dags/example_python_operator.py
[2024-07-02T23:56:16.638+0000] {processor.py:830} INFO - Processing file /home/airflow/.local/lib/python3.12/site-packages/airflow/example_dags/example_python_operator.py for tasks to queue
[2024-07-02T23:56:16.640+0000] {logging_mixin.py:188} INFO - [2024-07-02T23:56:16.639+0000] {dagbag.py:545} INFO - Filling up the DagBag from /home/airflow/.local/lib/python3.12/site-packages/airflow/example_dags/example_python_operator.py
[2024-07-02T23:56:16.652+0000] {processor.py:840} INFO - DAG(s) 'example_python_operator' retrieved from /home/airflow/.local/lib/python3.12/site-packages/airflow/example_dags/example_python_operator.py
[2024-07-02T23:56:16.678+0000] {logging_mixin.py:188} INFO - [2024-07-02T23:56:16.677+0000] {dag.py:3096} INFO - Sync 1 DAGs
[2024-07-02T23:56:16.692+0000] {logging_mixin.py:188} INFO - [2024-07-02T23:56:16.691+0000] {dag.py:3954} INFO - Setting next_dagrun for example_python_operator to None, run_after=None
[2024-07-02T23:56:16.709+0000] {processor.py:183} INFO - Processing /home/airflow/.local/lib/python3.12/site-packages/airflow/example_dags/example_python_operator.py took 0.078 seconds
[2024-07-02T23:56:46.906+0000] {processor.py:161} INFO - Started process (PID=347) to work on /home/airflow/.local/lib/python3.12/site-packages/airflow/example_dags/example_python_operator.py
[2024-07-02T23:56:46.907+0000] {processor.py:830} INFO - Processing file /home/airflow/.local/lib/python3.12/site-packages/airflow/example_dags/example_python_operator.py for tasks to queue
[2024-07-02T23:56:46.909+0000] {logging_mixin.py:188} INFO - [2024-07-02T23:56:46.909+0000] {dagbag.py:545} INFO - Filling up the DagBag from /home/airflow/.local/lib/python3.12/site-packages/airflow/example_dags/example_python_operator.py
[2024-07-02T23:56:46.924+0000] {processor.py:840} INFO - DAG(s) 'example_python_operator' retrieved from /home/airflow/.local/lib/python3.12/site-packages/airflow/example_dags/example_python_operator.py
[2024-07-02T23:56:46.950+0000] {logging_mixin.py:188} INFO - [2024-07-02T23:56:46.950+0000] {dag.py:3096} INFO - Sync 1 DAGs
[2024-07-02T23:56:46.964+0000] {logging_mixin.py:188} INFO - [2024-07-02T23:56:46.964+0000] {dag.py:3954} INFO - Setting next_dagrun for example_python_operator to None, run_after=None
[2024-07-02T23:56:46.987+0000] {processor.py:183} INFO - Processing /home/airflow/.local/lib/python3.12/site-packages/airflow/example_dags/example_python_operator.py took 0.088 seconds
[2024-07-02T23:57:17.411+0000] {processor.py:161} INFO - Started process (PID=405) to work on /home/airflow/.local/lib/python3.12/site-packages/airflow/example_dags/example_python_operator.py
[2024-07-02T23:57:17.413+0000] {processor.py:830} INFO - Processing file /home/airflow/.local/lib/python3.12/site-packages/airflow/example_dags/example_python_operator.py for tasks to queue
[2024-07-02T23:57:17.415+0000] {logging_mixin.py:188} INFO - [2024-07-02T23:57:17.414+0000] {dagbag.py:545} INFO - Filling up the DagBag from /home/airflow/.local/lib/python3.12/site-packages/airflow/example_dags/example_python_operator.py
[2024-07-02T23:57:17.428+0000] {processor.py:840} INFO - DAG(s) 'example_python_operator' retrieved from /home/airflow/.local/lib/python3.12/site-packages/airflow/example_dags/example_python_operator.py
[2024-07-02T23:57:17.468+0000] {logging_mixin.py:188} INFO - [2024-07-02T23:57:17.468+0000] {dag.py:3096} INFO - Sync 1 DAGs
[2024-07-02T23:57:17.486+0000] {logging_mixin.py:188} INFO - [2024-07-02T23:57:17.486+0000] {dag.py:3954} INFO - Setting next_dagrun for example_python_operator to None, run_after=None
[2024-07-02T23:57:17.507+0000] {processor.py:183} INFO - Processing /home/airflow/.local/lib/python3.12/site-packages/airflow/example_dags/example_python_operator.py took 0.102 seconds
[2024-07-02T23:57:47.550+0000] {processor.py:161} INFO - Started process (PID=463) to work on /home/airflow/.local/lib/python3.12/site-packages/airflow/example_dags/example_python_operator.py
[2024-07-02T23:57:47.551+0000] {processor.py:830} INFO - Processing file /home/airflow/.local/lib/python3.12/site-packages/airflow/example_dags/example_python_operator.py for tasks to queue
[2024-07-02T23:57:47.553+0000] {logging_mixin.py:188} INFO - [2024-07-02T23:57:47.552+0000] {dagbag.py:545} INFO - Filling up the DagBag from /home/airflow/.local/lib/python3.12/site-packages/airflow/example_dags/example_python_operator.py
[2024-07-02T23:57:47.563+0000] {processor.py:840} INFO - DAG(s) 'example_python_operator' retrieved from /home/airflow/.local/lib/python3.12/site-packages/airflow/example_dags/example_python_operator.py
[2024-07-02T23:57:47.586+0000] {logging_mixin.py:188} INFO - [2024-07-02T23:57:47.586+0000] {dag.py:3096} INFO - Sync 1 DAGs
[2024-07-02T23:57:47.599+0000] {logging_mixin.py:188} INFO - [2024-07-02T23:57:47.599+0000] {dag.py:3954} INFO - Setting next_dagrun for example_python_operator to None, run_after=None
[2024-07-02T23:57:47.617+0000] {processor.py:183} INFO - Processing /home/airflow/.local/lib/python3.12/site-packages/airflow/example_dags/example_python_operator.py took 0.073 seconds
[2024-07-02T23:58:17.991+0000] {processor.py:161} INFO - Started process (PID=521) to work on /home/airflow/.local/lib/python3.12/site-packages/airflow/example_dags/example_python_operator.py
[2024-07-02T23:58:17.992+0000] {processor.py:830} INFO - Processing file /home/airflow/.local/lib/python3.12/site-packages/airflow/example_dags/example_python_operator.py for tasks to queue
[2024-07-02T23:58:17.994+0000] {logging_mixin.py:188} INFO - [2024-07-02T23:58:17.994+0000] {dagbag.py:545} INFO - Filling up the DagBag from /home/airflow/.local/lib/python3.12/site-packages/airflow/example_dags/example_python_operator.py
[2024-07-02T23:58:18.006+0000] {processor.py:840} INFO - DAG(s) 'example_python_operator' retrieved from /home/airflow/.local/lib/python3.12/site-packages/airflow/example_dags/example_python_operator.py
[2024-07-02T23:58:18.035+0000] {logging_mixin.py:188} INFO - [2024-07-02T23:58:18.034+0000] {dag.py:3096} INFO - Sync 1 DAGs
[2024-07-02T23:58:18.048+0000] {logging_mixin.py:188} INFO - [2024-07-02T23:58:18.048+0000] {dag.py:3954} INFO - Setting next_dagrun for example_python_operator to None, run_after=None
[2024-07-02T23:58:18.072+0000] {processor.py:183} INFO - Processing /home/airflow/.local/lib/python3.12/site-packages/airflow/example_dags/example_python_operator.py took 0.088 seconds
[2024-07-02T23:58:55.414+0000] {processor.py:161} INFO - Started process (PID=585) to work on /home/airflow/.local/lib/python3.12/site-packages/airflow/example_dags/example_python_operator.py
[2024-07-02T23:58:55.415+0000] {processor.py:830} INFO - Processing file /home/airflow/.local/lib/python3.12/site-packages/airflow/example_dags/example_python_operator.py for tasks to queue
[2024-07-02T23:58:55.417+0000] {logging_mixin.py:188} INFO - [2024-07-02T23:58:55.417+0000] {dagbag.py:545} INFO - Filling up the DagBag from /home/airflow/.local/lib/python3.12/site-packages/airflow/example_dags/example_python_operator.py
[2024-07-02T23:58:55.430+0000] {processor.py:840} INFO - DAG(s) 'example_python_operator' retrieved from /home/airflow/.local/lib/python3.12/site-packages/airflow/example_dags/example_python_operator.py
[2024-07-02T23:58:55.455+0000] {logging_mixin.py:188} INFO - [2024-07-02T23:58:55.455+0000] {dag.py:3096} INFO - Sync 1 DAGs
[2024-07-02T23:58:55.469+0000] {logging_mixin.py:188} INFO - [2024-07-02T23:58:55.469+0000] {dag.py:3954} INFO - Setting next_dagrun for example_python_operator to None, run_after=None
[2024-07-02T23:58:55.493+0000] {processor.py:183} INFO - Processing /home/airflow/.local/lib/python3.12/site-packages/airflow/example_dags/example_python_operator.py took 0.087 seconds
[2024-07-02T23:59:25.820+0000] {processor.py:161} INFO - Started process (PID=643) to work on /home/airflow/.local/lib/python3.12/site-packages/airflow/example_dags/example_python_operator.py
[2024-07-02T23:59:25.821+0000] {processor.py:830} INFO - Processing file /home/airflow/.local/lib/python3.12/site-packages/airflow/example_dags/example_python_operator.py for tasks to queue
[2024-07-02T23:59:25.823+0000] {logging_mixin.py:188} INFO - [2024-07-02T23:59:25.823+0000] {dagbag.py:545} INFO - Filling up the DagBag from /home/airflow/.local/lib/python3.12/site-packages/airflow/example_dags/example_python_operator.py
[2024-07-02T23:59:25.835+0000] {processor.py:840} INFO - DAG(s) 'example_python_operator' retrieved from /home/airflow/.local/lib/python3.12/site-packages/airflow/example_dags/example_python_operator.py
[2024-07-02T23:59:25.864+0000] {logging_mixin.py:188} INFO - [2024-07-02T23:59:25.864+0000] {dag.py:3096} INFO - Sync 1 DAGs
[2024-07-02T23:59:25.880+0000] {logging_mixin.py:188} INFO - [2024-07-02T23:59:25.879+0000] {dag.py:3954} INFO - Setting next_dagrun for example_python_operator to None, run_after=None
[2024-07-02T23:59:25.900+0000] {processor.py:183} INFO - Processing /home/airflow/.local/lib/python3.12/site-packages/airflow/example_dags/example_python_operator.py took 0.088 seconds
[2024-07-02T23:59:56.928+0000] {processor.py:161} INFO - Started process (PID=701) to work on /home/airflow/.local/lib/python3.12/site-packages/airflow/example_dags/example_python_operator.py
[2024-07-02T23:59:56.929+0000] {processor.py:830} INFO - Processing file /home/airflow/.local/lib/python3.12/site-packages/airflow/example_dags/example_python_operator.py for tasks to queue
[2024-07-02T23:59:56.931+0000] {logging_mixin.py:188} INFO - [2024-07-02T23:59:56.930+0000] {dagbag.py:545} INFO - Filling up the DagBag from /home/airflow/.local/lib/python3.12/site-packages/airflow/example_dags/example_python_operator.py
[2024-07-02T23:59:56.942+0000] {processor.py:840} INFO - DAG(s) 'example_python_operator' retrieved from /home/airflow/.local/lib/python3.12/site-packages/airflow/example_dags/example_python_operator.py
[2024-07-02T23:59:56.970+0000] {logging_mixin.py:188} INFO - [2024-07-02T23:59:56.969+0000] {dag.py:3096} INFO - Sync 1 DAGs
[2024-07-02T23:59:56.984+0000] {logging_mixin.py:188} INFO - [2024-07-02T23:59:56.984+0000] {dag.py:3954} INFO - Setting next_dagrun for example_python_operator to None, run_after=None
[2024-07-02T23:59:57.007+0000] {processor.py:183} INFO - Processing /home/airflow/.local/lib/python3.12/site-packages/airflow/example_dags/example_python_operator.py took 0.085 seconds
