[2024-07-02T23:55:12.846+0000] {processor.py:161} INFO - Started process (PID=156) to work on /home/airflow/.local/lib/python3.12/site-packages/airflow/example_dags/example_branch_python_dop_operator_3.py
[2024-07-02T23:55:12.846+0000] {processor.py:830} INFO - Processing file /home/airflow/.local/lib/python3.12/site-packages/airflow/example_dags/example_branch_python_dop_operator_3.py for tasks to queue
[2024-07-02T23:55:12.849+0000] {logging_mixin.py:188} INFO - [2024-07-02T23:55:12.848+0000] {dagbag.py:545} INFO - Filling up the DagBag from /home/airflow/.local/lib/python3.12/site-packages/airflow/example_dags/example_branch_python_dop_operator_3.py
[2024-07-02T23:55:12.860+0000] {processor.py:840} INFO - DAG(s) 'example_branch_dop_operator_v3' retrieved from /home/airflow/.local/lib/python3.12/site-packages/airflow/example_dags/example_branch_python_dop_operator_3.py
[2024-07-02T23:55:12.988+0000] {logging_mixin.py:188} INFO - [2024-07-02T23:55:12.988+0000] {override.py:1829} INFO - Created Permission View: can read on DAG:example_branch_dop_operator_v3
[2024-07-02T23:55:13.000+0000] {logging_mixin.py:188} INFO - [2024-07-02T23:55:12.999+0000] {override.py:1829} INFO - Created Permission View: can delete on DAG:example_branch_dop_operator_v3
[2024-07-02T23:55:13.006+0000] {logging_mixin.py:188} INFO - [2024-07-02T23:55:13.006+0000] {override.py:1829} INFO - Created Permission View: can edit on DAG:example_branch_dop_operator_v3
[2024-07-02T23:55:13.006+0000] {logging_mixin.py:188} INFO - [2024-07-02T23:55:13.006+0000] {dag.py:3096} INFO - Sync 1 DAGs
[2024-07-02T23:55:13.019+0000] {logging_mixin.py:188} INFO - [2024-07-02T23:55:13.018+0000] {dag.py:3118} INFO - Creating ORM DAG for example_branch_dop_operator_v3
[2024-07-02T23:55:13.033+0000] {logging_mixin.py:188} INFO - [2024-07-02T23:55:13.033+0000] {dag.py:3954} INFO - Setting next_dagrun for example_branch_dop_operator_v3 to 2024-07-02 23:54:00+00:00, run_after=2024-07-02 23:55:00+00:00
[2024-07-02T23:55:13.049+0000] {processor.py:183} INFO - Processing /home/airflow/.local/lib/python3.12/site-packages/airflow/example_dags/example_branch_python_dop_operator_3.py took 0.209 seconds
[2024-07-02T23:55:43.201+0000] {processor.py:161} INFO - Started process (PID=214) to work on /home/airflow/.local/lib/python3.12/site-packages/airflow/example_dags/example_branch_python_dop_operator_3.py
[2024-07-02T23:55:43.202+0000] {processor.py:830} INFO - Processing file /home/airflow/.local/lib/python3.12/site-packages/airflow/example_dags/example_branch_python_dop_operator_3.py for tasks to queue
[2024-07-02T23:55:43.204+0000] {logging_mixin.py:188} INFO - [2024-07-02T23:55:43.203+0000] {dagbag.py:545} INFO - Filling up the DagBag from /home/airflow/.local/lib/python3.12/site-packages/airflow/example_dags/example_branch_python_dop_operator_3.py
[2024-07-02T23:55:43.213+0000] {processor.py:840} INFO - DAG(s) 'example_branch_dop_operator_v3' retrieved from /home/airflow/.local/lib/python3.12/site-packages/airflow/example_dags/example_branch_python_dop_operator_3.py
[2024-07-02T23:55:43.236+0000] {logging_mixin.py:188} INFO - [2024-07-02T23:55:43.236+0000] {dag.py:3096} INFO - Sync 1 DAGs
[2024-07-02T23:55:43.263+0000] {logging_mixin.py:188} INFO - [2024-07-02T23:55:43.262+0000] {dag.py:3954} INFO - Setting next_dagrun for example_branch_dop_operator_v3 to 2024-07-02 23:54:00+00:00, run_after=2024-07-02 23:55:00+00:00
[2024-07-02T23:55:43.285+0000] {processor.py:183} INFO - Processing /home/airflow/.local/lib/python3.12/site-packages/airflow/example_dags/example_branch_python_dop_operator_3.py took 0.090 seconds
[2024-07-02T23:56:13.408+0000] {processor.py:161} INFO - Started process (PID=272) to work on /home/airflow/.local/lib/python3.12/site-packages/airflow/example_dags/example_branch_python_dop_operator_3.py
[2024-07-02T23:56:13.410+0000] {processor.py:830} INFO - Processing file /home/airflow/.local/lib/python3.12/site-packages/airflow/example_dags/example_branch_python_dop_operator_3.py for tasks to queue
[2024-07-02T23:56:13.411+0000] {logging_mixin.py:188} INFO - [2024-07-02T23:56:13.411+0000] {dagbag.py:545} INFO - Filling up the DagBag from /home/airflow/.local/lib/python3.12/site-packages/airflow/example_dags/example_branch_python_dop_operator_3.py
[2024-07-02T23:56:13.419+0000] {processor.py:840} INFO - DAG(s) 'example_branch_dop_operator_v3' retrieved from /home/airflow/.local/lib/python3.12/site-packages/airflow/example_dags/example_branch_python_dop_operator_3.py
[2024-07-02T23:56:13.440+0000] {logging_mixin.py:188} INFO - [2024-07-02T23:56:13.440+0000] {dag.py:3096} INFO - Sync 1 DAGs
[2024-07-02T23:56:13.464+0000] {logging_mixin.py:188} INFO - [2024-07-02T23:56:13.464+0000] {dag.py:3954} INFO - Setting next_dagrun for example_branch_dop_operator_v3 to 2024-07-02 23:55:00+00:00, run_after=2024-07-02 23:56:00+00:00
[2024-07-02T23:56:13.489+0000] {processor.py:183} INFO - Processing /home/airflow/.local/lib/python3.12/site-packages/airflow/example_dags/example_branch_python_dop_operator_3.py took 0.086 seconds
[2024-07-02T23:56:43.686+0000] {processor.py:161} INFO - Started process (PID=330) to work on /home/airflow/.local/lib/python3.12/site-packages/airflow/example_dags/example_branch_python_dop_operator_3.py
[2024-07-02T23:56:43.688+0000] {processor.py:830} INFO - Processing file /home/airflow/.local/lib/python3.12/site-packages/airflow/example_dags/example_branch_python_dop_operator_3.py for tasks to queue
[2024-07-02T23:56:43.690+0000] {logging_mixin.py:188} INFO - [2024-07-02T23:56:43.689+0000] {dagbag.py:545} INFO - Filling up the DagBag from /home/airflow/.local/lib/python3.12/site-packages/airflow/example_dags/example_branch_python_dop_operator_3.py
[2024-07-02T23:56:43.699+0000] {processor.py:840} INFO - DAG(s) 'example_branch_dop_operator_v3' retrieved from /home/airflow/.local/lib/python3.12/site-packages/airflow/example_dags/example_branch_python_dop_operator_3.py
[2024-07-02T23:56:43.720+0000] {logging_mixin.py:188} INFO - [2024-07-02T23:56:43.720+0000] {dag.py:3096} INFO - Sync 1 DAGs
[2024-07-02T23:56:43.744+0000] {logging_mixin.py:188} INFO - [2024-07-02T23:56:43.744+0000] {dag.py:3954} INFO - Setting next_dagrun for example_branch_dop_operator_v3 to 2024-07-02 23:55:00+00:00, run_after=2024-07-02 23:56:00+00:00
[2024-07-02T23:56:43.760+0000] {processor.py:183} INFO - Processing /home/airflow/.local/lib/python3.12/site-packages/airflow/example_dags/example_branch_python_dop_operator_3.py took 0.081 seconds
[2024-07-02T23:57:14.107+0000] {processor.py:161} INFO - Started process (PID=388) to work on /home/airflow/.local/lib/python3.12/site-packages/airflow/example_dags/example_branch_python_dop_operator_3.py
[2024-07-02T23:57:14.108+0000] {processor.py:830} INFO - Processing file /home/airflow/.local/lib/python3.12/site-packages/airflow/example_dags/example_branch_python_dop_operator_3.py for tasks to queue
[2024-07-02T23:57:14.110+0000] {logging_mixin.py:188} INFO - [2024-07-02T23:57:14.110+0000] {dagbag.py:545} INFO - Filling up the DagBag from /home/airflow/.local/lib/python3.12/site-packages/airflow/example_dags/example_branch_python_dop_operator_3.py
[2024-07-02T23:57:14.119+0000] {processor.py:840} INFO - DAG(s) 'example_branch_dop_operator_v3' retrieved from /home/airflow/.local/lib/python3.12/site-packages/airflow/example_dags/example_branch_python_dop_operator_3.py
[2024-07-02T23:57:14.140+0000] {logging_mixin.py:188} INFO - [2024-07-02T23:57:14.139+0000] {dag.py:3096} INFO - Sync 1 DAGs
[2024-07-02T23:57:14.178+0000] {logging_mixin.py:188} INFO - [2024-07-02T23:57:14.178+0000] {dag.py:3954} INFO - Setting next_dagrun for example_branch_dop_operator_v3 to 2024-07-02 23:56:00+00:00, run_after=2024-07-02 23:57:00+00:00
[2024-07-02T23:57:14.199+0000] {processor.py:183} INFO - Processing /home/airflow/.local/lib/python3.12/site-packages/airflow/example_dags/example_branch_python_dop_operator_3.py took 0.098 seconds
[2024-07-02T23:57:44.322+0000] {processor.py:161} INFO - Started process (PID=446) to work on /home/airflow/.local/lib/python3.12/site-packages/airflow/example_dags/example_branch_python_dop_operator_3.py
[2024-07-02T23:57:44.323+0000] {processor.py:830} INFO - Processing file /home/airflow/.local/lib/python3.12/site-packages/airflow/example_dags/example_branch_python_dop_operator_3.py for tasks to queue
[2024-07-02T23:57:44.326+0000] {logging_mixin.py:188} INFO - [2024-07-02T23:57:44.325+0000] {dagbag.py:545} INFO - Filling up the DagBag from /home/airflow/.local/lib/python3.12/site-packages/airflow/example_dags/example_branch_python_dop_operator_3.py
[2024-07-02T23:57:44.337+0000] {processor.py:840} INFO - DAG(s) 'example_branch_dop_operator_v3' retrieved from /home/airflow/.local/lib/python3.12/site-packages/airflow/example_dags/example_branch_python_dop_operator_3.py
[2024-07-02T23:57:44.361+0000] {logging_mixin.py:188} INFO - [2024-07-02T23:57:44.360+0000] {dag.py:3096} INFO - Sync 1 DAGs
[2024-07-02T23:57:44.392+0000] {logging_mixin.py:188} INFO - [2024-07-02T23:57:44.392+0000] {dag.py:3954} INFO - Setting next_dagrun for example_branch_dop_operator_v3 to 2024-07-02 23:56:00+00:00, run_after=2024-07-02 23:57:00+00:00
[2024-07-02T23:57:44.414+0000] {processor.py:183} INFO - Processing /home/airflow/.local/lib/python3.12/site-packages/airflow/example_dags/example_branch_python_dop_operator_3.py took 0.100 seconds
[2024-07-02T23:58:14.536+0000] {processor.py:161} INFO - Started process (PID=504) to work on /home/airflow/.local/lib/python3.12/site-packages/airflow/example_dags/example_branch_python_dop_operator_3.py
[2024-07-02T23:58:14.537+0000] {processor.py:830} INFO - Processing file /home/airflow/.local/lib/python3.12/site-packages/airflow/example_dags/example_branch_python_dop_operator_3.py for tasks to queue
[2024-07-02T23:58:14.538+0000] {logging_mixin.py:188} INFO - [2024-07-02T23:58:14.538+0000] {dagbag.py:545} INFO - Filling up the DagBag from /home/airflow/.local/lib/python3.12/site-packages/airflow/example_dags/example_branch_python_dop_operator_3.py
[2024-07-02T23:58:14.547+0000] {processor.py:840} INFO - DAG(s) 'example_branch_dop_operator_v3' retrieved from /home/airflow/.local/lib/python3.12/site-packages/airflow/example_dags/example_branch_python_dop_operator_3.py
[2024-07-02T23:58:14.572+0000] {logging_mixin.py:188} INFO - [2024-07-02T23:58:14.572+0000] {dag.py:3096} INFO - Sync 1 DAGs
[2024-07-02T23:58:14.614+0000] {logging_mixin.py:188} INFO - [2024-07-02T23:58:14.613+0000] {dag.py:3954} INFO - Setting next_dagrun for example_branch_dop_operator_v3 to 2024-07-02 23:57:00+00:00, run_after=2024-07-02 23:58:00+00:00
[2024-07-02T23:58:14.637+0000] {processor.py:183} INFO - Processing /home/airflow/.local/lib/python3.12/site-packages/airflow/example_dags/example_branch_python_dop_operator_3.py took 0.107 seconds
[2024-07-02T23:58:48.895+0000] {processor.py:161} INFO - Started process (PID=562) to work on /home/airflow/.local/lib/python3.12/site-packages/airflow/example_dags/example_branch_python_dop_operator_3.py
[2024-07-02T23:58:48.896+0000] {processor.py:830} INFO - Processing file /home/airflow/.local/lib/python3.12/site-packages/airflow/example_dags/example_branch_python_dop_operator_3.py for tasks to queue
[2024-07-02T23:58:48.898+0000] {logging_mixin.py:188} INFO - [2024-07-02T23:58:48.897+0000] {dagbag.py:545} INFO - Filling up the DagBag from /home/airflow/.local/lib/python3.12/site-packages/airflow/example_dags/example_branch_python_dop_operator_3.py
[2024-07-02T23:58:48.907+0000] {processor.py:840} INFO - DAG(s) 'example_branch_dop_operator_v3' retrieved from /home/airflow/.local/lib/python3.12/site-packages/airflow/example_dags/example_branch_python_dop_operator_3.py
[2024-07-02T23:58:49.083+0000] {logging_mixin.py:188} INFO - [2024-07-02T23:58:49.083+0000] {dag.py:3096} INFO - Sync 1 DAGs
[2024-07-02T23:58:49.407+0000] {logging_mixin.py:188} INFO - [2024-07-02T23:58:49.407+0000] {dag.py:3954} INFO - Setting next_dagrun for example_branch_dop_operator_v3 to 2024-07-02 23:57:00+00:00, run_after=2024-07-02 23:58:00+00:00
[2024-07-02T23:58:49.687+0000] {processor.py:183} INFO - Processing /home/airflow/.local/lib/python3.12/site-packages/airflow/example_dags/example_branch_python_dop_operator_3.py took 0.800 seconds
[2024-07-02T23:59:20.170+0000] {processor.py:161} INFO - Started process (PID=620) to work on /home/airflow/.local/lib/python3.12/site-packages/airflow/example_dags/example_branch_python_dop_operator_3.py
[2024-07-02T23:59:20.171+0000] {processor.py:830} INFO - Processing file /home/airflow/.local/lib/python3.12/site-packages/airflow/example_dags/example_branch_python_dop_operator_3.py for tasks to queue
[2024-07-02T23:59:20.173+0000] {logging_mixin.py:188} INFO - [2024-07-02T23:59:20.172+0000] {dagbag.py:545} INFO - Filling up the DagBag from /home/airflow/.local/lib/python3.12/site-packages/airflow/example_dags/example_branch_python_dop_operator_3.py
[2024-07-02T23:59:20.181+0000] {processor.py:840} INFO - DAG(s) 'example_branch_dop_operator_v3' retrieved from /home/airflow/.local/lib/python3.12/site-packages/airflow/example_dags/example_branch_python_dop_operator_3.py
[2024-07-02T23:59:20.204+0000] {logging_mixin.py:188} INFO - [2024-07-02T23:59:20.204+0000] {dag.py:3096} INFO - Sync 1 DAGs
[2024-07-02T23:59:20.230+0000] {logging_mixin.py:188} INFO - [2024-07-02T23:59:20.230+0000] {dag.py:3954} INFO - Setting next_dagrun for example_branch_dop_operator_v3 to 2024-07-02 23:58:00+00:00, run_after=2024-07-02 23:59:00+00:00
[2024-07-02T23:59:20.250+0000] {processor.py:183} INFO - Processing /home/airflow/.local/lib/python3.12/site-packages/airflow/example_dags/example_branch_python_dop_operator_3.py took 0.086 seconds
[2024-07-02T23:59:50.343+0000] {processor.py:161} INFO - Started process (PID=678) to work on /home/airflow/.local/lib/python3.12/site-packages/airflow/example_dags/example_branch_python_dop_operator_3.py
[2024-07-02T23:59:50.344+0000] {processor.py:830} INFO - Processing file /home/airflow/.local/lib/python3.12/site-packages/airflow/example_dags/example_branch_python_dop_operator_3.py for tasks to queue
[2024-07-02T23:59:50.345+0000] {logging_mixin.py:188} INFO - [2024-07-02T23:59:50.345+0000] {dagbag.py:545} INFO - Filling up the DagBag from /home/airflow/.local/lib/python3.12/site-packages/airflow/example_dags/example_branch_python_dop_operator_3.py
[2024-07-02T23:59:50.354+0000] {processor.py:840} INFO - DAG(s) 'example_branch_dop_operator_v3' retrieved from /home/airflow/.local/lib/python3.12/site-packages/airflow/example_dags/example_branch_python_dop_operator_3.py
[2024-07-02T23:59:50.376+0000] {logging_mixin.py:188} INFO - [2024-07-02T23:59:50.376+0000] {dag.py:3096} INFO - Sync 1 DAGs
[2024-07-02T23:59:50.405+0000] {logging_mixin.py:188} INFO - [2024-07-02T23:59:50.405+0000] {dag.py:3954} INFO - Setting next_dagrun for example_branch_dop_operator_v3 to 2024-07-02 23:58:00+00:00, run_after=2024-07-02 23:59:00+00:00
[2024-07-02T23:59:50.423+0000] {processor.py:183} INFO - Processing /home/airflow/.local/lib/python3.12/site-packages/airflow/example_dags/example_branch_python_dop_operator_3.py took 0.086 seconds
