[2024-07-02T23:55:16.980+0000] {processor.py:161} INFO - Started process (PID=179) to work on /home/airflow/.local/lib/python3.12/site-packages/airflow/example_dags/example_short_circuit_operator.py
[2024-07-02T23:55:16.984+0000] {processor.py:830} INFO - Processing file /home/airflow/.local/lib/python3.12/site-packages/airflow/example_dags/example_short_circuit_operator.py for tasks to queue
[2024-07-02T23:55:16.988+0000] {logging_mixin.py:188} INFO - [2024-07-02T23:55:16.987+0000] {dagbag.py:545} INFO - Filling up the DagBag from /home/airflow/.local/lib/python3.12/site-packages/airflow/example_dags/example_short_circuit_operator.py
[2024-07-02T23:55:17.010+0000] {processor.py:840} INFO - DAG(s) 'example_short_circuit_operator' retrieved from /home/airflow/.local/lib/python3.12/site-packages/airflow/example_dags/example_short_circuit_operator.py
[2024-07-02T23:55:17.189+0000] {logging_mixin.py:188} INFO - [2024-07-02T23:55:17.187+0000] {override.py:1829} INFO - Created Permission View: can read on DAG:example_short_circuit_operator
[2024-07-02T23:55:17.201+0000] {logging_mixin.py:188} INFO - [2024-07-02T23:55:17.201+0000] {override.py:1829} INFO - Created Permission View: can delete on DAG:example_short_circuit_operator
[2024-07-02T23:55:17.208+0000] {logging_mixin.py:188} INFO - [2024-07-02T23:55:17.207+0000] {override.py:1829} INFO - Created Permission View: can edit on DAG:example_short_circuit_operator
[2024-07-02T23:55:17.208+0000] {logging_mixin.py:188} INFO - [2024-07-02T23:55:17.208+0000] {dag.py:3096} INFO - Sync 1 DAGs
[2024-07-02T23:55:17.228+0000] {logging_mixin.py:188} INFO - [2024-07-02T23:55:17.228+0000] {dag.py:3118} INFO - Creating ORM DAG for example_short_circuit_operator
[2024-07-02T23:55:17.244+0000] {logging_mixin.py:188} INFO - [2024-07-02T23:55:17.243+0000] {dag.py:3954} INFO - Setting next_dagrun for example_short_circuit_operator to 2024-07-01 00:00:00+00:00, run_after=2024-07-02 00:00:00+00:00
[2024-07-02T23:55:17.279+0000] {processor.py:183} INFO - Processing /home/airflow/.local/lib/python3.12/site-packages/airflow/example_dags/example_short_circuit_operator.py took 0.320 seconds
[2024-07-02T23:55:47.740+0000] {processor.py:161} INFO - Started process (PID=237) to work on /home/airflow/.local/lib/python3.12/site-packages/airflow/example_dags/example_short_circuit_operator.py
[2024-07-02T23:55:47.741+0000] {processor.py:830} INFO - Processing file /home/airflow/.local/lib/python3.12/site-packages/airflow/example_dags/example_short_circuit_operator.py for tasks to queue
[2024-07-02T23:55:47.743+0000] {logging_mixin.py:188} INFO - [2024-07-02T23:55:47.743+0000] {dagbag.py:545} INFO - Filling up the DagBag from /home/airflow/.local/lib/python3.12/site-packages/airflow/example_dags/example_short_circuit_operator.py
[2024-07-02T23:55:47.767+0000] {processor.py:840} INFO - DAG(s) 'example_short_circuit_operator' retrieved from /home/airflow/.local/lib/python3.12/site-packages/airflow/example_dags/example_short_circuit_operator.py
[2024-07-02T23:55:47.791+0000] {logging_mixin.py:188} INFO - [2024-07-02T23:55:47.791+0000] {dag.py:3096} INFO - Sync 1 DAGs
[2024-07-02T23:55:47.815+0000] {logging_mixin.py:188} INFO - [2024-07-02T23:55:47.814+0000] {dag.py:3954} INFO - Setting next_dagrun for example_short_circuit_operator to 2024-07-01 00:00:00+00:00, run_after=2024-07-02 00:00:00+00:00
[2024-07-02T23:55:47.848+0000] {processor.py:183} INFO - Processing /home/airflow/.local/lib/python3.12/site-packages/airflow/example_dags/example_short_circuit_operator.py took 0.113 seconds
[2024-07-02T23:56:17.960+0000] {processor.py:161} INFO - Started process (PID=295) to work on /home/airflow/.local/lib/python3.12/site-packages/airflow/example_dags/example_short_circuit_operator.py
[2024-07-02T23:56:17.961+0000] {processor.py:830} INFO - Processing file /home/airflow/.local/lib/python3.12/site-packages/airflow/example_dags/example_short_circuit_operator.py for tasks to queue
[2024-07-02T23:56:17.963+0000] {logging_mixin.py:188} INFO - [2024-07-02T23:56:17.962+0000] {dagbag.py:545} INFO - Filling up the DagBag from /home/airflow/.local/lib/python3.12/site-packages/airflow/example_dags/example_short_circuit_operator.py
[2024-07-02T23:56:17.970+0000] {processor.py:840} INFO - DAG(s) 'example_short_circuit_operator' retrieved from /home/airflow/.local/lib/python3.12/site-packages/airflow/example_dags/example_short_circuit_operator.py
[2024-07-02T23:56:18.000+0000] {logging_mixin.py:188} INFO - [2024-07-02T23:56:17.999+0000] {dag.py:3096} INFO - Sync 1 DAGs
[2024-07-02T23:56:18.022+0000] {logging_mixin.py:188} INFO - [2024-07-02T23:56:18.022+0000] {dag.py:3954} INFO - Setting next_dagrun for example_short_circuit_operator to 2024-07-01 00:00:00+00:00, run_after=2024-07-02 00:00:00+00:00
[2024-07-02T23:56:18.039+0000] {processor.py:183} INFO - Processing /home/airflow/.local/lib/python3.12/site-packages/airflow/example_dags/example_short_circuit_operator.py took 0.084 seconds
[2024-07-02T23:56:48.425+0000] {processor.py:161} INFO - Started process (PID=353) to work on /home/airflow/.local/lib/python3.12/site-packages/airflow/example_dags/example_short_circuit_operator.py
[2024-07-02T23:56:48.426+0000] {processor.py:830} INFO - Processing file /home/airflow/.local/lib/python3.12/site-packages/airflow/example_dags/example_short_circuit_operator.py for tasks to queue
[2024-07-02T23:56:48.428+0000] {logging_mixin.py:188} INFO - [2024-07-02T23:56:48.428+0000] {dagbag.py:545} INFO - Filling up the DagBag from /home/airflow/.local/lib/python3.12/site-packages/airflow/example_dags/example_short_circuit_operator.py
[2024-07-02T23:56:48.436+0000] {processor.py:840} INFO - DAG(s) 'example_short_circuit_operator' retrieved from /home/airflow/.local/lib/python3.12/site-packages/airflow/example_dags/example_short_circuit_operator.py
[2024-07-02T23:56:48.463+0000] {logging_mixin.py:188} INFO - [2024-07-02T23:56:48.462+0000] {dag.py:3096} INFO - Sync 1 DAGs
[2024-07-02T23:56:48.491+0000] {logging_mixin.py:188} INFO - [2024-07-02T23:56:48.491+0000] {dag.py:3954} INFO - Setting next_dagrun for example_short_circuit_operator to 2024-07-01 00:00:00+00:00, run_after=2024-07-02 00:00:00+00:00
[2024-07-02T23:56:48.511+0000] {processor.py:183} INFO - Processing /home/airflow/.local/lib/python3.12/site-packages/airflow/example_dags/example_short_circuit_operator.py took 0.092 seconds
[2024-07-02T23:57:18.810+0000] {processor.py:161} INFO - Started process (PID=411) to work on /home/airflow/.local/lib/python3.12/site-packages/airflow/example_dags/example_short_circuit_operator.py
[2024-07-02T23:57:18.811+0000] {processor.py:830} INFO - Processing file /home/airflow/.local/lib/python3.12/site-packages/airflow/example_dags/example_short_circuit_operator.py for tasks to queue
[2024-07-02T23:57:18.816+0000] {logging_mixin.py:188} INFO - [2024-07-02T23:57:18.815+0000] {dagbag.py:545} INFO - Filling up the DagBag from /home/airflow/.local/lib/python3.12/site-packages/airflow/example_dags/example_short_circuit_operator.py
[2024-07-02T23:57:18.824+0000] {processor.py:840} INFO - DAG(s) 'example_short_circuit_operator' retrieved from /home/airflow/.local/lib/python3.12/site-packages/airflow/example_dags/example_short_circuit_operator.py
[2024-07-02T23:57:18.849+0000] {logging_mixin.py:188} INFO - [2024-07-02T23:57:18.849+0000] {dag.py:3096} INFO - Sync 1 DAGs
[2024-07-02T23:57:18.878+0000] {logging_mixin.py:188} INFO - [2024-07-02T23:57:18.878+0000] {dag.py:3954} INFO - Setting next_dagrun for example_short_circuit_operator to 2024-07-01 00:00:00+00:00, run_after=2024-07-02 00:00:00+00:00
[2024-07-02T23:57:18.905+0000] {processor.py:183} INFO - Processing /home/airflow/.local/lib/python3.12/site-packages/airflow/example_dags/example_short_circuit_operator.py took 0.103 seconds
[2024-07-02T23:57:48.954+0000] {processor.py:161} INFO - Started process (PID=469) to work on /home/airflow/.local/lib/python3.12/site-packages/airflow/example_dags/example_short_circuit_operator.py
[2024-07-02T23:57:48.955+0000] {processor.py:830} INFO - Processing file /home/airflow/.local/lib/python3.12/site-packages/airflow/example_dags/example_short_circuit_operator.py for tasks to queue
[2024-07-02T23:57:48.957+0000] {logging_mixin.py:188} INFO - [2024-07-02T23:57:48.957+0000] {dagbag.py:545} INFO - Filling up the DagBag from /home/airflow/.local/lib/python3.12/site-packages/airflow/example_dags/example_short_circuit_operator.py
[2024-07-02T23:57:48.966+0000] {processor.py:840} INFO - DAG(s) 'example_short_circuit_operator' retrieved from /home/airflow/.local/lib/python3.12/site-packages/airflow/example_dags/example_short_circuit_operator.py
[2024-07-02T23:57:48.993+0000] {logging_mixin.py:188} INFO - [2024-07-02T23:57:48.993+0000] {dag.py:3096} INFO - Sync 1 DAGs
[2024-07-02T23:57:49.015+0000] {logging_mixin.py:188} INFO - [2024-07-02T23:57:49.015+0000] {dag.py:3954} INFO - Setting next_dagrun for example_short_circuit_operator to 2024-07-01 00:00:00+00:00, run_after=2024-07-02 00:00:00+00:00
[2024-07-02T23:57:49.034+0000] {processor.py:183} INFO - Processing /home/airflow/.local/lib/python3.12/site-packages/airflow/example_dags/example_short_circuit_operator.py took 0.086 seconds
[2024-07-02T23:58:19.348+0000] {processor.py:161} INFO - Started process (PID=527) to work on /home/airflow/.local/lib/python3.12/site-packages/airflow/example_dags/example_short_circuit_operator.py
[2024-07-02T23:58:19.349+0000] {processor.py:830} INFO - Processing file /home/airflow/.local/lib/python3.12/site-packages/airflow/example_dags/example_short_circuit_operator.py for tasks to queue
[2024-07-02T23:58:19.351+0000] {logging_mixin.py:188} INFO - [2024-07-02T23:58:19.350+0000] {dagbag.py:545} INFO - Filling up the DagBag from /home/airflow/.local/lib/python3.12/site-packages/airflow/example_dags/example_short_circuit_operator.py
[2024-07-02T23:58:19.358+0000] {processor.py:840} INFO - DAG(s) 'example_short_circuit_operator' retrieved from /home/airflow/.local/lib/python3.12/site-packages/airflow/example_dags/example_short_circuit_operator.py
[2024-07-02T23:58:19.386+0000] {logging_mixin.py:188} INFO - [2024-07-02T23:58:19.386+0000] {dag.py:3096} INFO - Sync 1 DAGs
[2024-07-02T23:58:19.409+0000] {logging_mixin.py:188} INFO - [2024-07-02T23:58:19.409+0000] {dag.py:3954} INFO - Setting next_dagrun for example_short_circuit_operator to 2024-07-01 00:00:00+00:00, run_after=2024-07-02 00:00:00+00:00
[2024-07-02T23:58:19.429+0000] {processor.py:183} INFO - Processing /home/airflow/.local/lib/python3.12/site-packages/airflow/example_dags/example_short_circuit_operator.py took 0.087 seconds
[2024-07-02T23:58:55.778+0000] {processor.py:161} INFO - Started process (PID=591) to work on /home/airflow/.local/lib/python3.12/site-packages/airflow/example_dags/example_short_circuit_operator.py
[2024-07-02T23:58:55.779+0000] {processor.py:830} INFO - Processing file /home/airflow/.local/lib/python3.12/site-packages/airflow/example_dags/example_short_circuit_operator.py for tasks to queue
[2024-07-02T23:58:55.782+0000] {logging_mixin.py:188} INFO - [2024-07-02T23:58:55.781+0000] {dagbag.py:545} INFO - Filling up the DagBag from /home/airflow/.local/lib/python3.12/site-packages/airflow/example_dags/example_short_circuit_operator.py
[2024-07-02T23:58:55.794+0000] {processor.py:840} INFO - DAG(s) 'example_short_circuit_operator' retrieved from /home/airflow/.local/lib/python3.12/site-packages/airflow/example_dags/example_short_circuit_operator.py
[2024-07-02T23:58:55.829+0000] {logging_mixin.py:188} INFO - [2024-07-02T23:58:55.829+0000] {dag.py:3096} INFO - Sync 1 DAGs
[2024-07-02T23:58:55.849+0000] {logging_mixin.py:188} INFO - [2024-07-02T23:58:55.849+0000] {dag.py:3954} INFO - Setting next_dagrun for example_short_circuit_operator to 2024-07-01 00:00:00+00:00, run_after=2024-07-02 00:00:00+00:00
[2024-07-02T23:58:55.867+0000] {processor.py:183} INFO - Processing /home/airflow/.local/lib/python3.12/site-packages/airflow/example_dags/example_short_circuit_operator.py took 0.098 seconds
[2024-07-02T23:59:26.213+0000] {processor.py:161} INFO - Started process (PID=649) to work on /home/airflow/.local/lib/python3.12/site-packages/airflow/example_dags/example_short_circuit_operator.py
[2024-07-02T23:59:26.214+0000] {processor.py:830} INFO - Processing file /home/airflow/.local/lib/python3.12/site-packages/airflow/example_dags/example_short_circuit_operator.py for tasks to queue
[2024-07-02T23:59:26.216+0000] {logging_mixin.py:188} INFO - [2024-07-02T23:59:26.216+0000] {dagbag.py:545} INFO - Filling up the DagBag from /home/airflow/.local/lib/python3.12/site-packages/airflow/example_dags/example_short_circuit_operator.py
[2024-07-02T23:59:26.224+0000] {processor.py:840} INFO - DAG(s) 'example_short_circuit_operator' retrieved from /home/airflow/.local/lib/python3.12/site-packages/airflow/example_dags/example_short_circuit_operator.py
[2024-07-02T23:59:26.257+0000] {logging_mixin.py:188} INFO - [2024-07-02T23:59:26.257+0000] {dag.py:3096} INFO - Sync 1 DAGs
[2024-07-02T23:59:26.296+0000] {logging_mixin.py:188} INFO - [2024-07-02T23:59:26.296+0000] {dag.py:3954} INFO - Setting next_dagrun for example_short_circuit_operator to 2024-07-01 00:00:00+00:00, run_after=2024-07-02 00:00:00+00:00
[2024-07-02T23:59:26.322+0000] {processor.py:183} INFO - Processing /home/airflow/.local/lib/python3.12/site-packages/airflow/example_dags/example_short_circuit_operator.py took 0.115 seconds
[2024-07-02T23:59:57.388+0000] {processor.py:161} INFO - Started process (PID=707) to work on /home/airflow/.local/lib/python3.12/site-packages/airflow/example_dags/example_short_circuit_operator.py
[2024-07-02T23:59:57.389+0000] {processor.py:830} INFO - Processing file /home/airflow/.local/lib/python3.12/site-packages/airflow/example_dags/example_short_circuit_operator.py for tasks to queue
[2024-07-02T23:59:57.391+0000] {logging_mixin.py:188} INFO - [2024-07-02T23:59:57.390+0000] {dagbag.py:545} INFO - Filling up the DagBag from /home/airflow/.local/lib/python3.12/site-packages/airflow/example_dags/example_short_circuit_operator.py
[2024-07-02T23:59:57.400+0000] {processor.py:840} INFO - DAG(s) 'example_short_circuit_operator' retrieved from /home/airflow/.local/lib/python3.12/site-packages/airflow/example_dags/example_short_circuit_operator.py
[2024-07-02T23:59:57.467+0000] {logging_mixin.py:188} INFO - [2024-07-02T23:59:57.467+0000] {dag.py:3096} INFO - Sync 1 DAGs
[2024-07-02T23:59:57.496+0000] {logging_mixin.py:188} INFO - [2024-07-02T23:59:57.496+0000] {dag.py:3954} INFO - Setting next_dagrun for example_short_circuit_operator to 2024-07-01 00:00:00+00:00, run_after=2024-07-02 00:00:00+00:00
[2024-07-02T23:59:57.569+0000] {processor.py:183} INFO - Processing /home/airflow/.local/lib/python3.12/site-packages/airflow/example_dags/example_short_circuit_operator.py took 0.187 seconds
