[2024-07-02T23:55:19.256+0000] {processor.py:161} INFO - Started process (PID=193) to work on /home/airflow/.local/lib/python3.12/site-packages/airflow/example_dags/tutorial_taskflow_api.py
[2024-07-02T23:55:19.257+0000] {processor.py:830} INFO - Processing file /home/airflow/.local/lib/python3.12/site-packages/airflow/example_dags/tutorial_taskflow_api.py for tasks to queue
[2024-07-02T23:55:19.258+0000] {logging_mixin.py:188} INFO - [2024-07-02T23:55:19.258+0000] {dagbag.py:545} INFO - Filling up the DagBag from /home/airflow/.local/lib/python3.12/site-packages/airflow/example_dags/tutorial_taskflow_api.py
[2024-07-02T23:55:19.266+0000] {processor.py:840} INFO - DAG(s) 'tutorial_taskflow_api' retrieved from /home/airflow/.local/lib/python3.12/site-packages/airflow/example_dags/tutorial_taskflow_api.py
[2024-07-02T23:55:19.425+0000] {logging_mixin.py:188} INFO - [2024-07-02T23:55:19.424+0000] {override.py:1829} INFO - Created Permission View: can read on DAG:tutorial_taskflow_api
[2024-07-02T23:55:19.435+0000] {logging_mixin.py:188} INFO - [2024-07-02T23:55:19.435+0000] {override.py:1829} INFO - Created Permission View: can delete on DAG:tutorial_taskflow_api
[2024-07-02T23:55:19.441+0000] {logging_mixin.py:188} INFO - [2024-07-02T23:55:19.440+0000] {override.py:1829} INFO - Created Permission View: can edit on DAG:tutorial_taskflow_api
[2024-07-02T23:55:19.441+0000] {logging_mixin.py:188} INFO - [2024-07-02T23:55:19.441+0000] {dag.py:3096} INFO - Sync 1 DAGs
[2024-07-02T23:55:19.456+0000] {logging_mixin.py:188} INFO - [2024-07-02T23:55:19.456+0000] {dag.py:3118} INFO - Creating ORM DAG for tutorial_taskflow_api
[2024-07-02T23:55:19.457+0000] {logging_mixin.py:188} INFO - [2024-07-02T23:55:19.457+0000] {dag.py:3954} INFO - Setting next_dagrun for tutorial_taskflow_api to None, run_after=None
[2024-07-02T23:55:19.484+0000] {processor.py:183} INFO - Processing /home/airflow/.local/lib/python3.12/site-packages/airflow/example_dags/tutorial_taskflow_api.py took 0.234 seconds
[2024-07-02T23:55:49.642+0000] {processor.py:161} INFO - Started process (PID=251) to work on /home/airflow/.local/lib/python3.12/site-packages/airflow/example_dags/tutorial_taskflow_api.py
[2024-07-02T23:55:49.643+0000] {processor.py:830} INFO - Processing file /home/airflow/.local/lib/python3.12/site-packages/airflow/example_dags/tutorial_taskflow_api.py for tasks to queue
[2024-07-02T23:55:49.645+0000] {logging_mixin.py:188} INFO - [2024-07-02T23:55:49.644+0000] {dagbag.py:545} INFO - Filling up the DagBag from /home/airflow/.local/lib/python3.12/site-packages/airflow/example_dags/tutorial_taskflow_api.py
[2024-07-02T23:55:49.652+0000] {processor.py:840} INFO - DAG(s) 'tutorial_taskflow_api' retrieved from /home/airflow/.local/lib/python3.12/site-packages/airflow/example_dags/tutorial_taskflow_api.py
[2024-07-02T23:55:49.671+0000] {logging_mixin.py:188} INFO - [2024-07-02T23:55:49.671+0000] {dag.py:3096} INFO - Sync 1 DAGs
[2024-07-02T23:55:49.685+0000] {logging_mixin.py:188} INFO - [2024-07-02T23:55:49.684+0000] {dag.py:3954} INFO - Setting next_dagrun for tutorial_taskflow_api to None, run_after=None
[2024-07-02T23:55:49.704+0000] {processor.py:183} INFO - Processing /home/airflow/.local/lib/python3.12/site-packages/airflow/example_dags/tutorial_taskflow_api.py took 0.068 seconds
[2024-07-02T23:56:19.777+0000] {processor.py:161} INFO - Started process (PID=309) to work on /home/airflow/.local/lib/python3.12/site-packages/airflow/example_dags/tutorial_taskflow_api.py
[2024-07-02T23:56:19.779+0000] {processor.py:830} INFO - Processing file /home/airflow/.local/lib/python3.12/site-packages/airflow/example_dags/tutorial_taskflow_api.py for tasks to queue
[2024-07-02T23:56:19.781+0000] {logging_mixin.py:188} INFO - [2024-07-02T23:56:19.780+0000] {dagbag.py:545} INFO - Filling up the DagBag from /home/airflow/.local/lib/python3.12/site-packages/airflow/example_dags/tutorial_taskflow_api.py
[2024-07-02T23:56:19.788+0000] {processor.py:840} INFO - DAG(s) 'tutorial_taskflow_api' retrieved from /home/airflow/.local/lib/python3.12/site-packages/airflow/example_dags/tutorial_taskflow_api.py
[2024-07-02T23:56:19.809+0000] {logging_mixin.py:188} INFO - [2024-07-02T23:56:19.808+0000] {dag.py:3096} INFO - Sync 1 DAGs
[2024-07-02T23:56:19.821+0000] {logging_mixin.py:188} INFO - [2024-07-02T23:56:19.821+0000] {dag.py:3954} INFO - Setting next_dagrun for tutorial_taskflow_api to None, run_after=None
[2024-07-02T23:56:19.838+0000] {processor.py:183} INFO - Processing /home/airflow/.local/lib/python3.12/site-packages/airflow/example_dags/tutorial_taskflow_api.py took 0.069 seconds
[2024-07-02T23:56:50.271+0000] {processor.py:161} INFO - Started process (PID=367) to work on /home/airflow/.local/lib/python3.12/site-packages/airflow/example_dags/tutorial_taskflow_api.py
[2024-07-02T23:56:50.272+0000] {processor.py:830} INFO - Processing file /home/airflow/.local/lib/python3.12/site-packages/airflow/example_dags/tutorial_taskflow_api.py for tasks to queue
[2024-07-02T23:56:50.274+0000] {logging_mixin.py:188} INFO - [2024-07-02T23:56:50.274+0000] {dagbag.py:545} INFO - Filling up the DagBag from /home/airflow/.local/lib/python3.12/site-packages/airflow/example_dags/tutorial_taskflow_api.py
[2024-07-02T23:56:50.280+0000] {processor.py:840} INFO - DAG(s) 'tutorial_taskflow_api' retrieved from /home/airflow/.local/lib/python3.12/site-packages/airflow/example_dags/tutorial_taskflow_api.py
[2024-07-02T23:56:50.305+0000] {logging_mixin.py:188} INFO - [2024-07-02T23:56:50.305+0000] {dag.py:3096} INFO - Sync 1 DAGs
[2024-07-02T23:56:50.319+0000] {logging_mixin.py:188} INFO - [2024-07-02T23:56:50.319+0000] {dag.py:3954} INFO - Setting next_dagrun for tutorial_taskflow_api to None, run_after=None
[2024-07-02T23:56:50.341+0000] {processor.py:183} INFO - Processing /home/airflow/.local/lib/python3.12/site-packages/airflow/example_dags/tutorial_taskflow_api.py took 0.076 seconds
[2024-07-02T23:57:20.847+0000] {processor.py:161} INFO - Started process (PID=425) to work on /home/airflow/.local/lib/python3.12/site-packages/airflow/example_dags/tutorial_taskflow_api.py
[2024-07-02T23:57:20.848+0000] {processor.py:830} INFO - Processing file /home/airflow/.local/lib/python3.12/site-packages/airflow/example_dags/tutorial_taskflow_api.py for tasks to queue
[2024-07-02T23:57:20.850+0000] {logging_mixin.py:188} INFO - [2024-07-02T23:57:20.850+0000] {dagbag.py:545} INFO - Filling up the DagBag from /home/airflow/.local/lib/python3.12/site-packages/airflow/example_dags/tutorial_taskflow_api.py
[2024-07-02T23:57:20.857+0000] {processor.py:840} INFO - DAG(s) 'tutorial_taskflow_api' retrieved from /home/airflow/.local/lib/python3.12/site-packages/airflow/example_dags/tutorial_taskflow_api.py
[2024-07-02T23:57:20.881+0000] {logging_mixin.py:188} INFO - [2024-07-02T23:57:20.881+0000] {dag.py:3096} INFO - Sync 1 DAGs
[2024-07-02T23:57:20.897+0000] {logging_mixin.py:188} INFO - [2024-07-02T23:57:20.896+0000] {dag.py:3954} INFO - Setting next_dagrun for tutorial_taskflow_api to None, run_after=None
[2024-07-02T23:57:20.919+0000] {processor.py:183} INFO - Processing /home/airflow/.local/lib/python3.12/site-packages/airflow/example_dags/tutorial_taskflow_api.py took 0.078 seconds
[2024-07-02T23:57:51.032+0000] {processor.py:161} INFO - Started process (PID=483) to work on /home/airflow/.local/lib/python3.12/site-packages/airflow/example_dags/tutorial_taskflow_api.py
[2024-07-02T23:57:51.034+0000] {processor.py:830} INFO - Processing file /home/airflow/.local/lib/python3.12/site-packages/airflow/example_dags/tutorial_taskflow_api.py for tasks to queue
[2024-07-02T23:57:51.035+0000] {logging_mixin.py:188} INFO - [2024-07-02T23:57:51.035+0000] {dagbag.py:545} INFO - Filling up the DagBag from /home/airflow/.local/lib/python3.12/site-packages/airflow/example_dags/tutorial_taskflow_api.py
[2024-07-02T23:57:51.042+0000] {processor.py:840} INFO - DAG(s) 'tutorial_taskflow_api' retrieved from /home/airflow/.local/lib/python3.12/site-packages/airflow/example_dags/tutorial_taskflow_api.py
[2024-07-02T23:57:51.064+0000] {logging_mixin.py:188} INFO - [2024-07-02T23:57:51.064+0000] {dag.py:3096} INFO - Sync 1 DAGs
[2024-07-02T23:57:51.078+0000] {logging_mixin.py:188} INFO - [2024-07-02T23:57:51.077+0000] {dag.py:3954} INFO - Setting next_dagrun for tutorial_taskflow_api to None, run_after=None
[2024-07-02T23:57:51.096+0000] {processor.py:183} INFO - Processing /home/airflow/.local/lib/python3.12/site-packages/airflow/example_dags/tutorial_taskflow_api.py took 0.070 seconds
[2024-07-02T23:58:21.268+0000] {processor.py:161} INFO - Started process (PID=541) to work on /home/airflow/.local/lib/python3.12/site-packages/airflow/example_dags/tutorial_taskflow_api.py
[2024-07-02T23:58:21.269+0000] {processor.py:830} INFO - Processing file /home/airflow/.local/lib/python3.12/site-packages/airflow/example_dags/tutorial_taskflow_api.py for tasks to queue
[2024-07-02T23:58:21.271+0000] {logging_mixin.py:188} INFO - [2024-07-02T23:58:21.271+0000] {dagbag.py:545} INFO - Filling up the DagBag from /home/airflow/.local/lib/python3.12/site-packages/airflow/example_dags/tutorial_taskflow_api.py
[2024-07-02T23:58:21.277+0000] {processor.py:840} INFO - DAG(s) 'tutorial_taskflow_api' retrieved from /home/airflow/.local/lib/python3.12/site-packages/airflow/example_dags/tutorial_taskflow_api.py
[2024-07-02T23:58:21.305+0000] {logging_mixin.py:188} INFO - [2024-07-02T23:58:21.305+0000] {dag.py:3096} INFO - Sync 1 DAGs
[2024-07-02T23:58:21.323+0000] {logging_mixin.py:188} INFO - [2024-07-02T23:58:21.323+0000] {dag.py:3954} INFO - Setting next_dagrun for tutorial_taskflow_api to None, run_after=None
[2024-07-02T23:58:21.343+0000] {processor.py:183} INFO - Processing /home/airflow/.local/lib/python3.12/site-packages/airflow/example_dags/tutorial_taskflow_api.py took 0.081 seconds
[2024-07-02T23:58:56.715+0000] {processor.py:161} INFO - Started process (PID=605) to work on /home/airflow/.local/lib/python3.12/site-packages/airflow/example_dags/tutorial_taskflow_api.py
[2024-07-02T23:58:56.717+0000] {processor.py:830} INFO - Processing file /home/airflow/.local/lib/python3.12/site-packages/airflow/example_dags/tutorial_taskflow_api.py for tasks to queue
[2024-07-02T23:58:56.719+0000] {logging_mixin.py:188} INFO - [2024-07-02T23:58:56.718+0000] {dagbag.py:545} INFO - Filling up the DagBag from /home/airflow/.local/lib/python3.12/site-packages/airflow/example_dags/tutorial_taskflow_api.py
[2024-07-02T23:58:56.726+0000] {processor.py:840} INFO - DAG(s) 'tutorial_taskflow_api' retrieved from /home/airflow/.local/lib/python3.12/site-packages/airflow/example_dags/tutorial_taskflow_api.py
[2024-07-02T23:58:56.750+0000] {logging_mixin.py:188} INFO - [2024-07-02T23:58:56.750+0000] {dag.py:3096} INFO - Sync 1 DAGs
[2024-07-02T23:58:56.763+0000] {logging_mixin.py:188} INFO - [2024-07-02T23:58:56.763+0000] {dag.py:3954} INFO - Setting next_dagrun for tutorial_taskflow_api to None, run_after=None
[2024-07-02T23:58:56.781+0000] {processor.py:183} INFO - Processing /home/airflow/.local/lib/python3.12/site-packages/airflow/example_dags/tutorial_taskflow_api.py took 0.073 seconds
[2024-07-02T23:59:27.407+0000] {processor.py:161} INFO - Started process (PID=663) to work on /home/airflow/.local/lib/python3.12/site-packages/airflow/example_dags/tutorial_taskflow_api.py
[2024-07-02T23:59:27.408+0000] {processor.py:830} INFO - Processing file /home/airflow/.local/lib/python3.12/site-packages/airflow/example_dags/tutorial_taskflow_api.py for tasks to queue
[2024-07-02T23:59:27.410+0000] {logging_mixin.py:188} INFO - [2024-07-02T23:59:27.410+0000] {dagbag.py:545} INFO - Filling up the DagBag from /home/airflow/.local/lib/python3.12/site-packages/airflow/example_dags/tutorial_taskflow_api.py
[2024-07-02T23:59:27.418+0000] {processor.py:840} INFO - DAG(s) 'tutorial_taskflow_api' retrieved from /home/airflow/.local/lib/python3.12/site-packages/airflow/example_dags/tutorial_taskflow_api.py
[2024-07-02T23:59:27.442+0000] {logging_mixin.py:188} INFO - [2024-07-02T23:59:27.441+0000] {dag.py:3096} INFO - Sync 1 DAGs
[2024-07-02T23:59:27.456+0000] {logging_mixin.py:188} INFO - [2024-07-02T23:59:27.456+0000] {dag.py:3954} INFO - Setting next_dagrun for tutorial_taskflow_api to None, run_after=None
[2024-07-02T23:59:27.482+0000] {processor.py:183} INFO - Processing /home/airflow/.local/lib/python3.12/site-packages/airflow/example_dags/tutorial_taskflow_api.py took 0.082 seconds
[2024-07-02T23:59:59.491+0000] {processor.py:161} INFO - Started process (PID=721) to work on /home/airflow/.local/lib/python3.12/site-packages/airflow/example_dags/tutorial_taskflow_api.py
[2024-07-02T23:59:59.492+0000] {processor.py:830} INFO - Processing file /home/airflow/.local/lib/python3.12/site-packages/airflow/example_dags/tutorial_taskflow_api.py for tasks to queue
[2024-07-02T23:59:59.494+0000] {logging_mixin.py:188} INFO - [2024-07-02T23:59:59.493+0000] {dagbag.py:545} INFO - Filling up the DagBag from /home/airflow/.local/lib/python3.12/site-packages/airflow/example_dags/tutorial_taskflow_api.py
[2024-07-02T23:59:59.500+0000] {processor.py:840} INFO - DAG(s) 'tutorial_taskflow_api' retrieved from /home/airflow/.local/lib/python3.12/site-packages/airflow/example_dags/tutorial_taskflow_api.py
[2024-07-02T23:59:59.581+0000] {logging_mixin.py:188} INFO - [2024-07-02T23:59:59.580+0000] {dag.py:3096} INFO - Sync 1 DAGs
[2024-07-02T23:59:59.599+0000] {logging_mixin.py:188} INFO - [2024-07-02T23:59:59.599+0000] {dag.py:3954} INFO - Setting next_dagrun for tutorial_taskflow_api to None, run_after=None
[2024-07-02T23:59:59.677+0000] {processor.py:183} INFO - Processing /home/airflow/.local/lib/python3.12/site-packages/airflow/example_dags/tutorial_taskflow_api.py took 0.192 seconds
