[2024-07-02T23:55:18.696+0000] {processor.py:161} INFO - Started process (PID=191) to work on /home/airflow/.local/lib/python3.12/site-packages/airflow/example_dags/tutorial_dag.py
[2024-07-02T23:55:18.697+0000] {processor.py:830} INFO - Processing file /home/airflow/.local/lib/python3.12/site-packages/airflow/example_dags/tutorial_dag.py for tasks to queue
[2024-07-02T23:55:18.699+0000] {logging_mixin.py:188} INFO - [2024-07-02T23:55:18.699+0000] {dagbag.py:545} INFO - Filling up the DagBag from /home/airflow/.local/lib/python3.12/site-packages/airflow/example_dags/tutorial_dag.py
[2024-07-02T23:55:18.705+0000] {processor.py:840} INFO - DAG(s) 'tutorial_dag' retrieved from /home/airflow/.local/lib/python3.12/site-packages/airflow/example_dags/tutorial_dag.py
[2024-07-02T23:55:18.835+0000] {logging_mixin.py:188} INFO - [2024-07-02T23:55:18.834+0000] {override.py:1829} INFO - Created Permission View: can read on DAG:tutorial_dag
[2024-07-02T23:55:18.846+0000] {logging_mixin.py:188} INFO - [2024-07-02T23:55:18.846+0000] {override.py:1829} INFO - Created Permission View: can delete on DAG:tutorial_dag
[2024-07-02T23:55:18.853+0000] {logging_mixin.py:188} INFO - [2024-07-02T23:55:18.853+0000] {override.py:1829} INFO - Created Permission View: can edit on DAG:tutorial_dag
[2024-07-02T23:55:18.853+0000] {logging_mixin.py:188} INFO - [2024-07-02T23:55:18.853+0000] {dag.py:3096} INFO - Sync 1 DAGs
[2024-07-02T23:55:18.872+0000] {logging_mixin.py:188} INFO - [2024-07-02T23:55:18.872+0000] {dag.py:3118} INFO - Creating ORM DAG for tutorial_dag
[2024-07-02T23:55:18.873+0000] {logging_mixin.py:188} INFO - [2024-07-02T23:55:18.873+0000] {dag.py:3954} INFO - Setting next_dagrun for tutorial_dag to None, run_after=None
[2024-07-02T23:55:18.896+0000] {processor.py:183} INFO - Processing /home/airflow/.local/lib/python3.12/site-packages/airflow/example_dags/tutorial_dag.py took 0.206 seconds
[2024-07-02T23:55:49.545+0000] {processor.py:161} INFO - Started process (PID=249) to work on /home/airflow/.local/lib/python3.12/site-packages/airflow/example_dags/tutorial_dag.py
[2024-07-02T23:55:49.546+0000] {processor.py:830} INFO - Processing file /home/airflow/.local/lib/python3.12/site-packages/airflow/example_dags/tutorial_dag.py for tasks to queue
[2024-07-02T23:55:49.548+0000] {logging_mixin.py:188} INFO - [2024-07-02T23:55:49.548+0000] {dagbag.py:545} INFO - Filling up the DagBag from /home/airflow/.local/lib/python3.12/site-packages/airflow/example_dags/tutorial_dag.py
[2024-07-02T23:55:49.554+0000] {processor.py:840} INFO - DAG(s) 'tutorial_dag' retrieved from /home/airflow/.local/lib/python3.12/site-packages/airflow/example_dags/tutorial_dag.py
[2024-07-02T23:55:49.574+0000] {logging_mixin.py:188} INFO - [2024-07-02T23:55:49.574+0000] {dag.py:3096} INFO - Sync 1 DAGs
[2024-07-02T23:55:49.586+0000] {logging_mixin.py:188} INFO - [2024-07-02T23:55:49.586+0000] {dag.py:3954} INFO - Setting next_dagrun for tutorial_dag to None, run_after=None
[2024-07-02T23:55:49.603+0000] {processor.py:183} INFO - Processing /home/airflow/.local/lib/python3.12/site-packages/airflow/example_dags/tutorial_dag.py took 0.063 seconds
[2024-07-02T23:56:19.675+0000] {processor.py:161} INFO - Started process (PID=307) to work on /home/airflow/.local/lib/python3.12/site-packages/airflow/example_dags/tutorial_dag.py
[2024-07-02T23:56:19.677+0000] {processor.py:830} INFO - Processing file /home/airflow/.local/lib/python3.12/site-packages/airflow/example_dags/tutorial_dag.py for tasks to queue
[2024-07-02T23:56:19.679+0000] {logging_mixin.py:188} INFO - [2024-07-02T23:56:19.678+0000] {dagbag.py:545} INFO - Filling up the DagBag from /home/airflow/.local/lib/python3.12/site-packages/airflow/example_dags/tutorial_dag.py
[2024-07-02T23:56:19.685+0000] {processor.py:840} INFO - DAG(s) 'tutorial_dag' retrieved from /home/airflow/.local/lib/python3.12/site-packages/airflow/example_dags/tutorial_dag.py
[2024-07-02T23:56:19.705+0000] {logging_mixin.py:188} INFO - [2024-07-02T23:56:19.704+0000] {dag.py:3096} INFO - Sync 1 DAGs
[2024-07-02T23:56:19.718+0000] {logging_mixin.py:188} INFO - [2024-07-02T23:56:19.718+0000] {dag.py:3954} INFO - Setting next_dagrun for tutorial_dag to None, run_after=None
[2024-07-02T23:56:19.735+0000] {processor.py:183} INFO - Processing /home/airflow/.local/lib/python3.12/site-packages/airflow/example_dags/tutorial_dag.py took 0.068 seconds
[2024-07-02T23:56:50.167+0000] {processor.py:161} INFO - Started process (PID=365) to work on /home/airflow/.local/lib/python3.12/site-packages/airflow/example_dags/tutorial_dag.py
[2024-07-02T23:56:50.169+0000] {processor.py:830} INFO - Processing file /home/airflow/.local/lib/python3.12/site-packages/airflow/example_dags/tutorial_dag.py for tasks to queue
[2024-07-02T23:56:50.171+0000] {logging_mixin.py:188} INFO - [2024-07-02T23:56:50.170+0000] {dagbag.py:545} INFO - Filling up the DagBag from /home/airflow/.local/lib/python3.12/site-packages/airflow/example_dags/tutorial_dag.py
[2024-07-02T23:56:50.177+0000] {processor.py:840} INFO - DAG(s) 'tutorial_dag' retrieved from /home/airflow/.local/lib/python3.12/site-packages/airflow/example_dags/tutorial_dag.py
[2024-07-02T23:56:50.200+0000] {logging_mixin.py:188} INFO - [2024-07-02T23:56:50.200+0000] {dag.py:3096} INFO - Sync 1 DAGs
[2024-07-02T23:56:50.215+0000] {logging_mixin.py:188} INFO - [2024-07-02T23:56:50.214+0000] {dag.py:3954} INFO - Setting next_dagrun for tutorial_dag to None, run_after=None
[2024-07-02T23:56:50.237+0000] {processor.py:183} INFO - Processing /home/airflow/.local/lib/python3.12/site-packages/airflow/example_dags/tutorial_dag.py took 0.076 seconds
[2024-07-02T23:57:20.743+0000] {processor.py:161} INFO - Started process (PID=423) to work on /home/airflow/.local/lib/python3.12/site-packages/airflow/example_dags/tutorial_dag.py
[2024-07-02T23:57:20.744+0000] {processor.py:830} INFO - Processing file /home/airflow/.local/lib/python3.12/site-packages/airflow/example_dags/tutorial_dag.py for tasks to queue
[2024-07-02T23:57:20.746+0000] {logging_mixin.py:188} INFO - [2024-07-02T23:57:20.746+0000] {dagbag.py:545} INFO - Filling up the DagBag from /home/airflow/.local/lib/python3.12/site-packages/airflow/example_dags/tutorial_dag.py
[2024-07-02T23:57:20.752+0000] {processor.py:840} INFO - DAG(s) 'tutorial_dag' retrieved from /home/airflow/.local/lib/python3.12/site-packages/airflow/example_dags/tutorial_dag.py
[2024-07-02T23:57:20.775+0000] {logging_mixin.py:188} INFO - [2024-07-02T23:57:20.774+0000] {dag.py:3096} INFO - Sync 1 DAGs
[2024-07-02T23:57:20.787+0000] {logging_mixin.py:188} INFO - [2024-07-02T23:57:20.787+0000] {dag.py:3954} INFO - Setting next_dagrun for tutorial_dag to None, run_after=None
[2024-07-02T23:57:20.804+0000] {processor.py:183} INFO - Processing /home/airflow/.local/lib/python3.12/site-packages/airflow/example_dags/tutorial_dag.py took 0.067 seconds
[2024-07-02T23:57:50.940+0000] {processor.py:161} INFO - Started process (PID=481) to work on /home/airflow/.local/lib/python3.12/site-packages/airflow/example_dags/tutorial_dag.py
[2024-07-02T23:57:50.941+0000] {processor.py:830} INFO - Processing file /home/airflow/.local/lib/python3.12/site-packages/airflow/example_dags/tutorial_dag.py for tasks to queue
[2024-07-02T23:57:50.943+0000] {logging_mixin.py:188} INFO - [2024-07-02T23:57:50.942+0000] {dagbag.py:545} INFO - Filling up the DagBag from /home/airflow/.local/lib/python3.12/site-packages/airflow/example_dags/tutorial_dag.py
[2024-07-02T23:57:50.947+0000] {processor.py:840} INFO - DAG(s) 'tutorial_dag' retrieved from /home/airflow/.local/lib/python3.12/site-packages/airflow/example_dags/tutorial_dag.py
[2024-07-02T23:57:50.968+0000] {logging_mixin.py:188} INFO - [2024-07-02T23:57:50.968+0000] {dag.py:3096} INFO - Sync 1 DAGs
[2024-07-02T23:57:50.981+0000] {logging_mixin.py:188} INFO - [2024-07-02T23:57:50.981+0000] {dag.py:3954} INFO - Setting next_dagrun for tutorial_dag to None, run_after=None
[2024-07-02T23:57:51.001+0000] {processor.py:183} INFO - Processing /home/airflow/.local/lib/python3.12/site-packages/airflow/example_dags/tutorial_dag.py took 0.067 seconds
[2024-07-02T23:58:21.147+0000] {processor.py:161} INFO - Started process (PID=539) to work on /home/airflow/.local/lib/python3.12/site-packages/airflow/example_dags/tutorial_dag.py
[2024-07-02T23:58:21.148+0000] {processor.py:830} INFO - Processing file /home/airflow/.local/lib/python3.12/site-packages/airflow/example_dags/tutorial_dag.py for tasks to queue
[2024-07-02T23:58:21.150+0000] {logging_mixin.py:188} INFO - [2024-07-02T23:58:21.149+0000] {dagbag.py:545} INFO - Filling up the DagBag from /home/airflow/.local/lib/python3.12/site-packages/airflow/example_dags/tutorial_dag.py
[2024-07-02T23:58:21.155+0000] {processor.py:840} INFO - DAG(s) 'tutorial_dag' retrieved from /home/airflow/.local/lib/python3.12/site-packages/airflow/example_dags/tutorial_dag.py
[2024-07-02T23:58:21.181+0000] {logging_mixin.py:188} INFO - [2024-07-02T23:58:21.181+0000] {dag.py:3096} INFO - Sync 1 DAGs
[2024-07-02T23:58:21.198+0000] {logging_mixin.py:188} INFO - [2024-07-02T23:58:21.197+0000] {dag.py:3954} INFO - Setting next_dagrun for tutorial_dag to None, run_after=None
[2024-07-02T23:58:21.222+0000] {processor.py:183} INFO - Processing /home/airflow/.local/lib/python3.12/site-packages/airflow/example_dags/tutorial_dag.py took 0.081 seconds
[2024-07-02T23:58:56.611+0000] {processor.py:161} INFO - Started process (PID=603) to work on /home/airflow/.local/lib/python3.12/site-packages/airflow/example_dags/tutorial_dag.py
[2024-07-02T23:58:56.612+0000] {processor.py:830} INFO - Processing file /home/airflow/.local/lib/python3.12/site-packages/airflow/example_dags/tutorial_dag.py for tasks to queue
[2024-07-02T23:58:56.614+0000] {logging_mixin.py:188} INFO - [2024-07-02T23:58:56.614+0000] {dagbag.py:545} INFO - Filling up the DagBag from /home/airflow/.local/lib/python3.12/site-packages/airflow/example_dags/tutorial_dag.py
[2024-07-02T23:58:56.621+0000] {processor.py:840} INFO - DAG(s) 'tutorial_dag' retrieved from /home/airflow/.local/lib/python3.12/site-packages/airflow/example_dags/tutorial_dag.py
[2024-07-02T23:58:56.643+0000] {logging_mixin.py:188} INFO - [2024-07-02T23:58:56.643+0000] {dag.py:3096} INFO - Sync 1 DAGs
[2024-07-02T23:58:56.657+0000] {logging_mixin.py:188} INFO - [2024-07-02T23:58:56.657+0000] {dag.py:3954} INFO - Setting next_dagrun for tutorial_dag to None, run_after=None
[2024-07-02T23:58:56.676+0000] {processor.py:183} INFO - Processing /home/airflow/.local/lib/python3.12/site-packages/airflow/example_dags/tutorial_dag.py took 0.071 seconds
[2024-07-02T23:59:27.280+0000] {processor.py:161} INFO - Started process (PID=661) to work on /home/airflow/.local/lib/python3.12/site-packages/airflow/example_dags/tutorial_dag.py
[2024-07-02T23:59:27.282+0000] {processor.py:830} INFO - Processing file /home/airflow/.local/lib/python3.12/site-packages/airflow/example_dags/tutorial_dag.py for tasks to queue
[2024-07-02T23:59:27.284+0000] {logging_mixin.py:188} INFO - [2024-07-02T23:59:27.283+0000] {dagbag.py:545} INFO - Filling up the DagBag from /home/airflow/.local/lib/python3.12/site-packages/airflow/example_dags/tutorial_dag.py
[2024-07-02T23:59:27.289+0000] {processor.py:840} INFO - DAG(s) 'tutorial_dag' retrieved from /home/airflow/.local/lib/python3.12/site-packages/airflow/example_dags/tutorial_dag.py
[2024-07-02T23:59:27.318+0000] {logging_mixin.py:188} INFO - [2024-07-02T23:59:27.317+0000] {dag.py:3096} INFO - Sync 1 DAGs
[2024-07-02T23:59:27.339+0000] {logging_mixin.py:188} INFO - [2024-07-02T23:59:27.339+0000] {dag.py:3954} INFO - Setting next_dagrun for tutorial_dag to None, run_after=None
[2024-07-02T23:59:27.365+0000] {processor.py:183} INFO - Processing /home/airflow/.local/lib/python3.12/site-packages/airflow/example_dags/tutorial_dag.py took 0.091 seconds
[2024-07-02T23:59:59.267+0000] {processor.py:161} INFO - Started process (PID=719) to work on /home/airflow/.local/lib/python3.12/site-packages/airflow/example_dags/tutorial_dag.py
[2024-07-02T23:59:59.268+0000] {processor.py:830} INFO - Processing file /home/airflow/.local/lib/python3.12/site-packages/airflow/example_dags/tutorial_dag.py for tasks to queue
[2024-07-02T23:59:59.270+0000] {logging_mixin.py:188} INFO - [2024-07-02T23:59:59.270+0000] {dagbag.py:545} INFO - Filling up the DagBag from /home/airflow/.local/lib/python3.12/site-packages/airflow/example_dags/tutorial_dag.py
[2024-07-02T23:59:59.276+0000] {processor.py:840} INFO - DAG(s) 'tutorial_dag' retrieved from /home/airflow/.local/lib/python3.12/site-packages/airflow/example_dags/tutorial_dag.py
[2024-07-02T23:59:59.369+0000] {logging_mixin.py:188} INFO - [2024-07-02T23:59:59.368+0000] {dag.py:3096} INFO - Sync 1 DAGs
[2024-07-02T23:59:59.384+0000] {logging_mixin.py:188} INFO - [2024-07-02T23:59:59.384+0000] {dag.py:3954} INFO - Setting next_dagrun for tutorial_dag to None, run_after=None
[2024-07-02T23:59:59.405+0000] {processor.py:183} INFO - Processing /home/airflow/.local/lib/python3.12/site-packages/airflow/example_dags/tutorial_dag.py took 0.213 seconds
